25-01-29.19:33:17.108 [main            ] INFO  App                    - Starting App using Java 1.8.0_321 on LAPTOP-MV2KUHP1 with PID 18340 (F:\code\work\mental-health\management\target\classes started by Lenovo in F:\code\work\mental-health\management)
25-01-29.19:33:17.111 [main            ] DEBUG App                    - Running with Spring Boot v2.7.12, Spring v5.3.27
25-01-29.19:33:17.111 [main            ] INFO  App                    - The following 1 profile is active: "dev"
25-01-29.19:33:17.974 [main            ] INFO  RepositoryConfigurationDelegate - Bootstrapping Spring Data MongoDB repositories in DEFAULT mode.
25-01-29.19:33:17.999 [main            ] INFO  RepositoryConfigurationDelegate - Finished Spring Data repository scanning in 16 ms. Found 0 MongoDB repository interfaces.
25-01-29.19:33:18.591 [main            ] INFO  TomcatWebServer        - Tomcat initialized with port(s): 8090 (http)
25-01-29.19:33:18.593 [main            ] INFO  AprLifecycleListener   - Loaded Apache Tomcat Native library [1.2.35] using APR version [1.7.0].
25-01-29.19:33:18.593 [main            ] INFO  AprLifecycleListener   - APR capabilities: IPv6 [true], sendfile [true], accept filters [false], random [true], UDS [true].
25-01-29.19:33:18.593 [main            ] INFO  AprLifecycleListener   - APR/OpenSSL configuration: useAprConnector [false], useOpenSSL [true]
25-01-29.19:33:18.608 [main            ] INFO  AprLifecycleListener   - OpenSSL successfully initialized [OpenSSL 1.1.1q  5 Jul 2022]
25-01-29.19:33:18.617 [main            ] INFO  Http11NioProtocol      - Initializing ProtocolHandler ["http-nio-8090"]
25-01-29.19:33:18.618 [main            ] INFO  StandardService        - Starting service [Tomcat]
25-01-29.19:33:18.618 [main            ] INFO  StandardEngine         - Starting Servlet engine: [Apache Tomcat/9.0.75]
25-01-29.19:33:18.887 [main            ] INFO  [/]                    - Initializing Spring embedded WebApplicationContext
25-01-29.19:33:18.888 [main            ] INFO  ServletWebServerApplicationContext - Root WebApplicationContext: initialization completed in 1696 ms
25-01-29.19:33:19.519 [main            ] INFO  client                 - MongoClient with metadata {"driver": {"name": "mongo-java-driver|sync|spring-boot", "version": "4.6.1"}, "os": {"type": "Windows", "name": "Windows 10", "architecture": "amd64", "version": "10.0"}, "platform": "Java/Oracle Corporation/1.8.0_321-b07"} created with settings MongoClientSettings{readPreference=primary, writeConcern=WriteConcern{w=null, wTimeout=null ms, journal=null}, retryWrites=true, retryReads=true, readConcern=ReadConcern{level=null}, credential=null, streamFactoryFactory=null, commandListeners=[], codecRegistry=ProvidersCodecRegistry{codecProviders=[ValueCodecProvider{}, BsonValueCodecProvider{}, DBRefCodecProvider{}, DBObjectCodecProvider{}, DocumentCodecProvider{}, IterableCodecProvider{}, MapCodecProvider{}, GeoJsonCodecProvider{}, GridFSFileCodecProvider{}, Jsr310CodecProvider{}, JsonObjectCodecProvider{}, BsonCodecProvider{}, EnumCodecProvider{}, com.mongodb.Jep395RecordCodecProvider@15d3793b]}, clusterSettings={hosts=[localhost:27017], srvServiceName=mongodb, mode=SINGLE, requiredClusterType=UNKNOWN, requiredReplicaSetName='null', serverSelector='null', clusterListeners='[]', serverSelectionTimeout='30000 ms', localThreshold='30000 ms'}, socketSettings=SocketSettings{connectTimeoutMS=10000, readTimeoutMS=0, receiveBufferSize=0, sendBufferSize=0}, heartbeatSocketSettings=SocketSettings{connectTimeoutMS=10000, readTimeoutMS=10000, receiveBufferSize=0, sendBufferSize=0}, connectionPoolSettings=ConnectionPoolSettings{maxSize=100, minSize=0, maxWaitTimeMS=120000, maxConnectionLifeTimeMS=0, maxConnectionIdleTimeMS=0, maintenanceInitialDelayMS=0, maintenanceFrequencyMS=60000, connectionPoolListeners=[], maxConnecting=2}, serverSettings=ServerSettings{heartbeatFrequencyMS=10000, minHeartbeatFrequencyMS=500, serverListeners='[]', serverMonitorListeners='[]'}, sslSettings=SslSettings{enabled=false, invalidHostNameAllowed=false, context=null}, applicationName='null', compressorList=[], uuidRepresentation=JAVA_LEGACY, serverApi=null, autoEncryptionSettings=null, contextProvider=null}
25-01-29.19:33:19.528 [cluster-rtt-ClusterId{value='679a11ff041c2b1807f26276', description='null'}-localhost:27017] INFO  connection             - Opened connection [connectionId{localValue:2, serverValue:1}] to localhost:27017
25-01-29.19:33:19.528 [cluster-ClusterId{value='679a11ff041c2b1807f26276', description='null'}-localhost:27017] INFO  connection             - Opened connection [connectionId{localValue:1, serverValue:2}] to localhost:27017
25-01-29.19:33:19.528 [cluster-ClusterId{value='679a11ff041c2b1807f26276', description='null'}-localhost:27017] INFO  cluster                - Monitor thread successfully connected to server with description ServerDescription{address=localhost:27017, type=STANDALONE, state=CONNECTED, ok=true, minWireVersion=0, maxWireVersion=21, maxDocumentSize=16777216, logicalSessionTimeoutMinutes=30, roundTripTimeNanos=22663800}
25-01-29.19:33:20.191 [main            ] INFO  Http11NioProtocol      - Starting ProtocolHandler ["http-nio-8090"]
25-01-29.19:33:20.209 [main            ] INFO  TomcatWebServer        - Tomcat started on port(s): 8090 (http) with context path ''
25-01-29.19:33:20.217 [main            ] INFO  App                    - Started App in 3.777 seconds (JVM running for 5.893)
25-01-29.19:33:50.944 [http-nio-8090-exec-1] INFO  [/]                    - Initializing Spring DispatcherServlet 'dispatcherServlet'
25-01-29.19:33:50.944 [http-nio-8090-exec-1] INFO  DispatcherServlet      - Initializing Servlet 'dispatcherServlet'
25-01-29.19:33:50.945 [http-nio-8090-exec-1] INFO  DispatcherServlet      - Completed initialization in 0 ms
25-01-29.19:33:51.014 [http-nio-8090-exec-1] INFO  UserController         - 收到用户登录请求，用户名：zs
25-01-29.19:33:51.018 [http-nio-8090-exec-1] INFO  UserService            - 用户登录，用户名：zs
25-01-29.19:33:51.033 [http-nio-8090-exec-1] INFO  HikariDataSource       - HikariPool-1 - Starting...
25-01-29.19:33:52.035 [http-nio-8090-exec-1] INFO  HikariDataSource       - HikariPool-1 - Start completed.
25-01-29.19:33:52.118 [http-nio-8090-exec-1] INFO  UserService            - 用户登录成功，用户ID：2
25-01-29.19:33:52.163 [http-nio-8090-exec-2] INFO  UserController         - 收到获取用户信息请求，用户ID：2
25-01-29.19:33:52.169 [http-nio-8090-exec-2] INFO  UserService            - 获取用户信息，用户ID：2
25-01-29.19:54:09.632 [SpringApplicationShutdownHook] INFO  HikariDataSource       - HikariPool-1 - Shutdown initiated...
25-01-29.19:54:09.642 [SpringApplicationShutdownHook] INFO  HikariDataSource       - HikariPool-1 - Shutdown completed.
25-01-29.19:54:17.095 [main            ] INFO  App                    - Starting App using Java 1.8.0_321 on LAPTOP-MV2KUHP1 with PID 22920 (F:\code\work\mental-health\management\target\classes started by Lenovo in F:\code\work\mental-health\management)
25-01-29.19:54:17.097 [main            ] DEBUG App                    - Running with Spring Boot v2.7.12, Spring v5.3.27
25-01-29.19:54:17.098 [main            ] INFO  App                    - The following 1 profile is active: "dev"
25-01-29.19:54:17.548 [main            ] INFO  RepositoryConfigurationDelegate - Bootstrapping Spring Data MongoDB repositories in DEFAULT mode.
25-01-29.19:54:17.562 [main            ] INFO  RepositoryConfigurationDelegate - Finished Spring Data repository scanning in 10 ms. Found 0 MongoDB repository interfaces.
25-01-29.19:54:17.920 [main            ] INFO  TomcatWebServer        - Tomcat initialized with port(s): 8090 (http)
25-01-29.19:54:17.921 [main            ] INFO  AprLifecycleListener   - Loaded Apache Tomcat Native library [1.2.35] using APR version [1.7.0].
25-01-29.19:54:17.921 [main            ] INFO  AprLifecycleListener   - APR capabilities: IPv6 [true], sendfile [true], accept filters [false], random [true], UDS [true].
25-01-29.19:54:17.921 [main            ] INFO  AprLifecycleListener   - APR/OpenSSL configuration: useAprConnector [false], useOpenSSL [true]
25-01-29.19:54:17.923 [main            ] INFO  AprLifecycleListener   - OpenSSL successfully initialized [OpenSSL 1.1.1q  5 Jul 2022]
25-01-29.19:54:17.929 [main            ] INFO  Http11NioProtocol      - Initializing ProtocolHandler ["http-nio-8090"]
25-01-29.19:54:17.929 [main            ] INFO  StandardService        - Starting service [Tomcat]
25-01-29.19:54:17.929 [main            ] INFO  StandardEngine         - Starting Servlet engine: [Apache Tomcat/9.0.75]
25-01-29.19:54:18.059 [main            ] INFO  [/]                    - Initializing Spring embedded WebApplicationContext
25-01-29.19:54:18.059 [main            ] INFO  ServletWebServerApplicationContext - Root WebApplicationContext: initialization completed in 917 ms
25-01-29.19:54:18.440 [main            ] INFO  client                 - MongoClient with metadata {"driver": {"name": "mongo-java-driver|sync|spring-boot", "version": "4.6.1"}, "os": {"type": "Windows", "name": "Windows 10", "architecture": "amd64", "version": "10.0"}, "platform": "Java/Oracle Corporation/1.8.0_321-b07"} created with settings MongoClientSettings{readPreference=primary, writeConcern=WriteConcern{w=null, wTimeout=null ms, journal=null}, retryWrites=true, retryReads=true, readConcern=ReadConcern{level=null}, credential=null, streamFactoryFactory=null, commandListeners=[], codecRegistry=ProvidersCodecRegistry{codecProviders=[ValueCodecProvider{}, BsonValueCodecProvider{}, DBRefCodecProvider{}, DBObjectCodecProvider{}, DocumentCodecProvider{}, IterableCodecProvider{}, MapCodecProvider{}, GeoJsonCodecProvider{}, GridFSFileCodecProvider{}, Jsr310CodecProvider{}, JsonObjectCodecProvider{}, BsonCodecProvider{}, EnumCodecProvider{}, com.mongodb.Jep395RecordCodecProvider@7aea704c]}, clusterSettings={hosts=[localhost:27017], srvServiceName=mongodb, mode=SINGLE, requiredClusterType=UNKNOWN, requiredReplicaSetName='null', serverSelector='null', clusterListeners='[]', serverSelectionTimeout='30000 ms', localThreshold='30000 ms'}, socketSettings=SocketSettings{connectTimeoutMS=10000, readTimeoutMS=0, receiveBufferSize=0, sendBufferSize=0}, heartbeatSocketSettings=SocketSettings{connectTimeoutMS=10000, readTimeoutMS=10000, receiveBufferSize=0, sendBufferSize=0}, connectionPoolSettings=ConnectionPoolSettings{maxSize=100, minSize=0, maxWaitTimeMS=120000, maxConnectionLifeTimeMS=0, maxConnectionIdleTimeMS=0, maintenanceInitialDelayMS=0, maintenanceFrequencyMS=60000, connectionPoolListeners=[], maxConnecting=2}, serverSettings=ServerSettings{heartbeatFrequencyMS=10000, minHeartbeatFrequencyMS=500, serverListeners='[]', serverMonitorListeners='[]'}, sslSettings=SslSettings{enabled=false, invalidHostNameAllowed=false, context=null}, applicationName='null', compressorList=[], uuidRepresentation=JAVA_LEGACY, serverApi=null, autoEncryptionSettings=null, contextProvider=null}
25-01-29.19:54:18.448 [cluster-rtt-ClusterId{value='679a16eaa79d5867c9334530', description='null'}-localhost:27017] INFO  connection             - Opened connection [connectionId{localValue:2, serverValue:3}] to localhost:27017
25-01-29.19:54:18.448 [cluster-ClusterId{value='679a16eaa79d5867c9334530', description='null'}-localhost:27017] INFO  connection             - Opened connection [connectionId{localValue:1, serverValue:4}] to localhost:27017
25-01-29.19:54:18.448 [cluster-ClusterId{value='679a16eaa79d5867c9334530', description='null'}-localhost:27017] INFO  cluster                - Monitor thread successfully connected to server with description ServerDescription{address=localhost:27017, type=STANDALONE, state=CONNECTED, ok=true, minWireVersion=0, maxWireVersion=21, maxDocumentSize=16777216, logicalSessionTimeoutMinutes=30, roundTripTimeNanos=17381900}
25-01-29.19:54:18.952 [main            ] INFO  Http11NioProtocol      - Starting ProtocolHandler ["http-nio-8090"]
25-01-29.19:54:18.967 [main            ] INFO  TomcatWebServer        - Tomcat started on port(s): 8090 (http) with context path ''
25-01-29.19:54:18.974 [main            ] INFO  App                    - Started App in 2.263 seconds (JVM running for 3.499)
