25-01-23.19:48:09.873 [main            ] INFO  App                    - Starting App using Java 1.8.0_321 on LAPTOP-MV2KUHP1 with PID 18476 (F:\code\work\mental-health\management\target\classes started by Lenovo in F:\code\work\mental-health\management)
25-01-23.19:48:09.876 [main            ] DEBUG App                    - Running with Spring Boot v2.7.12, Spring v5.3.27
25-01-23.19:48:09.876 [main            ] INFO  App                    - The following 1 profile is active: "dev"
25-01-23.19:48:10.494 [main            ] INFO  RepositoryConfigurationDelegate - Bootstrapping Spring Data MongoDB repositories in DEFAULT mode.
25-01-23.19:48:10.510 [main            ] INFO  RepositoryConfigurationDelegate - Finished Spring Data repository scanning in 11 ms. Found 0 MongoDB repository interfaces.
25-01-23.19:48:11.008 [main            ] INFO  TomcatWebServer        - Tomcat initialized with port(s): 8090 (http)
25-01-23.19:48:11.009 [main            ] INFO  AprLifecycleListener   - Loaded Apache Tomcat Native library [1.2.35] using APR version [1.7.0].
25-01-23.19:48:11.009 [main            ] INFO  AprLifecycleListener   - APR capabilities: IPv6 [true], sendfile [true], accept filters [false], random [true], UDS [true].
25-01-23.19:48:11.009 [main            ] INFO  AprLifecycleListener   - APR/OpenSSL configuration: useAprConnector [false], useOpenSSL [true]
25-01-23.19:48:11.023 [main            ] INFO  AprLifecycleListener   - OpenSSL successfully initialized [OpenSSL 1.1.1q  5 Jul 2022]
25-01-23.19:48:11.032 [main            ] INFO  Http11NioProtocol      - Initializing ProtocolHandler ["http-nio-8090"]
25-01-23.19:48:11.033 [main            ] INFO  StandardService        - Starting service [Tomcat]
25-01-23.19:48:11.033 [main            ] INFO  StandardEngine         - Starting Servlet engine: [Apache Tomcat/9.0.75]
25-01-23.19:48:11.210 [main            ] INFO  [/]                    - Initializing Spring embedded WebApplicationContext
25-01-23.19:48:11.210 [main            ] INFO  ServletWebServerApplicationContext - Root WebApplicationContext: initialization completed in 1273 ms
25-01-23.19:48:11.689 [main            ] INFO  client                 - MongoClient with metadata {"driver": {"name": "mongo-java-driver|sync|spring-boot", "version": "4.6.1"}, "os": {"type": "Windows", "name": "Windows 10", "architecture": "amd64", "version": "10.0"}, "platform": "Java/Oracle Corporation/1.8.0_321-b07"} created with settings MongoClientSettings{readPreference=primary, writeConcern=WriteConcern{w=null, wTimeout=null ms, journal=null}, retryWrites=true, retryReads=true, readConcern=ReadConcern{level=null}, credential=null, streamFactoryFactory=null, commandListeners=[], codecRegistry=ProvidersCodecRegistry{codecProviders=[ValueCodecProvider{}, BsonValueCodecProvider{}, DBRefCodecProvider{}, DBObjectCodecProvider{}, DocumentCodecProvider{}, IterableCodecProvider{}, MapCodecProvider{}, GeoJsonCodecProvider{}, GridFSFileCodecProvider{}, Jsr310CodecProvider{}, JsonObjectCodecProvider{}, BsonCodecProvider{}, EnumCodecProvider{}, com.mongodb.Jep395RecordCodecProvider@5729b410]}, clusterSettings={hosts=[localhost:27017], srvServiceName=mongodb, mode=SINGLE, requiredClusterType=UNKNOWN, requiredReplicaSetName='null', serverSelector='null', clusterListeners='[]', serverSelectionTimeout='30000 ms', localThreshold='30000 ms'}, socketSettings=SocketSettings{connectTimeoutMS=10000, readTimeoutMS=0, receiveBufferSize=0, sendBufferSize=0}, heartbeatSocketSettings=SocketSettings{connectTimeoutMS=10000, readTimeoutMS=10000, receiveBufferSize=0, sendBufferSize=0}, connectionPoolSettings=ConnectionPoolSettings{maxSize=100, minSize=0, maxWaitTimeMS=120000, maxConnectionLifeTimeMS=0, maxConnectionIdleTimeMS=0, maintenanceInitialDelayMS=0, maintenanceFrequencyMS=60000, connectionPoolListeners=[], maxConnecting=2}, serverSettings=ServerSettings{heartbeatFrequencyMS=10000, minHeartbeatFrequencyMS=500, serverListeners='[]', serverMonitorListeners='[]'}, sslSettings=SslSettings{enabled=false, invalidHostNameAllowed=false, context=null}, applicationName='null', compressorList=[], uuidRepresentation=JAVA_LEGACY, serverApi=null, autoEncryptionSettings=null, contextProvider=null}
25-01-23.19:48:11.696 [cluster-ClusterId{value='67922c7b82cd4c1209a692ea', description='null'}-localhost:27017] INFO  connection             - Opened connection [connectionId{localValue:2, serverValue:2}] to localhost:27017
25-01-23.19:48:11.696 [cluster-rtt-ClusterId{value='67922c7b82cd4c1209a692ea', description='null'}-localhost:27017] INFO  connection             - Opened connection [connectionId{localValue:1, serverValue:1}] to localhost:27017
25-01-23.19:48:11.696 [cluster-ClusterId{value='67922c7b82cd4c1209a692ea', description='null'}-localhost:27017] INFO  cluster                - Monitor thread successfully connected to server with description ServerDescription{address=localhost:27017, type=STANDALONE, state=CONNECTED, ok=true, minWireVersion=0, maxWireVersion=21, maxDocumentSize=16777216, logicalSessionTimeoutMinutes=30, roundTripTimeNanos=18109700}
25-01-23.19:48:12.266 [main            ] INFO  Http11NioProtocol      - Starting ProtocolHandler ["http-nio-8090"]
25-01-23.19:48:12.281 [main            ] INFO  TomcatWebServer        - Tomcat started on port(s): 8090 (http) with context path ''
25-01-23.19:48:12.289 [main            ] INFO  App                    - Started App in 2.943 seconds (JVM running for 5.089)
25-01-23.19:49:04.353 [http-nio-8090-exec-1] INFO  [/]                    - Initializing Spring DispatcherServlet 'dispatcherServlet'
25-01-23.19:49:04.353 [http-nio-8090-exec-1] INFO  DispatcherServlet      - Initializing Servlet 'dispatcherServlet'
25-01-23.19:49:04.354 [http-nio-8090-exec-1] INFO  DispatcherServlet      - Completed initialization in 1 ms
25-01-23.19:49:04.424 [http-nio-8090-exec-1] INFO  UserController         - 收到用户登录请求，用户名：ls
25-01-23.19:49:04.429 [http-nio-8090-exec-1] INFO  UserService            - 用户登录，用户名：ls
25-01-23.19:49:04.444 [http-nio-8090-exec-1] INFO  HikariDataSource       - HikariPool-1 - Starting...
25-01-23.19:49:05.438 [http-nio-8090-exec-1] INFO  HikariDataSource       - HikariPool-1 - Start completed.
25-01-23.19:49:05.522 [http-nio-8090-exec-1] INFO  UserService            - 用户登录成功，用户ID：3
25-01-23.19:49:05.568 [http-nio-8090-exec-2] INFO  UserController         - 收到获取用户信息请求，用户ID：3
25-01-23.19:49:05.574 [http-nio-8090-exec-2] INFO  UserService            - 获取用户信息，用户ID：3
25-01-23.19:49:26.113 [http-nio-8090-exec-3] INFO  UserController         - 收到用户登录请求，用户名：admin
25-01-23.19:49:26.114 [http-nio-8090-exec-3] INFO  UserService            - 用户登录，用户名：admin
25-01-23.19:49:26.116 [http-nio-8090-exec-3] INFO  UserService            - 用户登录成功，用户ID：1
25-01-23.19:49:26.126 [http-nio-8090-exec-4] INFO  UserController         - 收到获取用户信息请求，用户ID：1
25-01-23.19:49:26.126 [http-nio-8090-exec-4] INFO  UserService            - 获取用户信息，用户ID：1
25-01-23.19:49:28.178 [http-nio-8090-exec-5] INFO  UserController         - 收到获取用户信息请求，用户ID：1
25-01-23.19:49:28.179 [http-nio-8090-exec-5] INFO  UserService            - 获取用户信息，用户ID：1
25-01-23.19:49:54.530 [http-nio-8090-exec-6] INFO  UserController         - 收到获取用户列表请求，角色：null
25-01-23.19:49:54.531 [http-nio-8090-exec-6] INFO  UserService            - 获取用户列表，角色：null
25-01-23.19:51:03.438 [http-nio-8090-exec-7] INFO  UserController         - 收到获取用户列表请求，角色：admin
25-01-23.19:51:03.439 [http-nio-8090-exec-7] INFO  UserService            - 获取用户列表，角色：admin
25-01-23.19:51:03.690 [http-nio-8090-exec-8] INFO  UserController         - 收到获取用户列表请求，角色：admin
25-01-23.19:51:03.691 [http-nio-8090-exec-8] INFO  UserService            - 获取用户列表，角色：admin
25-01-23.19:51:12.316 [http-nio-8090-exec-9] INFO  UserController         - 收到获取用户列表请求，角色：doctor
25-01-23.19:51:12.317 [http-nio-8090-exec-9] INFO  UserService            - 获取用户列表，角色：doctor
25-01-23.19:51:12.630 [http-nio-8090-exec-10] INFO  UserController         - 收到获取用户列表请求，角色：doctor
25-01-23.19:51:12.630 [http-nio-8090-exec-10] INFO  UserService            - 获取用户列表，角色：doctor
25-01-23.19:51:18.012 [http-nio-8090-exec-1] INFO  UserController         - 收到获取用户列表请求，角色：user
25-01-23.19:51:18.013 [http-nio-8090-exec-1] INFO  UserService            - 获取用户列表，角色：user
25-01-23.19:51:18.281 [http-nio-8090-exec-2] INFO  UserController         - 收到获取用户列表请求，角色：user
25-01-23.19:51:18.281 [http-nio-8090-exec-2] INFO  UserService            - 获取用户列表，角色：user
25-01-23.19:51:23.023 [http-nio-8090-exec-3] INFO  UserController         - 收到获取用户列表请求，角色：null
25-01-23.19:51:23.024 [http-nio-8090-exec-3] INFO  UserService            - 获取用户列表，角色：null
25-01-23.19:51:26.043 [http-nio-8090-exec-4] INFO  UserController         - 收到获取用户列表请求，角色：null
25-01-23.19:51:26.044 [http-nio-8090-exec-4] INFO  UserService            - 获取用户列表，角色：null
25-01-23.19:51:35.046 [http-nio-8090-exec-5] INFO  UserController         - 收到获取用户列表请求，角色：null
25-01-23.19:51:35.047 [http-nio-8090-exec-5] INFO  UserService            - 获取用户列表，角色：null
25-01-23.19:57:20.582 [http-nio-8090-exec-7] INFO  UserController         - 收到用户注册请求，用户名：john_doe
25-01-23.19:57:20.583 [http-nio-8090-exec-7] INFO  UserService            - 开始处理用户注册请求，用户名：john_doe
25-01-23.19:57:20.591 [http-nio-8090-exec-7] INFO  UserService            - 用户注册成功，用户ID：4
25-01-23.19:57:20.594 [http-nio-8090-exec-7] INFO  UserController         - 用户注册成功，用户ID：4
25-01-23.19:59:39.045 [SpringApplicationShutdownHook] INFO  HikariDataSource       - HikariPool-1 - Shutdown initiated...
25-01-23.19:59:39.056 [SpringApplicationShutdownHook] INFO  HikariDataSource       - HikariPool-1 - Shutdown completed.
25-01-23.19:59:45.950 [main            ] INFO  App                    - Starting App using Java 1.8.0_321 on LAPTOP-MV2KUHP1 with PID 5392 (F:\code\work\mental-health\management\target\classes started by Lenovo in F:\code\work\mental-health\management)
25-01-23.19:59:45.952 [main            ] DEBUG App                    - Running with Spring Boot v2.7.12, Spring v5.3.27
25-01-23.19:59:45.953 [main            ] INFO  App                    - The following 1 profile is active: "dev"
25-01-23.19:59:46.394 [main            ] INFO  RepositoryConfigurationDelegate - Bootstrapping Spring Data MongoDB repositories in DEFAULT mode.
25-01-23.19:59:46.408 [main            ] INFO  RepositoryConfigurationDelegate - Finished Spring Data repository scanning in 10 ms. Found 0 MongoDB repository interfaces.
25-01-23.19:59:46.764 [main            ] INFO  TomcatWebServer        - Tomcat initialized with port(s): 8090 (http)
25-01-23.19:59:46.764 [main            ] INFO  AprLifecycleListener   - Loaded Apache Tomcat Native library [1.2.35] using APR version [1.7.0].
25-01-23.19:59:46.764 [main            ] INFO  AprLifecycleListener   - APR capabilities: IPv6 [true], sendfile [true], accept filters [false], random [true], UDS [true].
25-01-23.19:59:46.764 [main            ] INFO  AprLifecycleListener   - APR/OpenSSL configuration: useAprConnector [false], useOpenSSL [true]
25-01-23.19:59:46.767 [main            ] INFO  AprLifecycleListener   - OpenSSL successfully initialized [OpenSSL 1.1.1q  5 Jul 2022]
25-01-23.19:59:46.773 [main            ] INFO  Http11NioProtocol      - Initializing ProtocolHandler ["http-nio-8090"]
25-01-23.19:59:46.773 [main            ] INFO  StandardService        - Starting service [Tomcat]
25-01-23.19:59:46.773 [main            ] INFO  StandardEngine         - Starting Servlet engine: [Apache Tomcat/9.0.75]
25-01-23.19:59:46.904 [main            ] INFO  [/]                    - Initializing Spring embedded WebApplicationContext
25-01-23.19:59:46.904 [main            ] INFO  ServletWebServerApplicationContext - Root WebApplicationContext: initialization completed in 908 ms
25-01-23.19:59:47.279 [main            ] INFO  client                 - MongoClient with metadata {"driver": {"name": "mongo-java-driver|sync|spring-boot", "version": "4.6.1"}, "os": {"type": "Windows", "name": "Windows 10", "architecture": "amd64", "version": "10.0"}, "platform": "Java/Oracle Corporation/1.8.0_321-b07"} created with settings MongoClientSettings{readPreference=primary, writeConcern=WriteConcern{w=null, wTimeout=null ms, journal=null}, retryWrites=true, retryReads=true, readConcern=ReadConcern{level=null}, credential=null, streamFactoryFactory=null, commandListeners=[], codecRegistry=ProvidersCodecRegistry{codecProviders=[ValueCodecProvider{}, BsonValueCodecProvider{}, DBRefCodecProvider{}, DBObjectCodecProvider{}, DocumentCodecProvider{}, IterableCodecProvider{}, MapCodecProvider{}, GeoJsonCodecProvider{}, GridFSFileCodecProvider{}, Jsr310CodecProvider{}, JsonObjectCodecProvider{}, BsonCodecProvider{}, EnumCodecProvider{}, com.mongodb.Jep395RecordCodecProvider@52b959df]}, clusterSettings={hosts=[localhost:27017], srvServiceName=mongodb, mode=SINGLE, requiredClusterType=UNKNOWN, requiredReplicaSetName='null', serverSelector='null', clusterListeners='[]', serverSelectionTimeout='30000 ms', localThreshold='30000 ms'}, socketSettings=SocketSettings{connectTimeoutMS=10000, readTimeoutMS=0, receiveBufferSize=0, sendBufferSize=0}, heartbeatSocketSettings=SocketSettings{connectTimeoutMS=10000, readTimeoutMS=10000, receiveBufferSize=0, sendBufferSize=0}, connectionPoolSettings=ConnectionPoolSettings{maxSize=100, minSize=0, maxWaitTimeMS=120000, maxConnectionLifeTimeMS=0, maxConnectionIdleTimeMS=0, maintenanceInitialDelayMS=0, maintenanceFrequencyMS=60000, connectionPoolListeners=[], maxConnecting=2}, serverSettings=ServerSettings{heartbeatFrequencyMS=10000, minHeartbeatFrequencyMS=500, serverListeners='[]', serverMonitorListeners='[]'}, sslSettings=SslSettings{enabled=false, invalidHostNameAllowed=false, context=null}, applicationName='null', compressorList=[], uuidRepresentation=JAVA_LEGACY, serverApi=null, autoEncryptionSettings=null, contextProvider=null}
25-01-23.19:59:47.288 [cluster-ClusterId{value='67922f33c02da12fe2e8c269', description='null'}-localhost:27017] INFO  connection             - Opened connection [connectionId{localValue:2, serverValue:4}] to localhost:27017
25-01-23.19:59:47.288 [cluster-rtt-ClusterId{value='67922f33c02da12fe2e8c269', description='null'}-localhost:27017] INFO  connection             - Opened connection [connectionId{localValue:1, serverValue:3}] to localhost:27017
25-01-23.19:59:47.288 [cluster-ClusterId{value='67922f33c02da12fe2e8c269', description='null'}-localhost:27017] INFO  cluster                - Monitor thread successfully connected to server with description ServerDescription{address=localhost:27017, type=STANDALONE, state=CONNECTED, ok=true, minWireVersion=0, maxWireVersion=21, maxDocumentSize=16777216, logicalSessionTimeoutMinutes=30, roundTripTimeNanos=19079500}
25-01-23.19:59:47.788 [main            ] INFO  Http11NioProtocol      - Starting ProtocolHandler ["http-nio-8090"]
25-01-23.19:59:47.803 [main            ] INFO  TomcatWebServer        - Tomcat started on port(s): 8090 (http) with context path ''
25-01-23.19:59:47.810 [main            ] INFO  App                    - Started App in 2.242 seconds (JVM running for 3.462)
25-01-23.20:01:52.531 [http-nio-8090-exec-1] INFO  [/]                    - Initializing Spring DispatcherServlet 'dispatcherServlet'
25-01-23.20:01:52.531 [http-nio-8090-exec-1] INFO  DispatcherServlet      - Initializing Servlet 'dispatcherServlet'
25-01-23.20:01:52.532 [http-nio-8090-exec-1] INFO  DispatcherServlet      - Completed initialization in 1 ms
25-01-23.20:01:52.599 [http-nio-8090-exec-1] INFO  UserController         - 收到用户注册请求，用户名：marry
25-01-23.20:01:52.605 [http-nio-8090-exec-1] INFO  HikariDataSource       - HikariPool-1 - Starting...
25-01-23.20:01:53.676 [http-nio-8090-exec-1] INFO  HikariDataSource       - HikariPool-1 - Start completed.
25-01-23.20:01:53.684 [http-nio-8090-exec-1] INFO  UserService            - 开始处理用户注册请求，用户名：marry
25-01-23.20:01:53.742 [http-nio-8090-exec-1] INFO  UserService            - 用户注册成功，用户ID：5
25-01-23.20:01:53.746 [http-nio-8090-exec-1] INFO  UserController         - 用户注册成功，用户ID：5
25-01-23.20:02:01.228 [http-nio-8090-exec-2] INFO  UserController         - 收到用户登录请求，用户名：marry
25-01-23.20:02:01.228 [http-nio-8090-exec-2] INFO  UserService            - 用户登录，用户名：marry
25-01-23.20:02:01.256 [http-nio-8090-exec-2] INFO  UserService            - 用户登录成功，用户ID：5
25-01-23.20:02:01.504 [http-nio-8090-exec-3] INFO  UserController         - 收到获取用户信息请求，用户ID：5
25-01-23.20:02:01.504 [http-nio-8090-exec-3] INFO  UserService            - 获取用户信息，用户ID：5
25-01-23.20:02:09.489 [http-nio-8090-exec-4] INFO  UserController         - 收到用户登录请求，用户名：admin
25-01-23.20:02:09.489 [http-nio-8090-exec-4] INFO  UserService            - 用户登录，用户名：admin
25-01-23.20:02:09.492 [http-nio-8090-exec-4] INFO  UserService            - 用户登录成功，用户ID：1
25-01-23.20:02:09.502 [http-nio-8090-exec-5] INFO  UserController         - 收到获取用户信息请求，用户ID：1
25-01-23.20:02:09.502 [http-nio-8090-exec-5] INFO  UserService            - 获取用户信息，用户ID：1
25-01-23.20:02:10.656 [http-nio-8090-exec-6] INFO  UserController         - 收到获取用户列表请求，角色：null
25-01-23.20:02:10.657 [http-nio-8090-exec-6] INFO  UserService            - 获取用户列表，角色：null
25-01-23.20:02:36.499 [http-nio-8090-exec-10] INFO  UserController         - 收到获取用户信息请求，用户ID：1
25-01-23.20:02:36.500 [http-nio-8090-exec-10] INFO  UserService            - 获取用户信息，用户ID：1
25-01-23.20:02:41.253 [http-nio-8090-exec-8] INFO  UserController         - 收到获取用户列表请求，角色：null
25-01-23.20:02:41.254 [http-nio-8090-exec-8] INFO  UserService            - 获取用户列表，角色：null
25-01-23.20:03:08.724 [http-nio-8090-exec-9] INFO  UserController         - 收到获取用户信息请求，用户ID：1
25-01-23.20:03:08.725 [http-nio-8090-exec-9] INFO  UserService            - 获取用户信息，用户ID：1
25-01-23.20:07:37.900 [http-nio-8090-exec-7] INFO  UserController         - 收到获取用户列表请求，角色：null
25-01-23.20:07:37.901 [http-nio-8090-exec-7] INFO  UserService            - 获取用户列表，角色：null
25-01-23.20:07:57.106 [http-nio-8090-exec-1] INFO  UserController         - 收到获取用户列表请求，角色：null
25-01-23.20:07:57.107 [http-nio-8090-exec-1] INFO  UserService            - 获取用户列表，角色：null
25-01-23.20:11:26.020 [http-nio-8090-exec-4] INFO  UserController         - 收到用户登录请求，用户名：admin
25-01-23.20:11:26.020 [http-nio-8090-exec-4] INFO  UserService            - 用户登录，用户名：admin
25-01-23.20:11:26.022 [http-nio-8090-exec-4] INFO  UserService            - 用户登录成功，用户ID：1
25-01-23.20:12:24.839 [http-nio-8090-exec-6] INFO  PsychologistController - 收到获取心理医生列表请求，雇佣状态：null
25-01-23.20:12:24.842 [http-nio-8090-exec-6] INFO  PsychologistService    - 获取心理医生列表，参数：employmentStatus=null
25-01-23.20:13:39.328 [http-nio-8090-exec-9] INFO  PsychologistController - 收到获取心理医生详情请求，心理医生ID：1
25-01-23.20:13:39.328 [http-nio-8090-exec-9] INFO  PsychologistService    - 获取心理医生详情，心理医生ID：1
25-01-23.20:17:02.777 [http-nio-8090-exec-3] INFO  PsychologistController - 收到更新心理医生信息请求，心理医生ID：1
25-01-23.20:17:02.778 [http-nio-8090-exec-3] INFO  PsychologistService    - 更新心理医生信息，心理医生ID：1
25-01-23.20:17:02.778 [http-nio-8090-exec-3] INFO  PsychologistService    - 获取心理医生详情，心理医生ID：1
25-01-23.20:17:02.785 [http-nio-8090-exec-3] INFO  PsychologistService    - 心理医生信息已更新，ID：1
25-01-23.20:32:45.117 [http-nio-8090-exec-5] INFO  PsychologistController - 收到获取心理医生列表请求，雇佣状态：null
25-01-23.20:32:45.117 [http-nio-8090-exec-5] INFO  PsychologistService    - 获取心理医生列表，参数：employmentStatus=null
25-01-23.20:34:58.410 [http-nio-8090-exec-10] INFO  UserController         - 收到获取用户信息请求，用户ID：1
25-01-23.20:34:58.411 [http-nio-8090-exec-10] INFO  UserService            - 获取用户信息，用户ID：1
25-01-23.20:35:09.010 [http-nio-8090-exec-9] INFO  UserController         - 收到获取用户列表请求，角色：null
25-01-23.20:35:09.011 [http-nio-8090-exec-9] INFO  UserService            - 获取用户列表，角色：null
25-01-23.20:36:19.696 [http-nio-8090-exec-2] INFO  UserController         - 收到获取用户列表请求，角色：null
25-01-23.20:36:19.696 [http-nio-8090-exec-2] INFO  UserService            - 获取用户列表，角色：null
25-01-23.20:37:36.468 [http-nio-8090-exec-4] INFO  UserController         - 收到获取用户列表请求，角色：null
25-01-23.20:37:36.469 [http-nio-8090-exec-4] INFO  UserService            - 获取用户列表，角色：null
25-01-23.20:38:53.580 [http-nio-8090-exec-10] INFO  UserController         - 收到获取用户列表请求，角色：null
25-01-23.20:38:53.581 [http-nio-8090-exec-10] INFO  UserService            - 获取用户列表，角色：null
25-01-23.20:39:31.008 [http-nio-8090-exec-1] INFO  UserController         - 收到获取用户列表请求，角色：null
25-01-23.20:39:31.008 [http-nio-8090-exec-1] INFO  UserService            - 获取用户列表，角色：null
25-01-23.20:40:59.600 [http-nio-8090-exec-4] INFO  UserController         - 收到获取用户列表请求，角色：null
25-01-23.20:40:59.602 [http-nio-8090-exec-4] INFO  UserService            - 获取用户列表，角色：null
25-01-23.20:41:10.975 [http-nio-8090-exec-6] INFO  UserController         - 收到获取用户列表请求，角色：null
25-01-23.20:41:10.976 [http-nio-8090-exec-6] INFO  UserService            - 获取用户列表，角色：null
25-01-23.20:41:46.085 [http-nio-8090-exec-8] INFO  PsychologistController - 收到获取心理医生列表请求，雇佣状态：null
25-01-23.20:41:46.085 [http-nio-8090-exec-8] INFO  PsychologistService    - 获取心理医生列表，参数：employmentStatus=null
25-01-23.20:41:49.089 [http-nio-8090-exec-9] INFO  UserController         - 收到获取用户列表请求，角色：null
25-01-23.20:41:49.090 [http-nio-8090-exec-9] INFO  UserService            - 获取用户列表，角色：null
25-01-23.20:41:49.748 [http-nio-8090-exec-7] INFO  PsychologistController - 收到获取心理医生列表请求，雇佣状态：null
25-01-23.20:41:49.748 [http-nio-8090-exec-7] INFO  PsychologistService    - 获取心理医生列表，参数：employmentStatus=null
25-01-23.20:41:58.311 [http-nio-8090-exec-1] INFO  PsychologistController - 收到获取心理医生列表请求，雇佣状态：null
25-01-23.20:41:58.311 [http-nio-8090-exec-1] INFO  PsychologistService    - 获取心理医生列表，参数：employmentStatus=null
25-01-23.20:43:52.932 [http-nio-8090-exec-2] INFO  PsychologistController - 收到获取心理医生列表请求，雇佣状态：null
25-01-23.20:43:52.932 [http-nio-8090-exec-2] INFO  PsychologistService    - 获取心理医生列表，参数：employmentStatus=null
25-01-23.20:44:07.054 [http-nio-8090-exec-3] INFO  UserController         - 收到获取用户列表请求，角色：null
25-01-23.20:44:07.055 [http-nio-8090-exec-3] INFO  UserService            - 获取用户列表，角色：null
25-01-23.20:44:07.561 [http-nio-8090-exec-4] INFO  PsychologistController - 收到获取心理医生列表请求，雇佣状态：null
25-01-23.20:44:07.561 [http-nio-8090-exec-4] INFO  PsychologistService    - 获取心理医生列表，参数：employmentStatus=null
25-01-23.20:45:46.246 [http-nio-8090-exec-5] INFO  PsychologistController - 收到获取心理医生列表请求，雇佣状态：null
25-01-23.20:45:46.246 [http-nio-8090-exec-5] INFO  PsychologistService    - 获取心理医生列表，参数：employmentStatus=null
25-01-23.20:45:47.318 [http-nio-8090-exec-6] INFO  PsychologistController - 收到获取心理医生列表请求，雇佣状态：null
25-01-23.20:45:47.318 [http-nio-8090-exec-6] INFO  PsychologistService    - 获取心理医生列表，参数：employmentStatus=null
25-01-23.20:46:10.095 [http-nio-8090-exec-10] INFO  PsychologistController - 收到获取心理医生列表请求，雇佣状态：null
25-01-23.20:46:10.096 [http-nio-8090-exec-10] INFO  PsychologistService    - 获取心理医生列表，参数：employmentStatus=null
25-01-23.20:46:46.973 [http-nio-8090-exec-8] INFO  PsychologistController - 收到获取心理医生列表请求，雇佣状态：null
25-01-23.20:46:46.973 [http-nio-8090-exec-8] INFO  PsychologistService    - 获取心理医生列表，参数：employmentStatus=null
25-01-23.20:47:01.221 [http-nio-8090-exec-9] INFO  PsychologistController - 收到获取心理医生列表请求，雇佣状态：null
25-01-23.20:47:01.221 [http-nio-8090-exec-9] INFO  PsychologistService    - 获取心理医生列表，参数：employmentStatus=null
25-01-23.20:47:11.765 [http-nio-8090-exec-7] INFO  PsychologistController - 收到获取心理医生列表请求，雇佣状态：null
25-01-23.20:47:11.766 [http-nio-8090-exec-7] INFO  PsychologistService    - 获取心理医生列表，参数：employmentStatus=null
25-01-23.20:48:33.858 [http-nio-8090-exec-1] INFO  PsychologistController - 收到获取心理医生列表请求，雇佣状态：null
25-01-23.20:48:33.858 [http-nio-8090-exec-1] INFO  PsychologistService    - 获取心理医生列表，参数：employmentStatus=null
25-01-23.20:49:30.503 [http-nio-8090-exec-2] INFO  PsychologistController - 收到获取心理医生列表请求，雇佣状态：null
25-01-23.20:49:30.504 [http-nio-8090-exec-2] INFO  PsychologistService    - 获取心理医生列表，参数：employmentStatus=null
25-01-23.20:49:39.950 [http-nio-8090-exec-3] INFO  PsychologistController - 收到获取心理医生列表请求，雇佣状态：null
25-01-23.20:49:39.950 [http-nio-8090-exec-3] INFO  PsychologistService    - 获取心理医生列表，参数：employmentStatus=null
25-01-23.20:51:32.516 [http-nio-8090-exec-4] INFO  PsychologistController - 收到获取心理医生列表请求，雇佣状态：null
25-01-23.20:51:32.516 [http-nio-8090-exec-4] INFO  PsychologistService    - 获取心理医生列表，参数：employmentStatus=null
25-01-23.20:53:10.804 [http-nio-8090-exec-5] INFO  UserController         - 收到获取用户列表请求，角色：null
25-01-23.20:53:10.804 [http-nio-8090-exec-5] INFO  UserService            - 获取用户列表，角色：null
25-01-23.20:53:11.069 [http-nio-8090-exec-6] INFO  PsychologistController - 收到获取心理医生列表请求，雇佣状态：null
25-01-23.20:53:11.069 [http-nio-8090-exec-6] INFO  PsychologistService    - 获取心理医生列表，参数：employmentStatus=null
25-01-23.20:53:25.607 [http-nio-8090-exec-10] INFO  UserController         - 收到获取用户列表请求，角色：null
25-01-23.20:53:25.608 [http-nio-8090-exec-10] INFO  UserService            - 获取用户列表，角色：null
25-01-23.20:53:28.843 [http-nio-8090-exec-8] INFO  PsychologistController - 收到获取心理医生列表请求，雇佣状态：null
25-01-23.20:53:28.843 [http-nio-8090-exec-8] INFO  PsychologistService    - 获取心理医生列表，参数：employmentStatus=null
25-01-23.20:54:44.978 [http-nio-8090-exec-9] INFO  PsychologistController - 收到获取心理医生列表请求，雇佣状态：null
25-01-23.20:54:44.979 [http-nio-8090-exec-9] INFO  PsychologistService    - 获取心理医生列表，参数：employmentStatus=null
25-01-23.20:55:21.077 [http-nio-8090-exec-7] INFO  PsychologistController - 收到获取心理医生列表请求，雇佣状态：null
25-01-23.20:55:21.077 [http-nio-8090-exec-7] INFO  PsychologistService    - 获取心理医生列表，参数：employmentStatus=null
25-01-23.20:56:36.548 [http-nio-8090-exec-1] INFO  PsychologistController - 收到获取心理医生列表请求，雇佣状态：null
25-01-23.20:56:36.549 [http-nio-8090-exec-1] INFO  PsychologistService    - 获取心理医生列表，参数：employmentStatus=null
25-01-23.20:57:24.089 [http-nio-8090-exec-2] INFO  UserController         - 收到获取用户列表请求，角色：null
25-01-23.20:57:24.089 [http-nio-8090-exec-2] INFO  UserService            - 获取用户列表，角色：null
25-01-23.20:57:24.584 [http-nio-8090-exec-3] INFO  PsychologistController - 收到获取心理医生列表请求，雇佣状态：null
25-01-23.20:57:24.584 [http-nio-8090-exec-3] INFO  PsychologistService    - 获取心理医生列表，参数：employmentStatus=null
25-01-23.20:59:36.129 [http-nio-8090-exec-4] INFO  UserController         - 收到获取用户信息请求，用户ID：1
25-01-23.20:59:36.130 [http-nio-8090-exec-4] INFO  UserService            - 获取用户信息，用户ID：1
25-01-23.20:59:36.390 [http-nio-8090-exec-5] INFO  PsychologistController - 收到获取心理医生列表请求，雇佣状态：null
25-01-23.20:59:36.390 [http-nio-8090-exec-5] INFO  PsychologistService    - 获取心理医生列表，参数：employmentStatus=null
25-01-23.20:59:37.980 [http-nio-8090-exec-6] INFO  PsychologistController - 收到获取心理医生列表请求，雇佣状态：null
25-01-23.20:59:37.980 [http-nio-8090-exec-6] INFO  PsychologistService    - 获取心理医生列表，参数：employmentStatus=null
25-01-23.21:01:27.062 [http-nio-8090-exec-10] INFO  UserController         - 收到获取用户列表请求，角色：null
25-01-23.21:01:27.063 [http-nio-8090-exec-10] INFO  UserService            - 获取用户列表，角色：null
25-01-23.21:01:27.330 [http-nio-8090-exec-8] INFO  PsychologistController - 收到获取心理医生列表请求，雇佣状态：null
25-01-23.21:01:27.330 [http-nio-8090-exec-8] INFO  PsychologistService    - 获取心理医生列表，参数：employmentStatus=null
25-01-23.21:03:09.209 [http-nio-8090-exec-9] INFO  PsychologistController - 收到获取心理医生列表请求，雇佣状态：null
25-01-23.21:03:09.210 [http-nio-8090-exec-9] INFO  PsychologistService    - 获取心理医生列表，参数：employmentStatus=null
25-01-23.21:04:02.448 [http-nio-8090-exec-7] INFO  UserController         - 收到获取用户列表请求，角色：null
25-01-23.21:04:02.448 [http-nio-8090-exec-7] INFO  UserService            - 获取用户列表，角色：null
25-01-23.21:04:02.799 [http-nio-8090-exec-1] INFO  PsychologistController - 收到获取心理医生列表请求，雇佣状态：null
25-01-23.21:04:02.799 [http-nio-8090-exec-1] INFO  PsychologistService    - 获取心理医生列表，参数：employmentStatus=null
25-01-23.21:04:05.811 [http-nio-8090-exec-2] INFO  UserController         - 收到获取用户列表请求，角色：null
25-01-23.21:04:05.811 [http-nio-8090-exec-2] INFO  UserService            - 获取用户列表，角色：null
25-01-23.21:04:06.877 [http-nio-8090-exec-3] INFO  PsychologistController - 收到获取心理医生列表请求，雇佣状态：null
25-01-23.21:04:06.877 [http-nio-8090-exec-3] INFO  PsychologistService    - 获取心理医生列表，参数：employmentStatus=null
25-01-23.21:11:21.485 [http-nio-8090-exec-4] INFO  PsychologistController - 收到获取心理医生列表请求，雇佣状态：null
25-01-23.21:11:21.486 [http-nio-8090-exec-4] INFO  PsychologistService    - 获取心理医生列表，参数：employmentStatus=null
25-01-23.21:15:39.839 [http-nio-8090-exec-5] INFO  UserController         - 收到获取用户列表请求，角色：null
25-01-23.21:15:39.839 [http-nio-8090-exec-5] INFO  UserService            - 获取用户列表，角色：null
25-01-23.21:15:40.103 [http-nio-8090-exec-6] INFO  PsychologistController - 收到获取心理医生列表请求，雇佣状态：null
25-01-23.21:15:40.103 [http-nio-8090-exec-6] INFO  PsychologistService    - 获取心理医生列表，参数：employmentStatus=null
25-01-23.21:15:45.870 [http-nio-8090-exec-10] INFO  UserController         - 收到获取用户列表请求，角色：null
25-01-23.21:15:45.871 [http-nio-8090-exec-10] INFO  UserService            - 获取用户列表，角色：null
25-01-23.21:15:46.669 [http-nio-8090-exec-8] INFO  PsychologistController - 收到获取心理医生列表请求，雇佣状态：null
25-01-23.21:15:46.669 [http-nio-8090-exec-8] INFO  PsychologistService    - 获取心理医生列表，参数：employmentStatus=null
25-01-23.21:17:00.165 [http-nio-8090-exec-9] INFO  PsychologistController - 收到获取心理医生列表请求，雇佣状态：
25-01-23.21:17:00.165 [http-nio-8090-exec-9] INFO  PsychologistService    - 获取心理医生列表，参数：employmentStatus=
25-01-23.21:17:32.028 [http-nio-8090-exec-7] INFO  UserController         - 收到获取用户列表请求，角色：null
25-01-23.21:17:32.029 [http-nio-8090-exec-7] INFO  UserService            - 获取用户列表，角色：null
25-01-23.21:17:32.426 [http-nio-8090-exec-1] INFO  PsychologistController - 收到获取心理医生列表请求，雇佣状态：
25-01-23.21:17:32.426 [http-nio-8090-exec-1] INFO  PsychologistService    - 获取心理医生列表，参数：employmentStatus=
25-01-23.21:18:32.575 [http-nio-8090-exec-2] INFO  PsychologistController - 收到获取心理医生列表请求，雇佣状态：
25-01-23.21:18:32.575 [http-nio-8090-exec-2] INFO  PsychologistService    - 获取心理医生列表，参数：employmentStatus=
25-01-23.21:18:52.932 [http-nio-8090-exec-3] INFO  UserController         - 收到获取用户列表请求，角色：null
25-01-23.21:18:52.933 [http-nio-8090-exec-3] INFO  UserService            - 获取用户列表，角色：null
25-01-23.21:18:53.626 [http-nio-8090-exec-4] INFO  PsychologistController - 收到获取心理医生列表请求，雇佣状态：
25-01-23.21:18:53.626 [http-nio-8090-exec-4] INFO  PsychologistService    - 获取心理医生列表，参数：employmentStatus=
25-01-23.21:18:54.538 [http-nio-8090-exec-5] INFO  UserController         - 收到获取用户列表请求，角色：null
25-01-23.21:18:54.539 [http-nio-8090-exec-5] INFO  UserService            - 获取用户列表，角色：null
25-01-23.21:19:00.526 [http-nio-8090-exec-6] INFO  PsychologistController - 收到获取心理医生列表请求，雇佣状态：
25-01-23.21:19:00.526 [http-nio-8090-exec-6] INFO  PsychologistService    - 获取心理医生列表，参数：employmentStatus=
25-01-23.21:19:04.053 [http-nio-8090-exec-10] INFO  PsychologistController - 收到获取心理医生列表请求，雇佣状态：inactive
25-01-23.21:19:04.053 [http-nio-8090-exec-10] INFO  PsychologistService    - 获取心理医生列表，参数：employmentStatus=inactive
25-01-23.21:19:10.310 [http-nio-8090-exec-8] INFO  PsychologistController - 收到获取心理医生列表请求，雇佣状态：on_leave
25-01-23.21:19:10.310 [http-nio-8090-exec-8] INFO  PsychologistService    - 获取心理医生列表，参数：employmentStatus=on_leave
25-01-23.21:19:14.930 [http-nio-8090-exec-9] INFO  PsychologistController - 收到获取心理医生列表请求，雇佣状态：active
25-01-23.21:19:14.930 [http-nio-8090-exec-9] INFO  PsychologistService    - 获取心理医生列表，参数：employmentStatus=active
25-01-23.21:19:54.641 [http-nio-8090-exec-7] INFO  PsychologistController - 收到获取心理医生列表请求，雇佣状态：
25-01-23.21:19:54.641 [http-nio-8090-exec-7] INFO  PsychologistService    - 获取心理医生列表，参数：employmentStatus=
25-01-23.21:20:23.377 [http-nio-8090-exec-1] INFO  PsychologistController - 收到获取心理医生列表请求，雇佣状态：
25-01-23.21:20:23.377 [http-nio-8090-exec-1] INFO  PsychologistService    - 获取心理医生列表，参数：employmentStatus=
25-01-23.21:20:49.592 [http-nio-8090-exec-2] INFO  UserController         - 收到获取用户列表请求，角色：null
25-01-23.21:20:49.593 [http-nio-8090-exec-2] INFO  UserService            - 获取用户列表，角色：null
25-01-23.21:20:50.381 [http-nio-8090-exec-3] INFO  PsychologistController - 收到获取心理医生列表请求，雇佣状态：
25-01-23.21:20:50.381 [http-nio-8090-exec-3] INFO  PsychologistService    - 获取心理医生列表，参数：employmentStatus=
25-01-23.21:21:56.005 [http-nio-8090-exec-4] INFO  PsychologistController - 收到获取心理医生列表请求，雇佣状态：
25-01-23.21:21:56.572 [http-nio-8090-exec-4] INFO  PsychologistService    - 获取心理医生列表，参数：employmentStatus=
25-01-23.21:24:07.749 [HikariPool-1 housekeeper] WARN  HikariPool             - HikariPool-1 - Thread starvation or clock leap detected (housekeeper delta=2m11s743ms999µs500ns).
25-01-23.21:24:09.346 [http-nio-8090-exec-6] INFO  PsychologistController - 收到获取心理医生列表请求，雇佣状态：null
25-01-23.21:24:09.346 [http-nio-8090-exec-5] INFO  PsychologistController - 收到获取心理医生列表请求，雇佣状态：null
25-01-23.21:24:09.346 [http-nio-8090-exec-6] INFO  PsychologistService    - 获取心理医生列表，参数：employmentStatus=null
25-01-23.21:24:09.346 [http-nio-8090-exec-5] INFO  PsychologistService    - 获取心理医生列表，参数：employmentStatus=null
25-01-23.21:24:14.347 [http-nio-8090-exec-10] INFO  PsychologistController - 收到获取心理医生列表请求，雇佣状态：null
25-01-23.21:24:14.348 [http-nio-8090-exec-10] INFO  PsychologistService    - 获取心理医生列表，参数：employmentStatus=null
25-01-23.21:24:29.090 [http-nio-8090-exec-8] INFO  PsychologistController - 收到获取心理医生列表请求，雇佣状态：null
25-01-23.21:24:29.090 [http-nio-8090-exec-8] INFO  PsychologistService    - 获取心理医生列表，参数：employmentStatus=null
25-01-23.21:25:16.595 [http-nio-8090-exec-9] INFO  PsychologistController - 收到获取心理医生列表请求，雇佣状态：null
25-01-23.21:25:16.595 [http-nio-8090-exec-9] INFO  PsychologistService    - 获取心理医生列表，参数：employmentStatus=null
25-01-23.21:25:22.912 [http-nio-8090-exec-7] INFO  PsychologistController - 收到获取心理医生列表请求，雇佣状态：null
25-01-23.21:25:22.913 [http-nio-8090-exec-7] INFO  PsychologistService    - 获取心理医生列表，参数：employmentStatus=null
25-01-23.21:25:38.769 [http-nio-8090-exec-1] INFO  PsychologistController - 收到获取心理医生列表请求，雇佣状态：null
25-01-23.21:25:38.769 [http-nio-8090-exec-1] INFO  PsychologistService    - 获取心理医生列表，参数：employmentStatus=null
25-01-23.21:25:53.101 [http-nio-8090-exec-2] INFO  PsychologistController - 收到获取心理医生列表请求，雇佣状态：null
25-01-23.21:25:53.101 [http-nio-8090-exec-2] INFO  PsychologistService    - 获取心理医生列表，参数：employmentStatus=null
25-01-23.21:26:29.979 [http-nio-8090-exec-3] INFO  PsychologistController - 收到获取心理医生列表请求，雇佣状态：null
25-01-23.21:26:29.979 [http-nio-8090-exec-3] INFO  PsychologistService    - 获取心理医生列表，参数：employmentStatus=null
25-01-23.21:26:31.945 [http-nio-8090-exec-4] INFO  PsychologistController - 收到获取心理医生列表请求，雇佣状态：null
25-01-23.21:26:31.945 [http-nio-8090-exec-4] INFO  PsychologistService    - 获取心理医生列表，参数：employmentStatus=null
25-01-23.21:26:35.012 [http-nio-8090-exec-5] INFO  PsychologistController - 收到获取心理医生列表请求，雇佣状态：null
25-01-23.21:26:35.012 [http-nio-8090-exec-5] INFO  PsychologistService    - 获取心理医生列表，参数：employmentStatus=null
25-01-23.21:26:40.440 [http-nio-8090-exec-6] INFO  PsychologistController - 收到获取心理医生列表请求，雇佣状态：null
25-01-23.21:26:40.440 [http-nio-8090-exec-6] INFO  PsychologistService    - 获取心理医生列表，参数：employmentStatus=null
25-01-23.21:26:41.120 [http-nio-8090-exec-10] INFO  PsychologistController - 收到获取心理医生列表请求，雇佣状态：null
25-01-23.21:26:41.120 [http-nio-8090-exec-10] INFO  PsychologistService    - 获取心理医生列表，参数：employmentStatus=null
25-01-23.21:27:08.060 [http-nio-8090-exec-8] INFO  PsychologistController - 收到获取心理医生列表请求，雇佣状态：null
25-01-23.21:27:08.060 [http-nio-8090-exec-8] INFO  PsychologistService    - 获取心理医生列表，参数：employmentStatus=null
25-01-23.21:27:16.872 [http-nio-8090-exec-9] INFO  PsychologistController - 收到获取心理医生列表请求，雇佣状态：null
25-01-23.21:27:16.872 [http-nio-8090-exec-9] INFO  PsychologistService    - 获取心理医生列表，参数：employmentStatus=null
25-01-23.21:27:18.331 [http-nio-8090-exec-7] INFO  PsychologistController - 收到获取心理医生列表请求，雇佣状态：null
25-01-23.21:27:18.331 [http-nio-8090-exec-7] INFO  PsychologistService    - 获取心理医生列表，参数：employmentStatus=null
25-01-23.21:27:21.673 [http-nio-8090-exec-1] INFO  PsychologistController - 收到获取心理医生列表请求，雇佣状态：null
25-01-23.21:27:21.673 [http-nio-8090-exec-1] INFO  PsychologistService    - 获取心理医生列表，参数：employmentStatus=null
25-01-23.21:27:24.887 [http-nio-8090-exec-2] INFO  PsychologistController - 收到获取心理医生列表请求，雇佣状态：null
25-01-23.21:27:24.887 [http-nio-8090-exec-2] INFO  PsychologistService    - 获取心理医生列表，参数：employmentStatus=null
25-01-23.21:27:36.050 [http-nio-8090-exec-3] INFO  PsychologistController - 收到获取心理医生列表请求，雇佣状态：null
25-01-23.21:27:36.050 [http-nio-8090-exec-3] INFO  PsychologistService    - 获取心理医生列表，参数：employmentStatus=null
25-01-23.21:27:36.769 [http-nio-8090-exec-4] INFO  PsychologistController - 收到获取心理医生列表请求，雇佣状态：null
25-01-23.21:27:36.769 [http-nio-8090-exec-4] INFO  PsychologistService    - 获取心理医生列表，参数：employmentStatus=null
25-01-23.21:27:59.377 [http-nio-8090-exec-5] INFO  PsychologistController - 收到获取心理医生列表请求，雇佣状态：null
25-01-23.21:27:59.377 [http-nio-8090-exec-5] INFO  PsychologistService    - 获取心理医生列表，参数：employmentStatus=null
25-01-23.21:28:45.553 [http-nio-8090-exec-6] INFO  PsychologistController - 收到获取心理医生列表请求，雇佣状态：null
25-01-23.21:28:45.553 [http-nio-8090-exec-6] INFO  PsychologistService    - 获取心理医生列表，参数：employmentStatus=null
25-01-23.21:28:46.779 [http-nio-8090-exec-10] INFO  PsychologistController - 收到获取心理医生列表请求，雇佣状态：null
25-01-23.21:28:46.779 [http-nio-8090-exec-10] INFO  PsychologistService    - 获取心理医生列表，参数：employmentStatus=null
25-01-23.21:28:59.017 [http-nio-8090-exec-8] INFO  PsychologistController - 收到获取心理医生列表请求，雇佣状态：null
25-01-23.21:28:59.017 [http-nio-8090-exec-8] INFO  PsychologistService    - 获取心理医生列表，参数：employmentStatus=null
25-01-23.21:29:04.065 [http-nio-8090-exec-9] INFO  UserController         - 收到获取用户列表请求，角色：null
25-01-23.21:29:04.065 [http-nio-8090-exec-9] INFO  UserService            - 获取用户列表，角色：null
25-01-23.21:29:04.849 [http-nio-8090-exec-7] INFO  PsychologistController - 收到获取心理医生列表请求，雇佣状态：null
25-01-23.21:29:04.849 [http-nio-8090-exec-7] INFO  PsychologistService    - 获取心理医生列表，参数：employmentStatus=null
25-01-23.21:29:31.506 [http-nio-8090-exec-1] INFO  PsychologistController - 收到获取心理医生列表请求，雇佣状态：null
25-01-23.21:29:31.506 [http-nio-8090-exec-1] INFO  PsychologistService    - 获取心理医生列表，参数：employmentStatus=null
25-01-23.21:30:42.595 [http-nio-8090-exec-2] INFO  PsychologistController - 收到获取心理医生列表请求，雇佣状态：null
25-01-23.21:30:42.595 [http-nio-8090-exec-2] INFO  PsychologistService    - 获取心理医生列表，参数：employmentStatus=null
25-01-23.21:31:37.754 [http-nio-8090-exec-3] INFO  PsychologistController - 收到获取心理医生列表请求，雇佣状态：null
25-01-23.21:31:37.754 [http-nio-8090-exec-3] INFO  PsychologistService    - 获取心理医生列表，参数：employmentStatus=null
25-01-23.21:31:42.280 [http-nio-8090-exec-4] ERROR GlobalExceptionHandler - 系统异常
org.springframework.web.method.annotation.MethodArgumentTypeMismatchException: Failed to convert value of type 'java.lang.String' to required type 'java.lang.Long'; nested exception is java.lang.NumberFormatException: For input string: "undefined"
	at org.springframework.web.method.annotation.AbstractNamedValueMethodArgumentResolver.resolveArgument(AbstractNamedValueMethodArgumentResolver.java:133)
	at org.springframework.web.method.support.HandlerMethodArgumentResolverComposite.resolveArgument(HandlerMethodArgumentResolverComposite.java:122)
	at org.springframework.web.method.support.InvocableHandlerMethod.getMethodArgumentValues(InvocableHandlerMethod.java:179)
	at org.springframework.web.method.support.InvocableHandlerMethod.invokeForRequest(InvocableHandlerMethod.java:146)
	at org.springframework.web.servlet.mvc.method.annotation.ServletInvocableHandlerMethod.invokeAndHandle(ServletInvocableHandlerMethod.java:117)
	at org.springframework.web.servlet.mvc.method.annotation.RequestMappingHandlerAdapter.invokeHandlerMethod(RequestMappingHandlerAdapter.java:895)
	at org.springframework.web.servlet.mvc.method.annotation.RequestMappingHandlerAdapter.handleInternal(RequestMappingHandlerAdapter.java:808)
	at org.springframework.web.servlet.mvc.method.AbstractHandlerMethodAdapter.handle(AbstractHandlerMethodAdapter.java:87)
	at org.springframework.web.servlet.DispatcherServlet.doDispatch(DispatcherServlet.java:1072)
	at org.springframework.web.servlet.DispatcherServlet.doService(DispatcherServlet.java:965)
	at org.springframework.web.servlet.FrameworkServlet.processRequest(FrameworkServlet.java:1006)
	at org.springframework.web.servlet.FrameworkServlet.doGet(FrameworkServlet.java:898)
	at javax.servlet.http.HttpServlet.service(HttpServlet.java:529)
	at org.springframework.web.servlet.FrameworkServlet.service(FrameworkServlet.java:883)
	at javax.servlet.http.HttpServlet.service(HttpServlet.java:623)
	at org.apache.catalina.core.ApplicationFilterChain.internalDoFilter(ApplicationFilterChain.java:209)
	at org.apache.catalina.core.ApplicationFilterChain.doFilter(ApplicationFilterChain.java:153)
	at org.apache.tomcat.websocket.server.WsFilter.doFilter(WsFilter.java:51)
	at org.apache.catalina.core.ApplicationFilterChain.internalDoFilter(ApplicationFilterChain.java:178)
	at org.apache.catalina.core.ApplicationFilterChain.doFilter(ApplicationFilterChain.java:153)
	at org.springframework.web.filter.RequestContextFilter.doFilterInternal(RequestContextFilter.java:100)
	at org.springframework.web.filter.OncePerRequestFilter.doFilter(OncePerRequestFilter.java:117)
	at org.apache.catalina.core.ApplicationFilterChain.internalDoFilter(ApplicationFilterChain.java:178)
	at org.apache.catalina.core.ApplicationFilterChain.doFilter(ApplicationFilterChain.java:153)
	at org.springframework.web.filter.FormContentFilter.doFilterInternal(FormContentFilter.java:93)
	at org.springframework.web.filter.OncePerRequestFilter.doFilter(OncePerRequestFilter.java:117)
	at org.apache.catalina.core.ApplicationFilterChain.internalDoFilter(ApplicationFilterChain.java:178)
	at org.apache.catalina.core.ApplicationFilterChain.doFilter(ApplicationFilterChain.java:153)
	at org.springframework.web.filter.CharacterEncodingFilter.doFilterInternal(CharacterEncodingFilter.java:201)
	at org.springframework.web.filter.OncePerRequestFilter.doFilter(OncePerRequestFilter.java:117)
	at org.apache.catalina.core.ApplicationFilterChain.internalDoFilter(ApplicationFilterChain.java:178)
	at org.apache.catalina.core.ApplicationFilterChain.doFilter(ApplicationFilterChain.java:153)
	at org.apache.catalina.core.StandardWrapperValve.invoke(StandardWrapperValve.java:167)
	at org.apache.catalina.core.StandardContextValve.invoke(StandardContextValve.java:90)
	at org.apache.catalina.authenticator.AuthenticatorBase.invoke(AuthenticatorBase.java:481)
	at org.apache.catalina.core.StandardHostValve.invoke(StandardHostValve.java:130)
	at org.apache.catalina.valves.ErrorReportValve.invoke(ErrorReportValve.java:93)
	at org.apache.catalina.core.StandardEngineValve.invoke(StandardEngineValve.java:74)
	at org.apache.catalina.connector.CoyoteAdapter.service(CoyoteAdapter.java:343)
	at org.apache.coyote.http11.Http11Processor.service(Http11Processor.java:390)
	at org.apache.coyote.AbstractProcessorLight.process(AbstractProcessorLight.java:63)
	at org.apache.coyote.AbstractProtocol$ConnectionHandler.process(AbstractProtocol.java:926)
	at org.apache.tomcat.util.net.NioEndpoint$SocketProcessor.doRun(NioEndpoint.java:1791)
	at org.apache.tomcat.util.net.SocketProcessorBase.run(SocketProcessorBase.java:52)
	at org.apache.tomcat.util.threads.ThreadPoolExecutor.runWorker(ThreadPoolExecutor.java:1191)
	at org.apache.tomcat.util.threads.ThreadPoolExecutor$Worker.run(ThreadPoolExecutor.java:659)
	at org.apache.tomcat.util.threads.TaskThread$WrappingRunnable.run(TaskThread.java:61)
	at java.lang.Thread.run(Thread.java:750)
Caused by: java.lang.NumberFormatException: For input string: "undefined"
	at java.lang.NumberFormatException.forInputString(NumberFormatException.java:65)
	at java.lang.Long.parseLong(Long.java:589)
	at java.lang.Long.valueOf(Long.java:803)
	at org.springframework.util.NumberUtils.parseNumber(NumberUtils.java:214)
	at org.springframework.beans.propertyeditors.CustomNumberEditor.setAsText(CustomNumberEditor.java:115)
	at org.springframework.beans.TypeConverterDelegate.doConvertTextValue(TypeConverterDelegate.java:429)
	at org.springframework.beans.TypeConverterDelegate.doConvertValue(TypeConverterDelegate.java:402)
	at org.springframework.beans.TypeConverterDelegate.convertIfNecessary(TypeConverterDelegate.java:155)
	at org.springframework.beans.TypeConverterSupport.convertIfNecessary(TypeConverterSupport.java:73)
	at org.springframework.beans.TypeConverterSupport.convertIfNecessary(TypeConverterSupport.java:53)
	at org.springframework.validation.DataBinder.convertIfNecessary(DataBinder.java:729)
	at org.springframework.web.method.annotation.AbstractNamedValueMethodArgumentResolver.resolveArgument(AbstractNamedValueMethodArgumentResolver.java:125)
	... 47 common frames omitted
25-01-23.21:31:49.042 [http-nio-8090-exec-5] ERROR GlobalExceptionHandler - 系统异常
org.springframework.web.method.annotation.MethodArgumentTypeMismatchException: Failed to convert value of type 'java.lang.String' to required type 'java.lang.Long'; nested exception is java.lang.NumberFormatException: For input string: "undefined"
	at org.springframework.web.method.annotation.AbstractNamedValueMethodArgumentResolver.resolveArgument(AbstractNamedValueMethodArgumentResolver.java:133)
	at org.springframework.web.method.support.HandlerMethodArgumentResolverComposite.resolveArgument(HandlerMethodArgumentResolverComposite.java:122)
	at org.springframework.web.method.support.InvocableHandlerMethod.getMethodArgumentValues(InvocableHandlerMethod.java:179)
	at org.springframework.web.method.support.InvocableHandlerMethod.invokeForRequest(InvocableHandlerMethod.java:146)
	at org.springframework.web.servlet.mvc.method.annotation.ServletInvocableHandlerMethod.invokeAndHandle(ServletInvocableHandlerMethod.java:117)
	at org.springframework.web.servlet.mvc.method.annotation.RequestMappingHandlerAdapter.invokeHandlerMethod(RequestMappingHandlerAdapter.java:895)
	at org.springframework.web.servlet.mvc.method.annotation.RequestMappingHandlerAdapter.handleInternal(RequestMappingHandlerAdapter.java:808)
	at org.springframework.web.servlet.mvc.method.AbstractHandlerMethodAdapter.handle(AbstractHandlerMethodAdapter.java:87)
	at org.springframework.web.servlet.DispatcherServlet.doDispatch(DispatcherServlet.java:1072)
	at org.springframework.web.servlet.DispatcherServlet.doService(DispatcherServlet.java:965)
	at org.springframework.web.servlet.FrameworkServlet.processRequest(FrameworkServlet.java:1006)
	at org.springframework.web.servlet.FrameworkServlet.doGet(FrameworkServlet.java:898)
	at javax.servlet.http.HttpServlet.service(HttpServlet.java:529)
	at org.springframework.web.servlet.FrameworkServlet.service(FrameworkServlet.java:883)
	at javax.servlet.http.HttpServlet.service(HttpServlet.java:623)
	at org.apache.catalina.core.ApplicationFilterChain.internalDoFilter(ApplicationFilterChain.java:209)
	at org.apache.catalina.core.ApplicationFilterChain.doFilter(ApplicationFilterChain.java:153)
	at org.apache.tomcat.websocket.server.WsFilter.doFilter(WsFilter.java:51)
	at org.apache.catalina.core.ApplicationFilterChain.internalDoFilter(ApplicationFilterChain.java:178)
	at org.apache.catalina.core.ApplicationFilterChain.doFilter(ApplicationFilterChain.java:153)
	at org.springframework.web.filter.RequestContextFilter.doFilterInternal(RequestContextFilter.java:100)
	at org.springframework.web.filter.OncePerRequestFilter.doFilter(OncePerRequestFilter.java:117)
	at org.apache.catalina.core.ApplicationFilterChain.internalDoFilter(ApplicationFilterChain.java:178)
	at org.apache.catalina.core.ApplicationFilterChain.doFilter(ApplicationFilterChain.java:153)
	at org.springframework.web.filter.FormContentFilter.doFilterInternal(FormContentFilter.java:93)
	at org.springframework.web.filter.OncePerRequestFilter.doFilter(OncePerRequestFilter.java:117)
	at org.apache.catalina.core.ApplicationFilterChain.internalDoFilter(ApplicationFilterChain.java:178)
	at org.apache.catalina.core.ApplicationFilterChain.doFilter(ApplicationFilterChain.java:153)
	at org.springframework.web.filter.CharacterEncodingFilter.doFilterInternal(CharacterEncodingFilter.java:201)
	at org.springframework.web.filter.OncePerRequestFilter.doFilter(OncePerRequestFilter.java:117)
	at org.apache.catalina.core.ApplicationFilterChain.internalDoFilter(ApplicationFilterChain.java:178)
	at org.apache.catalina.core.ApplicationFilterChain.doFilter(ApplicationFilterChain.java:153)
	at org.apache.catalina.core.StandardWrapperValve.invoke(StandardWrapperValve.java:167)
	at org.apache.catalina.core.StandardContextValve.invoke(StandardContextValve.java:90)
	at org.apache.catalina.authenticator.AuthenticatorBase.invoke(AuthenticatorBase.java:481)
	at org.apache.catalina.core.StandardHostValve.invoke(StandardHostValve.java:130)
	at org.apache.catalina.valves.ErrorReportValve.invoke(ErrorReportValve.java:93)
	at org.apache.catalina.core.StandardEngineValve.invoke(StandardEngineValve.java:74)
	at org.apache.catalina.connector.CoyoteAdapter.service(CoyoteAdapter.java:343)
	at org.apache.coyote.http11.Http11Processor.service(Http11Processor.java:390)
	at org.apache.coyote.AbstractProcessorLight.process(AbstractProcessorLight.java:63)
	at org.apache.coyote.AbstractProtocol$ConnectionHandler.process(AbstractProtocol.java:926)
	at org.apache.tomcat.util.net.NioEndpoint$SocketProcessor.doRun(NioEndpoint.java:1791)
	at org.apache.tomcat.util.net.SocketProcessorBase.run(SocketProcessorBase.java:52)
	at org.apache.tomcat.util.threads.ThreadPoolExecutor.runWorker(ThreadPoolExecutor.java:1191)
	at org.apache.tomcat.util.threads.ThreadPoolExecutor$Worker.run(ThreadPoolExecutor.java:659)
	at org.apache.tomcat.util.threads.TaskThread$WrappingRunnable.run(TaskThread.java:61)
	at java.lang.Thread.run(Thread.java:750)
Caused by: java.lang.NumberFormatException: For input string: "undefined"
	at java.lang.NumberFormatException.forInputString(NumberFormatException.java:65)
	at java.lang.Long.parseLong(Long.java:589)
	at java.lang.Long.valueOf(Long.java:803)
	at org.springframework.util.NumberUtils.parseNumber(NumberUtils.java:214)
	at org.springframework.beans.propertyeditors.CustomNumberEditor.setAsText(CustomNumberEditor.java:115)
	at org.springframework.beans.TypeConverterDelegate.doConvertTextValue(TypeConverterDelegate.java:429)
	at org.springframework.beans.TypeConverterDelegate.doConvertValue(TypeConverterDelegate.java:402)
	at org.springframework.beans.TypeConverterDelegate.convertIfNecessary(TypeConverterDelegate.java:155)
	at org.springframework.beans.TypeConverterSupport.convertIfNecessary(TypeConverterSupport.java:73)
	at org.springframework.beans.TypeConverterSupport.convertIfNecessary(TypeConverterSupport.java:53)
	at org.springframework.validation.DataBinder.convertIfNecessary(DataBinder.java:729)
	at org.springframework.web.method.annotation.AbstractNamedValueMethodArgumentResolver.resolveArgument(AbstractNamedValueMethodArgumentResolver.java:125)
	... 47 common frames omitted
25-01-23.21:33:41.698 [http-nio-8090-exec-6] INFO  PsychologistController - 收到获取心理医生列表请求，雇佣状态：null
25-01-23.21:33:41.698 [http-nio-8090-exec-6] INFO  PsychologistService    - 获取心理医生列表，参数：employmentStatus=null
25-01-23.21:34:31.524 [http-nio-8090-exec-10] INFO  UserController         - 收到获取用户信息请求，用户ID：1
25-01-23.21:34:31.525 [http-nio-8090-exec-10] INFO  UserService            - 获取用户信息，用户ID：1
25-01-23.21:34:31.584 [http-nio-8090-exec-8] INFO  PsychologistController - 收到获取心理医生列表请求，雇佣状态：null
25-01-23.21:34:31.584 [http-nio-8090-exec-8] INFO  PsychologistService    - 获取心理医生列表，参数：employmentStatus=null
25-01-23.21:36:01.587 [http-nio-8090-exec-9] INFO  PsychologistController - 收到获取心理医生列表请求，雇佣状态：null
25-01-23.21:36:01.587 [http-nio-8090-exec-9] INFO  PsychologistService    - 获取心理医生列表，参数：employmentStatus=null
25-01-23.21:37:49.117 [http-nio-8090-exec-7] INFO  PsychologistController - 收到获取心理医生列表请求，雇佣状态：null
25-01-23.21:37:49.117 [http-nio-8090-exec-7] INFO  PsychologistService    - 获取心理医生列表，参数：employmentStatus=null
25-01-23.21:38:05.967 [http-nio-8090-exec-1] INFO  PsychologistController - 收到获取心理医生列表请求，雇佣状态：null
25-01-23.21:38:05.968 [http-nio-8090-exec-1] INFO  PsychologistService    - 获取心理医生列表，参数：employmentStatus=null
25-01-23.21:38:39.547 [http-nio-8090-exec-2] INFO  PsychologistController - 收到获取心理医生列表请求，雇佣状态：null
25-01-23.21:38:39.547 [http-nio-8090-exec-2] INFO  PsychologistService    - 获取心理医生列表，参数：employmentStatus=null
25-01-23.21:38:44.076 [http-nio-8090-exec-3] INFO  UserController         - 收到获取用户信息请求，用户ID：1
25-01-23.21:38:44.076 [http-nio-8090-exec-3] INFO  UserService            - 获取用户信息，用户ID：1
25-01-23.21:38:44.135 [http-nio-8090-exec-4] INFO  PsychologistController - 收到获取心理医生列表请求，雇佣状态：null
25-01-23.21:38:44.135 [http-nio-8090-exec-4] INFO  PsychologistService    - 获取心理医生列表，参数：employmentStatus=null
25-01-23.21:42:22.233 [http-nio-8090-exec-5] INFO  UserController         - 收到获取用户信息请求，用户ID：1
25-01-23.21:42:22.234 [http-nio-8090-exec-5] INFO  UserService            - 获取用户信息，用户ID：1
25-01-23.21:42:22.275 [http-nio-8090-exec-6] INFO  PsychologistController - 收到获取心理医生列表请求，雇佣状态：null
25-01-23.21:42:22.275 [http-nio-8090-exec-6] INFO  PsychologistService    - 获取心理医生列表，参数：employmentStatus=null
25-01-23.21:43:22.214 [http-nio-8090-exec-10] INFO  PsychologistController - 收到获取心理医生列表请求，雇佣状态：null
25-01-23.21:43:22.214 [http-nio-8090-exec-10] INFO  PsychologistService    - 获取心理医生列表，参数：employmentStatus=null
25-01-23.21:44:00.102 [http-nio-8090-exec-8] INFO  PsychologistController - 收到获取心理医生列表请求，雇佣状态：null
25-01-23.21:44:00.102 [http-nio-8090-exec-8] INFO  PsychologistService    - 获取心理医生列表，参数：employmentStatus=null
25-01-23.21:44:00.302 [http-nio-8090-exec-9] INFO  PsychologistController - 收到获取心理医生列表请求，雇佣状态：null
25-01-23.21:44:00.302 [http-nio-8090-exec-9] INFO  PsychologistService    - 获取心理医生列表，参数：employmentStatus=null
25-01-23.21:44:53.353 [http-nio-8090-exec-7] INFO  PsychologistController - 收到获取心理医生列表请求，雇佣状态：null
25-01-23.21:44:53.353 [http-nio-8090-exec-7] INFO  PsychologistService    - 获取心理医生列表，参数：employmentStatus=null
25-01-23.21:44:59.698 [http-nio-8090-exec-1] INFO  PsychologistController - 收到获取心理医生列表请求，雇佣状态：null
25-01-23.21:44:59.698 [http-nio-8090-exec-1] INFO  PsychologistService    - 获取心理医生列表，参数：employmentStatus=null
25-01-23.21:45:05.756 [http-nio-8090-exec-2] INFO  PsychologistController - 收到获取心理医生列表请求，雇佣状态：null
25-01-23.21:45:05.756 [http-nio-8090-exec-2] INFO  PsychologistService    - 获取心理医生列表，参数：employmentStatus=null
25-01-23.21:45:09.973 [http-nio-8090-exec-3] INFO  PsychologistController - 收到获取心理医生列表请求，雇佣状态：null
25-01-23.21:45:09.973 [http-nio-8090-exec-3] INFO  PsychologistService    - 获取心理医生列表，参数：employmentStatus=null
25-01-23.21:45:41.827 [http-nio-8090-exec-4] INFO  PsychologistController - 收到获取心理医生列表请求，雇佣状态：null
25-01-23.21:45:41.828 [http-nio-8090-exec-4] INFO  PsychologistService    - 获取心理医生列表，参数：employmentStatus=null
25-01-23.21:45:52.565 [http-nio-8090-exec-5] INFO  PsychologistController - 收到获取心理医生列表请求，雇佣状态：null
25-01-23.21:45:52.565 [http-nio-8090-exec-5] INFO  PsychologistService    - 获取心理医生列表，参数：employmentStatus=null
25-01-23.21:46:04.862 [http-nio-8090-exec-6] INFO  PsychologistController - 收到获取心理医生列表请求，雇佣状态：null
25-01-23.21:46:04.862 [http-nio-8090-exec-6] INFO  PsychologistService    - 获取心理医生列表，参数：employmentStatus=null
25-01-23.21:46:18.682 [http-nio-8090-exec-10] ERROR GlobalExceptionHandler - 系统异常
org.springframework.web.HttpRequestMethodNotSupportedException: Request method 'PUT' not supported
	at org.springframework.web.servlet.mvc.method.RequestMappingInfoHandlerMapping.handleNoMatch(RequestMappingInfoHandlerMapping.java:260)
	at org.springframework.web.servlet.handler.AbstractHandlerMethodMapping.lookupHandlerMethod(AbstractHandlerMethodMapping.java:442)
	at org.springframework.web.servlet.handler.AbstractHandlerMethodMapping.getHandlerInternal(AbstractHandlerMethodMapping.java:383)
	at org.springframework.web.servlet.mvc.method.RequestMappingInfoHandlerMapping.getHandlerInternal(RequestMappingInfoHandlerMapping.java:125)
	at org.springframework.web.servlet.mvc.method.RequestMappingInfoHandlerMapping.getHandlerInternal(RequestMappingInfoHandlerMapping.java:67)
	at org.springframework.web.servlet.handler.AbstractHandlerMapping.getHandler(AbstractHandlerMapping.java:498)
	at org.springframework.web.servlet.DispatcherServlet.getHandler(DispatcherServlet.java:1266)
	at org.springframework.web.servlet.DispatcherServlet.doDispatch(DispatcherServlet.java:1048)
	at org.springframework.web.servlet.DispatcherServlet.doService(DispatcherServlet.java:965)
	at org.springframework.web.servlet.FrameworkServlet.processRequest(FrameworkServlet.java:1006)
	at org.springframework.web.servlet.FrameworkServlet.doPut(FrameworkServlet.java:920)
	at javax.servlet.http.HttpServlet.service(HttpServlet.java:558)
	at org.springframework.web.servlet.FrameworkServlet.service(FrameworkServlet.java:883)
	at javax.servlet.http.HttpServlet.service(HttpServlet.java:623)
	at org.apache.catalina.core.ApplicationFilterChain.internalDoFilter(ApplicationFilterChain.java:209)
	at org.apache.catalina.core.ApplicationFilterChain.doFilter(ApplicationFilterChain.java:153)
	at org.apache.tomcat.websocket.server.WsFilter.doFilter(WsFilter.java:51)
	at org.apache.catalina.core.ApplicationFilterChain.internalDoFilter(ApplicationFilterChain.java:178)
	at org.apache.catalina.core.ApplicationFilterChain.doFilter(ApplicationFilterChain.java:153)
	at org.springframework.web.filter.RequestContextFilter.doFilterInternal(RequestContextFilter.java:100)
	at org.springframework.web.filter.OncePerRequestFilter.doFilter(OncePerRequestFilter.java:117)
	at org.apache.catalina.core.ApplicationFilterChain.internalDoFilter(ApplicationFilterChain.java:178)
	at org.apache.catalina.core.ApplicationFilterChain.doFilter(ApplicationFilterChain.java:153)
	at org.springframework.web.filter.FormContentFilter.doFilterInternal(FormContentFilter.java:93)
	at org.springframework.web.filter.OncePerRequestFilter.doFilter(OncePerRequestFilter.java:117)
	at org.apache.catalina.core.ApplicationFilterChain.internalDoFilter(ApplicationFilterChain.java:178)
	at org.apache.catalina.core.ApplicationFilterChain.doFilter(ApplicationFilterChain.java:153)
	at org.springframework.web.filter.CharacterEncodingFilter.doFilterInternal(CharacterEncodingFilter.java:201)
	at org.springframework.web.filter.OncePerRequestFilter.doFilter(OncePerRequestFilter.java:117)
	at org.apache.catalina.core.ApplicationFilterChain.internalDoFilter(ApplicationFilterChain.java:178)
	at org.apache.catalina.core.ApplicationFilterChain.doFilter(ApplicationFilterChain.java:153)
	at org.apache.catalina.core.StandardWrapperValve.invoke(StandardWrapperValve.java:167)
	at org.apache.catalina.core.StandardContextValve.invoke(StandardContextValve.java:90)
	at org.apache.catalina.authenticator.AuthenticatorBase.invoke(AuthenticatorBase.java:481)
	at org.apache.catalina.core.StandardHostValve.invoke(StandardHostValve.java:130)
	at org.apache.catalina.valves.ErrorReportValve.invoke(ErrorReportValve.java:93)
	at org.apache.catalina.core.StandardEngineValve.invoke(StandardEngineValve.java:74)
	at org.apache.catalina.connector.CoyoteAdapter.service(CoyoteAdapter.java:343)
	at org.apache.coyote.http11.Http11Processor.service(Http11Processor.java:390)
	at org.apache.coyote.AbstractProcessorLight.process(AbstractProcessorLight.java:63)
	at org.apache.coyote.AbstractProtocol$ConnectionHandler.process(AbstractProtocol.java:926)
	at org.apache.tomcat.util.net.NioEndpoint$SocketProcessor.doRun(NioEndpoint.java:1791)
	at org.apache.tomcat.util.net.SocketProcessorBase.run(SocketProcessorBase.java:52)
	at org.apache.tomcat.util.threads.ThreadPoolExecutor.runWorker(ThreadPoolExecutor.java:1191)
	at org.apache.tomcat.util.threads.ThreadPoolExecutor$Worker.run(ThreadPoolExecutor.java:659)
	at org.apache.tomcat.util.threads.TaskThread$WrappingRunnable.run(TaskThread.java:61)
	at java.lang.Thread.run(Thread.java:750)
25-01-23.21:46:54.101 [http-nio-8090-exec-8] INFO  PsychologistController - 收到获取心理医生列表请求，雇佣状态：null
25-01-23.21:46:54.101 [http-nio-8090-exec-8] INFO  PsychologistService    - 获取心理医生列表，参数：employmentStatus=null
25-01-23.21:47:12.406 [http-nio-8090-exec-9] ERROR GlobalExceptionHandler - 系统异常
org.springframework.web.HttpRequestMethodNotSupportedException: Request method 'POST' not supported
	at org.springframework.web.servlet.mvc.method.RequestMappingInfoHandlerMapping.handleNoMatch(RequestMappingInfoHandlerMapping.java:260)
	at org.springframework.web.servlet.handler.AbstractHandlerMethodMapping.lookupHandlerMethod(AbstractHandlerMethodMapping.java:442)
	at org.springframework.web.servlet.handler.AbstractHandlerMethodMapping.getHandlerInternal(AbstractHandlerMethodMapping.java:383)
	at org.springframework.web.servlet.mvc.method.RequestMappingInfoHandlerMapping.getHandlerInternal(RequestMappingInfoHandlerMapping.java:125)
	at org.springframework.web.servlet.mvc.method.RequestMappingInfoHandlerMapping.getHandlerInternal(RequestMappingInfoHandlerMapping.java:67)
	at org.springframework.web.servlet.handler.AbstractHandlerMapping.getHandler(AbstractHandlerMapping.java:498)
	at org.springframework.web.servlet.DispatcherServlet.getHandler(DispatcherServlet.java:1266)
	at org.springframework.web.servlet.DispatcherServlet.doDispatch(DispatcherServlet.java:1048)
	at org.springframework.web.servlet.DispatcherServlet.doService(DispatcherServlet.java:965)
	at org.springframework.web.servlet.FrameworkServlet.processRequest(FrameworkServlet.java:1006)
	at org.springframework.web.servlet.FrameworkServlet.doPost(FrameworkServlet.java:909)
	at javax.servlet.http.HttpServlet.service(HttpServlet.java:555)
	at org.springframework.web.servlet.FrameworkServlet.service(FrameworkServlet.java:883)
	at javax.servlet.http.HttpServlet.service(HttpServlet.java:623)
	at org.apache.catalina.core.ApplicationFilterChain.internalDoFilter(ApplicationFilterChain.java:209)
	at org.apache.catalina.core.ApplicationFilterChain.doFilter(ApplicationFilterChain.java:153)
	at org.apache.tomcat.websocket.server.WsFilter.doFilter(WsFilter.java:51)
	at org.apache.catalina.core.ApplicationFilterChain.internalDoFilter(ApplicationFilterChain.java:178)
	at org.apache.catalina.core.ApplicationFilterChain.doFilter(ApplicationFilterChain.java:153)
	at org.springframework.web.filter.RequestContextFilter.doFilterInternal(RequestContextFilter.java:100)
	at org.springframework.web.filter.OncePerRequestFilter.doFilter(OncePerRequestFilter.java:117)
	at org.apache.catalina.core.ApplicationFilterChain.internalDoFilter(ApplicationFilterChain.java:178)
	at org.apache.catalina.core.ApplicationFilterChain.doFilter(ApplicationFilterChain.java:153)
	at org.springframework.web.filter.FormContentFilter.doFilterInternal(FormContentFilter.java:93)
	at org.springframework.web.filter.OncePerRequestFilter.doFilter(OncePerRequestFilter.java:117)
	at org.apache.catalina.core.ApplicationFilterChain.internalDoFilter(ApplicationFilterChain.java:178)
	at org.apache.catalina.core.ApplicationFilterChain.doFilter(ApplicationFilterChain.java:153)
	at org.springframework.web.filter.CharacterEncodingFilter.doFilterInternal(CharacterEncodingFilter.java:201)
	at org.springframework.web.filter.OncePerRequestFilter.doFilter(OncePerRequestFilter.java:117)
	at org.apache.catalina.core.ApplicationFilterChain.internalDoFilter(ApplicationFilterChain.java:178)
	at org.apache.catalina.core.ApplicationFilterChain.doFilter(ApplicationFilterChain.java:153)
	at org.apache.catalina.core.StandardWrapperValve.invoke(StandardWrapperValve.java:167)
	at org.apache.catalina.core.StandardContextValve.invoke(StandardContextValve.java:90)
	at org.apache.catalina.authenticator.AuthenticatorBase.invoke(AuthenticatorBase.java:481)
	at org.apache.catalina.core.StandardHostValve.invoke(StandardHostValve.java:130)
	at org.apache.catalina.valves.ErrorReportValve.invoke(ErrorReportValve.java:93)
	at org.apache.catalina.core.StandardEngineValve.invoke(StandardEngineValve.java:74)
	at org.apache.catalina.connector.CoyoteAdapter.service(CoyoteAdapter.java:343)
	at org.apache.coyote.http11.Http11Processor.service(Http11Processor.java:390)
	at org.apache.coyote.AbstractProcessorLight.process(AbstractProcessorLight.java:63)
	at org.apache.coyote.AbstractProtocol$ConnectionHandler.process(AbstractProtocol.java:926)
	at org.apache.tomcat.util.net.NioEndpoint$SocketProcessor.doRun(NioEndpoint.java:1791)
	at org.apache.tomcat.util.net.SocketProcessorBase.run(SocketProcessorBase.java:52)
	at org.apache.tomcat.util.threads.ThreadPoolExecutor.runWorker(ThreadPoolExecutor.java:1191)
	at org.apache.tomcat.util.threads.ThreadPoolExecutor$Worker.run(ThreadPoolExecutor.java:659)
	at org.apache.tomcat.util.threads.TaskThread$WrappingRunnable.run(TaskThread.java:61)
	at java.lang.Thread.run(Thread.java:750)
25-01-23.21:47:33.629 [http-nio-8090-exec-7] ERROR GlobalExceptionHandler - 系统异常
org.springframework.web.method.annotation.MethodArgumentTypeMismatchException: Failed to convert value of type 'java.lang.String' to required type 'java.lang.Long'; nested exception is java.lang.NumberFormatException: For input string: "undefined"
	at org.springframework.web.method.annotation.AbstractNamedValueMethodArgumentResolver.resolveArgument(AbstractNamedValueMethodArgumentResolver.java:133)
	at org.springframework.web.method.support.HandlerMethodArgumentResolverComposite.resolveArgument(HandlerMethodArgumentResolverComposite.java:122)
	at org.springframework.web.method.support.InvocableHandlerMethod.getMethodArgumentValues(InvocableHandlerMethod.java:179)
	at org.springframework.web.method.support.InvocableHandlerMethod.invokeForRequest(InvocableHandlerMethod.java:146)
	at org.springframework.web.servlet.mvc.method.annotation.ServletInvocableHandlerMethod.invokeAndHandle(ServletInvocableHandlerMethod.java:117)
	at org.springframework.web.servlet.mvc.method.annotation.RequestMappingHandlerAdapter.invokeHandlerMethod(RequestMappingHandlerAdapter.java:895)
	at org.springframework.web.servlet.mvc.method.annotation.RequestMappingHandlerAdapter.handleInternal(RequestMappingHandlerAdapter.java:808)
	at org.springframework.web.servlet.mvc.method.AbstractHandlerMethodAdapter.handle(AbstractHandlerMethodAdapter.java:87)
	at org.springframework.web.servlet.DispatcherServlet.doDispatch(DispatcherServlet.java:1072)
	at org.springframework.web.servlet.DispatcherServlet.doService(DispatcherServlet.java:965)
	at org.springframework.web.servlet.FrameworkServlet.processRequest(FrameworkServlet.java:1006)
	at org.springframework.web.servlet.FrameworkServlet.doGet(FrameworkServlet.java:898)
	at javax.servlet.http.HttpServlet.service(HttpServlet.java:529)
	at org.springframework.web.servlet.FrameworkServlet.service(FrameworkServlet.java:883)
	at javax.servlet.http.HttpServlet.service(HttpServlet.java:623)
	at org.apache.catalina.core.ApplicationFilterChain.internalDoFilter(ApplicationFilterChain.java:209)
	at org.apache.catalina.core.ApplicationFilterChain.doFilter(ApplicationFilterChain.java:153)
	at org.apache.tomcat.websocket.server.WsFilter.doFilter(WsFilter.java:51)
	at org.apache.catalina.core.ApplicationFilterChain.internalDoFilter(ApplicationFilterChain.java:178)
	at org.apache.catalina.core.ApplicationFilterChain.doFilter(ApplicationFilterChain.java:153)
	at org.springframework.web.filter.RequestContextFilter.doFilterInternal(RequestContextFilter.java:100)
	at org.springframework.web.filter.OncePerRequestFilter.doFilter(OncePerRequestFilter.java:117)
	at org.apache.catalina.core.ApplicationFilterChain.internalDoFilter(ApplicationFilterChain.java:178)
	at org.apache.catalina.core.ApplicationFilterChain.doFilter(ApplicationFilterChain.java:153)
	at org.springframework.web.filter.FormContentFilter.doFilterInternal(FormContentFilter.java:93)
	at org.springframework.web.filter.OncePerRequestFilter.doFilter(OncePerRequestFilter.java:117)
	at org.apache.catalina.core.ApplicationFilterChain.internalDoFilter(ApplicationFilterChain.java:178)
	at org.apache.catalina.core.ApplicationFilterChain.doFilter(ApplicationFilterChain.java:153)
	at org.springframework.web.filter.CharacterEncodingFilter.doFilterInternal(CharacterEncodingFilter.java:201)
	at org.springframework.web.filter.OncePerRequestFilter.doFilter(OncePerRequestFilter.java:117)
	at org.apache.catalina.core.ApplicationFilterChain.internalDoFilter(ApplicationFilterChain.java:178)
	at org.apache.catalina.core.ApplicationFilterChain.doFilter(ApplicationFilterChain.java:153)
	at org.apache.catalina.core.StandardWrapperValve.invoke(StandardWrapperValve.java:167)
	at org.apache.catalina.core.StandardContextValve.invoke(StandardContextValve.java:90)
	at org.apache.catalina.authenticator.AuthenticatorBase.invoke(AuthenticatorBase.java:481)
	at org.apache.catalina.core.StandardHostValve.invoke(StandardHostValve.java:130)
	at org.apache.catalina.valves.ErrorReportValve.invoke(ErrorReportValve.java:93)
	at org.apache.catalina.core.StandardEngineValve.invoke(StandardEngineValve.java:74)
	at org.apache.catalina.connector.CoyoteAdapter.service(CoyoteAdapter.java:343)
	at org.apache.coyote.http11.Http11Processor.service(Http11Processor.java:390)
	at org.apache.coyote.AbstractProcessorLight.process(AbstractProcessorLight.java:63)
	at org.apache.coyote.AbstractProtocol$ConnectionHandler.process(AbstractProtocol.java:926)
	at org.apache.tomcat.util.net.NioEndpoint$SocketProcessor.doRun(NioEndpoint.java:1791)
	at org.apache.tomcat.util.net.SocketProcessorBase.run(SocketProcessorBase.java:52)
	at org.apache.tomcat.util.threads.ThreadPoolExecutor.runWorker(ThreadPoolExecutor.java:1191)
	at org.apache.tomcat.util.threads.ThreadPoolExecutor$Worker.run(ThreadPoolExecutor.java:659)
	at org.apache.tomcat.util.threads.TaskThread$WrappingRunnable.run(TaskThread.java:61)
	at java.lang.Thread.run(Thread.java:750)
Caused by: java.lang.NumberFormatException: For input string: "undefined"
	at java.lang.NumberFormatException.forInputString(NumberFormatException.java:65)
	at java.lang.Long.parseLong(Long.java:589)
	at java.lang.Long.valueOf(Long.java:803)
	at org.springframework.util.NumberUtils.parseNumber(NumberUtils.java:214)
	at org.springframework.beans.propertyeditors.CustomNumberEditor.setAsText(CustomNumberEditor.java:115)
	at org.springframework.beans.TypeConverterDelegate.doConvertTextValue(TypeConverterDelegate.java:429)
	at org.springframework.beans.TypeConverterDelegate.doConvertValue(TypeConverterDelegate.java:402)
	at org.springframework.beans.TypeConverterDelegate.convertIfNecessary(TypeConverterDelegate.java:155)
	at org.springframework.beans.TypeConverterSupport.convertIfNecessary(TypeConverterSupport.java:73)
	at org.springframework.beans.TypeConverterSupport.convertIfNecessary(TypeConverterSupport.java:53)
	at org.springframework.validation.DataBinder.convertIfNecessary(DataBinder.java:729)
	at org.springframework.web.method.annotation.AbstractNamedValueMethodArgumentResolver.resolveArgument(AbstractNamedValueMethodArgumentResolver.java:125)
	... 47 common frames omitted
25-01-23.21:48:07.079 [http-nio-8090-exec-1] ERROR GlobalExceptionHandler - 系统异常
org.springframework.web.method.annotation.MethodArgumentTypeMismatchException: Failed to convert value of type 'java.lang.String' to required type 'java.lang.Long'; nested exception is java.lang.NumberFormatException: For input string: "undefined"
	at org.springframework.web.method.annotation.AbstractNamedValueMethodArgumentResolver.resolveArgument(AbstractNamedValueMethodArgumentResolver.java:133)
	at org.springframework.web.method.support.HandlerMethodArgumentResolverComposite.resolveArgument(HandlerMethodArgumentResolverComposite.java:122)
	at org.springframework.web.method.support.InvocableHandlerMethod.getMethodArgumentValues(InvocableHandlerMethod.java:179)
	at org.springframework.web.method.support.InvocableHandlerMethod.invokeForRequest(InvocableHandlerMethod.java:146)
	at org.springframework.web.servlet.mvc.method.annotation.ServletInvocableHandlerMethod.invokeAndHandle(ServletInvocableHandlerMethod.java:117)
	at org.springframework.web.servlet.mvc.method.annotation.RequestMappingHandlerAdapter.invokeHandlerMethod(RequestMappingHandlerAdapter.java:895)
	at org.springframework.web.servlet.mvc.method.annotation.RequestMappingHandlerAdapter.handleInternal(RequestMappingHandlerAdapter.java:808)
	at org.springframework.web.servlet.mvc.method.AbstractHandlerMethodAdapter.handle(AbstractHandlerMethodAdapter.java:87)
	at org.springframework.web.servlet.DispatcherServlet.doDispatch(DispatcherServlet.java:1072)
	at org.springframework.web.servlet.DispatcherServlet.doService(DispatcherServlet.java:965)
	at org.springframework.web.servlet.FrameworkServlet.processRequest(FrameworkServlet.java:1006)
	at org.springframework.web.servlet.FrameworkServlet.doGet(FrameworkServlet.java:898)
	at javax.servlet.http.HttpServlet.service(HttpServlet.java:529)
	at org.springframework.web.servlet.FrameworkServlet.service(FrameworkServlet.java:883)
	at javax.servlet.http.HttpServlet.service(HttpServlet.java:623)
	at org.apache.catalina.core.ApplicationFilterChain.internalDoFilter(ApplicationFilterChain.java:209)
	at org.apache.catalina.core.ApplicationFilterChain.doFilter(ApplicationFilterChain.java:153)
	at org.apache.tomcat.websocket.server.WsFilter.doFilter(WsFilter.java:51)
	at org.apache.catalina.core.ApplicationFilterChain.internalDoFilter(ApplicationFilterChain.java:178)
	at org.apache.catalina.core.ApplicationFilterChain.doFilter(ApplicationFilterChain.java:153)
	at org.springframework.web.filter.RequestContextFilter.doFilterInternal(RequestContextFilter.java:100)
	at org.springframework.web.filter.OncePerRequestFilter.doFilter(OncePerRequestFilter.java:117)
	at org.apache.catalina.core.ApplicationFilterChain.internalDoFilter(ApplicationFilterChain.java:178)
	at org.apache.catalina.core.ApplicationFilterChain.doFilter(ApplicationFilterChain.java:153)
	at org.springframework.web.filter.FormContentFilter.doFilterInternal(FormContentFilter.java:93)
	at org.springframework.web.filter.OncePerRequestFilter.doFilter(OncePerRequestFilter.java:117)
	at org.apache.catalina.core.ApplicationFilterChain.internalDoFilter(ApplicationFilterChain.java:178)
	at org.apache.catalina.core.ApplicationFilterChain.doFilter(ApplicationFilterChain.java:153)
	at org.springframework.web.filter.CharacterEncodingFilter.doFilterInternal(CharacterEncodingFilter.java:201)
	at org.springframework.web.filter.OncePerRequestFilter.doFilter(OncePerRequestFilter.java:117)
	at org.apache.catalina.core.ApplicationFilterChain.internalDoFilter(ApplicationFilterChain.java:178)
	at org.apache.catalina.core.ApplicationFilterChain.doFilter(ApplicationFilterChain.java:153)
	at org.apache.catalina.core.StandardWrapperValve.invoke(StandardWrapperValve.java:167)
	at org.apache.catalina.core.StandardContextValve.invoke(StandardContextValve.java:90)
	at org.apache.catalina.authenticator.AuthenticatorBase.invoke(AuthenticatorBase.java:481)
	at org.apache.catalina.core.StandardHostValve.invoke(StandardHostValve.java:130)
	at org.apache.catalina.valves.ErrorReportValve.invoke(ErrorReportValve.java:93)
	at org.apache.catalina.core.StandardEngineValve.invoke(StandardEngineValve.java:74)
	at org.apache.catalina.connector.CoyoteAdapter.service(CoyoteAdapter.java:343)
	at org.apache.coyote.http11.Http11Processor.service(Http11Processor.java:390)
	at org.apache.coyote.AbstractProcessorLight.process(AbstractProcessorLight.java:63)
	at org.apache.coyote.AbstractProtocol$ConnectionHandler.process(AbstractProtocol.java:926)
	at org.apache.tomcat.util.net.NioEndpoint$SocketProcessor.doRun(NioEndpoint.java:1791)
	at org.apache.tomcat.util.net.SocketProcessorBase.run(SocketProcessorBase.java:52)
	at org.apache.tomcat.util.threads.ThreadPoolExecutor.runWorker(ThreadPoolExecutor.java:1191)
	at org.apache.tomcat.util.threads.ThreadPoolExecutor$Worker.run(ThreadPoolExecutor.java:659)
	at org.apache.tomcat.util.threads.TaskThread$WrappingRunnable.run(TaskThread.java:61)
	at java.lang.Thread.run(Thread.java:750)
Caused by: java.lang.NumberFormatException: For input string: "undefined"
	at java.lang.NumberFormatException.forInputString(NumberFormatException.java:65)
	at java.lang.Long.parseLong(Long.java:589)
	at java.lang.Long.valueOf(Long.java:803)
	at org.springframework.util.NumberUtils.parseNumber(NumberUtils.java:214)
	at org.springframework.beans.propertyeditors.CustomNumberEditor.setAsText(CustomNumberEditor.java:115)
	at org.springframework.beans.TypeConverterDelegate.doConvertTextValue(TypeConverterDelegate.java:429)
	at org.springframework.beans.TypeConverterDelegate.doConvertValue(TypeConverterDelegate.java:402)
	at org.springframework.beans.TypeConverterDelegate.convertIfNecessary(TypeConverterDelegate.java:155)
	at org.springframework.beans.TypeConverterSupport.convertIfNecessary(TypeConverterSupport.java:73)
	at org.springframework.beans.TypeConverterSupport.convertIfNecessary(TypeConverterSupport.java:53)
	at org.springframework.validation.DataBinder.convertIfNecessary(DataBinder.java:729)
	at org.springframework.web.method.annotation.AbstractNamedValueMethodArgumentResolver.resolveArgument(AbstractNamedValueMethodArgumentResolver.java:125)
	... 47 common frames omitted
25-01-23.21:48:15.301 [http-nio-8090-exec-2] ERROR GlobalExceptionHandler - 系统异常
org.springframework.web.method.annotation.MethodArgumentTypeMismatchException: Failed to convert value of type 'java.lang.String' to required type 'java.lang.Long'; nested exception is java.lang.NumberFormatException: For input string: "undefined"
	at org.springframework.web.method.annotation.AbstractNamedValueMethodArgumentResolver.resolveArgument(AbstractNamedValueMethodArgumentResolver.java:133)
	at org.springframework.web.method.support.HandlerMethodArgumentResolverComposite.resolveArgument(HandlerMethodArgumentResolverComposite.java:122)
	at org.springframework.web.method.support.InvocableHandlerMethod.getMethodArgumentValues(InvocableHandlerMethod.java:179)
	at org.springframework.web.method.support.InvocableHandlerMethod.invokeForRequest(InvocableHandlerMethod.java:146)
	at org.springframework.web.servlet.mvc.method.annotation.ServletInvocableHandlerMethod.invokeAndHandle(ServletInvocableHandlerMethod.java:117)
	at org.springframework.web.servlet.mvc.method.annotation.RequestMappingHandlerAdapter.invokeHandlerMethod(RequestMappingHandlerAdapter.java:895)
	at org.springframework.web.servlet.mvc.method.annotation.RequestMappingHandlerAdapter.handleInternal(RequestMappingHandlerAdapter.java:808)
	at org.springframework.web.servlet.mvc.method.AbstractHandlerMethodAdapter.handle(AbstractHandlerMethodAdapter.java:87)
	at org.springframework.web.servlet.DispatcherServlet.doDispatch(DispatcherServlet.java:1072)
	at org.springframework.web.servlet.DispatcherServlet.doService(DispatcherServlet.java:965)
	at org.springframework.web.servlet.FrameworkServlet.processRequest(FrameworkServlet.java:1006)
	at org.springframework.web.servlet.FrameworkServlet.doGet(FrameworkServlet.java:898)
	at javax.servlet.http.HttpServlet.service(HttpServlet.java:529)
	at org.springframework.web.servlet.FrameworkServlet.service(FrameworkServlet.java:883)
	at javax.servlet.http.HttpServlet.service(HttpServlet.java:623)
	at org.apache.catalina.core.ApplicationFilterChain.internalDoFilter(ApplicationFilterChain.java:209)
	at org.apache.catalina.core.ApplicationFilterChain.doFilter(ApplicationFilterChain.java:153)
	at org.apache.tomcat.websocket.server.WsFilter.doFilter(WsFilter.java:51)
	at org.apache.catalina.core.ApplicationFilterChain.internalDoFilter(ApplicationFilterChain.java:178)
	at org.apache.catalina.core.ApplicationFilterChain.doFilter(ApplicationFilterChain.java:153)
	at org.springframework.web.filter.RequestContextFilter.doFilterInternal(RequestContextFilter.java:100)
	at org.springframework.web.filter.OncePerRequestFilter.doFilter(OncePerRequestFilter.java:117)
	at org.apache.catalina.core.ApplicationFilterChain.internalDoFilter(ApplicationFilterChain.java:178)
	at org.apache.catalina.core.ApplicationFilterChain.doFilter(ApplicationFilterChain.java:153)
	at org.springframework.web.filter.FormContentFilter.doFilterInternal(FormContentFilter.java:93)
	at org.springframework.web.filter.OncePerRequestFilter.doFilter(OncePerRequestFilter.java:117)
	at org.apache.catalina.core.ApplicationFilterChain.internalDoFilter(ApplicationFilterChain.java:178)
	at org.apache.catalina.core.ApplicationFilterChain.doFilter(ApplicationFilterChain.java:153)
	at org.springframework.web.filter.CharacterEncodingFilter.doFilterInternal(CharacterEncodingFilter.java:201)
	at org.springframework.web.filter.OncePerRequestFilter.doFilter(OncePerRequestFilter.java:117)
	at org.apache.catalina.core.ApplicationFilterChain.internalDoFilter(ApplicationFilterChain.java:178)
	at org.apache.catalina.core.ApplicationFilterChain.doFilter(ApplicationFilterChain.java:153)
	at org.apache.catalina.core.StandardWrapperValve.invoke(StandardWrapperValve.java:167)
	at org.apache.catalina.core.StandardContextValve.invoke(StandardContextValve.java:90)
	at org.apache.catalina.authenticator.AuthenticatorBase.invoke(AuthenticatorBase.java:481)
	at org.apache.catalina.core.StandardHostValve.invoke(StandardHostValve.java:130)
	at org.apache.catalina.valves.ErrorReportValve.invoke(ErrorReportValve.java:93)
	at org.apache.catalina.core.StandardEngineValve.invoke(StandardEngineValve.java:74)
	at org.apache.catalina.connector.CoyoteAdapter.service(CoyoteAdapter.java:343)
	at org.apache.coyote.http11.Http11Processor.service(Http11Processor.java:390)
	at org.apache.coyote.AbstractProcessorLight.process(AbstractProcessorLight.java:63)
	at org.apache.coyote.AbstractProtocol$ConnectionHandler.process(AbstractProtocol.java:926)
	at org.apache.tomcat.util.net.NioEndpoint$SocketProcessor.doRun(NioEndpoint.java:1791)
	at org.apache.tomcat.util.net.SocketProcessorBase.run(SocketProcessorBase.java:52)
	at org.apache.tomcat.util.threads.ThreadPoolExecutor.runWorker(ThreadPoolExecutor.java:1191)
	at org.apache.tomcat.util.threads.ThreadPoolExecutor$Worker.run(ThreadPoolExecutor.java:659)
	at org.apache.tomcat.util.threads.TaskThread$WrappingRunnable.run(TaskThread.java:61)
	at java.lang.Thread.run(Thread.java:750)
Caused by: java.lang.NumberFormatException: For input string: "undefined"
	at java.lang.NumberFormatException.forInputString(NumberFormatException.java:65)
	at java.lang.Long.parseLong(Long.java:589)
	at java.lang.Long.valueOf(Long.java:803)
	at org.springframework.util.NumberUtils.parseNumber(NumberUtils.java:214)
	at org.springframework.beans.propertyeditors.CustomNumberEditor.setAsText(CustomNumberEditor.java:115)
	at org.springframework.beans.TypeConverterDelegate.doConvertTextValue(TypeConverterDelegate.java:429)
	at org.springframework.beans.TypeConverterDelegate.doConvertValue(TypeConverterDelegate.java:402)
	at org.springframework.beans.TypeConverterDelegate.convertIfNecessary(TypeConverterDelegate.java:155)
	at org.springframework.beans.TypeConverterSupport.convertIfNecessary(TypeConverterSupport.java:73)
	at org.springframework.beans.TypeConverterSupport.convertIfNecessary(TypeConverterSupport.java:53)
	at org.springframework.validation.DataBinder.convertIfNecessary(DataBinder.java:729)
	at org.springframework.web.method.annotation.AbstractNamedValueMethodArgumentResolver.resolveArgument(AbstractNamedValueMethodArgumentResolver.java:125)
	... 47 common frames omitted
25-01-23.21:48:48.405 [http-nio-8090-exec-3] INFO  PsychologistController - 收到获取心理医生列表请求，雇佣状态：null
25-01-23.21:48:48.405 [http-nio-8090-exec-3] INFO  PsychologistService    - 获取心理医生列表，参数：employmentStatus=null
25-01-23.21:48:52.407 [http-nio-8090-exec-4] ERROR GlobalExceptionHandler - 系统异常
org.springframework.web.method.annotation.MethodArgumentTypeMismatchException: Failed to convert value of type 'java.lang.String' to required type 'java.lang.Long'; nested exception is java.lang.NumberFormatException: For input string: "undefined"
	at org.springframework.web.method.annotation.AbstractNamedValueMethodArgumentResolver.resolveArgument(AbstractNamedValueMethodArgumentResolver.java:133)
	at org.springframework.web.method.support.HandlerMethodArgumentResolverComposite.resolveArgument(HandlerMethodArgumentResolverComposite.java:122)
	at org.springframework.web.method.support.InvocableHandlerMethod.getMethodArgumentValues(InvocableHandlerMethod.java:179)
	at org.springframework.web.method.support.InvocableHandlerMethod.invokeForRequest(InvocableHandlerMethod.java:146)
	at org.springframework.web.servlet.mvc.method.annotation.ServletInvocableHandlerMethod.invokeAndHandle(ServletInvocableHandlerMethod.java:117)
	at org.springframework.web.servlet.mvc.method.annotation.RequestMappingHandlerAdapter.invokeHandlerMethod(RequestMappingHandlerAdapter.java:895)
	at org.springframework.web.servlet.mvc.method.annotation.RequestMappingHandlerAdapter.handleInternal(RequestMappingHandlerAdapter.java:808)
	at org.springframework.web.servlet.mvc.method.AbstractHandlerMethodAdapter.handle(AbstractHandlerMethodAdapter.java:87)
	at org.springframework.web.servlet.DispatcherServlet.doDispatch(DispatcherServlet.java:1072)
	at org.springframework.web.servlet.DispatcherServlet.doService(DispatcherServlet.java:965)
	at org.springframework.web.servlet.FrameworkServlet.processRequest(FrameworkServlet.java:1006)
	at org.springframework.web.servlet.FrameworkServlet.doGet(FrameworkServlet.java:898)
	at javax.servlet.http.HttpServlet.service(HttpServlet.java:529)
	at org.springframework.web.servlet.FrameworkServlet.service(FrameworkServlet.java:883)
	at javax.servlet.http.HttpServlet.service(HttpServlet.java:623)
	at org.apache.catalina.core.ApplicationFilterChain.internalDoFilter(ApplicationFilterChain.java:209)
	at org.apache.catalina.core.ApplicationFilterChain.doFilter(ApplicationFilterChain.java:153)
	at org.apache.tomcat.websocket.server.WsFilter.doFilter(WsFilter.java:51)
	at org.apache.catalina.core.ApplicationFilterChain.internalDoFilter(ApplicationFilterChain.java:178)
	at org.apache.catalina.core.ApplicationFilterChain.doFilter(ApplicationFilterChain.java:153)
	at org.springframework.web.filter.RequestContextFilter.doFilterInternal(RequestContextFilter.java:100)
	at org.springframework.web.filter.OncePerRequestFilter.doFilter(OncePerRequestFilter.java:117)
	at org.apache.catalina.core.ApplicationFilterChain.internalDoFilter(ApplicationFilterChain.java:178)
	at org.apache.catalina.core.ApplicationFilterChain.doFilter(ApplicationFilterChain.java:153)
	at org.springframework.web.filter.FormContentFilter.doFilterInternal(FormContentFilter.java:93)
	at org.springframework.web.filter.OncePerRequestFilter.doFilter(OncePerRequestFilter.java:117)
	at org.apache.catalina.core.ApplicationFilterChain.internalDoFilter(ApplicationFilterChain.java:178)
	at org.apache.catalina.core.ApplicationFilterChain.doFilter(ApplicationFilterChain.java:153)
	at org.springframework.web.filter.CharacterEncodingFilter.doFilterInternal(CharacterEncodingFilter.java:201)
	at org.springframework.web.filter.OncePerRequestFilter.doFilter(OncePerRequestFilter.java:117)
	at org.apache.catalina.core.ApplicationFilterChain.internalDoFilter(ApplicationFilterChain.java:178)
	at org.apache.catalina.core.ApplicationFilterChain.doFilter(ApplicationFilterChain.java:153)
	at org.apache.catalina.core.StandardWrapperValve.invoke(StandardWrapperValve.java:167)
	at org.apache.catalina.core.StandardContextValve.invoke(StandardContextValve.java:90)
	at org.apache.catalina.authenticator.AuthenticatorBase.invoke(AuthenticatorBase.java:481)
	at org.apache.catalina.core.StandardHostValve.invoke(StandardHostValve.java:130)
	at org.apache.catalina.valves.ErrorReportValve.invoke(ErrorReportValve.java:93)
	at org.apache.catalina.core.StandardEngineValve.invoke(StandardEngineValve.java:74)
	at org.apache.catalina.connector.CoyoteAdapter.service(CoyoteAdapter.java:343)
	at org.apache.coyote.http11.Http11Processor.service(Http11Processor.java:390)
	at org.apache.coyote.AbstractProcessorLight.process(AbstractProcessorLight.java:63)
	at org.apache.coyote.AbstractProtocol$ConnectionHandler.process(AbstractProtocol.java:926)
	at org.apache.tomcat.util.net.NioEndpoint$SocketProcessor.doRun(NioEndpoint.java:1791)
	at org.apache.tomcat.util.net.SocketProcessorBase.run(SocketProcessorBase.java:52)
	at org.apache.tomcat.util.threads.ThreadPoolExecutor.runWorker(ThreadPoolExecutor.java:1191)
	at org.apache.tomcat.util.threads.ThreadPoolExecutor$Worker.run(ThreadPoolExecutor.java:659)
	at org.apache.tomcat.util.threads.TaskThread$WrappingRunnable.run(TaskThread.java:61)
	at java.lang.Thread.run(Thread.java:750)
Caused by: java.lang.NumberFormatException: For input string: "undefined"
	at java.lang.NumberFormatException.forInputString(NumberFormatException.java:65)
	at java.lang.Long.parseLong(Long.java:589)
	at java.lang.Long.valueOf(Long.java:803)
	at org.springframework.util.NumberUtils.parseNumber(NumberUtils.java:214)
	at org.springframework.beans.propertyeditors.CustomNumberEditor.setAsText(CustomNumberEditor.java:115)
	at org.springframework.beans.TypeConverterDelegate.doConvertTextValue(TypeConverterDelegate.java:429)
	at org.springframework.beans.TypeConverterDelegate.doConvertValue(TypeConverterDelegate.java:402)
	at org.springframework.beans.TypeConverterDelegate.convertIfNecessary(TypeConverterDelegate.java:155)
	at org.springframework.beans.TypeConverterSupport.convertIfNecessary(TypeConverterSupport.java:73)
	at org.springframework.beans.TypeConverterSupport.convertIfNecessary(TypeConverterSupport.java:53)
	at org.springframework.validation.DataBinder.convertIfNecessary(DataBinder.java:729)
	at org.springframework.web.method.annotation.AbstractNamedValueMethodArgumentResolver.resolveArgument(AbstractNamedValueMethodArgumentResolver.java:125)
	... 47 common frames omitted
25-01-23.21:49:07.819 [http-nio-8090-exec-5] INFO  PsychologistController - 收到获取心理医生列表请求，雇佣状态：null
25-01-23.21:49:07.820 [http-nio-8090-exec-5] INFO  PsychologistService    - 获取心理医生列表，参数：employmentStatus=null
25-01-23.21:49:22.561 [http-nio-8090-exec-6] INFO  PsychologistController - 收到获取心理医生详情请求，心理医生ID：1
25-01-23.21:49:22.561 [http-nio-8090-exec-6] INFO  PsychologistService    - 获取心理医生详情，心理医生ID：1
25-01-23.21:49:24.012 [http-nio-8090-exec-10] INFO  PsychologistController - 收到获取心理医生详情请求，心理医生ID：1
25-01-23.21:49:24.012 [http-nio-8090-exec-10] INFO  PsychologistService    - 获取心理医生详情，心理医生ID：1
25-01-23.21:50:25.397 [http-nio-8090-exec-8] INFO  PsychologistController - 收到获取心理医生列表请求，雇佣状态：null
25-01-23.21:50:25.397 [http-nio-8090-exec-8] INFO  PsychologistService    - 获取心理医生列表，参数：employmentStatus=null
25-01-23.21:50:28.244 [http-nio-8090-exec-9] INFO  PsychologistController - 收到获取心理医生列表请求，雇佣状态：null
25-01-23.21:50:28.244 [http-nio-8090-exec-9] INFO  PsychologistService    - 获取心理医生列表，参数：employmentStatus=null
25-01-23.21:50:43.162 [http-nio-8090-exec-7] INFO  PsychologistController - 收到获取心理医生列表请求，雇佣状态：null
25-01-23.21:50:43.162 [http-nio-8090-exec-7] INFO  PsychologistService    - 获取心理医生列表，参数：employmentStatus=null
25-01-23.21:51:08.034 [http-nio-8090-exec-1] INFO  PsychologistController - 收到获取心理医生列表请求，雇佣状态：null
25-01-23.21:51:08.034 [http-nio-8090-exec-1] INFO  PsychologistService    - 获取心理医生列表，参数：employmentStatus=null
25-01-23.21:51:13.892 [http-nio-8090-exec-2] INFO  PsychologistController - 收到获取心理医生列表请求，雇佣状态：null
25-01-23.21:51:13.892 [http-nio-8090-exec-2] INFO  PsychologistService    - 获取心理医生列表，参数：employmentStatus=null
25-01-23.21:51:19.640 [http-nio-8090-exec-3] INFO  PsychologistController - 收到获取心理医生列表请求，雇佣状态：null
25-01-23.21:51:19.640 [http-nio-8090-exec-3] INFO  PsychologistService    - 获取心理医生列表，参数：employmentStatus=null
25-01-23.21:51:23.627 [http-nio-8090-exec-4] INFO  PsychologistController - 收到获取心理医生列表请求，雇佣状态：null
25-01-23.21:51:23.627 [http-nio-8090-exec-4] INFO  PsychologistService    - 获取心理医生列表，参数：employmentStatus=null
25-01-23.21:51:26.718 [http-nio-8090-exec-5] INFO  PsychologistController - 收到获取心理医生列表请求，雇佣状态：null
25-01-23.21:51:26.718 [http-nio-8090-exec-5] INFO  PsychologistService    - 获取心理医生列表，参数：employmentStatus=null
25-01-23.21:51:31.631 [http-nio-8090-exec-6] INFO  PsychologistController - 收到获取心理医生列表请求，雇佣状态：null
25-01-23.21:51:31.631 [http-nio-8090-exec-6] INFO  PsychologistService    - 获取心理医生列表，参数：employmentStatus=null
25-01-23.21:51:43.962 [http-nio-8090-exec-10] INFO  PsychologistController - 收到获取心理医生详情请求，心理医生ID：1
25-01-23.21:51:43.962 [http-nio-8090-exec-10] INFO  PsychologistService    - 获取心理医生详情，心理医生ID：1
25-01-23.21:51:50.845 [http-nio-8090-exec-8] INFO  PsychologistController - 收到获取心理医生详情请求，心理医生ID：1
25-01-23.21:51:50.845 [http-nio-8090-exec-8] INFO  PsychologistService    - 获取心理医生详情，心理医生ID：1
25-01-23.21:52:41.960 [http-nio-8090-exec-9] INFO  PsychologistController - 收到获取心理医生列表请求，雇佣状态：null
25-01-23.21:52:41.960 [http-nio-8090-exec-9] INFO  PsychologistService    - 获取心理医生列表，参数：employmentStatus=null
25-01-23.21:52:50.743 [http-nio-8090-exec-7] INFO  PsychologistController - 收到获取心理医生详情请求，心理医生ID：1
25-01-23.21:52:50.743 [http-nio-8090-exec-7] INFO  PsychologistService    - 获取心理医生详情，心理医生ID：1
25-01-23.21:54:13.192 [http-nio-8090-exec-1] INFO  PsychologistController - 收到获取心理医生列表请求，雇佣状态：null
25-01-23.21:54:13.192 [http-nio-8090-exec-1] INFO  PsychologistService    - 获取心理医生列表，参数：employmentStatus=null
25-01-23.21:55:27.769 [http-nio-8090-exec-2] INFO  PsychologistController - 收到获取心理医生列表请求，雇佣状态：active
25-01-23.21:55:27.769 [http-nio-8090-exec-2] INFO  PsychologistService    - 获取心理医生列表，参数：employmentStatus=active
25-01-23.21:55:29.073 [http-nio-8090-exec-3] INFO  PsychologistController - 收到获取心理医生列表请求，雇佣状态：resigned
25-01-23.21:55:29.073 [http-nio-8090-exec-3] INFO  PsychologistService    - 获取心理医生列表，参数：employmentStatus=resigned
25-01-23.21:55:31.066 [http-nio-8090-exec-4] INFO  PsychologistController - 收到获取心理医生列表请求，雇佣状态：leave
25-01-23.21:55:31.066 [http-nio-8090-exec-4] INFO  PsychologistService    - 获取心理医生列表，参数：employmentStatus=leave
25-01-23.21:55:33.816 [http-nio-8090-exec-5] INFO  PsychologistController - 收到获取心理医生列表请求，雇佣状态：active
25-01-23.21:55:33.817 [http-nio-8090-exec-5] INFO  PsychologistService    - 获取心理医生列表，参数：employmentStatus=active
25-01-23.21:55:44.663 [http-nio-8090-exec-6] INFO  PsychologistController - 收到获取心理医生列表请求，雇佣状态：null
25-01-23.21:55:44.663 [http-nio-8090-exec-6] INFO  PsychologistService    - 获取心理医生列表，参数：employmentStatus=null
25-01-23.21:55:46.596 [http-nio-8090-exec-10] INFO  PsychologistController - 收到获取心理医生列表请求，雇佣状态：null
25-01-23.21:55:46.596 [http-nio-8090-exec-10] INFO  PsychologistService    - 获取心理医生列表，参数：employmentStatus=null
25-01-23.21:55:47.861 [http-nio-8090-exec-8] INFO  UserController         - 收到获取用户列表请求，角色：null
25-01-23.21:55:47.862 [http-nio-8090-exec-8] INFO  UserService            - 获取用户列表，角色：null
25-01-23.21:58:31.342 [http-nio-8090-exec-9] INFO  UserController         - 收到用户登录请求，用户名：admin
25-01-23.21:58:31.342 [http-nio-8090-exec-9] INFO  UserService            - 用户登录，用户名：admin
25-01-23.21:58:31.344 [http-nio-8090-exec-9] INFO  UserService            - 用户登录成功，用户ID：1
25-01-23.21:58:31.661 [http-nio-8090-exec-7] INFO  UserController         - 收到获取用户信息请求，用户ID：1
25-01-23.21:58:31.661 [http-nio-8090-exec-7] INFO  UserService            - 获取用户信息，用户ID：1
25-01-23.21:58:33.287 [http-nio-8090-exec-1] INFO  UserController         - 收到获取用户列表请求，角色：null
25-01-23.21:58:33.288 [http-nio-8090-exec-1] INFO  UserService            - 获取用户列表，角色：null
25-01-23.21:58:34.030 [http-nio-8090-exec-2] INFO  PsychologistController - 收到获取心理医生列表请求，雇佣状态：null
25-01-23.21:58:34.030 [http-nio-8090-exec-2] INFO  PsychologistService    - 获取心理医生列表，参数：employmentStatus=null
25-01-23.21:58:37.673 [http-nio-8090-exec-3] INFO  PsychologistController - 收到获取心理医生列表请求，雇佣状态：null
25-01-23.21:58:37.673 [http-nio-8090-exec-3] INFO  PsychologistService    - 获取心理医生列表，参数：employmentStatus=null
25-01-23.21:59:12.450 [http-nio-8090-exec-4] INFO  UserController         - 收到获取用户列表请求，角色：null
25-01-23.21:59:12.451 [http-nio-8090-exec-4] INFO  UserService            - 获取用户列表，角色：null
25-01-23.21:59:14.685 [http-nio-8090-exec-5] INFO  PsychologistController - 收到获取心理医生列表请求，雇佣状态：null
25-01-23.21:59:14.685 [http-nio-8090-exec-5] INFO  PsychologistService    - 获取心理医生列表，参数：employmentStatus=null
25-01-23.21:59:19.766 [http-nio-8090-exec-6] INFO  PsychologistController - 收到获取心理医生列表请求，雇佣状态：null
25-01-23.21:59:19.766 [http-nio-8090-exec-6] INFO  PsychologistService    - 获取心理医生列表，参数：employmentStatus=null
25-01-23.21:59:20.811 [http-nio-8090-exec-10] INFO  UserController         - 收到获取用户列表请求，角色：null
25-01-23.21:59:20.812 [http-nio-8090-exec-10] INFO  UserService            - 获取用户列表，角色：null
25-01-23.22:00:03.807 [http-nio-8090-exec-8] INFO  PsychologistController - 收到获取心理医生列表请求，雇佣状态：null
25-01-23.22:00:03.807 [http-nio-8090-exec-8] INFO  PsychologistService    - 获取心理医生列表，参数：employmentStatus=null
25-01-23.22:00:53.384 [http-nio-8090-exec-9] INFO  PsychologistController - 收到获取心理医生列表请求，雇佣状态：null
25-01-23.22:00:53.384 [http-nio-8090-exec-9] INFO  PsychologistService    - 获取心理医生列表，参数：employmentStatus=null
25-01-23.22:01:02.603 [http-nio-8090-exec-7] INFO  UserController         - 收到获取用户列表请求，角色：null
25-01-23.22:01:02.604 [http-nio-8090-exec-7] INFO  UserService            - 获取用户列表，角色：null
25-01-23.22:01:03.299 [http-nio-8090-exec-1] INFO  PsychologistController - 收到获取心理医生列表请求，雇佣状态：null
25-01-23.22:01:03.299 [http-nio-8090-exec-1] INFO  PsychologistService    - 获取心理医生列表，参数：employmentStatus=null
25-01-23.22:01:12.138 [http-nio-8090-exec-2] INFO  PsychologistController - 收到获取心理医生列表请求，雇佣状态：null
25-01-23.22:01:12.138 [http-nio-8090-exec-2] INFO  PsychologistService    - 获取心理医生列表，参数：employmentStatus=null
25-01-23.22:01:19.306 [SpringApplicationShutdownHook] INFO  HikariDataSource       - HikariPool-1 - Shutdown initiated...
25-01-23.22:01:19.312 [SpringApplicationShutdownHook] INFO  HikariDataSource       - HikariPool-1 - Shutdown completed.
