25-01-22.19:49:11.901 [main            ] INFO  App                    - Starting App using Java 1.8.0_321 on LAPTOP-MV2KUHP1 with PID 18264 (F:\code\work\mental-health\management\target\classes started by Lenovo in F:\code\work\mental-health\management)
25-01-22.19:49:11.903 [main            ] DEBUG App                    - Running with Spring Boot v2.7.12, Spring v5.3.27
25-01-22.19:49:11.904 [main            ] INFO  App                    - The following 1 profile is active: "dev"
25-01-22.19:49:12.461 [main            ] INFO  RepositoryConfigurationDelegate - Bootstrapping Spring Data MongoDB repositories in DEFAULT mode.
25-01-22.19:49:12.476 [main            ] INFO  RepositoryConfigurationDelegate - Finished Spring Data repository scanning in 10 ms. Found 0 MongoDB repository interfaces.
25-01-22.19:49:12.906 [main            ] INFO  TomcatWebServer        - Tomcat initialized with port(s): 8090 (http)
25-01-22.19:49:12.907 [main            ] INFO  AprLifecycleListener   - Loaded Apache Tomcat Native library [1.2.35] using APR version [1.7.0].
25-01-22.19:49:12.907 [main            ] INFO  AprLifecycleListener   - APR capabilities: IPv6 [true], sendfile [true], accept filters [false], random [true], UDS [true].
25-01-22.19:49:12.907 [main            ] INFO  AprLifecycleListener   - APR/OpenSSL configuration: useAprConnector [false], useOpenSSL [true]
25-01-22.19:49:12.919 [main            ] INFO  AprLifecycleListener   - OpenSSL successfully initialized [OpenSSL 1.1.1q  5 Jul 2022]
25-01-22.19:49:12.927 [main            ] INFO  Http11NioProtocol      - Initializing ProtocolHandler ["http-nio-8090"]
25-01-22.19:49:12.927 [main            ] INFO  StandardService        - Starting service [Tomcat]
25-01-22.19:49:12.927 [main            ] INFO  StandardEngine         - Starting Servlet engine: [Apache Tomcat/9.0.75]
25-01-22.19:49:13.073 [main            ] INFO  [/]                    - Initializing Spring embedded WebApplicationContext
25-01-22.19:49:13.073 [main            ] INFO  ServletWebServerApplicationContext - Root WebApplicationContext: initialization completed in 1119 ms
25-01-22.19:49:13.516 [main            ] INFO  client                 - MongoClient with metadata {"driver": {"name": "mongo-java-driver|sync|spring-boot", "version": "4.6.1"}, "os": {"type": "Windows", "name": "Windows 10", "architecture": "amd64", "version": "10.0"}, "platform": "Java/Oracle Corporation/1.8.0_321-b07"} created with settings MongoClientSettings{readPreference=primary, writeConcern=WriteConcern{w=null, wTimeout=null ms, journal=null}, retryWrites=true, retryReads=true, readConcern=ReadConcern{level=null}, credential=null, streamFactoryFactory=null, commandListeners=[], codecRegistry=ProvidersCodecRegistry{codecProviders=[ValueCodecProvider{}, BsonValueCodecProvider{}, DBRefCodecProvider{}, DBObjectCodecProvider{}, DocumentCodecProvider{}, IterableCodecProvider{}, MapCodecProvider{}, GeoJsonCodecProvider{}, GridFSFileCodecProvider{}, Jsr310CodecProvider{}, JsonObjectCodecProvider{}, BsonCodecProvider{}, EnumCodecProvider{}, com.mongodb.Jep395RecordCodecProvider@7135ce0a]}, clusterSettings={hosts=[localhost:27017], srvServiceName=mongodb, mode=SINGLE, requiredClusterType=UNKNOWN, requiredReplicaSetName='null', serverSelector='null', clusterListeners='[]', serverSelectionTimeout='30000 ms', localThreshold='30000 ms'}, socketSettings=SocketSettings{connectTimeoutMS=10000, readTimeoutMS=0, receiveBufferSize=0, sendBufferSize=0}, heartbeatSocketSettings=SocketSettings{connectTimeoutMS=10000, readTimeoutMS=10000, receiveBufferSize=0, sendBufferSize=0}, connectionPoolSettings=ConnectionPoolSettings{maxSize=100, minSize=0, maxWaitTimeMS=120000, maxConnectionLifeTimeMS=0, maxConnectionIdleTimeMS=0, maintenanceInitialDelayMS=0, maintenanceFrequencyMS=60000, connectionPoolListeners=[], maxConnecting=2}, serverSettings=ServerSettings{heartbeatFrequencyMS=10000, minHeartbeatFrequencyMS=500, serverListeners='[]', serverMonitorListeners='[]'}, sslSettings=SslSettings{enabled=false, invalidHostNameAllowed=false, context=null}, applicationName='null', compressorList=[], uuidRepresentation=JAVA_LEGACY, serverApi=null, autoEncryptionSettings=null, contextProvider=null}
25-01-22.19:49:14.104 [main            ] INFO  Http11NioProtocol      - Starting ProtocolHandler ["http-nio-8090"]
25-01-22.19:49:14.120 [main            ] INFO  TomcatWebServer        - Tomcat started on port(s): 8090 (http) with context path ''
25-01-22.19:49:14.128 [main            ] INFO  App                    - Started App in 2.691 seconds (JVM running for 4.358)
25-01-22.19:49:15.569 [cluster-ClusterId{value='6790db39ca0d474cb7c20ac2', description='null'}-localhost:27017] INFO  cluster                - Exception in monitor thread while connecting to server localhost:27017
com.mongodb.MongoSocketOpenException: Exception opening socket
	at com.mongodb.internal.connection.SocketStream.open(SocketStream.java:70)
	at com.mongodb.internal.connection.InternalStreamConnection.open(InternalStreamConnection.java:180)
	at com.mongodb.internal.connection.DefaultServerMonitor$ServerMonitorRunnable.lookupServerDescription(DefaultServerMonitor.java:193)
	at com.mongodb.internal.connection.DefaultServerMonitor$ServerMonitorRunnable.run(DefaultServerMonitor.java:157)
	at java.lang.Thread.run(Thread.java:750)
Caused by: java.net.ConnectException: Connection refused: connect
	at java.net.DualStackPlainSocketImpl.waitForConnect(Native Method)
	at java.net.DualStackPlainSocketImpl.socketConnect(DualStackPlainSocketImpl.java:81)
	at java.net.AbstractPlainSocketImpl.doConnect(AbstractPlainSocketImpl.java:476)
	at java.net.AbstractPlainSocketImpl.connectToAddress(AbstractPlainSocketImpl.java:218)
	at java.net.AbstractPlainSocketImpl.connect(AbstractPlainSocketImpl.java:200)
	at java.net.PlainSocketImpl.connect(PlainSocketImpl.java:162)
	at java.net.SocksSocketImpl.connect(SocksSocketImpl.java:394)
	at java.net.Socket.connect(Socket.java:606)
	at com.mongodb.internal.connection.SocketStreamHelper.initialize(SocketStreamHelper.java:107)
	at com.mongodb.internal.connection.SocketStream.initializeSocket(SocketStream.java:79)
	at com.mongodb.internal.connection.SocketStream.open(SocketStream.java:65)
	... 4 common frames omitted
25-01-22.19:51:47.370 [cluster-ClusterId{value='6790db39ca0d474cb7c20ac2', description='null'}-localhost:27017] INFO  connection             - Opened connection [connectionId{localValue:28, serverValue:2}] to localhost:27017
25-01-22.19:51:47.370 [cluster-rtt-ClusterId{value='6790db39ca0d474cb7c20ac2', description='null'}-localhost:27017] INFO  connection             - Opened connection [connectionId{localValue:27, serverValue:1}] to localhost:27017
25-01-22.19:51:47.370 [cluster-ClusterId{value='6790db39ca0d474cb7c20ac2', description='null'}-localhost:27017] INFO  cluster                - Monitor thread successfully connected to server with description ServerDescription{address=localhost:27017, type=STANDALONE, state=CONNECTED, ok=true, minWireVersion=0, maxWireVersion=21, maxDocumentSize=16777216, logicalSessionTimeoutMinutes=30, roundTripTimeNanos=16469300}
25-01-22.19:52:36.969 [main            ] INFO  App                    - Starting App using Java 1.8.0_321 on LAPTOP-MV2KUHP1 with PID 21808 (F:\code\work\mental-health\management\target\classes started by Lenovo in F:\code\work\mental-health\management)
25-01-22.19:52:36.971 [main            ] DEBUG App                    - Running with Spring Boot v2.7.12, Spring v5.3.27
25-01-22.19:52:36.971 [main            ] INFO  App                    - The following 1 profile is active: "dev"
25-01-22.19:52:37.457 [main            ] INFO  RepositoryConfigurationDelegate - Bootstrapping Spring Data MongoDB repositories in DEFAULT mode.
25-01-22.19:52:37.471 [main            ] INFO  RepositoryConfigurationDelegate - Finished Spring Data repository scanning in 9 ms. Found 0 MongoDB repository interfaces.
25-01-22.19:52:37.846 [main            ] INFO  TomcatWebServer        - Tomcat initialized with port(s): 8090 (http)
25-01-22.19:52:37.847 [main            ] INFO  AprLifecycleListener   - Loaded Apache Tomcat Native library [1.2.35] using APR version [1.7.0].
25-01-22.19:52:37.847 [main            ] INFO  AprLifecycleListener   - APR capabilities: IPv6 [true], sendfile [true], accept filters [false], random [true], UDS [true].
25-01-22.19:52:37.847 [main            ] INFO  AprLifecycleListener   - APR/OpenSSL configuration: useAprConnector [false], useOpenSSL [true]
25-01-22.19:52:37.849 [main            ] INFO  AprLifecycleListener   - OpenSSL successfully initialized [OpenSSL 1.1.1q  5 Jul 2022]
25-01-22.19:52:37.855 [main            ] INFO  Http11NioProtocol      - Initializing ProtocolHandler ["http-nio-8090"]
25-01-22.19:52:37.856 [main            ] INFO  StandardService        - Starting service [Tomcat]
25-01-22.19:52:37.856 [main            ] INFO  StandardEngine         - Starting Servlet engine: [Apache Tomcat/9.0.75]
25-01-22.19:52:37.999 [main            ] INFO  [/]                    - Initializing Spring embedded WebApplicationContext
25-01-22.19:52:37.999 [main            ] INFO  ServletWebServerApplicationContext - Root WebApplicationContext: initialization completed in 981 ms
25-01-22.19:52:38.418 [main            ] INFO  client                 - MongoClient with metadata {"driver": {"name": "mongo-java-driver|sync|spring-boot", "version": "4.6.1"}, "os": {"type": "Windows", "name": "Windows 10", "architecture": "amd64", "version": "10.0"}, "platform": "Java/Oracle Corporation/1.8.0_321-b07"} created with settings MongoClientSettings{readPreference=primary, writeConcern=WriteConcern{w=null, wTimeout=null ms, journal=null}, retryWrites=true, retryReads=true, readConcern=ReadConcern{level=null}, credential=null, streamFactoryFactory=null, commandListeners=[], codecRegistry=ProvidersCodecRegistry{codecProviders=[ValueCodecProvider{}, BsonValueCodecProvider{}, DBRefCodecProvider{}, DBObjectCodecProvider{}, DocumentCodecProvider{}, IterableCodecProvider{}, MapCodecProvider{}, GeoJsonCodecProvider{}, GridFSFileCodecProvider{}, Jsr310CodecProvider{}, JsonObjectCodecProvider{}, BsonCodecProvider{}, EnumCodecProvider{}, com.mongodb.Jep395RecordCodecProvider@413d2cd1]}, clusterSettings={hosts=[localhost:27017], srvServiceName=mongodb, mode=SINGLE, requiredClusterType=UNKNOWN, requiredReplicaSetName='null', serverSelector='null', clusterListeners='[]', serverSelectionTimeout='30000 ms', localThreshold='30000 ms'}, socketSettings=SocketSettings{connectTimeoutMS=10000, readTimeoutMS=0, receiveBufferSize=0, sendBufferSize=0}, heartbeatSocketSettings=SocketSettings{connectTimeoutMS=10000, readTimeoutMS=10000, receiveBufferSize=0, sendBufferSize=0}, connectionPoolSettings=ConnectionPoolSettings{maxSize=100, minSize=0, maxWaitTimeMS=120000, maxConnectionLifeTimeMS=0, maxConnectionIdleTimeMS=0, maintenanceInitialDelayMS=0, maintenanceFrequencyMS=60000, connectionPoolListeners=[], maxConnecting=2}, serverSettings=ServerSettings{heartbeatFrequencyMS=10000, minHeartbeatFrequencyMS=500, serverListeners='[]', serverMonitorListeners='[]'}, sslSettings=SslSettings{enabled=false, invalidHostNameAllowed=false, context=null}, applicationName='null', compressorList=[], uuidRepresentation=JAVA_LEGACY, serverApi=null, autoEncryptionSettings=null, contextProvider=null}
25-01-22.19:52:38.426 [cluster-rtt-ClusterId{value='6790dc06eb4948077a040c8c', description='null'}-localhost:27017] INFO  connection             - Opened connection [connectionId{localValue:1, serverValue:4}] to localhost:27017
25-01-22.19:52:38.426 [cluster-ClusterId{value='6790dc06eb4948077a040c8c', description='null'}-localhost:27017] INFO  connection             - Opened connection [connectionId{localValue:2, serverValue:3}] to localhost:27017
25-01-22.19:52:38.426 [cluster-ClusterId{value='6790dc06eb4948077a040c8c', description='null'}-localhost:27017] INFO  cluster                - Monitor thread successfully connected to server with description ServerDescription{address=localhost:27017, type=STANDALONE, state=CONNECTED, ok=true, minWireVersion=0, maxWireVersion=21, maxDocumentSize=16777216, logicalSessionTimeoutMinutes=30, roundTripTimeNanos=17815900}
25-01-22.19:52:39.618 [main            ] INFO  Http11NioProtocol      - Starting ProtocolHandler ["http-nio-8090"]
25-01-22.19:52:39.633 [main            ] INFO  TomcatWebServer        - Tomcat started on port(s): 8090 (http) with context path ''
25-01-22.19:52:39.642 [main            ] INFO  App                    - Started App in 3.058 seconds (JVM running for 4.349)
25-01-22.19:54:27.954 [http-nio-8090-exec-1] INFO  [/]                    - Initializing Spring DispatcherServlet 'dispatcherServlet'
25-01-22.19:54:27.954 [http-nio-8090-exec-1] INFO  DispatcherServlet      - Initializing Servlet 'dispatcherServlet'
25-01-22.19:54:27.954 [http-nio-8090-exec-1] INFO  DispatcherServlet      - Completed initialization in 0 ms
25-01-22.19:54:27.979 [http-nio-8090-exec-1] INFO  UserController         - 收到获取用户信息请求，用户ID：1
25-01-22.19:54:27.985 [http-nio-8090-exec-1] INFO  HikariDataSource       - HikariPool-1 - Starting...
25-01-22.19:54:28.943 [http-nio-8090-exec-1] INFO  HikariDataSource       - HikariPool-1 - Start completed.
25-01-22.19:54:28.951 [http-nio-8090-exec-1] INFO  UserService            - 获取用户信息，用户ID：1
25-01-22.19:55:06.239 [http-nio-8090-exec-4] INFO  connection             - Opened connection [connectionId{localValue:3, serverValue:5}] to localhost:27017
25-01-22.20:02:50.418 [http-nio-8090-exec-3] ERROR GlobalExceptionHandler - 业务异常：答题数量不正确
25-01-22.20:04:58.519 [http-nio-8090-exec-7] ERROR GlobalExceptionHandler - 系统异常
org.springframework.http.converter.HttpMessageNotReadableException: JSON parse error: Unexpected character (']' (code 93)): expected a value; nested exception is com.fasterxml.jackson.databind.JsonMappingException: Unexpected character (']' (code 93)): expected a value
 at [Source: (org.springframework.util.StreamUtils$NonClosingInputStream); line: 5, column: 6] (through reference chain: com.dil.evaluation.dto.SubmitAnswerRequest["answers"])
	at org.springframework.http.converter.json.AbstractJackson2HttpMessageConverter.readJavaType(AbstractJackson2HttpMessageConverter.java:391)
	at org.springframework.http.converter.json.AbstractJackson2HttpMessageConverter.read(AbstractJackson2HttpMessageConverter.java:343)
	at org.springframework.web.servlet.mvc.method.annotation.AbstractMessageConverterMethodArgumentResolver.readWithMessageConverters(AbstractMessageConverterMethodArgumentResolver.java:185)
	at org.springframework.web.servlet.mvc.method.annotation.RequestResponseBodyMethodProcessor.readWithMessageConverters(RequestResponseBodyMethodProcessor.java:160)
	at org.springframework.web.servlet.mvc.method.annotation.RequestResponseBodyMethodProcessor.resolveArgument(RequestResponseBodyMethodProcessor.java:133)
	at org.springframework.web.method.support.HandlerMethodArgumentResolverComposite.resolveArgument(HandlerMethodArgumentResolverComposite.java:122)
	at org.springframework.web.method.support.InvocableHandlerMethod.getMethodArgumentValues(InvocableHandlerMethod.java:179)
	at org.springframework.web.method.support.InvocableHandlerMethod.invokeForRequest(InvocableHandlerMethod.java:146)
	at org.springframework.web.servlet.mvc.method.annotation.ServletInvocableHandlerMethod.invokeAndHandle(ServletInvocableHandlerMethod.java:117)
	at org.springframework.web.servlet.mvc.method.annotation.RequestMappingHandlerAdapter.invokeHandlerMethod(RequestMappingHandlerAdapter.java:895)
	at org.springframework.web.servlet.mvc.method.annotation.RequestMappingHandlerAdapter.handleInternal(RequestMappingHandlerAdapter.java:808)
	at org.springframework.web.servlet.mvc.method.AbstractHandlerMethodAdapter.handle(AbstractHandlerMethodAdapter.java:87)
	at org.springframework.web.servlet.DispatcherServlet.doDispatch(DispatcherServlet.java:1072)
	at org.springframework.web.servlet.DispatcherServlet.doService(DispatcherServlet.java:965)
	at org.springframework.web.servlet.FrameworkServlet.processRequest(FrameworkServlet.java:1006)
	at org.springframework.web.servlet.FrameworkServlet.doPost(FrameworkServlet.java:909)
	at javax.servlet.http.HttpServlet.service(HttpServlet.java:555)
	at org.springframework.web.servlet.FrameworkServlet.service(FrameworkServlet.java:883)
	at javax.servlet.http.HttpServlet.service(HttpServlet.java:623)
	at org.apache.catalina.core.ApplicationFilterChain.internalDoFilter(ApplicationFilterChain.java:209)
	at org.apache.catalina.core.ApplicationFilterChain.doFilter(ApplicationFilterChain.java:153)
	at org.apache.tomcat.websocket.server.WsFilter.doFilter(WsFilter.java:51)
	at org.apache.catalina.core.ApplicationFilterChain.internalDoFilter(ApplicationFilterChain.java:178)
	at org.apache.catalina.core.ApplicationFilterChain.doFilter(ApplicationFilterChain.java:153)
	at org.springframework.web.filter.RequestContextFilter.doFilterInternal(RequestContextFilter.java:100)
	at org.springframework.web.filter.OncePerRequestFilter.doFilter(OncePerRequestFilter.java:117)
	at org.apache.catalina.core.ApplicationFilterChain.internalDoFilter(ApplicationFilterChain.java:178)
	at org.apache.catalina.core.ApplicationFilterChain.doFilter(ApplicationFilterChain.java:153)
	at org.springframework.web.filter.FormContentFilter.doFilterInternal(FormContentFilter.java:93)
	at org.springframework.web.filter.OncePerRequestFilter.doFilter(OncePerRequestFilter.java:117)
	at org.apache.catalina.core.ApplicationFilterChain.internalDoFilter(ApplicationFilterChain.java:178)
	at org.apache.catalina.core.ApplicationFilterChain.doFilter(ApplicationFilterChain.java:153)
	at org.springframework.web.filter.CharacterEncodingFilter.doFilterInternal(CharacterEncodingFilter.java:201)
	at org.springframework.web.filter.OncePerRequestFilter.doFilter(OncePerRequestFilter.java:117)
	at org.apache.catalina.core.ApplicationFilterChain.internalDoFilter(ApplicationFilterChain.java:178)
	at org.apache.catalina.core.ApplicationFilterChain.doFilter(ApplicationFilterChain.java:153)
	at org.apache.catalina.core.StandardWrapperValve.invoke(StandardWrapperValve.java:167)
	at org.apache.catalina.core.StandardContextValve.invoke(StandardContextValve.java:90)
	at org.apache.catalina.authenticator.AuthenticatorBase.invoke(AuthenticatorBase.java:481)
	at org.apache.catalina.core.StandardHostValve.invoke(StandardHostValve.java:130)
	at org.apache.catalina.valves.ErrorReportValve.invoke(ErrorReportValve.java:93)
	at org.apache.catalina.core.StandardEngineValve.invoke(StandardEngineValve.java:74)
	at org.apache.catalina.connector.CoyoteAdapter.service(CoyoteAdapter.java:343)
	at org.apache.coyote.http11.Http11Processor.service(Http11Processor.java:390)
	at org.apache.coyote.AbstractProcessorLight.process(AbstractProcessorLight.java:63)
	at org.apache.coyote.AbstractProtocol$ConnectionHandler.process(AbstractProtocol.java:926)
	at org.apache.tomcat.util.net.NioEndpoint$SocketProcessor.doRun(NioEndpoint.java:1791)
	at org.apache.tomcat.util.net.SocketProcessorBase.run(SocketProcessorBase.java:52)
	at org.apache.tomcat.util.threads.ThreadPoolExecutor.runWorker(ThreadPoolExecutor.java:1191)
	at org.apache.tomcat.util.threads.ThreadPoolExecutor$Worker.run(ThreadPoolExecutor.java:659)
	at org.apache.tomcat.util.threads.TaskThread$WrappingRunnable.run(TaskThread.java:61)
	at java.lang.Thread.run(Thread.java:750)
Caused by: com.fasterxml.jackson.databind.JsonMappingException: Unexpected character (']' (code 93)): expected a value
 at [Source: (org.springframework.util.StreamUtils$NonClosingInputStream); line: 5, column: 6] (through reference chain: com.dil.evaluation.dto.SubmitAnswerRequest["answers"])
	at com.fasterxml.jackson.databind.JsonMappingException.wrapWithPath(JsonMappingException.java:392)
	at com.fasterxml.jackson.databind.JsonMappingException.wrapWithPath(JsonMappingException.java:351)
	at com.fasterxml.jackson.databind.deser.BeanDeserializerBase.wrapAndThrow(BeanDeserializerBase.java:1821)
	at com.fasterxml.jackson.databind.deser.BeanDeserializer.deserializeFromObject(BeanDeserializer.java:394)
	at com.fasterxml.jackson.databind.deser.BeanDeserializer.deserialize(BeanDeserializer.java:185)
	at com.fasterxml.jackson.databind.deser.DefaultDeserializationContext.readRootValue(DefaultDeserializationContext.java:323)
	at com.fasterxml.jackson.databind.ObjectMapper._readMapAndClose(ObjectMapper.java:4674)
	at com.fasterxml.jackson.databind.ObjectMapper.readValue(ObjectMapper.java:3682)
	at org.springframework.http.converter.json.AbstractJackson2HttpMessageConverter.readJavaType(AbstractJackson2HttpMessageConverter.java:380)
	... 51 common frames omitted
Caused by: com.fasterxml.jackson.core.JsonParseException: Unexpected character (']' (code 93)): expected a value
 at [Source: (org.springframework.util.StreamUtils$NonClosingInputStream); line: 5, column: 6]
	at com.fasterxml.jackson.core.JsonParser._constructError(JsonParser.java:2391)
	at com.fasterxml.jackson.core.base.ParserMinimalBase._reportError(ParserMinimalBase.java:735)
	at com.fasterxml.jackson.core.base.ParserMinimalBase._reportUnexpectedChar(ParserMinimalBase.java:659)
	at com.fasterxml.jackson.core.json.UTF8StreamJsonParser._handleUnexpectedValue(UTF8StreamJsonParser.java:2704)
	at com.fasterxml.jackson.core.json.UTF8StreamJsonParser._nextTokenNotInObject(UTF8StreamJsonParser.java:902)
	at com.fasterxml.jackson.core.json.UTF8StreamJsonParser.nextToken(UTF8StreamJsonParser.java:794)
	at com.fasterxml.jackson.databind.deser.std.CollectionDeserializer._deserializeFromArray(CollectionDeserializer.java:346)
	at com.fasterxml.jackson.databind.deser.std.CollectionDeserializer.deserialize(CollectionDeserializer.java:244)
	at com.fasterxml.jackson.databind.deser.std.CollectionDeserializer.deserialize(CollectionDeserializer.java:28)
	at com.fasterxml.jackson.databind.deser.impl.MethodProperty.deserializeAndSet(MethodProperty.java:129)
	at com.fasterxml.jackson.databind.deser.BeanDeserializer.deserializeFromObject(BeanDeserializer.java:392)
	... 56 common frames omitted
25-01-22.20:05:46.601 [http-nio-8090-exec-9] ERROR GlobalExceptionHandler - 业务异常：测评不存在
25-01-22.20:13:54.643 [SpringApplicationShutdownHook] INFO  HikariDataSource       - HikariPool-1 - Shutdown initiated...
25-01-22.20:13:54.651 [SpringApplicationShutdownHook] INFO  HikariDataSource       - HikariPool-1 - Shutdown completed.
25-01-22.20:13:57.542 [main            ] INFO  App                    - Starting App using Java 1.8.0_321 on LAPTOP-MV2KUHP1 with PID 4852 (F:\code\work\mental-health\management\target\classes started by Lenovo in F:\code\work\mental-health\management)
25-01-22.20:13:57.544 [main            ] DEBUG App                    - Running with Spring Boot v2.7.12, Spring v5.3.27
25-01-22.20:13:57.544 [main            ] INFO  App                    - The following 1 profile is active: "dev"
25-01-22.20:13:58.005 [main            ] INFO  RepositoryConfigurationDelegate - Bootstrapping Spring Data MongoDB repositories in DEFAULT mode.
25-01-22.20:13:58.019 [main            ] INFO  RepositoryConfigurationDelegate - Finished Spring Data repository scanning in 9 ms. Found 0 MongoDB repository interfaces.
25-01-22.20:13:58.383 [main            ] INFO  TomcatWebServer        - Tomcat initialized with port(s): 8090 (http)
25-01-22.20:13:58.384 [main            ] INFO  AprLifecycleListener   - Loaded Apache Tomcat Native library [1.2.35] using APR version [1.7.0].
25-01-22.20:13:58.384 [main            ] INFO  AprLifecycleListener   - APR capabilities: IPv6 [true], sendfile [true], accept filters [false], random [true], UDS [true].
25-01-22.20:13:58.384 [main            ] INFO  AprLifecycleListener   - APR/OpenSSL configuration: useAprConnector [false], useOpenSSL [true]
25-01-22.20:13:58.387 [main            ] INFO  AprLifecycleListener   - OpenSSL successfully initialized [OpenSSL 1.1.1q  5 Jul 2022]
25-01-22.20:13:58.394 [main            ] INFO  Http11NioProtocol      - Initializing ProtocolHandler ["http-nio-8090"]
25-01-22.20:13:58.395 [main            ] INFO  StandardService        - Starting service [Tomcat]
25-01-22.20:13:58.395 [main            ] INFO  StandardEngine         - Starting Servlet engine: [Apache Tomcat/9.0.75]
25-01-22.20:13:58.533 [main            ] INFO  [/]                    - Initializing Spring embedded WebApplicationContext
25-01-22.20:13:58.533 [main            ] INFO  ServletWebServerApplicationContext - Root WebApplicationContext: initialization completed in 944 ms
25-01-22.20:13:58.948 [main            ] INFO  client                 - MongoClient with metadata {"driver": {"name": "mongo-java-driver|sync|spring-boot", "version": "4.6.1"}, "os": {"type": "Windows", "name": "Windows 10", "architecture": "amd64", "version": "10.0"}, "platform": "Java/Oracle Corporation/1.8.0_321-b07"} created with settings MongoClientSettings{readPreference=primary, writeConcern=WriteConcern{w=null, wTimeout=null ms, journal=null}, retryWrites=true, retryReads=true, readConcern=ReadConcern{level=null}, credential=null, streamFactoryFactory=null, commandListeners=[], codecRegistry=ProvidersCodecRegistry{codecProviders=[ValueCodecProvider{}, BsonValueCodecProvider{}, DBRefCodecProvider{}, DBObjectCodecProvider{}, DocumentCodecProvider{}, IterableCodecProvider{}, MapCodecProvider{}, GeoJsonCodecProvider{}, GridFSFileCodecProvider{}, Jsr310CodecProvider{}, JsonObjectCodecProvider{}, BsonCodecProvider{}, EnumCodecProvider{}, com.mongodb.Jep395RecordCodecProvider@2443135]}, clusterSettings={hosts=[localhost:27017], srvServiceName=mongodb, mode=SINGLE, requiredClusterType=UNKNOWN, requiredReplicaSetName='null', serverSelector='null', clusterListeners='[]', serverSelectionTimeout='30000 ms', localThreshold='30000 ms'}, socketSettings=SocketSettings{connectTimeoutMS=10000, readTimeoutMS=0, receiveBufferSize=0, sendBufferSize=0}, heartbeatSocketSettings=SocketSettings{connectTimeoutMS=10000, readTimeoutMS=10000, receiveBufferSize=0, sendBufferSize=0}, connectionPoolSettings=ConnectionPoolSettings{maxSize=100, minSize=0, maxWaitTimeMS=120000, maxConnectionLifeTimeMS=0, maxConnectionIdleTimeMS=0, maintenanceInitialDelayMS=0, maintenanceFrequencyMS=60000, connectionPoolListeners=[], maxConnecting=2}, serverSettings=ServerSettings{heartbeatFrequencyMS=10000, minHeartbeatFrequencyMS=500, serverListeners='[]', serverMonitorListeners='[]'}, sslSettings=SslSettings{enabled=false, invalidHostNameAllowed=false, context=null}, applicationName='null', compressorList=[], uuidRepresentation=JAVA_LEGACY, serverApi=null, autoEncryptionSettings=null, contextProvider=null}
25-01-22.20:13:58.954 [cluster-rtt-ClusterId{value='6790e10628ce0a244852d4ec', description='null'}-localhost:27017] INFO  connection             - Opened connection [connectionId{localValue:2, serverValue:9}] to localhost:27017
25-01-22.20:13:58.954 [cluster-ClusterId{value='6790e10628ce0a244852d4ec', description='null'}-localhost:27017] INFO  connection             - Opened connection [connectionId{localValue:1, serverValue:10}] to localhost:27017
25-01-22.20:13:58.954 [cluster-ClusterId{value='6790e10628ce0a244852d4ec', description='null'}-localhost:27017] INFO  cluster                - Monitor thread successfully connected to server with description ServerDescription{address=localhost:27017, type=STANDALONE, state=CONNECTED, ok=true, minWireVersion=0, maxWireVersion=21, maxDocumentSize=16777216, logicalSessionTimeoutMinutes=30, roundTripTimeNanos=17022700}
25-01-22.20:13:59.473 [main            ] INFO  Http11NioProtocol      - Starting ProtocolHandler ["http-nio-8090"]
25-01-22.20:13:59.488 [main            ] INFO  TomcatWebServer        - Tomcat started on port(s): 8090 (http) with context path ''
25-01-22.20:13:59.496 [main            ] INFO  App                    - Started App in 2.343 seconds (JVM running for 3.618)
25-01-22.21:02:10.121 [main            ] INFO  App                    - Starting App using Java 1.8.0_321 on LAPTOP-MV2KUHP1 with PID 8276 (F:\code\work\mental-health\management\target\classes started by Lenovo in F:\code\work\mental-health\management)
25-01-22.21:02:10.122 [main            ] DEBUG App                    - Running with Spring Boot v2.7.12, Spring v5.3.27
25-01-22.21:02:10.123 [main            ] INFO  App                    - The following 1 profile is active: "dev"
25-01-22.21:02:10.564 [main            ] INFO  RepositoryConfigurationDelegate - Bootstrapping Spring Data MongoDB repositories in DEFAULT mode.
25-01-22.21:02:10.578 [main            ] INFO  RepositoryConfigurationDelegate - Finished Spring Data repository scanning in 9 ms. Found 0 MongoDB repository interfaces.
25-01-22.21:02:10.923 [main            ] INFO  TomcatWebServer        - Tomcat initialized with port(s): 8090 (http)
25-01-22.21:02:10.923 [main            ] INFO  AprLifecycleListener   - Loaded Apache Tomcat Native library [1.2.35] using APR version [1.7.0].
25-01-22.21:02:10.923 [main            ] INFO  AprLifecycleListener   - APR capabilities: IPv6 [true], sendfile [true], accept filters [false], random [true], UDS [true].
25-01-22.21:02:10.923 [main            ] INFO  AprLifecycleListener   - APR/OpenSSL configuration: useAprConnector [false], useOpenSSL [true]
25-01-22.21:02:10.926 [main            ] INFO  AprLifecycleListener   - OpenSSL successfully initialized [OpenSSL 1.1.1q  5 Jul 2022]
25-01-22.21:02:10.931 [main            ] INFO  Http11NioProtocol      - Initializing ProtocolHandler ["http-nio-8090"]
25-01-22.21:02:10.932 [main            ] INFO  StandardService        - Starting service [Tomcat]
25-01-22.21:02:10.932 [main            ] INFO  StandardEngine         - Starting Servlet engine: [Apache Tomcat/9.0.75]
25-01-22.21:02:11.060 [main            ] INFO  [/]                    - Initializing Spring embedded WebApplicationContext
25-01-22.21:02:11.060 [main            ] INFO  ServletWebServerApplicationContext - Root WebApplicationContext: initialization completed in 894 ms
25-01-22.21:02:11.430 [main            ] INFO  client                 - MongoClient with metadata {"driver": {"name": "mongo-java-driver|sync|spring-boot", "version": "4.6.1"}, "os": {"type": "Windows", "name": "Windows 10", "architecture": "amd64", "version": "10.0"}, "platform": "Java/Oracle Corporation/1.8.0_321-b07"} created with settings MongoClientSettings{readPreference=primary, writeConcern=WriteConcern{w=null, wTimeout=null ms, journal=null}, retryWrites=true, retryReads=true, readConcern=ReadConcern{level=null}, credential=null, streamFactoryFactory=null, commandListeners=[], codecRegistry=ProvidersCodecRegistry{codecProviders=[ValueCodecProvider{}, BsonValueCodecProvider{}, DBRefCodecProvider{}, DBObjectCodecProvider{}, DocumentCodecProvider{}, IterableCodecProvider{}, MapCodecProvider{}, GeoJsonCodecProvider{}, GridFSFileCodecProvider{}, Jsr310CodecProvider{}, JsonObjectCodecProvider{}, BsonCodecProvider{}, EnumCodecProvider{}, com.mongodb.Jep395RecordCodecProvider@6b37df8e]}, clusterSettings={hosts=[localhost:27017], srvServiceName=mongodb, mode=SINGLE, requiredClusterType=UNKNOWN, requiredReplicaSetName='null', serverSelector='null', clusterListeners='[]', serverSelectionTimeout='30000 ms', localThreshold='30000 ms'}, socketSettings=SocketSettings{connectTimeoutMS=10000, readTimeoutMS=0, receiveBufferSize=0, sendBufferSize=0}, heartbeatSocketSettings=SocketSettings{connectTimeoutMS=10000, readTimeoutMS=10000, receiveBufferSize=0, sendBufferSize=0}, connectionPoolSettings=ConnectionPoolSettings{maxSize=100, minSize=0, maxWaitTimeMS=120000, maxConnectionLifeTimeMS=0, maxConnectionIdleTimeMS=0, maintenanceInitialDelayMS=0, maintenanceFrequencyMS=60000, connectionPoolListeners=[], maxConnecting=2}, serverSettings=ServerSettings{heartbeatFrequencyMS=10000, minHeartbeatFrequencyMS=500, serverListeners='[]', serverMonitorListeners='[]'}, sslSettings=SslSettings{enabled=false, invalidHostNameAllowed=false, context=null}, applicationName='null', compressorList=[], uuidRepresentation=JAVA_LEGACY, serverApi=null, autoEncryptionSettings=null, contextProvider=null}
25-01-22.21:02:11.436 [cluster-ClusterId{value='6790ec53c8604c67fb34e8ee', description='null'}-localhost:27017] INFO  connection             - Opened connection [connectionId{localValue:1, serverValue:12}] to localhost:27017
25-01-22.21:02:11.436 [cluster-rtt-ClusterId{value='6790ec53c8604c67fb34e8ee', description='null'}-localhost:27017] INFO  connection             - Opened connection [connectionId{localValue:2, serverValue:11}] to localhost:27017
25-01-22.21:02:11.436 [cluster-ClusterId{value='6790ec53c8604c67fb34e8ee', description='null'}-localhost:27017] INFO  cluster                - Monitor thread successfully connected to server with description ServerDescription{address=localhost:27017, type=STANDALONE, state=CONNECTED, ok=true, minWireVersion=0, maxWireVersion=21, maxDocumentSize=16777216, logicalSessionTimeoutMinutes=30, roundTripTimeNanos=15450700}
25-01-22.21:02:11.909 [main            ] INFO  Http11NioProtocol      - Starting ProtocolHandler ["http-nio-8090"]
25-01-22.21:02:11.923 [main            ] INFO  TomcatWebServer        - Tomcat started on port(s): 8090 (http) with context path ''
25-01-22.21:02:11.930 [main            ] INFO  App                    - Started App in 2.18 seconds (JVM running for 3.411)
25-01-22.21:02:26.112 [http-nio-8090-exec-1] INFO  [/]                    - Initializing Spring DispatcherServlet 'dispatcherServlet'
25-01-22.21:02:26.112 [http-nio-8090-exec-1] INFO  DispatcherServlet      - Initializing Servlet 'dispatcherServlet'
25-01-22.21:02:26.112 [http-nio-8090-exec-1] INFO  DispatcherServlet      - Completed initialization in 0 ms
25-01-22.21:02:26.178 [http-nio-8090-exec-1] INFO  UserController         - 收到用户登录请求，用户名：admin
25-01-22.21:02:26.183 [http-nio-8090-exec-1] INFO  UserService            - 用户登录，用户名：admin
25-01-22.21:02:26.195 [http-nio-8090-exec-1] INFO  HikariDataSource       - HikariPool-1 - Starting...
25-01-22.21:02:27.123 [http-nio-8090-exec-1] INFO  HikariDataSource       - HikariPool-1 - Start completed.
25-01-22.21:02:27.196 [http-nio-8090-exec-1] INFO  UserService            - 用户登录成功，用户ID：1
25-01-22.21:04:45.337 [http-nio-8090-exec-5] ERROR JwtInterceptor         - Token验证失败
io.jsonwebtoken.SignatureException: JWT signature does not match locally computed signature. JWT validity cannot be asserted and should not be trusted.
	at io.jsonwebtoken.impl.DefaultJwtParser.parse(DefaultJwtParser.java:354)
	at io.jsonwebtoken.impl.DefaultJwtParser.parse(DefaultJwtParser.java:481)
	at io.jsonwebtoken.impl.DefaultJwtParser.parseClaimsJws(DefaultJwtParser.java:541)
	at com.dil.common.utils.JwtUtil.getClaimsFromToken(JwtUtil.java:57)
	at com.dil.common.interceptor.JwtInterceptor.preHandle(JwtInterceptor.java:54)
	at org.springframework.web.servlet.HandlerExecutionChain.applyPreHandle(HandlerExecutionChain.java:148)
	at org.springframework.web.servlet.DispatcherServlet.doDispatch(DispatcherServlet.java:1067)
	at org.springframework.web.servlet.DispatcherServlet.doService(DispatcherServlet.java:965)
	at org.springframework.web.servlet.FrameworkServlet.processRequest(FrameworkServlet.java:1006)
	at org.springframework.web.servlet.FrameworkServlet.doGet(FrameworkServlet.java:898)
	at javax.servlet.http.HttpServlet.service(HttpServlet.java:529)
	at org.springframework.web.servlet.FrameworkServlet.service(FrameworkServlet.java:883)
	at javax.servlet.http.HttpServlet.service(HttpServlet.java:623)
	at org.apache.catalina.core.ApplicationFilterChain.internalDoFilter(ApplicationFilterChain.java:209)
	at org.apache.catalina.core.ApplicationFilterChain.doFilter(ApplicationFilterChain.java:153)
	at org.apache.tomcat.websocket.server.WsFilter.doFilter(WsFilter.java:51)
	at org.apache.catalina.core.ApplicationFilterChain.internalDoFilter(ApplicationFilterChain.java:178)
	at org.apache.catalina.core.ApplicationFilterChain.doFilter(ApplicationFilterChain.java:153)
	at org.springframework.web.filter.CorsFilter.doFilterInternal(CorsFilter.java:91)
	at org.springframework.web.filter.OncePerRequestFilter.doFilter(OncePerRequestFilter.java:117)
	at org.apache.catalina.core.ApplicationFilterChain.internalDoFilter(ApplicationFilterChain.java:178)
	at org.apache.catalina.core.ApplicationFilterChain.doFilter(ApplicationFilterChain.java:153)
	at org.springframework.web.filter.RequestContextFilter.doFilterInternal(RequestContextFilter.java:100)
	at org.springframework.web.filter.OncePerRequestFilter.doFilter(OncePerRequestFilter.java:117)
	at org.apache.catalina.core.ApplicationFilterChain.internalDoFilter(ApplicationFilterChain.java:178)
	at org.apache.catalina.core.ApplicationFilterChain.doFilter(ApplicationFilterChain.java:153)
	at org.springframework.web.filter.FormContentFilter.doFilterInternal(FormContentFilter.java:93)
	at org.springframework.web.filter.OncePerRequestFilter.doFilter(OncePerRequestFilter.java:117)
	at org.apache.catalina.core.ApplicationFilterChain.internalDoFilter(ApplicationFilterChain.java:178)
	at org.apache.catalina.core.ApplicationFilterChain.doFilter(ApplicationFilterChain.java:153)
	at org.springframework.web.filter.CharacterEncodingFilter.doFilterInternal(CharacterEncodingFilter.java:201)
	at org.springframework.web.filter.OncePerRequestFilter.doFilter(OncePerRequestFilter.java:117)
	at org.apache.catalina.core.ApplicationFilterChain.internalDoFilter(ApplicationFilterChain.java:178)
	at org.apache.catalina.core.ApplicationFilterChain.doFilter(ApplicationFilterChain.java:153)
	at org.apache.catalina.core.StandardWrapperValve.invoke(StandardWrapperValve.java:167)
	at org.apache.catalina.core.StandardContextValve.invoke(StandardContextValve.java:90)
	at org.apache.catalina.authenticator.AuthenticatorBase.invoke(AuthenticatorBase.java:481)
	at org.apache.catalina.core.StandardHostValve.invoke(StandardHostValve.java:130)
	at org.apache.catalina.valves.ErrorReportValve.invoke(ErrorReportValve.java:93)
	at org.apache.catalina.core.StandardEngineValve.invoke(StandardEngineValve.java:74)
	at org.apache.catalina.connector.CoyoteAdapter.service(CoyoteAdapter.java:343)
	at org.apache.coyote.http11.Http11Processor.service(Http11Processor.java:390)
	at org.apache.coyote.AbstractProcessorLight.process(AbstractProcessorLight.java:63)
	at org.apache.coyote.AbstractProtocol$ConnectionHandler.process(AbstractProtocol.java:926)
	at org.apache.tomcat.util.net.NioEndpoint$SocketProcessor.doRun(NioEndpoint.java:1791)
	at org.apache.tomcat.util.net.SocketProcessorBase.run(SocketProcessorBase.java:52)
	at org.apache.tomcat.util.threads.ThreadPoolExecutor.runWorker(ThreadPoolExecutor.java:1191)
	at org.apache.tomcat.util.threads.ThreadPoolExecutor$Worker.run(ThreadPoolExecutor.java:659)
	at org.apache.tomcat.util.threads.TaskThread$WrappingRunnable.run(TaskThread.java:61)
	at java.lang.Thread.run(Thread.java:750)
25-01-22.21:04:52.626 [http-nio-8090-exec-8] INFO  UserController         - 收到获取用户信息请求，用户ID：1
25-01-22.21:04:52.633 [http-nio-8090-exec-8] INFO  UserService            - 获取用户信息，用户ID：1
25-01-22.21:43:56.323 [http-nio-8090-exec-10] ERROR [dispatcherServlet]    - Servlet.service() for servlet [dispatcherServlet] in context with path [] threw exception
java.lang.IllegalArgumentException: When allowCredentials is true, allowedOrigins cannot contain the special value "*" since that cannot be set on the "Access-Control-Allow-Origin" response header. To allow credentials to a set of origins, list them explicitly or consider using "allowedOriginPatterns" instead.
	at org.springframework.web.cors.CorsConfiguration.validateAllowCredentials(CorsConfiguration.java:473)
	at org.springframework.web.cors.CorsConfiguration.checkOrigin(CorsConfiguration.java:577)
	at org.springframework.web.cors.DefaultCorsProcessor.checkOrigin(DefaultCorsProcessor.java:174)
	at org.springframework.web.cors.DefaultCorsProcessor.handleInternal(DefaultCorsProcessor.java:116)
	at org.springframework.web.cors.DefaultCorsProcessor.processRequest(DefaultCorsProcessor.java:95)
	at org.springframework.web.filter.CorsFilter.doFilterInternal(CorsFilter.java:87)
	at org.springframework.web.filter.OncePerRequestFilter.doFilter(OncePerRequestFilter.java:117)
	at org.apache.catalina.core.ApplicationFilterChain.internalDoFilter(ApplicationFilterChain.java:178)
	at org.apache.catalina.core.ApplicationFilterChain.doFilter(ApplicationFilterChain.java:153)
	at org.springframework.web.filter.RequestContextFilter.doFilterInternal(RequestContextFilter.java:100)
	at org.springframework.web.filter.OncePerRequestFilter.doFilter(OncePerRequestFilter.java:117)
	at org.apache.catalina.core.ApplicationFilterChain.internalDoFilter(ApplicationFilterChain.java:178)
	at org.apache.catalina.core.ApplicationFilterChain.doFilter(ApplicationFilterChain.java:153)
	at org.springframework.web.filter.FormContentFilter.doFilterInternal(FormContentFilter.java:93)
	at org.springframework.web.filter.OncePerRequestFilter.doFilter(OncePerRequestFilter.java:117)
	at org.apache.catalina.core.ApplicationFilterChain.internalDoFilter(ApplicationFilterChain.java:178)
	at org.apache.catalina.core.ApplicationFilterChain.doFilter(ApplicationFilterChain.java:153)
	at org.springframework.web.filter.CharacterEncodingFilter.doFilterInternal(CharacterEncodingFilter.java:201)
	at org.springframework.web.filter.OncePerRequestFilter.doFilter(OncePerRequestFilter.java:117)
	at org.apache.catalina.core.ApplicationFilterChain.internalDoFilter(ApplicationFilterChain.java:178)
	at org.apache.catalina.core.ApplicationFilterChain.doFilter(ApplicationFilterChain.java:153)
	at org.apache.catalina.core.StandardWrapperValve.invoke(StandardWrapperValve.java:167)
	at org.apache.catalina.core.StandardContextValve.invoke(StandardContextValve.java:90)
	at org.apache.catalina.authenticator.AuthenticatorBase.invoke(AuthenticatorBase.java:481)
	at org.apache.catalina.core.StandardHostValve.invoke(StandardHostValve.java:130)
	at org.apache.catalina.valves.ErrorReportValve.invoke(ErrorReportValve.java:93)
	at org.apache.catalina.core.StandardEngineValve.invoke(StandardEngineValve.java:74)
	at org.apache.catalina.connector.CoyoteAdapter.service(CoyoteAdapter.java:343)
	at org.apache.coyote.http11.Http11Processor.service(Http11Processor.java:390)
	at org.apache.coyote.AbstractProcessorLight.process(AbstractProcessorLight.java:63)
	at org.apache.coyote.AbstractProtocol$ConnectionHandler.process(AbstractProtocol.java:926)
	at org.apache.tomcat.util.net.NioEndpoint$SocketProcessor.doRun(NioEndpoint.java:1791)
	at org.apache.tomcat.util.net.SocketProcessorBase.run(SocketProcessorBase.java:52)
	at org.apache.tomcat.util.threads.ThreadPoolExecutor.runWorker(ThreadPoolExecutor.java:1191)
	at org.apache.tomcat.util.threads.ThreadPoolExecutor$Worker.run(ThreadPoolExecutor.java:659)
	at org.apache.tomcat.util.threads.TaskThread$WrappingRunnable.run(TaskThread.java:61)
	at java.lang.Thread.run(Thread.java:750)
25-01-22.21:46:59.431 [SpringApplicationShutdownHook] INFO  HikariDataSource       - HikariPool-1 - Shutdown initiated...
25-01-22.21:46:59.438 [SpringApplicationShutdownHook] INFO  HikariDataSource       - HikariPool-1 - Shutdown completed.
25-01-22.21:47:06.162 [main            ] INFO  App                    - Starting App using Java 1.8.0_321 on LAPTOP-MV2KUHP1 with PID 5608 (F:\code\work\mental-health\management\target\classes started by Lenovo in F:\code\work\mental-health\management)
25-01-22.21:47:06.164 [main            ] DEBUG App                    - Running with Spring Boot v2.7.12, Spring v5.3.27
25-01-22.21:47:06.164 [main            ] INFO  App                    - The following 1 profile is active: "dev"
25-01-22.21:47:06.619 [main            ] INFO  RepositoryConfigurationDelegate - Bootstrapping Spring Data MongoDB repositories in DEFAULT mode.
25-01-22.21:47:06.633 [main            ] INFO  RepositoryConfigurationDelegate - Finished Spring Data repository scanning in 10 ms. Found 0 MongoDB repository interfaces.
25-01-22.21:47:07.009 [main            ] INFO  TomcatWebServer        - Tomcat initialized with port(s): 8090 (http)
25-01-22.21:47:07.010 [main            ] INFO  AprLifecycleListener   - Loaded Apache Tomcat Native library [1.2.35] using APR version [1.7.0].
25-01-22.21:47:07.010 [main            ] INFO  AprLifecycleListener   - APR capabilities: IPv6 [true], sendfile [true], accept filters [false], random [true], UDS [true].
25-01-22.21:47:07.010 [main            ] INFO  AprLifecycleListener   - APR/OpenSSL configuration: useAprConnector [false], useOpenSSL [true]
25-01-22.21:47:07.012 [main            ] INFO  AprLifecycleListener   - OpenSSL successfully initialized [OpenSSL 1.1.1q  5 Jul 2022]
25-01-22.21:47:07.019 [main            ] INFO  Http11NioProtocol      - Initializing ProtocolHandler ["http-nio-8090"]
25-01-22.21:47:07.019 [main            ] INFO  StandardService        - Starting service [Tomcat]
25-01-22.21:47:07.019 [main            ] INFO  StandardEngine         - Starting Servlet engine: [Apache Tomcat/9.0.75]
25-01-22.21:47:07.158 [main            ] INFO  [/]                    - Initializing Spring embedded WebApplicationContext
25-01-22.21:47:07.158 [main            ] INFO  ServletWebServerApplicationContext - Root WebApplicationContext: initialization completed in 950 ms
25-01-22.21:47:07.547 [main            ] INFO  client                 - MongoClient with metadata {"driver": {"name": "mongo-java-driver|sync|spring-boot", "version": "4.6.1"}, "os": {"type": "Windows", "name": "Windows 10", "architecture": "amd64", "version": "10.0"}, "platform": "Java/Oracle Corporation/1.8.0_321-b07"} created with settings MongoClientSettings{readPreference=primary, writeConcern=WriteConcern{w=null, wTimeout=null ms, journal=null}, retryWrites=true, retryReads=true, readConcern=ReadConcern{level=null}, credential=null, streamFactoryFactory=null, commandListeners=[], codecRegistry=ProvidersCodecRegistry{codecProviders=[ValueCodecProvider{}, BsonValueCodecProvider{}, DBRefCodecProvider{}, DBObjectCodecProvider{}, DocumentCodecProvider{}, IterableCodecProvider{}, MapCodecProvider{}, GeoJsonCodecProvider{}, GridFSFileCodecProvider{}, Jsr310CodecProvider{}, JsonObjectCodecProvider{}, BsonCodecProvider{}, EnumCodecProvider{}, com.mongodb.Jep395RecordCodecProvider@450f0235]}, clusterSettings={hosts=[localhost:27017], srvServiceName=mongodb, mode=SINGLE, requiredClusterType=UNKNOWN, requiredReplicaSetName='null', serverSelector='null', clusterListeners='[]', serverSelectionTimeout='30000 ms', localThreshold='30000 ms'}, socketSettings=SocketSettings{connectTimeoutMS=10000, readTimeoutMS=0, receiveBufferSize=0, sendBufferSize=0}, heartbeatSocketSettings=SocketSettings{connectTimeoutMS=10000, readTimeoutMS=10000, receiveBufferSize=0, sendBufferSize=0}, connectionPoolSettings=ConnectionPoolSettings{maxSize=100, minSize=0, maxWaitTimeMS=120000, maxConnectionLifeTimeMS=0, maxConnectionIdleTimeMS=0, maintenanceInitialDelayMS=0, maintenanceFrequencyMS=60000, connectionPoolListeners=[], maxConnecting=2}, serverSettings=ServerSettings{heartbeatFrequencyMS=10000, minHeartbeatFrequencyMS=500, serverListeners='[]', serverMonitorListeners='[]'}, sslSettings=SslSettings{enabled=false, invalidHostNameAllowed=false, context=null}, applicationName='null', compressorList=[], uuidRepresentation=JAVA_LEGACY, serverApi=null, autoEncryptionSettings=null, contextProvider=null}
25-01-22.21:47:07.553 [cluster-ClusterId{value='6790f6db4351b27756a13399', description='null'}-localhost:27017] INFO  connection             - Opened connection [connectionId{localValue:2, serverValue:14}] to localhost:27017
25-01-22.21:47:07.553 [cluster-rtt-ClusterId{value='6790f6db4351b27756a13399', description='null'}-localhost:27017] INFO  connection             - Opened connection [connectionId{localValue:1, serverValue:13}] to localhost:27017
25-01-22.21:47:07.553 [cluster-ClusterId{value='6790f6db4351b27756a13399', description='null'}-localhost:27017] INFO  cluster                - Monitor thread successfully connected to server with description ServerDescription{address=localhost:27017, type=STANDALONE, state=CONNECTED, ok=true, minWireVersion=0, maxWireVersion=21, maxDocumentSize=16777216, logicalSessionTimeoutMinutes=30, roundTripTimeNanos=16820900}
25-01-22.21:47:08.078 [main            ] INFO  Http11NioProtocol      - Starting ProtocolHandler ["http-nio-8090"]
25-01-22.21:47:08.093 [main            ] INFO  TomcatWebServer        - Tomcat started on port(s): 8090 (http) with context path ''
25-01-22.21:47:08.101 [main            ] INFO  App                    - Started App in 2.332 seconds (JVM running for 3.57)
25-01-22.21:47:17.807 [http-nio-8090-exec-2] INFO  [/]                    - Initializing Spring DispatcherServlet 'dispatcherServlet'
25-01-22.21:47:17.807 [http-nio-8090-exec-2] INFO  DispatcherServlet      - Initializing Servlet 'dispatcherServlet'
25-01-22.21:47:17.808 [http-nio-8090-exec-2] INFO  DispatcherServlet      - Completed initialization in 1 ms
25-01-22.22:14:43.999 [main            ] INFO  App                    - Starting App using Java 1.8.0_321 on LAPTOP-MV2KUHP1 with PID 26512 (F:\code\work\mental-health\management\target\classes started by Lenovo in F:\code\work\mental-health\management)
25-01-22.22:14:44.001 [main            ] DEBUG App                    - Running with Spring Boot v2.7.12, Spring v5.3.27
25-01-22.22:14:44.001 [main            ] INFO  App                    - The following 1 profile is active: "dev"
25-01-22.22:14:44.474 [main            ] INFO  RepositoryConfigurationDelegate - Bootstrapping Spring Data MongoDB repositories in DEFAULT mode.
25-01-22.22:14:44.488 [main            ] INFO  RepositoryConfigurationDelegate - Finished Spring Data repository scanning in 10 ms. Found 0 MongoDB repository interfaces.
25-01-22.22:14:44.868 [main            ] INFO  TomcatWebServer        - Tomcat initialized with port(s): 8090 (http)
25-01-22.22:14:44.868 [main            ] INFO  AprLifecycleListener   - Loaded Apache Tomcat Native library [1.2.35] using APR version [1.7.0].
25-01-22.22:14:44.869 [main            ] INFO  AprLifecycleListener   - APR capabilities: IPv6 [true], sendfile [true], accept filters [false], random [true], UDS [true].
25-01-22.22:14:44.869 [main            ] INFO  AprLifecycleListener   - APR/OpenSSL configuration: useAprConnector [false], useOpenSSL [true]
25-01-22.22:14:44.871 [main            ] INFO  AprLifecycleListener   - OpenSSL successfully initialized [OpenSSL 1.1.1q  5 Jul 2022]
25-01-22.22:14:44.877 [main            ] INFO  Http11NioProtocol      - Initializing ProtocolHandler ["http-nio-8090"]
25-01-22.22:14:44.877 [main            ] INFO  StandardService        - Starting service [Tomcat]
25-01-22.22:14:44.877 [main            ] INFO  StandardEngine         - Starting Servlet engine: [Apache Tomcat/9.0.75]
25-01-22.22:14:45.012 [main            ] INFO  [/]                    - Initializing Spring embedded WebApplicationContext
25-01-22.22:14:45.012 [main            ] INFO  ServletWebServerApplicationContext - Root WebApplicationContext: initialization completed in 967 ms
25-01-22.22:14:45.377 [main            ] INFO  client                 - MongoClient with metadata {"driver": {"name": "mongo-java-driver|sync|spring-boot", "version": "4.6.1"}, "os": {"type": "Windows", "name": "Windows 10", "architecture": "amd64", "version": "10.0"}, "platform": "Java/Oracle Corporation/1.8.0_321-b07"} created with settings MongoClientSettings{readPreference=primary, writeConcern=WriteConcern{w=null, wTimeout=null ms, journal=null}, retryWrites=true, retryReads=true, readConcern=ReadConcern{level=null}, credential=null, streamFactoryFactory=null, commandListeners=[], codecRegistry=ProvidersCodecRegistry{codecProviders=[ValueCodecProvider{}, BsonValueCodecProvider{}, DBRefCodecProvider{}, DBObjectCodecProvider{}, DocumentCodecProvider{}, IterableCodecProvider{}, MapCodecProvider{}, GeoJsonCodecProvider{}, GridFSFileCodecProvider{}, Jsr310CodecProvider{}, JsonObjectCodecProvider{}, BsonCodecProvider{}, EnumCodecProvider{}, com.mongodb.Jep395RecordCodecProvider@7d2c345d]}, clusterSettings={hosts=[localhost:27017], srvServiceName=mongodb, mode=SINGLE, requiredClusterType=UNKNOWN, requiredReplicaSetName='null', serverSelector='null', clusterListeners='[]', serverSelectionTimeout='30000 ms', localThreshold='30000 ms'}, socketSettings=SocketSettings{connectTimeoutMS=10000, readTimeoutMS=0, receiveBufferSize=0, sendBufferSize=0}, heartbeatSocketSettings=SocketSettings{connectTimeoutMS=10000, readTimeoutMS=10000, receiveBufferSize=0, sendBufferSize=0}, connectionPoolSettings=ConnectionPoolSettings{maxSize=100, minSize=0, maxWaitTimeMS=120000, maxConnectionLifeTimeMS=0, maxConnectionIdleTimeMS=0, maintenanceInitialDelayMS=0, maintenanceFrequencyMS=60000, connectionPoolListeners=[], maxConnecting=2}, serverSettings=ServerSettings{heartbeatFrequencyMS=10000, minHeartbeatFrequencyMS=500, serverListeners='[]', serverMonitorListeners='[]'}, sslSettings=SslSettings{enabled=false, invalidHostNameAllowed=false, context=null}, applicationName='null', compressorList=[], uuidRepresentation=JAVA_LEGACY, serverApi=null, autoEncryptionSettings=null, contextProvider=null}
25-01-22.22:14:45.383 [cluster-rtt-ClusterId{value='6790fd557f5c6f03e04d02f4', description='null'}-localhost:27017] INFO  connection             - Opened connection [connectionId{localValue:1, serverValue:15}] to localhost:27017
25-01-22.22:14:45.383 [cluster-ClusterId{value='6790fd557f5c6f03e04d02f4', description='null'}-localhost:27017] INFO  connection             - Opened connection [connectionId{localValue:2, serverValue:16}] to localhost:27017
25-01-22.22:14:45.383 [cluster-ClusterId{value='6790fd557f5c6f03e04d02f4', description='null'}-localhost:27017] INFO  cluster                - Monitor thread successfully connected to server with description ServerDescription{address=localhost:27017, type=STANDALONE, state=CONNECTED, ok=true, minWireVersion=0, maxWireVersion=21, maxDocumentSize=16777216, logicalSessionTimeoutMinutes=30, roundTripTimeNanos=15672400}
25-01-22.22:14:45.866 [main            ] INFO  Http11NioProtocol      - Starting ProtocolHandler ["http-nio-8090"]
25-01-22.22:14:45.881 [main            ] INFO  TomcatWebServer        - Tomcat started on port(s): 8090 (http) with context path ''
25-01-22.22:14:45.889 [main            ] INFO  App                    - Started App in 2.272 seconds (JVM running for 3.52)
25-01-22.22:14:48.513 [http-nio-8090-exec-1] INFO  [/]                    - Initializing Spring DispatcherServlet 'dispatcherServlet'
25-01-22.22:14:48.513 [http-nio-8090-exec-1] INFO  DispatcherServlet      - Initializing Servlet 'dispatcherServlet'
25-01-22.22:14:48.513 [http-nio-8090-exec-1] INFO  DispatcherServlet      - Completed initialization in 0 ms
25-01-22.22:33:07.251 [http-nio-8090-exec-1] INFO  UserController         - 收到用户登录请求，用户名：admin
25-01-22.22:33:07.255 [http-nio-8090-exec-1] INFO  UserService            - 用户登录，用户名：admin
25-01-22.22:33:07.281 [http-nio-8090-exec-1] INFO  HikariDataSource       - HikariPool-1 - Starting...
25-01-22.22:33:08.214 [http-nio-8090-exec-1] INFO  HikariDataSource       - HikariPool-1 - Start completed.
25-01-22.22:33:08.285 [http-nio-8090-exec-1] INFO  UserService            - 用户登录成功，用户ID：1
25-01-22.22:33:08.632 [http-nio-8090-exec-2] INFO  UserController         - 收到获取用户信息请求，用户ID：1
25-01-22.22:33:08.638 [http-nio-8090-exec-2] INFO  UserService            - 获取用户信息，用户ID：1
25-01-22.22:34:56.740 [http-nio-8090-exec-4] INFO  UserController         - 收到用户登录请求，用户名：doctor
25-01-22.22:34:56.740 [http-nio-8090-exec-4] INFO  UserService            - 用户登录，用户名：doctor
25-01-22.22:34:56.742 [http-nio-8090-exec-4] WARN  UserService            - 用户名或密码错误，用户名：doctor
25-01-22.22:34:56.744 [http-nio-8090-exec-4] ERROR GlobalExceptionHandler - 业务异常：用户名或密码错误
25-01-22.22:38:44.388 [http-nio-8090-exec-3] INFO  UserController         - 收到用户登录请求，用户名：doctor
25-01-22.22:38:44.388 [http-nio-8090-exec-3] INFO  UserService            - 用户登录，用户名：doctor
25-01-22.22:38:44.389 [http-nio-8090-exec-3] WARN  UserService            - 用户名或密码错误，用户名：doctor
25-01-22.22:38:44.390 [http-nio-8090-exec-3] ERROR GlobalExceptionHandler - 业务异常：用户名或密码错误
25-01-22.22:43:14.271 [http-nio-8090-exec-5] INFO  UserController         - 收到用户登录请求，用户名：doctor
25-01-22.22:43:14.271 [http-nio-8090-exec-5] INFO  UserService            - 用户登录，用户名：doctor
25-01-22.22:43:14.273 [http-nio-8090-exec-5] WARN  UserService            - 用户名或密码错误，用户名：doctor
25-01-22.22:43:14.273 [http-nio-8090-exec-5] ERROR GlobalExceptionHandler - 业务异常：用户名或密码错误
25-01-22.22:43:57.058 [http-nio-8090-exec-8] INFO  UserController         - 收到用户登录请求，用户名：doctor
25-01-22.22:43:58.279 [http-nio-8090-exec-8] INFO  UserService            - 用户登录，用户名：doctor
25-01-22.22:43:58.285 [http-nio-8090-exec-8] WARN  UserService            - 用户名或密码错误，用户名：doctor
25-01-22.22:44:00.992 [http-nio-8090-exec-8] ERROR GlobalExceptionHandler - 业务异常：用户名或密码错误
25-01-22.22:44:18.288 [http-nio-8090-exec-7] INFO  UserController         - 收到用户登录请求，用户名：zs
25-01-22.22:44:18.288 [http-nio-8090-exec-7] INFO  UserService            - 用户登录，用户名：zs
25-01-22.22:44:18.291 [http-nio-8090-exec-7] INFO  UserService            - 用户登录成功，用户ID：2
25-01-22.22:44:18.304 [http-nio-8090-exec-6] INFO  UserController         - 收到获取用户信息请求，用户ID：2
25-01-22.22:44:18.305 [http-nio-8090-exec-6] INFO  UserService            - 获取用户信息，用户ID：2
25-01-22.22:46:41.376 [http-nio-8090-exec-9] INFO  UserController         - 收到用户登录请求，用户名：zs
25-01-22.22:46:41.377 [http-nio-8090-exec-9] INFO  UserService            - 用户登录，用户名：zs
25-01-22.22:46:41.379 [http-nio-8090-exec-9] INFO  UserService            - 用户登录成功，用户ID：2
25-01-22.22:46:41.389 [http-nio-8090-exec-10] INFO  UserController         - 收到获取用户信息请求，用户ID：2
25-01-22.22:46:41.389 [http-nio-8090-exec-10] INFO  UserService            - 获取用户信息，用户ID：2
25-01-22.22:46:48.903 [http-nio-8090-exec-1] INFO  UserController         - 收到用户登录请求，用户名：admin
25-01-22.22:46:48.903 [http-nio-8090-exec-1] INFO  UserService            - 用户登录，用户名：admin
25-01-22.22:46:48.906 [http-nio-8090-exec-1] INFO  UserService            - 用户登录成功，用户ID：1
25-01-22.22:46:48.915 [http-nio-8090-exec-2] INFO  UserController         - 收到获取用户信息请求，用户ID：1
25-01-22.22:46:48.917 [http-nio-8090-exec-2] INFO  UserService            - 获取用户信息，用户ID：1
25-01-22.22:47:50.457 [http-nio-8090-exec-4] INFO  UserController         - 收到用户登录请求，用户名：zs
25-01-22.22:47:50.457 [http-nio-8090-exec-4] INFO  UserService            - 用户登录，用户名：zs
25-01-22.22:47:50.460 [http-nio-8090-exec-4] INFO  UserService            - 用户登录成功，用户ID：2
25-01-22.22:47:50.785 [http-nio-8090-exec-3] INFO  UserController         - 收到获取用户信息请求，用户ID：2
25-01-22.22:47:50.786 [http-nio-8090-exec-3] INFO  UserService            - 获取用户信息，用户ID：2
25-01-22.22:48:02.182 [http-nio-8090-exec-5] INFO  UserController         - 收到用户登录请求，用户名：admin
25-01-22.22:48:02.182 [http-nio-8090-exec-5] INFO  UserService            - 用户登录，用户名：admin
25-01-22.22:48:02.185 [http-nio-8090-exec-5] INFO  UserService            - 用户登录成功，用户ID：1
25-01-22.22:48:02.195 [http-nio-8090-exec-8] INFO  UserController         - 收到获取用户信息请求，用户ID：1
25-01-22.22:48:02.196 [http-nio-8090-exec-8] INFO  UserService            - 获取用户信息，用户ID：1
25-01-22.22:49:56.360 [http-nio-8090-exec-6] INFO  UserController         - 收到获取用户信息请求，用户ID：1
25-01-22.22:49:56.361 [http-nio-8090-exec-6] INFO  UserService            - 获取用户信息，用户ID：1
25-01-22.22:51:00.883 [http-nio-8090-exec-10] INFO  UserController         - 收到获取用户信息请求，用户ID：1
25-01-22.22:51:00.884 [http-nio-8090-exec-10] INFO  UserService            - 获取用户信息，用户ID：1
25-01-22.22:52:41.078 [http-nio-8090-exec-1] INFO  UserController         - 收到获取用户信息请求，用户ID：1
25-01-22.22:52:41.078 [http-nio-8090-exec-1] INFO  UserService            - 获取用户信息，用户ID：1
25-01-22.22:52:50.187 [http-nio-8090-exec-2] INFO  UserController         - 收到获取用户信息请求，用户ID：1
25-01-22.22:52:50.188 [http-nio-8090-exec-2] INFO  UserService            - 获取用户信息，用户ID：1
25-01-22.22:57:17.416 [http-nio-8090-exec-5] INFO  UserController         - 收到用户登录请求，用户名：admin
25-01-22.22:57:17.416 [http-nio-8090-exec-5] INFO  UserService            - 用户登录，用户名：admin
25-01-22.22:57:17.418 [http-nio-8090-exec-5] INFO  UserService            - 用户登录成功，用户ID：1
25-01-22.22:58:11.808 [http-nio-8090-exec-8] INFO  UserController         - 收到获取用户列表请求，角色：doctor
25-01-22.22:58:11.809 [http-nio-8090-exec-8] INFO  UserService            - 获取用户列表，角色：doctor
25-01-22.22:58:52.641 [http-nio-8090-exec-7] INFO  UserController         - 收到获取用户信息请求，用户ID：1
25-01-22.22:58:52.642 [http-nio-8090-exec-7] INFO  UserService            - 获取用户信息，用户ID：1
25-01-22.22:59:57.872 [http-nio-8090-exec-9] INFO  UserController         - 收到获取用户信息请求，用户ID：1
25-01-22.22:59:57.873 [http-nio-8090-exec-9] INFO  UserService            - 获取用户信息，用户ID：1
25-01-22.23:04:03.607 [http-nio-8090-exec-10] INFO  UserController         - 收到获取用户信息请求，用户ID：1
25-01-22.23:04:03.608 [http-nio-8090-exec-10] INFO  UserService            - 获取用户信息，用户ID：1
25-01-22.23:04:15.820 [http-nio-8090-exec-1] INFO  UserController         - 收到获取用户信息请求，用户ID：1
25-01-22.23:04:15.821 [http-nio-8090-exec-1] INFO  UserService            - 获取用户信息，用户ID：1
25-01-22.23:04:19.609 [http-nio-8090-exec-2] INFO  UserController         - 收到获取用户信息请求，用户ID：1
25-01-22.23:04:19.610 [http-nio-8090-exec-2] INFO  UserService            - 获取用户信息，用户ID：1
25-01-22.23:05:14.614 [http-nio-8090-exec-4] INFO  UserController         - 收到获取用户信息请求，用户ID：1
25-01-22.23:05:14.615 [http-nio-8090-exec-4] INFO  UserService            - 获取用户信息，用户ID：1
25-01-22.23:06:42.294 [http-nio-8090-exec-3] INFO  UserController         - 收到获取用户信息请求，用户ID：1
25-01-22.23:06:42.295 [http-nio-8090-exec-3] INFO  UserService            - 获取用户信息，用户ID：1
25-01-22.23:07:02.529 [http-nio-8090-exec-5] INFO  UserController         - 收到获取用户信息请求，用户ID：1
25-01-22.23:07:02.530 [http-nio-8090-exec-5] INFO  UserService            - 获取用户信息，用户ID：1
25-01-22.23:10:37.506 [http-nio-8090-exec-8] INFO  UserController         - 收到获取用户信息请求，用户ID：1
25-01-22.23:10:37.507 [http-nio-8090-exec-8] INFO  UserService            - 获取用户信息，用户ID：1
25-01-22.23:12:06.768 [http-nio-8090-exec-7] INFO  UserController         - 收到获取用户信息请求，用户ID：1
25-01-22.23:12:06.769 [http-nio-8090-exec-7] INFO  UserService            - 获取用户信息，用户ID：1
25-01-22.23:16:42.508 [http-nio-8090-exec-6] INFO  UserController         - 收到获取用户信息请求，用户ID：1
25-01-22.23:16:42.509 [http-nio-8090-exec-6] INFO  UserService            - 获取用户信息，用户ID：1
25-01-22.23:16:43.566 [http-nio-8090-exec-9] INFO  UserController         - 收到获取用户信息请求，用户ID：1
25-01-22.23:16:43.567 [http-nio-8090-exec-9] INFO  UserService            - 获取用户信息，用户ID：1
25-01-22.23:19:00.041 [http-nio-8090-exec-10] INFO  UserController         - 收到获取用户信息请求，用户ID：1
25-01-22.23:19:00.041 [http-nio-8090-exec-10] INFO  UserService            - 获取用户信息，用户ID：1
25-01-22.23:19:35.256 [http-nio-8090-exec-1] INFO  UserController         - 收到获取用户信息请求，用户ID：1
25-01-22.23:19:35.257 [http-nio-8090-exec-1] INFO  UserService            - 获取用户信息，用户ID：1
25-01-22.23:20:18.281 [http-nio-8090-exec-2] INFO  UserController         - 收到获取用户信息请求，用户ID：1
25-01-22.23:20:18.281 [http-nio-8090-exec-2] INFO  UserService            - 获取用户信息，用户ID：1
25-01-22.23:20:42.060 [http-nio-8090-exec-4] INFO  UserController         - 收到获取用户信息请求，用户ID：1
25-01-22.23:20:42.061 [http-nio-8090-exec-4] INFO  UserService            - 获取用户信息，用户ID：1
25-01-22.23:21:15.709 [http-nio-8090-exec-3] INFO  UserController         - 收到获取用户信息请求，用户ID：1
25-01-22.23:21:15.710 [http-nio-8090-exec-3] INFO  UserService            - 获取用户信息，用户ID：1
25-01-22.23:21:54.261 [http-nio-8090-exec-5] INFO  UserController         - 收到获取用户列表请求，角色：
25-01-22.23:21:54.262 [http-nio-8090-exec-5] INFO  UserService            - 获取用户列表，角色：
25-01-22.23:21:54.264 [http-nio-8090-exec-5] WARN  UserService            - 没有找到角色为  的用户
25-01-22.23:22:02.203 [http-nio-8090-exec-8] INFO  UserController         - 收到获取用户列表请求，角色：
25-01-22.23:22:02.204 [http-nio-8090-exec-8] INFO  UserService            - 获取用户列表，角色：
25-01-22.23:22:02.205 [http-nio-8090-exec-8] WARN  UserService            - 没有找到角色为  的用户
25-01-22.23:22:04.190 [http-nio-8090-exec-7] INFO  UserController         - 收到获取用户列表请求，角色：
25-01-22.23:22:04.190 [http-nio-8090-exec-7] INFO  UserService            - 获取用户列表，角色：
25-01-22.23:22:04.192 [http-nio-8090-exec-7] WARN  UserService            - 没有找到角色为  的用户
25-01-22.23:22:11.699 [http-nio-8090-exec-6] INFO  UserController         - 收到获取用户列表请求，角色：
25-01-22.23:22:11.699 [http-nio-8090-exec-6] INFO  UserService            - 获取用户列表，角色：
25-01-22.23:22:11.701 [http-nio-8090-exec-6] WARN  UserService            - 没有找到角色为  的用户
25-01-22.23:23:38.848 [http-nio-8090-exec-9] INFO  UserController         - 收到获取用户列表请求，角色：
25-01-22.23:23:38.848 [HikariPool-1 housekeeper] WARN  HikariPool             - HikariPool-1 - Thread starvation or clock leap detected (housekeeper delta=1m29s689ms717µs800ns).
25-01-22.23:23:38.849 [http-nio-8090-exec-9] INFO  UserService            - 获取用户列表，角色：
25-01-22.23:23:38.851 [http-nio-8090-exec-9] WARN  UserService            - 没有找到角色为  的用户
25-01-22.23:23:39.890 [http-nio-8090-exec-10] INFO  UserController         - 收到获取用户列表请求，角色：null
25-01-22.23:23:39.891 [http-nio-8090-exec-10] INFO  UserService            - 获取用户列表，角色：null
25-01-22.23:23:43.944 [http-nio-8090-exec-1] INFO  UserController         - 收到获取用户列表请求，角色：null
25-01-22.23:23:43.945 [http-nio-8090-exec-1] INFO  UserService            - 获取用户列表，角色：null
25-01-22.23:23:47.770 [http-nio-8090-exec-2] INFO  UserController         - 收到获取用户列表请求，角色：null
25-01-22.23:23:47.771 [http-nio-8090-exec-2] INFO  UserService            - 获取用户列表，角色：null
25-01-22.23:24:06.009 [http-nio-8090-exec-3] INFO  UserController         - 收到获取用户列表请求，角色：doctor
25-01-22.23:24:06.010 [http-nio-8090-exec-3] INFO  UserService            - 获取用户列表，角色：doctor
25-01-22.23:24:41.539 [http-nio-8090-exec-5] INFO  UserController         - 收到获取用户列表请求，角色：null
25-01-22.23:24:41.540 [http-nio-8090-exec-5] INFO  UserService            - 获取用户列表，角色：null
25-01-22.23:24:54.215 [http-nio-8090-exec-8] INFO  UserController         - 收到获取用户列表请求，角色：null
25-01-22.23:24:54.216 [http-nio-8090-exec-8] INFO  UserService            - 获取用户列表，角色：null
25-01-22.23:24:57.480 [http-nio-8090-exec-7] INFO  UserController         - 收到获取用户列表请求，角色：null
25-01-22.23:24:57.480 [http-nio-8090-exec-7] INFO  UserService            - 获取用户列表，角色：null
25-01-22.23:25:22.802 [http-nio-8090-exec-9] INFO  UserController         - 收到获取用户列表请求，角色：null
25-01-22.23:25:22.803 [http-nio-8090-exec-9] INFO  UserService            - 获取用户列表，角色：null
25-01-22.23:25:48.383 [http-nio-8090-exec-10] INFO  UserController         - 收到获取用户列表请求，角色：null
25-01-22.23:25:48.383 [http-nio-8090-exec-10] INFO  UserService            - 获取用户列表，角色：null
25-01-22.23:25:50.462 [http-nio-8090-exec-1] INFO  UserController         - 收到获取用户列表请求，角色：null
25-01-22.23:25:50.462 [http-nio-8090-exec-1] INFO  UserService            - 获取用户列表，角色：null
25-01-22.23:25:52.225 [http-nio-8090-exec-2] INFO  UserController         - 收到获取用户列表请求，角色：null
25-01-22.23:25:52.226 [http-nio-8090-exec-2] INFO  UserService            - 获取用户列表，角色：null
25-01-22.23:25:57.305 [http-nio-8090-exec-4] INFO  UserController         - 收到获取用户列表请求，角色：null
25-01-22.23:25:57.305 [http-nio-8090-exec-4] INFO  UserService            - 获取用户列表，角色：null
25-01-22.23:26:04.492 [http-nio-8090-exec-3] INFO  UserController         - 收到获取用户列表请求，角色：null
25-01-22.23:26:04.493 [http-nio-8090-exec-3] INFO  UserService            - 获取用户列表，角色：null
25-01-22.23:27:04.374 [http-nio-8090-exec-5] INFO  UserController         - 收到获取用户信息请求，用户ID：1
25-01-22.23:27:04.375 [http-nio-8090-exec-5] INFO  UserService            - 获取用户信息，用户ID：1
25-01-22.23:27:04.623 [http-nio-8090-exec-8] INFO  UserController         - 收到获取用户列表请求，角色：null
25-01-22.23:27:04.624 [http-nio-8090-exec-8] INFO  UserService            - 获取用户列表，角色：null
25-01-22.23:27:15.969 [http-nio-8090-exec-7] INFO  UserController         - 收到获取用户列表请求，角色：null
25-01-22.23:27:15.970 [http-nio-8090-exec-7] INFO  UserService            - 获取用户列表，角色：null
25-01-22.23:29:06.792 [http-nio-8090-exec-6] INFO  UserController         - 收到获取用户列表请求，角色：
25-01-22.23:29:06.793 [http-nio-8090-exec-6] INFO  UserService            - 获取用户列表，角色：
25-01-22.23:29:06.794 [http-nio-8090-exec-6] WARN  UserService            - 没有找到角色为  的用户
25-01-22.23:29:17.477 [http-nio-8090-exec-9] INFO  UserController         - 收到获取用户列表请求，角色：
25-01-22.23:29:17.477 [http-nio-8090-exec-9] INFO  UserService            - 获取用户列表，角色：
25-01-22.23:29:17.479 [http-nio-8090-exec-9] WARN  UserService            - 没有找到角色为  的用户
25-01-22.23:29:23.594 [http-nio-8090-exec-10] INFO  UserController         - 收到获取用户列表请求，角色：
25-01-22.23:29:23.594 [http-nio-8090-exec-10] INFO  UserService            - 获取用户列表，角色：
25-01-22.23:29:23.596 [http-nio-8090-exec-10] WARN  UserService            - 没有找到角色为  的用户
25-01-22.23:30:36.107 [http-nio-8090-exec-1] INFO  UserController         - 收到获取用户列表请求，角色：null
25-01-22.23:30:36.108 [http-nio-8090-exec-1] INFO  UserService            - 获取用户列表，角色：null
25-01-22.23:30:38.363 [http-nio-8090-exec-2] INFO  UserController         - 收到获取用户列表请求，角色：null
25-01-22.23:30:38.364 [http-nio-8090-exec-2] INFO  UserService            - 获取用户列表，角色：null
25-01-22.23:30:45.861 [http-nio-8090-exec-4] INFO  UserController         - 收到获取用户列表请求，角色：null
25-01-22.23:30:45.862 [http-nio-8090-exec-4] INFO  UserService            - 获取用户列表，角色：null
25-01-22.23:30:49.047 [http-nio-8090-exec-3] INFO  UserController         - 收到获取用户列表请求，角色：null
25-01-22.23:30:49.048 [http-nio-8090-exec-3] INFO  UserService            - 获取用户列表，角色：null
25-01-22.23:31:03.207 [http-nio-8090-exec-5] INFO  UserController         - 收到获取用户列表请求，角色：admin
25-01-22.23:31:03.207 [http-nio-8090-exec-5] INFO  UserService            - 获取用户列表，角色：admin
25-01-22.23:31:03.527 [http-nio-8090-exec-8] INFO  UserController         - 收到获取用户列表请求，角色：admin
25-01-22.23:31:03.528 [http-nio-8090-exec-8] INFO  UserService            - 获取用户列表，角色：admin
25-01-22.23:31:05.181 [http-nio-8090-exec-7] INFO  UserController         - 收到获取用户列表请求，角色：psychologist
25-01-22.23:31:05.182 [http-nio-8090-exec-7] INFO  UserService            - 获取用户列表，角色：psychologist
25-01-22.23:31:05.183 [http-nio-8090-exec-7] WARN  UserService            - 没有找到角色为 psychologist 的用户
25-01-22.23:31:05.492 [http-nio-8090-exec-6] INFO  UserController         - 收到获取用户列表请求，角色：psychologist
25-01-22.23:31:05.493 [http-nio-8090-exec-6] INFO  UserService            - 获取用户列表，角色：psychologist
25-01-22.23:31:05.494 [http-nio-8090-exec-6] WARN  UserService            - 没有找到角色为 psychologist 的用户
25-01-22.23:31:06.892 [http-nio-8090-exec-9] INFO  UserController         - 收到获取用户列表请求，角色：user
25-01-22.23:31:06.893 [http-nio-8090-exec-9] INFO  UserService            - 获取用户列表，角色：user
25-01-22.23:31:07.159 [http-nio-8090-exec-10] INFO  UserController         - 收到获取用户列表请求，角色：user
25-01-22.23:31:07.160 [http-nio-8090-exec-10] INFO  UserService            - 获取用户列表，角色：user
25-01-22.23:31:08.774 [http-nio-8090-exec-1] INFO  UserController         - 收到获取用户列表请求，角色：null
25-01-22.23:31:08.775 [http-nio-8090-exec-1] INFO  UserService            - 获取用户列表，角色：null
25-01-22.23:31:09.096 [http-nio-8090-exec-2] INFO  UserController         - 收到获取用户列表请求，角色：null
25-01-22.23:31:09.096 [http-nio-8090-exec-2] INFO  UserService            - 获取用户列表，角色：null
25-01-22.23:31:42.343 [http-nio-8090-exec-4] INFO  UserController         - 收到获取用户信息请求，用户ID：1
25-01-22.23:31:42.344 [http-nio-8090-exec-4] INFO  UserService            - 获取用户信息，用户ID：1
25-01-22.23:31:42.679 [http-nio-8090-exec-3] INFO  UserController         - 收到获取用户列表请求，角色：null
25-01-22.23:31:42.679 [http-nio-8090-exec-3] INFO  UserService            - 获取用户列表，角色：null
25-01-22.23:31:45.936 [http-nio-8090-exec-5] INFO  UserController         - 收到获取用户列表请求，角色：null
25-01-22.23:31:45.937 [http-nio-8090-exec-5] INFO  UserService            - 获取用户列表，角色：null
25-01-22.23:31:49.756 [http-nio-8090-exec-8] INFO  UserController         - 收到获取用户列表请求，角色：null
25-01-22.23:31:49.757 [http-nio-8090-exec-8] INFO  UserService            - 获取用户列表，角色：null
25-01-22.23:31:59.312 [http-nio-8090-exec-7] INFO  UserController         - 收到获取用户列表请求，角色：null
25-01-22.23:31:59.313 [http-nio-8090-exec-7] INFO  UserService            - 获取用户列表，角色：null
25-01-22.23:32:18.701 [http-nio-8090-exec-6] INFO  UserController         - 收到获取用户列表请求，角色：null
25-01-22.23:32:18.702 [http-nio-8090-exec-6] INFO  UserService            - 获取用户列表，角色：null
25-01-22.23:32:20.750 [http-nio-8090-exec-9] INFO  UserController         - 收到获取用户列表请求，角色：null
25-01-22.23:32:20.751 [http-nio-8090-exec-9] INFO  UserService            - 获取用户列表，角色：null
25-01-22.23:32:26.781 [http-nio-8090-exec-10] INFO  UserController         - 收到获取用户列表请求，角色：null
25-01-22.23:32:26.782 [http-nio-8090-exec-10] INFO  UserService            - 获取用户列表，角色：null
25-01-22.23:33:30.598 [http-nio-8090-exec-1] INFO  UserController         - 收到获取用户列表请求，角色：null
25-01-22.23:33:30.599 [http-nio-8090-exec-1] INFO  UserService            - 获取用户列表，角色：null
25-01-22.23:33:34.219 [http-nio-8090-exec-2] INFO  UserController         - 收到获取用户列表请求，角色：null
25-01-22.23:33:34.220 [http-nio-8090-exec-2] INFO  UserService            - 获取用户列表，角色：null
25-01-22.23:33:43.185 [http-nio-8090-exec-4] INFO  UserController         - 收到获取用户列表请求，角色：null
25-01-22.23:33:43.185 [http-nio-8090-exec-4] INFO  UserService            - 获取用户列表，角色：null
25-01-22.23:34:05.216 [http-nio-8090-exec-3] INFO  UserController         - 收到获取用户列表请求，角色：null
25-01-22.23:34:05.217 [http-nio-8090-exec-3] INFO  UserService            - 获取用户列表，角色：null
25-01-22.23:34:07.447 [http-nio-8090-exec-5] INFO  UserController         - 收到获取用户列表请求，角色：null
25-01-22.23:34:07.447 [http-nio-8090-exec-5] INFO  UserService            - 获取用户列表，角色：null
25-01-22.23:34:13.494 [http-nio-8090-exec-8] INFO  UserController         - 收到获取用户列表请求，角色：null
25-01-22.23:34:13.494 [http-nio-8090-exec-8] INFO  UserService            - 获取用户列表，角色：null
25-01-22.23:34:19.726 [http-nio-8090-exec-7] INFO  UserController         - 收到获取用户列表请求，角色：null
25-01-22.23:34:19.726 [http-nio-8090-exec-7] INFO  UserService            - 获取用户列表，角色：null
25-01-22.23:34:27.197 [http-nio-8090-exec-6] INFO  UserController         - 收到获取用户信息请求，用户ID：1
25-01-22.23:34:27.197 [http-nio-8090-exec-6] INFO  UserService            - 获取用户信息，用户ID：1
25-01-22.23:34:27.443 [http-nio-8090-exec-9] INFO  UserController         - 收到获取用户列表请求，角色：null
25-01-22.23:34:27.444 [http-nio-8090-exec-9] INFO  UserService            - 获取用户列表，角色：null
25-01-22.23:34:35.690 [http-nio-8090-exec-10] INFO  UserController         - 收到获取用户列表请求，角色：null
25-01-22.23:34:35.692 [http-nio-8090-exec-10] INFO  UserService            - 获取用户列表，角色：null
25-01-22.23:34:52.905 [http-nio-8090-exec-1] INFO  UserController         - 收到获取用户列表请求，角色：null
25-01-22.23:34:52.906 [http-nio-8090-exec-1] INFO  UserService            - 获取用户列表，角色：null
25-01-22.23:34:56.270 [http-nio-8090-exec-2] INFO  UserController         - 收到获取用户列表请求，角色：null
25-01-22.23:34:56.271 [http-nio-8090-exec-2] INFO  UserService            - 获取用户列表，角色：null
25-01-22.23:35:00.668 [http-nio-8090-exec-4] INFO  UserController         - 收到获取用户列表请求，角色：null
25-01-22.23:35:00.668 [http-nio-8090-exec-4] INFO  UserService            - 获取用户列表，角色：null
25-01-22.23:35:16.423 [http-nio-8090-exec-3] INFO  UserController         - 收到获取用户列表请求，角色：null
25-01-22.23:35:16.424 [http-nio-8090-exec-3] INFO  UserService            - 获取用户列表，角色：null
25-01-22.23:35:29.859 [http-nio-8090-exec-5] INFO  UserController         - 收到获取用户列表请求，角色：null
25-01-22.23:35:29.860 [http-nio-8090-exec-5] INFO  UserService            - 获取用户列表，角色：null
25-01-22.23:35:38.630 [http-nio-8090-exec-8] INFO  UserController         - 收到获取用户列表请求，角色：null
25-01-22.23:35:38.630 [http-nio-8090-exec-8] INFO  UserService            - 获取用户列表，角色：null
25-01-22.23:36:03.984 [http-nio-8090-exec-7] INFO  UserController         - 收到获取用户列表请求，角色：null
25-01-22.23:36:03.984 [http-nio-8090-exec-7] INFO  UserService            - 获取用户列表，角色：null
25-01-22.23:36:42.040 [http-nio-8090-exec-6] INFO  UserController         - 收到获取用户信息请求，用户ID：1
25-01-22.23:36:42.040 [http-nio-8090-exec-6] INFO  UserService            - 获取用户信息，用户ID：1
25-01-22.23:36:42.298 [http-nio-8090-exec-9] INFO  UserController         - 收到获取用户列表请求，角色：null
25-01-22.23:36:42.299 [http-nio-8090-exec-9] INFO  UserService            - 获取用户列表，角色：null
25-01-22.23:36:45.208 [http-nio-8090-exec-10] INFO  UserController         - 收到获取用户列表请求，角色：null
25-01-22.23:36:45.209 [http-nio-8090-exec-10] INFO  UserService            - 获取用户列表，角色：null
25-01-22.23:36:47.033 [http-nio-8090-exec-1] INFO  UserController         - 收到获取用户列表请求，角色：null
25-01-22.23:36:47.033 [http-nio-8090-exec-1] INFO  UserService            - 获取用户列表，角色：null
25-01-22.23:37:18.249 [http-nio-8090-exec-2] INFO  UserController         - 收到获取用户列表请求，角色：null
25-01-22.23:37:18.250 [http-nio-8090-exec-2] INFO  UserService            - 获取用户列表，角色：null
25-01-22.23:37:22.113 [http-nio-8090-exec-4] INFO  UserController         - 收到获取用户列表请求，角色：null
25-01-22.23:37:22.113 [http-nio-8090-exec-4] INFO  UserService            - 获取用户列表，角色：null
25-01-22.23:37:32.386 [http-nio-8090-exec-3] INFO  UserController         - 收到获取用户列表请求，角色：null
25-01-22.23:37:32.387 [http-nio-8090-exec-3] INFO  UserService            - 获取用户列表，角色：null
25-01-22.23:37:54.121 [http-nio-8090-exec-5] INFO  UserController         - 收到获取用户列表请求，角色：null
25-01-22.23:37:54.122 [http-nio-8090-exec-5] INFO  UserService            - 获取用户列表，角色：null
25-01-22.23:38:07.295 [http-nio-8090-exec-8] INFO  UserController         - 收到获取用户列表请求，角色：null
25-01-22.23:38:07.295 [http-nio-8090-exec-8] INFO  UserService            - 获取用户列表，角色：null
25-01-22.23:38:18.319 [http-nio-8090-exec-7] INFO  UserController         - 收到获取用户列表请求，角色：null
25-01-22.23:38:18.320 [http-nio-8090-exec-7] INFO  UserService            - 获取用户列表，角色：null
25-01-22.23:38:21.916 [http-nio-8090-exec-6] INFO  UserController         - 收到获取用户列表请求，角色：admin
25-01-22.23:38:21.917 [http-nio-8090-exec-6] INFO  UserService            - 获取用户列表，角色：admin
25-01-22.23:38:22.237 [http-nio-8090-exec-9] INFO  UserController         - 收到获取用户列表请求，角色：admin
25-01-22.23:38:22.237 [http-nio-8090-exec-9] INFO  UserService            - 获取用户列表，角色：admin
25-01-22.23:38:23.698 [http-nio-8090-exec-10] INFO  UserController         - 收到获取用户列表请求，角色：psychologist
25-01-22.23:38:23.699 [http-nio-8090-exec-10] INFO  UserService            - 获取用户列表，角色：psychologist
25-01-22.23:38:23.700 [http-nio-8090-exec-10] WARN  UserService            - 没有找到角色为 psychologist 的用户
25-01-22.23:38:23.961 [http-nio-8090-exec-1] INFO  UserController         - 收到获取用户列表请求，角色：psychologist
25-01-22.23:38:23.962 [http-nio-8090-exec-1] INFO  UserService            - 获取用户列表，角色：psychologist
25-01-22.23:38:23.963 [http-nio-8090-exec-1] WARN  UserService            - 没有找到角色为 psychologist 的用户
25-01-22.23:38:25.239 [http-nio-8090-exec-2] INFO  UserController         - 收到获取用户列表请求，角色：user
25-01-22.23:38:25.239 [http-nio-8090-exec-2] INFO  UserService            - 获取用户列表，角色：user
25-01-22.23:38:25.556 [http-nio-8090-exec-4] INFO  UserController         - 收到获取用户列表请求，角色：user
25-01-22.23:38:25.556 [http-nio-8090-exec-4] INFO  UserService            - 获取用户列表，角色：user
25-01-22.23:38:30.981 [http-nio-8090-exec-3] INFO  UserController         - 收到获取用户列表请求，角色：admin
25-01-22.23:38:30.981 [http-nio-8090-exec-3] INFO  UserService            - 获取用户列表，角色：admin
25-01-22.23:38:31.229 [http-nio-8090-exec-5] INFO  UserController         - 收到获取用户列表请求，角色：admin
25-01-22.23:38:31.229 [http-nio-8090-exec-5] INFO  UserService            - 获取用户列表，角色：admin
25-01-22.23:38:33.402 [http-nio-8090-exec-8] INFO  UserController         - 收到获取用户列表请求，角色：null
25-01-22.23:38:33.403 [http-nio-8090-exec-8] INFO  UserService            - 获取用户列表，角色：null
25-01-22.23:38:33.724 [http-nio-8090-exec-7] INFO  UserController         - 收到获取用户列表请求，角色：null
25-01-22.23:38:33.725 [http-nio-8090-exec-7] INFO  UserService            - 获取用户列表，角色：null
25-01-22.23:38:49.620 [http-nio-8090-exec-6] INFO  UserController         - 收到获取用户列表请求，角色：null
25-01-22.23:38:49.621 [http-nio-8090-exec-6] INFO  UserService            - 获取用户列表，角色：null
25-01-22.23:38:52.490 [http-nio-8090-exec-9] INFO  UserController         - 收到获取用户列表请求，角色：null
25-01-22.23:38:52.491 [http-nio-8090-exec-9] INFO  UserService            - 获取用户列表，角色：null
25-01-22.23:39:01.585 [http-nio-8090-exec-10] INFO  UserController         - 收到获取用户列表请求，角色：null
25-01-22.23:39:01.586 [http-nio-8090-exec-10] INFO  UserService            - 获取用户列表，角色：null
25-01-22.23:39:03.134 [http-nio-8090-exec-1] INFO  UserController         - 收到获取用户列表请求，角色：null
25-01-22.23:39:03.135 [http-nio-8090-exec-1] INFO  UserService            - 获取用户列表，角色：null
25-01-22.23:39:04.644 [http-nio-8090-exec-2] INFO  UserController         - 收到获取用户列表请求，角色：admin
25-01-22.23:39:04.645 [http-nio-8090-exec-2] INFO  UserService            - 获取用户列表，角色：admin
25-01-22.23:39:04.955 [http-nio-8090-exec-4] INFO  UserController         - 收到获取用户列表请求，角色：admin
25-01-22.23:39:04.956 [http-nio-8090-exec-4] INFO  UserService            - 获取用户列表，角色：admin
25-01-22.23:39:06.564 [http-nio-8090-exec-3] INFO  UserController         - 收到获取用户列表请求，角色：doctor
25-01-22.23:39:06.565 [http-nio-8090-exec-3] INFO  UserService            - 获取用户列表，角色：doctor
25-01-22.23:39:06.828 [http-nio-8090-exec-5] INFO  UserController         - 收到获取用户列表请求，角色：doctor
25-01-22.23:39:06.829 [http-nio-8090-exec-5] INFO  UserService            - 获取用户列表，角色：doctor
25-01-22.23:39:08.206 [http-nio-8090-exec-8] INFO  UserController         - 收到获取用户列表请求，角色：user
25-01-22.23:39:08.207 [http-nio-8090-exec-8] INFO  UserService            - 获取用户列表，角色：user
25-01-22.23:39:08.523 [http-nio-8090-exec-7] INFO  UserController         - 收到获取用户列表请求，角色：user
25-01-22.23:39:08.524 [http-nio-8090-exec-7] INFO  UserService            - 获取用户列表，角色：user
25-01-22.23:39:09.433 [http-nio-8090-exec-6] INFO  UserController         - 收到获取用户列表请求，角色：null
25-01-22.23:39:09.433 [http-nio-8090-exec-6] INFO  UserService            - 获取用户列表，角色：null
25-01-22.23:39:09.756 [http-nio-8090-exec-9] INFO  UserController         - 收到获取用户列表请求，角色：null
25-01-22.23:39:09.756 [http-nio-8090-exec-9] INFO  UserService            - 获取用户列表，角色：null
25-01-22.23:39:39.604 [http-nio-8090-exec-10] INFO  UserController         - 收到获取用户列表请求，角色：null
25-01-22.23:39:39.605 [http-nio-8090-exec-10] INFO  UserService            - 获取用户列表，角色：null
25-01-22.23:39:50.470 [http-nio-8090-exec-1] INFO  UserController         - 收到获取用户列表请求，角色：null
25-01-22.23:39:50.470 [http-nio-8090-exec-1] INFO  UserService            - 获取用户列表，角色：null
25-01-22.23:40:06.411 [SpringApplicationShutdownHook] INFO  HikariDataSource       - HikariPool-1 - Shutdown initiated...
25-01-22.23:40:06.417 [SpringApplicationShutdownHook] INFO  HikariDataSource       - HikariPool-1 - Shutdown completed.
