25-01-21.20:56:11.709 [main            ] INFO  App                    - Starting App using Java 1.8.0_321 on LAPTOP-MV2KUHP1 with PID 720 (F:\code\work\mental-health\management\target\classes started by Lenovo in F:\code\work\mental-health\management)
25-01-21.20:56:11.711 [main            ] DEBUG App                    - Running with Spring Boot v2.7.12, Spring v5.3.27
25-01-21.20:56:11.712 [main            ] INFO  App                    - The following 1 profile is active: "dev"
25-01-21.20:56:12.240 [main            ] INFO  RepositoryConfigurationDelegate - Bootstrapping Spring Data MongoDB repositories in DEFAULT mode.
25-01-21.20:56:12.253 [main            ] INFO  RepositoryConfigurationDelegate - Finished Spring Data repository scanning in 9 ms. Found 0 MongoDB repository interfaces.
25-01-21.20:56:12.652 [main            ] INFO  TomcatWebServer        - Tomcat initialized with port(s): 8090 (http)
25-01-21.20:56:12.653 [main            ] INFO  AprLifecycleListener   - Loaded Apache Tomcat Native library [1.2.35] using APR version [1.7.0].
25-01-21.20:56:12.653 [main            ] INFO  AprLifecycleListener   - APR capabilities: IPv6 [true], sendfile [true], accept filters [false], random [true], UDS [true].
25-01-21.20:56:12.653 [main            ] INFO  AprLifecycleListener   - APR/OpenSSL configuration: useAprConnector [false], useOpenSSL [true]
25-01-21.20:56:12.656 [main            ] INFO  AprLifecycleListener   - OpenSSL successfully initialized [OpenSSL 1.1.1q  5 Jul 2022]
25-01-21.20:56:12.664 [main            ] INFO  Http11NioProtocol      - Initializing ProtocolHandler ["http-nio-8090"]
25-01-21.20:56:12.664 [main            ] INFO  StandardService        - Starting service [Tomcat]
25-01-21.20:56:12.664 [main            ] INFO  StandardEngine         - Starting Servlet engine: [Apache Tomcat/9.0.75]
25-01-21.20:56:12.807 [main            ] INFO  [/]                    - Initializing Spring embedded WebApplicationContext
25-01-21.20:56:12.807 [main            ] INFO  ServletWebServerApplicationContext - Root WebApplicationContext: initialization completed in 1046 ms
25-01-21.20:56:13.230 [main            ] INFO  client                 - MongoClient with metadata {"driver": {"name": "mongo-java-driver|sync|spring-boot", "version": "4.6.1"}, "os": {"type": "Windows", "name": "Windows 10", "architecture": "amd64", "version": "10.0"}, "platform": "Java/Oracle Corporation/1.8.0_321-b07"} created with settings MongoClientSettings{readPreference=primary, writeConcern=WriteConcern{w=null, wTimeout=null ms, journal=null}, retryWrites=true, retryReads=true, readConcern=ReadConcern{level=null}, credential=null, streamFactoryFactory=null, commandListeners=[], codecRegistry=ProvidersCodecRegistry{codecProviders=[ValueCodecProvider{}, BsonValueCodecProvider{}, DBRefCodecProvider{}, DBObjectCodecProvider{}, DocumentCodecProvider{}, IterableCodecProvider{}, MapCodecProvider{}, GeoJsonCodecProvider{}, GridFSFileCodecProvider{}, Jsr310CodecProvider{}, JsonObjectCodecProvider{}, BsonCodecProvider{}, EnumCodecProvider{}, com.mongodb.Jep395RecordCodecProvider@426131d7]}, clusterSettings={hosts=[localhost:27017], srvServiceName=mongodb, mode=SINGLE, requiredClusterType=UNKNOWN, requiredReplicaSetName='null', serverSelector='null', clusterListeners='[]', serverSelectionTimeout='30000 ms', localThreshold='30000 ms'}, socketSettings=SocketSettings{connectTimeoutMS=10000, readTimeoutMS=0, receiveBufferSize=0, sendBufferSize=0}, heartbeatSocketSettings=SocketSettings{connectTimeoutMS=10000, readTimeoutMS=10000, receiveBufferSize=0, sendBufferSize=0}, connectionPoolSettings=ConnectionPoolSettings{maxSize=100, minSize=0, maxWaitTimeMS=120000, maxConnectionLifeTimeMS=0, maxConnectionIdleTimeMS=0, maintenanceInitialDelayMS=0, maintenanceFrequencyMS=60000, connectionPoolListeners=[], maxConnecting=2}, serverSettings=ServerSettings{heartbeatFrequencyMS=10000, minHeartbeatFrequencyMS=500, serverListeners='[]', serverMonitorListeners='[]'}, sslSettings=SslSettings{enabled=false, invalidHostNameAllowed=false, context=null}, applicationName='null', compressorList=[], uuidRepresentation=JAVA_LEGACY, serverApi=null, autoEncryptionSettings=null, contextProvider=null}
25-01-21.20:56:13.726 [main            ] INFO  Http11NioProtocol      - Starting ProtocolHandler ["http-nio-8090"]
25-01-21.20:56:13.739 [main            ] INFO  TomcatWebServer        - Tomcat started on port(s): 8090 (http) with context path ''
25-01-21.20:56:13.746 [main            ] INFO  App                    - Started App in 2.472 seconds (JVM running for 4.04)
25-01-21.20:56:15.254 [cluster-ClusterId{value='678f996dbdd03c259a85b252', description='null'}-localhost:27017] INFO  cluster                - Exception in monitor thread while connecting to server localhost:27017
com.mongodb.MongoSocketOpenException: Exception opening socket
	at com.mongodb.internal.connection.SocketStream.open(SocketStream.java:70)
	at com.mongodb.internal.connection.InternalStreamConnection.open(InternalStreamConnection.java:180)
	at com.mongodb.internal.connection.DefaultServerMonitor$ServerMonitorRunnable.lookupServerDescription(DefaultServerMonitor.java:193)
	at com.mongodb.internal.connection.DefaultServerMonitor$ServerMonitorRunnable.run(DefaultServerMonitor.java:157)
	at java.lang.Thread.run(Thread.java:750)
Caused by: java.net.ConnectException: Connection refused: connect
	at java.net.DualStackPlainSocketImpl.waitForConnect(Native Method)
	at java.net.DualStackPlainSocketImpl.socketConnect(DualStackPlainSocketImpl.java:81)
	at java.net.AbstractPlainSocketImpl.doConnect(AbstractPlainSocketImpl.java:476)
	at java.net.AbstractPlainSocketImpl.connectToAddress(AbstractPlainSocketImpl.java:218)
	at java.net.AbstractPlainSocketImpl.connect(AbstractPlainSocketImpl.java:200)
	at java.net.PlainSocketImpl.connect(PlainSocketImpl.java:162)
	at java.net.SocksSocketImpl.connect(SocksSocketImpl.java:394)
	at java.net.Socket.connect(Socket.java:606)
	at com.mongodb.internal.connection.SocketStreamHelper.initialize(SocketStreamHelper.java:107)
	at com.mongodb.internal.connection.SocketStream.initializeSocket(SocketStream.java:79)
	at com.mongodb.internal.connection.SocketStream.open(SocketStream.java:65)
	... 4 common frames omitted
25-01-21.20:56:47.708 [main            ] INFO  App                    - Starting App using Java 1.8.0_321 on LAPTOP-MV2KUHP1 with PID 3736 (F:\code\work\mental-health\management\target\classes started by Lenovo in F:\code\work\mental-health\management)
25-01-21.20:56:47.711 [main            ] DEBUG App                    - Running with Spring Boot v2.7.12, Spring v5.3.27
25-01-21.20:56:47.711 [main            ] INFO  App                    - The following 1 profile is active: "dev"
25-01-21.20:56:48.332 [main            ] INFO  RepositoryConfigurationDelegate - Bootstrapping Spring Data MongoDB repositories in DEFAULT mode.
25-01-21.20:56:48.346 [main            ] INFO  RepositoryConfigurationDelegate - Finished Spring Data repository scanning in 9 ms. Found 0 MongoDB repository interfaces.
25-01-21.20:56:48.811 [main            ] INFO  TomcatWebServer        - Tomcat initialized with port(s): 8090 (http)
25-01-21.20:56:48.812 [main            ] INFO  AprLifecycleListener   - Loaded Apache Tomcat Native library [1.2.35] using APR version [1.7.0].
25-01-21.20:56:48.812 [main            ] INFO  AprLifecycleListener   - APR capabilities: IPv6 [true], sendfile [true], accept filters [false], random [true], UDS [true].
25-01-21.20:56:48.812 [main            ] INFO  AprLifecycleListener   - APR/OpenSSL configuration: useAprConnector [false], useOpenSSL [true]
25-01-21.20:56:48.814 [main            ] INFO  AprLifecycleListener   - OpenSSL successfully initialized [OpenSSL 1.1.1q  5 Jul 2022]
25-01-21.20:56:48.821 [main            ] INFO  Http11NioProtocol      - Initializing ProtocolHandler ["http-nio-8090"]
25-01-21.20:56:48.821 [main            ] INFO  StandardService        - Starting service [Tomcat]
25-01-21.20:56:48.821 [main            ] INFO  StandardEngine         - Starting Servlet engine: [Apache Tomcat/9.0.75]
25-01-21.20:56:48.966 [main            ] INFO  [/]                    - Initializing Spring embedded WebApplicationContext
25-01-21.20:56:48.966 [main            ] INFO  ServletWebServerApplicationContext - Root WebApplicationContext: initialization completed in 1184 ms
25-01-21.20:56:49.396 [main            ] INFO  client                 - MongoClient with metadata {"driver": {"name": "mongo-java-driver|sync|spring-boot", "version": "4.6.1"}, "os": {"type": "Windows", "name": "Windows 10", "architecture": "amd64", "version": "10.0"}, "platform": "Java/Oracle Corporation/1.8.0_321-b07"} created with settings MongoClientSettings{readPreference=primary, writeConcern=WriteConcern{w=null, wTimeout=null ms, journal=null}, retryWrites=true, retryReads=true, readConcern=ReadConcern{level=null}, credential=null, streamFactoryFactory=null, commandListeners=[], codecRegistry=ProvidersCodecRegistry{codecProviders=[ValueCodecProvider{}, BsonValueCodecProvider{}, DBRefCodecProvider{}, DBObjectCodecProvider{}, DocumentCodecProvider{}, IterableCodecProvider{}, MapCodecProvider{}, GeoJsonCodecProvider{}, GridFSFileCodecProvider{}, Jsr310CodecProvider{}, JsonObjectCodecProvider{}, BsonCodecProvider{}, EnumCodecProvider{}, com.mongodb.Jep395RecordCodecProvider@2f9b21d6]}, clusterSettings={hosts=[localhost:27017], srvServiceName=mongodb, mode=SINGLE, requiredClusterType=UNKNOWN, requiredReplicaSetName='null', serverSelector='null', clusterListeners='[]', serverSelectionTimeout='30000 ms', localThreshold='30000 ms'}, socketSettings=SocketSettings{connectTimeoutMS=10000, readTimeoutMS=0, receiveBufferSize=0, sendBufferSize=0}, heartbeatSocketSettings=SocketSettings{connectTimeoutMS=10000, readTimeoutMS=10000, receiveBufferSize=0, sendBufferSize=0}, connectionPoolSettings=ConnectionPoolSettings{maxSize=100, minSize=0, maxWaitTimeMS=120000, maxConnectionLifeTimeMS=0, maxConnectionIdleTimeMS=0, maintenanceInitialDelayMS=0, maintenanceFrequencyMS=60000, connectionPoolListeners=[], maxConnecting=2}, serverSettings=ServerSettings{heartbeatFrequencyMS=10000, minHeartbeatFrequencyMS=500, serverListeners='[]', serverMonitorListeners='[]'}, sslSettings=SslSettings{enabled=false, invalidHostNameAllowed=false, context=null}, applicationName='null', compressorList=[], uuidRepresentation=JAVA_LEGACY, serverApi=null, autoEncryptionSettings=null, contextProvider=null}
25-01-21.20:56:49.948 [main            ] INFO  Http11NioProtocol      - Starting ProtocolHandler ["http-nio-8090"]
25-01-21.20:56:49.962 [main            ] INFO  TomcatWebServer        - Tomcat started on port(s): 8090 (http) with context path ''
25-01-21.20:56:49.970 [main            ] INFO  App                    - Started App in 2.728 seconds (JVM running for 4.192)
25-01-21.20:56:51.436 [cluster-ClusterId{value='678f99915c86db485d4218ae', description='null'}-localhost:27017] INFO  cluster                - Exception in monitor thread while connecting to server localhost:27017
com.mongodb.MongoSocketOpenException: Exception opening socket
	at com.mongodb.internal.connection.SocketStream.open(SocketStream.java:70)
	at com.mongodb.internal.connection.InternalStreamConnection.open(InternalStreamConnection.java:180)
	at com.mongodb.internal.connection.DefaultServerMonitor$ServerMonitorRunnable.lookupServerDescription(DefaultServerMonitor.java:193)
	at com.mongodb.internal.connection.DefaultServerMonitor$ServerMonitorRunnable.run(DefaultServerMonitor.java:157)
	at java.lang.Thread.run(Thread.java:750)
Caused by: java.net.ConnectException: Connection refused: connect
	at java.net.DualStackPlainSocketImpl.waitForConnect(Native Method)
	at java.net.DualStackPlainSocketImpl.socketConnect(DualStackPlainSocketImpl.java:81)
	at java.net.AbstractPlainSocketImpl.doConnect(AbstractPlainSocketImpl.java:476)
	at java.net.AbstractPlainSocketImpl.connectToAddress(AbstractPlainSocketImpl.java:218)
	at java.net.AbstractPlainSocketImpl.connect(AbstractPlainSocketImpl.java:200)
	at java.net.PlainSocketImpl.connect(PlainSocketImpl.java:162)
	at java.net.SocksSocketImpl.connect(SocksSocketImpl.java:394)
	at java.net.Socket.connect(Socket.java:606)
	at com.mongodb.internal.connection.SocketStreamHelper.initialize(SocketStreamHelper.java:107)
	at com.mongodb.internal.connection.SocketStream.initializeSocket(SocketStream.java:79)
	at com.mongodb.internal.connection.SocketStream.open(SocketStream.java:65)
	... 4 common frames omitted
25-01-21.20:57:01.449 [cluster-rtt-ClusterId{value='678f99915c86db485d4218ae', description='null'}-localhost:27017] INFO  connection             - Opened connection [connectionId{localValue:3, serverValue:1}] to localhost:27017
25-01-21.20:57:01.456 [cluster-ClusterId{value='678f99915c86db485d4218ae', description='null'}-localhost:27017] INFO  connection             - Opened connection [connectionId{localValue:4, serverValue:2}] to localhost:27017
25-01-21.20:57:01.456 [cluster-ClusterId{value='678f99915c86db485d4218ae', description='null'}-localhost:27017] INFO  cluster                - Monitor thread successfully connected to server with description ServerDescription{address=localhost:27017, type=STANDALONE, state=CONNECTED, ok=true, minWireVersion=0, maxWireVersion=21, maxDocumentSize=16777216, logicalSessionTimeoutMinutes=30, roundTripTimeNanos=1756200}
25-01-21.20:57:08.148 [main            ] INFO  App                    - Starting App using Java 1.8.0_321 on LAPTOP-MV2KUHP1 with PID 5972 (F:\code\work\mental-health\management\target\classes started by Lenovo in F:\code\work\mental-health\management)
25-01-21.20:57:08.150 [main            ] DEBUG App                    - Running with Spring Boot v2.7.12, Spring v5.3.27
25-01-21.20:57:08.150 [main            ] INFO  App                    - The following 1 profile is active: "dev"
25-01-21.20:57:08.589 [main            ] INFO  RepositoryConfigurationDelegate - Bootstrapping Spring Data MongoDB repositories in DEFAULT mode.
25-01-21.20:57:08.603 [main            ] INFO  RepositoryConfigurationDelegate - Finished Spring Data repository scanning in 9 ms. Found 0 MongoDB repository interfaces.
25-01-21.20:57:08.960 [main            ] INFO  TomcatWebServer        - Tomcat initialized with port(s): 8090 (http)
25-01-21.20:57:08.961 [main            ] INFO  AprLifecycleListener   - Loaded Apache Tomcat Native library [1.2.35] using APR version [1.7.0].
25-01-21.20:57:08.961 [main            ] INFO  AprLifecycleListener   - APR capabilities: IPv6 [true], sendfile [true], accept filters [false], random [true], UDS [true].
25-01-21.20:57:08.961 [main            ] INFO  AprLifecycleListener   - APR/OpenSSL configuration: useAprConnector [false], useOpenSSL [true]
25-01-21.20:57:08.963 [main            ] INFO  AprLifecycleListener   - OpenSSL successfully initialized [OpenSSL 1.1.1q  5 Jul 2022]
25-01-21.20:57:08.969 [main            ] INFO  Http11NioProtocol      - Initializing ProtocolHandler ["http-nio-8090"]
25-01-21.20:57:08.969 [main            ] INFO  StandardService        - Starting service [Tomcat]
25-01-21.20:57:08.970 [main            ] INFO  StandardEngine         - Starting Servlet engine: [Apache Tomcat/9.0.75]
25-01-21.20:57:09.106 [main            ] INFO  [/]                    - Initializing Spring embedded WebApplicationContext
25-01-21.20:57:09.106 [main            ] INFO  ServletWebServerApplicationContext - Root WebApplicationContext: initialization completed in 911 ms
25-01-21.20:57:09.476 [main            ] INFO  client                 - MongoClient with metadata {"driver": {"name": "mongo-java-driver|sync|spring-boot", "version": "4.6.1"}, "os": {"type": "Windows", "name": "Windows 10", "architecture": "amd64", "version": "10.0"}, "platform": "Java/Oracle Corporation/1.8.0_321-b07"} created with settings MongoClientSettings{readPreference=primary, writeConcern=WriteConcern{w=null, wTimeout=null ms, journal=null}, retryWrites=true, retryReads=true, readConcern=ReadConcern{level=null}, credential=null, streamFactoryFactory=null, commandListeners=[], codecRegistry=ProvidersCodecRegistry{codecProviders=[ValueCodecProvider{}, BsonValueCodecProvider{}, DBRefCodecProvider{}, DBObjectCodecProvider{}, DocumentCodecProvider{}, IterableCodecProvider{}, MapCodecProvider{}, GeoJsonCodecProvider{}, GridFSFileCodecProvider{}, Jsr310CodecProvider{}, JsonObjectCodecProvider{}, BsonCodecProvider{}, EnumCodecProvider{}, com.mongodb.Jep395RecordCodecProvider@79ba0a6f]}, clusterSettings={hosts=[localhost:27017], srvServiceName=mongodb, mode=SINGLE, requiredClusterType=UNKNOWN, requiredReplicaSetName='null', serverSelector='null', clusterListeners='[]', serverSelectionTimeout='30000 ms', localThreshold='30000 ms'}, socketSettings=SocketSettings{connectTimeoutMS=10000, readTimeoutMS=0, receiveBufferSize=0, sendBufferSize=0}, heartbeatSocketSettings=SocketSettings{connectTimeoutMS=10000, readTimeoutMS=10000, receiveBufferSize=0, sendBufferSize=0}, connectionPoolSettings=ConnectionPoolSettings{maxSize=100, minSize=0, maxWaitTimeMS=120000, maxConnectionLifeTimeMS=0, maxConnectionIdleTimeMS=0, maintenanceInitialDelayMS=0, maintenanceFrequencyMS=60000, connectionPoolListeners=[], maxConnecting=2}, serverSettings=ServerSettings{heartbeatFrequencyMS=10000, minHeartbeatFrequencyMS=500, serverListeners='[]', serverMonitorListeners='[]'}, sslSettings=SslSettings{enabled=false, invalidHostNameAllowed=false, context=null}, applicationName='null', compressorList=[], uuidRepresentation=JAVA_LEGACY, serverApi=null, autoEncryptionSettings=null, contextProvider=null}
25-01-21.20:57:09.483 [cluster-rtt-ClusterId{value='678f99a50931b935cdb9e6cb', description='null'}-localhost:27017] INFO  connection             - Opened connection [connectionId{localValue:2, serverValue:3}] to localhost:27017
25-01-21.20:57:09.483 [cluster-ClusterId{value='678f99a50931b935cdb9e6cb', description='null'}-localhost:27017] INFO  connection             - Opened connection [connectionId{localValue:1, serverValue:4}] to localhost:27017
25-01-21.20:57:09.484 [cluster-ClusterId{value='678f99a50931b935cdb9e6cb', description='null'}-localhost:27017] INFO  cluster                - Monitor thread successfully connected to server with description ServerDescription{address=localhost:27017, type=STANDALONE, state=CONNECTED, ok=true, minWireVersion=0, maxWireVersion=21, maxDocumentSize=16777216, logicalSessionTimeoutMinutes=30, roundTripTimeNanos=17210700}
25-01-21.20:57:09.947 [main            ] INFO  Http11NioProtocol      - Starting ProtocolHandler ["http-nio-8090"]
25-01-21.20:57:09.962 [main            ] INFO  TomcatWebServer        - Tomcat started on port(s): 8090 (http) with context path ''
25-01-21.20:57:09.969 [main            ] INFO  App                    - Started App in 2.206 seconds (JVM running for 3.534)
25-01-21.21:03:35.550 [http-nio-8090-exec-2] INFO  [/]                    - Initializing Spring DispatcherServlet 'dispatcherServlet'
25-01-21.21:03:35.550 [http-nio-8090-exec-2] INFO  DispatcherServlet      - Initializing Servlet 'dispatcherServlet'
25-01-21.21:03:35.551 [http-nio-8090-exec-2] INFO  DispatcherServlet      - Completed initialization in 1 ms
25-01-21.21:03:35.623 [http-nio-8090-exec-2] ERROR GlobalExceptionHandler - 系统异常
org.springframework.http.converter.HttpMessageNotReadableException: JSON parse error: Cannot coerce empty String ("") to element of `java.util.ArrayList<java.lang.String>` (but could if coercion was enabled using `CoercionConfig`); nested exception is com.fasterxml.jackson.databind.exc.InvalidFormatException: Cannot coerce empty String ("") to element of `java.util.ArrayList<java.lang.String>` (but could if coercion was enabled using `CoercionConfig`)
 at [Source: (org.springframework.util.StreamUtils$NonClosingInputStream); line: 5, column: 18] (through reference chain: com.dil.article.entity.Article["imageUrls"])
	at org.springframework.http.converter.json.AbstractJackson2HttpMessageConverter.readJavaType(AbstractJackson2HttpMessageConverter.java:391)
	at org.springframework.http.converter.json.AbstractJackson2HttpMessageConverter.read(AbstractJackson2HttpMessageConverter.java:343)
	at org.springframework.web.servlet.mvc.method.annotation.AbstractMessageConverterMethodArgumentResolver.readWithMessageConverters(AbstractMessageConverterMethodArgumentResolver.java:185)
	at org.springframework.web.servlet.mvc.method.annotation.RequestResponseBodyMethodProcessor.readWithMessageConverters(RequestResponseBodyMethodProcessor.java:160)
	at org.springframework.web.servlet.mvc.method.annotation.RequestResponseBodyMethodProcessor.resolveArgument(RequestResponseBodyMethodProcessor.java:133)
	at org.springframework.web.method.support.HandlerMethodArgumentResolverComposite.resolveArgument(HandlerMethodArgumentResolverComposite.java:122)
	at org.springframework.web.method.support.InvocableHandlerMethod.getMethodArgumentValues(InvocableHandlerMethod.java:179)
	at org.springframework.web.method.support.InvocableHandlerMethod.invokeForRequest(InvocableHandlerMethod.java:146)
	at org.springframework.web.servlet.mvc.method.annotation.ServletInvocableHandlerMethod.invokeAndHandle(ServletInvocableHandlerMethod.java:117)
	at org.springframework.web.servlet.mvc.method.annotation.RequestMappingHandlerAdapter.invokeHandlerMethod(RequestMappingHandlerAdapter.java:895)
	at org.springframework.web.servlet.mvc.method.annotation.RequestMappingHandlerAdapter.handleInternal(RequestMappingHandlerAdapter.java:808)
	at org.springframework.web.servlet.mvc.method.AbstractHandlerMethodAdapter.handle(AbstractHandlerMethodAdapter.java:87)
	at org.springframework.web.servlet.DispatcherServlet.doDispatch(DispatcherServlet.java:1072)
	at org.springframework.web.servlet.DispatcherServlet.doService(DispatcherServlet.java:965)
	at org.springframework.web.servlet.FrameworkServlet.processRequest(FrameworkServlet.java:1006)
	at org.springframework.web.servlet.FrameworkServlet.doPost(FrameworkServlet.java:909)
	at javax.servlet.http.HttpServlet.service(HttpServlet.java:555)
	at org.springframework.web.servlet.FrameworkServlet.service(FrameworkServlet.java:883)
	at javax.servlet.http.HttpServlet.service(HttpServlet.java:623)
	at org.apache.catalina.core.ApplicationFilterChain.internalDoFilter(ApplicationFilterChain.java:209)
	at org.apache.catalina.core.ApplicationFilterChain.doFilter(ApplicationFilterChain.java:153)
	at org.apache.tomcat.websocket.server.WsFilter.doFilter(WsFilter.java:51)
	at org.apache.catalina.core.ApplicationFilterChain.internalDoFilter(ApplicationFilterChain.java:178)
	at org.apache.catalina.core.ApplicationFilterChain.doFilter(ApplicationFilterChain.java:153)
	at org.springframework.web.filter.RequestContextFilter.doFilterInternal(RequestContextFilter.java:100)
	at org.springframework.web.filter.OncePerRequestFilter.doFilter(OncePerRequestFilter.java:117)
	at org.apache.catalina.core.ApplicationFilterChain.internalDoFilter(ApplicationFilterChain.java:178)
	at org.apache.catalina.core.ApplicationFilterChain.doFilter(ApplicationFilterChain.java:153)
	at org.springframework.web.filter.FormContentFilter.doFilterInternal(FormContentFilter.java:93)
	at org.springframework.web.filter.OncePerRequestFilter.doFilter(OncePerRequestFilter.java:117)
	at org.apache.catalina.core.ApplicationFilterChain.internalDoFilter(ApplicationFilterChain.java:178)
	at org.apache.catalina.core.ApplicationFilterChain.doFilter(ApplicationFilterChain.java:153)
	at org.springframework.web.filter.CharacterEncodingFilter.doFilterInternal(CharacterEncodingFilter.java:201)
	at org.springframework.web.filter.OncePerRequestFilter.doFilter(OncePerRequestFilter.java:117)
	at org.apache.catalina.core.ApplicationFilterChain.internalDoFilter(ApplicationFilterChain.java:178)
	at org.apache.catalina.core.ApplicationFilterChain.doFilter(ApplicationFilterChain.java:153)
	at org.apache.catalina.core.StandardWrapperValve.invoke(StandardWrapperValve.java:167)
	at org.apache.catalina.core.StandardContextValve.invoke(StandardContextValve.java:90)
	at org.apache.catalina.authenticator.AuthenticatorBase.invoke(AuthenticatorBase.java:481)
	at org.apache.catalina.core.StandardHostValve.invoke(StandardHostValve.java:130)
	at org.apache.catalina.valves.ErrorReportValve.invoke(ErrorReportValve.java:93)
	at org.apache.catalina.core.StandardEngineValve.invoke(StandardEngineValve.java:74)
	at org.apache.catalina.connector.CoyoteAdapter.service(CoyoteAdapter.java:343)
	at org.apache.coyote.http11.Http11Processor.service(Http11Processor.java:390)
	at org.apache.coyote.AbstractProcessorLight.process(AbstractProcessorLight.java:63)
	at org.apache.coyote.AbstractProtocol$ConnectionHandler.process(AbstractProtocol.java:926)
	at org.apache.tomcat.util.net.NioEndpoint$SocketProcessor.doRun(NioEndpoint.java:1791)
	at org.apache.tomcat.util.net.SocketProcessorBase.run(SocketProcessorBase.java:52)
	at org.apache.tomcat.util.threads.ThreadPoolExecutor.runWorker(ThreadPoolExecutor.java:1191)
	at org.apache.tomcat.util.threads.ThreadPoolExecutor$Worker.run(ThreadPoolExecutor.java:659)
	at org.apache.tomcat.util.threads.TaskThread$WrappingRunnable.run(TaskThread.java:61)
	at java.lang.Thread.run(Thread.java:750)
Caused by: com.fasterxml.jackson.databind.exc.InvalidFormatException: Cannot coerce empty String ("") to element of `java.util.ArrayList<java.lang.String>` (but could if coercion was enabled using `CoercionConfig`)
 at [Source: (org.springframework.util.StreamUtils$NonClosingInputStream); line: 5, column: 18] (through reference chain: com.dil.article.entity.Article["imageUrls"])
	at com.fasterxml.jackson.databind.exc.InvalidFormatException.from(InvalidFormatException.java:67)
	at com.fasterxml.jackson.databind.DeserializationContext.reportBadCoercion(DeserializationContext.java:1806)
	at com.fasterxml.jackson.databind.deser.std.StdDeserializer._checkCoercionFail(StdDeserializer.java:1490)
	at com.fasterxml.jackson.databind.deser.std.StdDeserializer._deserializeFromEmptyString(StdDeserializer.java:325)
	at com.fasterxml.jackson.databind.deser.std.StdDeserializer._deserializeFromString(StdDeserializer.java:270)
	at com.fasterxml.jackson.databind.deser.std.StringCollectionDeserializer.handleNonArray(StringCollectionDeserializer.java:284)
	at com.fasterxml.jackson.databind.deser.std.StringCollectionDeserializer.deserialize(StringCollectionDeserializer.java:192)
	at com.fasterxml.jackson.databind.deser.std.StringCollectionDeserializer.deserialize(StringCollectionDeserializer.java:182)
	at com.fasterxml.jackson.databind.deser.std.StringCollectionDeserializer.deserialize(StringCollectionDeserializer.java:25)
	at com.fasterxml.jackson.databind.deser.impl.MethodProperty.deserializeAndSet(MethodProperty.java:129)
	at com.fasterxml.jackson.databind.deser.BeanDeserializer.deserializeFromObject(BeanDeserializer.java:392)
	at com.fasterxml.jackson.databind.deser.BeanDeserializer.deserialize(BeanDeserializer.java:185)
	at com.fasterxml.jackson.databind.deser.DefaultDeserializationContext.readRootValue(DefaultDeserializationContext.java:323)
	at com.fasterxml.jackson.databind.ObjectMapper._readMapAndClose(ObjectMapper.java:4674)
	at com.fasterxml.jackson.databind.ObjectMapper.readValue(ObjectMapper.java:3682)
	at org.springframework.http.converter.json.AbstractJackson2HttpMessageConverter.readJavaType(AbstractJackson2HttpMessageConverter.java:380)
	... 51 common frames omitted
25-01-21.21:07:21.530 [http-nio-8090-exec-6] INFO  connection             - Opened connection [connectionId{localValue:3, serverValue:5}] to localhost:27017
25-01-21.22:43:45.103 [main            ] INFO  App                    - Starting App using Java 1.8.0_321 on LAPTOP-MV2KUHP1 with PID 6508 (F:\code\work\mental-health\management\target\classes started by Lenovo in F:\code\work\mental-health\management)
25-01-21.22:43:45.105 [main            ] DEBUG App                    - Running with Spring Boot v2.7.12, Spring v5.3.27
25-01-21.22:43:45.105 [main            ] INFO  App                    - The following 1 profile is active: "dev"
25-01-21.22:43:45.589 [main            ] INFO  RepositoryConfigurationDelegate - Bootstrapping Spring Data MongoDB repositories in DEFAULT mode.
25-01-21.22:43:45.604 [main            ] INFO  RepositoryConfigurationDelegate - Finished Spring Data repository scanning in 10 ms. Found 0 MongoDB repository interfaces.
25-01-21.22:43:45.977 [main            ] INFO  TomcatWebServer        - Tomcat initialized with port(s): 8090 (http)
25-01-21.22:43:45.978 [main            ] INFO  AprLifecycleListener   - Loaded Apache Tomcat Native library [1.2.35] using APR version [1.7.0].
25-01-21.22:43:45.978 [main            ] INFO  AprLifecycleListener   - APR capabilities: IPv6 [true], sendfile [true], accept filters [false], random [true], UDS [true].
25-01-21.22:43:45.978 [main            ] INFO  AprLifecycleListener   - APR/OpenSSL configuration: useAprConnector [false], useOpenSSL [true]
25-01-21.22:43:45.980 [main            ] INFO  AprLifecycleListener   - OpenSSL successfully initialized [OpenSSL 1.1.1q  5 Jul 2022]
25-01-21.22:43:45.985 [main            ] INFO  Http11NioProtocol      - Initializing ProtocolHandler ["http-nio-8090"]
25-01-21.22:43:45.986 [main            ] INFO  StandardService        - Starting service [Tomcat]
25-01-21.22:43:45.986 [main            ] INFO  StandardEngine         - Starting Servlet engine: [Apache Tomcat/9.0.75]
25-01-21.22:43:46.126 [main            ] INFO  [/]                    - Initializing Spring embedded WebApplicationContext
25-01-21.22:43:46.126 [main            ] INFO  ServletWebServerApplicationContext - Root WebApplicationContext: initialization completed in 976 ms
25-01-21.22:43:46.489 [main            ] INFO  client                 - MongoClient with metadata {"driver": {"name": "mongo-java-driver|sync|spring-boot", "version": "4.6.1"}, "os": {"type": "Windows", "name": "Windows 10", "architecture": "amd64", "version": "10.0"}, "platform": "Java/Oracle Corporation/1.8.0_321-b07"} created with settings MongoClientSettings{readPreference=primary, writeConcern=WriteConcern{w=null, wTimeout=null ms, journal=null}, retryWrites=true, retryReads=true, readConcern=ReadConcern{level=null}, credential=null, streamFactoryFactory=null, commandListeners=[], codecRegistry=ProvidersCodecRegistry{codecProviders=[ValueCodecProvider{}, BsonValueCodecProvider{}, DBRefCodecProvider{}, DBObjectCodecProvider{}, DocumentCodecProvider{}, IterableCodecProvider{}, MapCodecProvider{}, GeoJsonCodecProvider{}, GridFSFileCodecProvider{}, Jsr310CodecProvider{}, JsonObjectCodecProvider{}, BsonCodecProvider{}, EnumCodecProvider{}, com.mongodb.Jep395RecordCodecProvider@73bb1337]}, clusterSettings={hosts=[localhost:27017], srvServiceName=mongodb, mode=SINGLE, requiredClusterType=UNKNOWN, requiredReplicaSetName='null', serverSelector='null', clusterListeners='[]', serverSelectionTimeout='30000 ms', localThreshold='30000 ms'}, socketSettings=SocketSettings{connectTimeoutMS=10000, readTimeoutMS=0, receiveBufferSize=0, sendBufferSize=0}, heartbeatSocketSettings=SocketSettings{connectTimeoutMS=10000, readTimeoutMS=10000, receiveBufferSize=0, sendBufferSize=0}, connectionPoolSettings=ConnectionPoolSettings{maxSize=100, minSize=0, maxWaitTimeMS=120000, maxConnectionLifeTimeMS=0, maxConnectionIdleTimeMS=0, maintenanceInitialDelayMS=0, maintenanceFrequencyMS=60000, connectionPoolListeners=[], maxConnecting=2}, serverSettings=ServerSettings{heartbeatFrequencyMS=10000, minHeartbeatFrequencyMS=500, serverListeners='[]', serverMonitorListeners='[]'}, sslSettings=SslSettings{enabled=false, invalidHostNameAllowed=false, context=null}, applicationName='null', compressorList=[], uuidRepresentation=JAVA_LEGACY, serverApi=null, autoEncryptionSettings=null, contextProvider=null}
25-01-21.22:43:46.495 [cluster-ClusterId{value='678fb2a2d9190222bff92833', description='null'}-localhost:27017] INFO  connection             - Opened connection [connectionId{localValue:1, serverValue:10}] to localhost:27017
25-01-21.22:43:46.495 [cluster-rtt-ClusterId{value='678fb2a2d9190222bff92833', description='null'}-localhost:27017] INFO  connection             - Opened connection [connectionId{localValue:2, serverValue:9}] to localhost:27017
25-01-21.22:43:46.495 [cluster-ClusterId{value='678fb2a2d9190222bff92833', description='null'}-localhost:27017] INFO  cluster                - Monitor thread successfully connected to server with description ServerDescription{address=localhost:27017, type=STANDALONE, state=CONNECTED, ok=true, minWireVersion=0, maxWireVersion=21, maxDocumentSize=16777216, logicalSessionTimeoutMinutes=30, roundTripTimeNanos=16341099}
25-01-21.22:43:47.008 [main            ] INFO  Http11NioProtocol      - Starting ProtocolHandler ["http-nio-8090"]
25-01-21.22:43:47.024 [main            ] INFO  TomcatWebServer        - Tomcat started on port(s): 8090 (http) with context path ''
25-01-21.22:43:47.032 [main            ] INFO  App                    - Started App in 2.345 seconds (JVM running for 3.601)
25-01-21.22:43:59.340 [http-nio-8090-exec-2] INFO  [/]                    - Initializing Spring DispatcherServlet 'dispatcherServlet'
25-01-21.22:43:59.340 [http-nio-8090-exec-2] INFO  DispatcherServlet      - Initializing Servlet 'dispatcherServlet'
25-01-21.22:43:59.341 [http-nio-8090-exec-2] INFO  DispatcherServlet      - Completed initialization in 1 ms
25-01-21.22:43:59.409 [http-nio-8090-exec-2] INFO  connection             - Opened connection [connectionId{localValue:3, serverValue:11}] to localhost:27017
