25-01-19.17:20:41.520 [main            ] INFO  App                    - Starting App using Java 1.8.0_321 on LAPTOP-MV2KUHP1 with PID 3660 (F:\code\work\mental-health\management\target\classes started by Lenovo in F:\code\work\mental-health\management)
25-01-19.17:20:41.522 [main            ] DEBUG App                    - Running with Spring Boot v2.7.12, Spring v5.3.27
25-01-19.17:20:41.522 [main            ] INFO  App                    - The following 1 profile is active: "dev"
25-01-19.17:20:42.358 [main            ] INFO  TomcatWebServer        - Tomcat initialized with port(s): 8090 (http)
25-01-19.17:20:42.364 [main            ] INFO  AprLifecycleListener   - Loaded Apache Tomcat Native library [1.2.35] using APR version [1.7.0].
25-01-19.17:20:42.365 [main            ] INFO  AprLifecycleListener   - APR capabilities: IPv6 [true], sendfile [true], accept filters [false], random [true], UDS [true].
25-01-19.17:20:42.365 [main            ] INFO  AprLifecycleListener   - APR/OpenSSL configuration: useAprConnector [false], useOpenSSL [true]
25-01-19.17:20:42.368 [main            ] INFO  AprLifecycleListener   - OpenSSL successfully initialized [OpenSSL 1.1.1q  5 Jul 2022]
25-01-19.17:20:42.375 [main            ] INFO  Http11NioProtocol      - Initializing ProtocolHandler ["http-nio-8090"]
25-01-19.17:20:42.376 [main            ] INFO  StandardService        - Starting service [Tomcat]
25-01-19.17:20:42.376 [main            ] INFO  StandardEngine         - Starting Servlet engine: [Apache Tomcat/9.0.75]
25-01-19.17:20:42.509 [main            ] INFO  [/]                    - Initializing Spring embedded WebApplicationContext
25-01-19.17:20:42.509 [main            ] INFO  ServletWebServerApplicationContext - Root WebApplicationContext: initialization completed in 937 ms
25-01-19.17:20:43.070 [main            ] INFO  Http11NioProtocol      - Starting ProtocolHandler ["http-nio-8090"]
25-01-19.17:20:43.084 [main            ] INFO  TomcatWebServer        - Tomcat started on port(s): 8090 (http) with context path ''
25-01-19.17:20:43.092 [main            ] INFO  App                    - Started App in 1.993 seconds (JVM running for 3.561)
25-01-19.17:23:37.210 [main            ] INFO  App                    - Starting App using Java 1.8.0_321 on LAPTOP-MV2KUHP1 with PID 16960 (F:\code\work\mental-health\management\target\classes started by Lenovo in F:\code\work\mental-health\management)
25-01-19.17:23:37.212 [main            ] DEBUG App                    - Running with Spring Boot v2.7.12, Spring v5.3.27
25-01-19.17:23:37.212 [main            ] INFO  App                    - The following 1 profile is active: "dev"
25-01-19.17:23:37.928 [main            ] INFO  TomcatWebServer        - Tomcat initialized with port(s): 8090 (http)
25-01-19.17:23:37.928 [main            ] INFO  AprLifecycleListener   - Loaded Apache Tomcat Native library [1.2.35] using APR version [1.7.0].
25-01-19.17:23:37.929 [main            ] INFO  AprLifecycleListener   - APR capabilities: IPv6 [true], sendfile [true], accept filters [false], random [true], UDS [true].
25-01-19.17:23:37.929 [main            ] INFO  AprLifecycleListener   - APR/OpenSSL configuration: useAprConnector [false], useOpenSSL [true]
25-01-19.17:23:37.931 [main            ] INFO  AprLifecycleListener   - OpenSSL successfully initialized [OpenSSL 1.1.1q  5 Jul 2022]
25-01-19.17:23:37.937 [main            ] INFO  Http11NioProtocol      - Initializing ProtocolHandler ["http-nio-8090"]
25-01-19.17:23:37.937 [main            ] INFO  StandardService        - Starting service [Tomcat]
25-01-19.17:23:37.937 [main            ] INFO  StandardEngine         - Starting Servlet engine: [Apache Tomcat/9.0.75]
25-01-19.17:23:38.061 [main            ] INFO  [/]                    - Initializing Spring embedded WebApplicationContext
25-01-19.17:23:38.062 [main            ] INFO  ServletWebServerApplicationContext - Root WebApplicationContext: initialization completed in 805 ms
25-01-19.17:23:38.575 [main            ] INFO  Http11NioProtocol      - Starting ProtocolHandler ["http-nio-8090"]
25-01-19.17:23:38.588 [main            ] INFO  TomcatWebServer        - Tomcat started on port(s): 8090 (http) with context path ''
25-01-19.17:23:38.596 [main            ] INFO  App                    - Started App in 1.802 seconds (JVM running for 2.885)
25-01-19.17:24:02.736 [main            ] INFO  App                    - Starting App using Java 1.8.0_321 on LAPTOP-MV2KUHP1 with PID 5872 (F:\code\work\mental-health\management\target\classes started by Lenovo in F:\code\work\mental-health\management)
25-01-19.17:24:02.738 [main            ] DEBUG App                    - Running with Spring Boot v2.7.12, Spring v5.3.27
25-01-19.17:24:02.738 [main            ] INFO  App                    - The following 1 profile is active: "dev"
25-01-19.17:24:03.503 [main            ] INFO  TomcatWebServer        - Tomcat initialized with port(s): 8090 (http)
25-01-19.17:24:03.504 [main            ] INFO  AprLifecycleListener   - Loaded Apache Tomcat Native library [1.2.35] using APR version [1.7.0].
25-01-19.17:24:03.504 [main            ] INFO  AprLifecycleListener   - APR capabilities: IPv6 [true], sendfile [true], accept filters [false], random [true], UDS [true].
25-01-19.17:24:03.504 [main            ] INFO  AprLifecycleListener   - APR/OpenSSL configuration: useAprConnector [false], useOpenSSL [true]
25-01-19.17:24:03.507 [main            ] INFO  AprLifecycleListener   - OpenSSL successfully initialized [OpenSSL 1.1.1q  5 Jul 2022]
25-01-19.17:24:03.512 [main            ] INFO  Http11NioProtocol      - Initializing ProtocolHandler ["http-nio-8090"]
25-01-19.17:24:03.513 [main            ] INFO  StandardService        - Starting service [Tomcat]
25-01-19.17:24:03.513 [main            ] INFO  StandardEngine         - Starting Servlet engine: [Apache Tomcat/9.0.75]
25-01-19.17:24:03.646 [main            ] INFO  [/]                    - Initializing Spring embedded WebApplicationContext
25-01-19.17:24:03.646 [main            ] INFO  ServletWebServerApplicationContext - Root WebApplicationContext: initialization completed in 864 ms
25-01-19.17:24:04.200 [main            ] INFO  Http11NioProtocol      - Starting ProtocolHandler ["http-nio-8090"]
25-01-19.17:24:04.212 [main            ] INFO  TomcatWebServer        - Tomcat started on port(s): 8090 (http) with context path ''
25-01-19.17:24:04.219 [main            ] INFO  App                    - Started App in 1.864 seconds (JVM running for 3.002)
25-01-19.17:26:16.157 [http-nio-8090-exec-3] INFO  [/]                    - Initializing Spring DispatcherServlet 'dispatcherServlet'
25-01-19.17:26:16.157 [http-nio-8090-exec-3] INFO  DispatcherServlet      - Initializing Servlet 'dispatcherServlet'
25-01-19.17:26:16.158 [http-nio-8090-exec-3] INFO  DispatcherServlet      - Completed initialization in 1 ms
25-01-19.17:26:16.227 [http-nio-8090-exec-3] INFO  ConsultationController - 收到创建咨询记录请求，预约ID：2
25-01-19.17:26:16.233 [http-nio-8090-exec-3] INFO  HikariDataSource       - HikariPool-1 - Starting...
25-01-19.17:26:17.041 [http-nio-8090-exec-3] INFO  HikariDataSource       - HikariPool-1 - Start completed.
25-01-19.17:26:17.048 [http-nio-8090-exec-3] INFO  ConsultationService    - 创建咨询记录，预约ID：2
25-01-19.17:28:59.433 [http-nio-8090-exec-8] INFO  ConsultationController - 收到查询咨询记录列表请求，医生ID：null，用户ID：null，预约ID：null
25-01-19.17:28:59.433 [http-nio-8090-exec-8] INFO  ConsultationService    - 查询咨询记录列表，医生ID：null，用户ID：null，预约ID：null
25-01-19.17:28:59.503 [http-nio-8090-exec-8] ERROR GlobalExceptionHandler - 系统异常
org.springframework.jdbc.BadSqlGrammarException: 
### Error querying database.  Cause: java.sql.SQLSyntaxErrorException: Unknown column 'c.updated_by' in 'field list'
### The error may exist in file [F:\code\work\mental-health\management\target\classes\mybatis\mapper\ConsultationMapper.xml]
### The error may involve defaultParameterMap
### The error occurred while setting parameters
### SQL: SELECT              c.id,             c.appointment_id,             c.doctor_id,             c.user_id,             d.username as doctorName,             u.username as userName,             c.chat_log,             c.feedback,             c.created_at,             c.updated_at,             c.updated_by,             up.username as updaterName         FROM              consultations c             LEFT JOIN users d ON c.doctor_id = d.id             LEFT JOIN users u ON c.user_id = u.id             LEFT JOIN users up ON c.updated_by = up.id         WHERE 1=1                                                   ORDER BY c.created_at DESC
### Cause: java.sql.SQLSyntaxErrorException: Unknown column 'c.updated_by' in 'field list'
; bad SQL grammar []; nested exception is java.sql.SQLSyntaxErrorException: Unknown column 'c.updated_by' in 'field list'
	at org.springframework.jdbc.support.SQLErrorCodeSQLExceptionTranslator.doTranslate(SQLErrorCodeSQLExceptionTranslator.java:239)
	at org.springframework.jdbc.support.AbstractFallbackSQLExceptionTranslator.translate(AbstractFallbackSQLExceptionTranslator.java:70)
	at org.mybatis.spring.MyBatisExceptionTranslator.translateExceptionIfPossible(MyBatisExceptionTranslator.java:91)
	at org.mybatis.spring.SqlSessionTemplate$SqlSessionInterceptor.invoke(SqlSessionTemplate.java:441)
	at com.sun.proxy.$Proxy66.selectList(Unknown Source)
	at org.mybatis.spring.SqlSessionTemplate.selectList(SqlSessionTemplate.java:224)
	at org.apache.ibatis.binding.MapperMethod.executeForMany(MapperMethod.java:147)
	at org.apache.ibatis.binding.MapperMethod.execute(MapperMethod.java:80)
	at org.apache.ibatis.binding.MapperProxy$PlainMethodInvoker.invoke(MapperProxy.java:152)
	at org.apache.ibatis.binding.MapperProxy.invoke(MapperProxy.java:85)
	at com.sun.proxy.$Proxy70.getConsultationList(Unknown Source)
	at com.dil.consultation.service.ConsultationService.getConsultationList(ConsultationService.java:70)
	at com.dil.consultation.service.ConsultationService$$FastClassBySpringCGLIB$$f7a88e02.invoke(<generated>)
	at org.springframework.cglib.proxy.MethodProxy.invoke(MethodProxy.java:218)
	at org.springframework.aop.framework.CglibAopProxy.invokeMethod(CglibAopProxy.java:386)
	at org.springframework.aop.framework.CglibAopProxy.access$000(CglibAopProxy.java:85)
	at org.springframework.aop.framework.CglibAopProxy$DynamicAdvisedInterceptor.intercept(CglibAopProxy.java:704)
	at com.dil.consultation.service.ConsultationService$$EnhancerBySpringCGLIB$$27fed561.getConsultationList(<generated>)
	at com.dil.consultation.controller.ConsultationController.getConsultationList(ConsultationController.java:53)
	at sun.reflect.NativeMethodAccessorImpl.invoke0(Native Method)
	at sun.reflect.NativeMethodAccessorImpl.invoke(NativeMethodAccessorImpl.java:62)
	at sun.reflect.DelegatingMethodAccessorImpl.invoke(DelegatingMethodAccessorImpl.java:43)
	at java.lang.reflect.Method.invoke(Method.java:498)
	at org.springframework.web.method.support.InvocableHandlerMethod.doInvoke(InvocableHandlerMethod.java:205)
	at org.springframework.web.method.support.InvocableHandlerMethod.invokeForRequest(InvocableHandlerMethod.java:150)
	at org.springframework.web.servlet.mvc.method.annotation.ServletInvocableHandlerMethod.invokeAndHandle(ServletInvocableHandlerMethod.java:117)
	at org.springframework.web.servlet.mvc.method.annotation.RequestMappingHandlerAdapter.invokeHandlerMethod(RequestMappingHandlerAdapter.java:895)
	at org.springframework.web.servlet.mvc.method.annotation.RequestMappingHandlerAdapter.handleInternal(RequestMappingHandlerAdapter.java:808)
	at org.springframework.web.servlet.mvc.method.AbstractHandlerMethodAdapter.handle(AbstractHandlerMethodAdapter.java:87)
	at org.springframework.web.servlet.DispatcherServlet.doDispatch(DispatcherServlet.java:1072)
	at org.springframework.web.servlet.DispatcherServlet.doService(DispatcherServlet.java:965)
	at org.springframework.web.servlet.FrameworkServlet.processRequest(FrameworkServlet.java:1006)
	at org.springframework.web.servlet.FrameworkServlet.doGet(FrameworkServlet.java:898)
	at javax.servlet.http.HttpServlet.service(HttpServlet.java:529)
	at org.springframework.web.servlet.FrameworkServlet.service(FrameworkServlet.java:883)
	at javax.servlet.http.HttpServlet.service(HttpServlet.java:623)
	at org.apache.catalina.core.ApplicationFilterChain.internalDoFilter(ApplicationFilterChain.java:209)
	at org.apache.catalina.core.ApplicationFilterChain.doFilter(ApplicationFilterChain.java:153)
	at org.apache.tomcat.websocket.server.WsFilter.doFilter(WsFilter.java:51)
	at org.apache.catalina.core.ApplicationFilterChain.internalDoFilter(ApplicationFilterChain.java:178)
	at org.apache.catalina.core.ApplicationFilterChain.doFilter(ApplicationFilterChain.java:153)
	at org.springframework.web.filter.RequestContextFilter.doFilterInternal(RequestContextFilter.java:100)
	at org.springframework.web.filter.OncePerRequestFilter.doFilter(OncePerRequestFilter.java:117)
	at org.apache.catalina.core.ApplicationFilterChain.internalDoFilter(ApplicationFilterChain.java:178)
	at org.apache.catalina.core.ApplicationFilterChain.doFilter(ApplicationFilterChain.java:153)
	at org.springframework.web.filter.FormContentFilter.doFilterInternal(FormContentFilter.java:93)
	at org.springframework.web.filter.OncePerRequestFilter.doFilter(OncePerRequestFilter.java:117)
	at org.apache.catalina.core.ApplicationFilterChain.internalDoFilter(ApplicationFilterChain.java:178)
	at org.apache.catalina.core.ApplicationFilterChain.doFilter(ApplicationFilterChain.java:153)
	at org.springframework.web.filter.CharacterEncodingFilter.doFilterInternal(CharacterEncodingFilter.java:201)
	at org.springframework.web.filter.OncePerRequestFilter.doFilter(OncePerRequestFilter.java:117)
	at org.apache.catalina.core.ApplicationFilterChain.internalDoFilter(ApplicationFilterChain.java:178)
	at org.apache.catalina.core.ApplicationFilterChain.doFilter(ApplicationFilterChain.java:153)
	at org.apache.catalina.core.StandardWrapperValve.invoke(StandardWrapperValve.java:167)
	at org.apache.catalina.core.StandardContextValve.invoke(StandardContextValve.java:90)
	at org.apache.catalina.authenticator.AuthenticatorBase.invoke(AuthenticatorBase.java:481)
	at org.apache.catalina.core.StandardHostValve.invoke(StandardHostValve.java:130)
	at org.apache.catalina.valves.ErrorReportValve.invoke(ErrorReportValve.java:93)
	at org.apache.catalina.core.StandardEngineValve.invoke(StandardEngineValve.java:74)
	at org.apache.catalina.connector.CoyoteAdapter.service(CoyoteAdapter.java:343)
	at org.apache.coyote.http11.Http11Processor.service(Http11Processor.java:390)
	at org.apache.coyote.AbstractProcessorLight.process(AbstractProcessorLight.java:63)
	at org.apache.coyote.AbstractProtocol$ConnectionHandler.process(AbstractProtocol.java:926)
	at org.apache.tomcat.util.net.NioEndpoint$SocketProcessor.doRun(NioEndpoint.java:1791)
	at org.apache.tomcat.util.net.SocketProcessorBase.run(SocketProcessorBase.java:52)
	at org.apache.tomcat.util.threads.ThreadPoolExecutor.runWorker(ThreadPoolExecutor.java:1191)
	at org.apache.tomcat.util.threads.ThreadPoolExecutor$Worker.run(ThreadPoolExecutor.java:659)
	at org.apache.tomcat.util.threads.TaskThread$WrappingRunnable.run(TaskThread.java:61)
	at java.lang.Thread.run(Thread.java:750)
Caused by: java.sql.SQLSyntaxErrorException: Unknown column 'c.updated_by' in 'field list'
	at com.mysql.cj.jdbc.exceptions.SQLError.createSQLException(SQLError.java:120)
	at com.mysql.cj.jdbc.exceptions.SQLError.createSQLException(SQLError.java:97)
	at com.mysql.cj.jdbc.exceptions.SQLExceptionsMapping.translateException(SQLExceptionsMapping.java:122)
	at com.mysql.cj.jdbc.ClientPreparedStatement.executeInternal(ClientPreparedStatement.java:953)
	at com.mysql.cj.jdbc.ClientPreparedStatement.execute(ClientPreparedStatement.java:370)
	at com.zaxxer.hikari.pool.ProxyPreparedStatement.execute(ProxyPreparedStatement.java:44)
	at com.zaxxer.hikari.pool.HikariProxyPreparedStatement.execute(HikariProxyPreparedStatement.java)
	at sun.reflect.NativeMethodAccessorImpl.invoke0(Native Method)
	at sun.reflect.NativeMethodAccessorImpl.invoke(NativeMethodAccessorImpl.java:62)
	at sun.reflect.DelegatingMethodAccessorImpl.invoke(DelegatingMethodAccessorImpl.java:43)
	at java.lang.reflect.Method.invoke(Method.java:498)
	at org.apache.ibatis.logging.jdbc.PreparedStatementLogger.invoke(PreparedStatementLogger.java:59)
	at com.sun.proxy.$Proxy84.execute(Unknown Source)
	at org.apache.ibatis.executor.statement.PreparedStatementHandler.query(PreparedStatementHandler.java:64)
	at org.apache.ibatis.executor.statement.RoutingStatementHandler.query(RoutingStatementHandler.java:79)
	at org.apache.ibatis.executor.SimpleExecutor.doQuery(SimpleExecutor.java:63)
	at org.apache.ibatis.executor.BaseExecutor.queryFromDatabase(BaseExecutor.java:325)
	at org.apache.ibatis.executor.BaseExecutor.query(BaseExecutor.java:156)
	at org.apache.ibatis.executor.CachingExecutor.query(CachingExecutor.java:109)
	at org.apache.ibatis.executor.CachingExecutor.query(CachingExecutor.java:89)
	at org.apache.ibatis.session.defaults.DefaultSqlSession.selectList(DefaultSqlSession.java:147)
	at org.apache.ibatis.session.defaults.DefaultSqlSession.selectList(DefaultSqlSession.java:140)
	at sun.reflect.NativeMethodAccessorImpl.invoke0(Native Method)
	at sun.reflect.NativeMethodAccessorImpl.invoke(NativeMethodAccessorImpl.java:62)
	at sun.reflect.DelegatingMethodAccessorImpl.invoke(DelegatingMethodAccessorImpl.java:43)
	at java.lang.reflect.Method.invoke(Method.java:498)
	at org.mybatis.spring.SqlSessionTemplate$SqlSessionInterceptor.invoke(SqlSessionTemplate.java:427)
	... 65 common frames omitted
25-01-19.17:29:43.525 [SpringApplicationShutdownHook] INFO  HikariDataSource       - HikariPool-1 - Shutdown initiated...
25-01-19.17:29:43.534 [SpringApplicationShutdownHook] INFO  HikariDataSource       - HikariPool-1 - Shutdown completed.
25-01-19.17:29:49.928 [main            ] INFO  App                    - Starting App using Java 1.8.0_321 on LAPTOP-MV2KUHP1 with PID 11176 (F:\code\work\mental-health\management\target\classes started by Lenovo in F:\code\work\mental-health\management)
25-01-19.17:29:49.931 [main            ] DEBUG App                    - Running with Spring Boot v2.7.12, Spring v5.3.27
25-01-19.17:29:49.931 [main            ] INFO  App                    - The following 1 profile is active: "dev"
25-01-19.17:29:50.732 [main            ] INFO  TomcatWebServer        - Tomcat initialized with port(s): 8090 (http)
25-01-19.17:29:50.732 [main            ] INFO  AprLifecycleListener   - Loaded Apache Tomcat Native library [1.2.35] using APR version [1.7.0].
25-01-19.17:29:50.732 [main            ] INFO  AprLifecycleListener   - APR capabilities: IPv6 [true], sendfile [true], accept filters [false], random [true], UDS [true].
25-01-19.17:29:50.732 [main            ] INFO  AprLifecycleListener   - APR/OpenSSL configuration: useAprConnector [false], useOpenSSL [true]
25-01-19.17:29:50.735 [main            ] INFO  AprLifecycleListener   - OpenSSL successfully initialized [OpenSSL 1.1.1q  5 Jul 2022]
25-01-19.17:29:50.741 [main            ] INFO  Http11NioProtocol      - Initializing ProtocolHandler ["http-nio-8090"]
25-01-19.17:29:50.741 [main            ] INFO  StandardService        - Starting service [Tomcat]
25-01-19.17:29:50.742 [main            ] INFO  StandardEngine         - Starting Servlet engine: [Apache Tomcat/9.0.75]
25-01-19.17:29:50.869 [main            ] INFO  [/]                    - Initializing Spring embedded WebApplicationContext
25-01-19.17:29:50.869 [main            ] INFO  ServletWebServerApplicationContext - Root WebApplicationContext: initialization completed in 881 ms
25-01-19.17:29:51.250 [main            ] INFO  App                    - Starting App using Java 1.8.0_321 on LAPTOP-MV2KUHP1 with PID 17940 (F:\code\work\mental-health\management\target\classes started by Lenovo in F:\code\work\mental-health\management)
25-01-19.17:29:51.252 [main            ] DEBUG App                    - Running with Spring Boot v2.7.12, Spring v5.3.27
25-01-19.17:29:51.253 [main            ] INFO  App                    - The following 1 profile is active: "dev"
25-01-19.17:29:51.419 [main            ] INFO  Http11NioProtocol      - Starting ProtocolHandler ["http-nio-8090"]
25-01-19.17:29:51.434 [main            ] INFO  TomcatWebServer        - Tomcat started on port(s): 8090 (http) with context path ''
25-01-19.17:29:51.443 [main            ] INFO  App                    - Started App in 1.961 seconds (JVM running for 3.084)
25-01-19.17:29:51.998 [main            ] INFO  TomcatWebServer        - Tomcat initialized with port(s): 8090 (http)
25-01-19.17:29:51.999 [main            ] INFO  AprLifecycleListener   - Loaded Apache Tomcat Native library [1.2.35] using APR version [1.7.0].
25-01-19.17:29:51.999 [main            ] INFO  AprLifecycleListener   - APR capabilities: IPv6 [true], sendfile [true], accept filters [false], random [true], UDS [true].
25-01-19.17:29:51.999 [main            ] INFO  AprLifecycleListener   - APR/OpenSSL configuration: useAprConnector [false], useOpenSSL [true]
25-01-19.17:29:52.002 [main            ] INFO  AprLifecycleListener   - OpenSSL successfully initialized [OpenSSL 1.1.1q  5 Jul 2022]
25-01-19.17:29:52.007 [main            ] INFO  Http11NioProtocol      - Initializing ProtocolHandler ["http-nio-8090"]
25-01-19.17:29:52.008 [main            ] INFO  StandardService        - Starting service [Tomcat]
25-01-19.17:29:52.008 [main            ] INFO  StandardEngine         - Starting Servlet engine: [Apache Tomcat/9.0.75]
25-01-19.17:29:52.131 [main            ] INFO  [/]                    - Initializing Spring embedded WebApplicationContext
25-01-19.17:29:52.132 [main            ] INFO  ServletWebServerApplicationContext - Root WebApplicationContext: initialization completed in 833 ms
25-01-19.17:29:52.660 [main            ] INFO  Http11NioProtocol      - Starting ProtocolHandler ["http-nio-8090"]
25-01-19.17:29:52.665 [main            ] WARN  AnnotationConfigServletWebServerApplicationContext - Exception encountered during context initialization - cancelling refresh attempt: org.springframework.context.ApplicationContextException: Failed to start bean 'webServerStartStop'; nested exception is org.springframework.boot.web.server.PortInUseException: Port 8090 is already in use
25-01-19.17:29:52.668 [main            ] INFO  Http11NioProtocol      - Pausing ProtocolHandler ["http-nio-8090"]
25-01-19.17:29:52.668 [main            ] INFO  StandardService        - Stopping service [Tomcat]
25-01-19.17:29:52.671 [main            ] INFO  Http11NioProtocol      - Stopping ProtocolHandler ["http-nio-8090"]
25-01-19.17:29:52.671 [main            ] INFO  Http11NioProtocol      - Destroying ProtocolHandler ["http-nio-8090"]
25-01-19.17:29:52.676 [main            ] INFO  ConditionEvaluationReportLoggingListener - 

Error starting ApplicationContext. To display the conditions report re-run your application with 'debug' enabled.
25-01-19.17:29:52.701 [main            ] ERROR LoggingFailureAnalysisReporter - 

***************************
APPLICATION FAILED TO START
***************************

Description:

Web server failed to start. Port 8090 was already in use.

Action:

Identify and stop the process that's listening on port 8090 or configure this application to listen on another port.

25-01-19.17:30:32.318 [main            ] INFO  App                    - Starting App using Java 1.8.0_321 on LAPTOP-MV2KUHP1 with PID 6036 (F:\code\work\mental-health\management\target\classes started by Lenovo in F:\code\work\mental-health\management)
25-01-19.17:30:32.320 [main            ] DEBUG App                    - Running with Spring Boot v2.7.12, Spring v5.3.27
25-01-19.17:30:32.320 [main            ] INFO  App                    - The following 1 profile is active: "dev"
25-01-19.17:30:33.017 [main            ] INFO  TomcatWebServer        - Tomcat initialized with port(s): 8090 (http)
25-01-19.17:30:33.023 [main            ] INFO  AprLifecycleListener   - Loaded Apache Tomcat Native library [1.2.35] using APR version [1.7.0].
25-01-19.17:30:33.023 [main            ] INFO  AprLifecycleListener   - APR capabilities: IPv6 [true], sendfile [true], accept filters [false], random [true], UDS [true].
25-01-19.17:30:33.024 [main            ] INFO  AprLifecycleListener   - APR/OpenSSL configuration: useAprConnector [false], useOpenSSL [true]
25-01-19.17:30:33.026 [main            ] INFO  AprLifecycleListener   - OpenSSL successfully initialized [OpenSSL 1.1.1q  5 Jul 2022]
25-01-19.17:30:33.032 [main            ] INFO  Http11NioProtocol      - Initializing ProtocolHandler ["http-nio-8090"]
25-01-19.17:30:33.033 [main            ] INFO  StandardService        - Starting service [Tomcat]
25-01-19.17:30:33.033 [main            ] INFO  StandardEngine         - Starting Servlet engine: [Apache Tomcat/9.0.75]
25-01-19.17:30:33.154 [main            ] INFO  [/]                    - Initializing Spring embedded WebApplicationContext
25-01-19.17:30:33.154 [main            ] INFO  ServletWebServerApplicationContext - Root WebApplicationContext: initialization completed in 792 ms
25-01-19.17:30:33.654 [main            ] INFO  Http11NioProtocol      - Starting ProtocolHandler ["http-nio-8090"]
25-01-19.17:30:33.668 [main            ] INFO  TomcatWebServer        - Tomcat started on port(s): 8090 (http) with context path ''
25-01-19.17:30:33.675 [main            ] INFO  App                    - Started App in 1.725 seconds (JVM running for 2.779)
25-01-19.17:30:38.071 [http-nio-8090-exec-2] INFO  [/]                    - Initializing Spring DispatcherServlet 'dispatcherServlet'
25-01-19.17:30:38.071 [http-nio-8090-exec-2] INFO  DispatcherServlet      - Initializing Servlet 'dispatcherServlet'
25-01-19.17:30:38.071 [http-nio-8090-exec-2] INFO  DispatcherServlet      - Completed initialization in 0 ms
25-01-19.17:30:38.092 [http-nio-8090-exec-2] INFO  ConsultationController - 收到查询咨询记录列表请求，医生ID：null，用户ID：null，预约ID：null
25-01-19.17:30:38.098 [http-nio-8090-exec-2] INFO  ConsultationService    - 查询咨询记录列表，医生ID：null，用户ID：null，预约ID：null
25-01-19.17:30:38.119 [http-nio-8090-exec-2] INFO  HikariDataSource       - HikariPool-1 - Starting...
25-01-19.17:30:38.901 [http-nio-8090-exec-2] INFO  HikariDataSource       - HikariPool-1 - Start completed.
25-01-19.17:30:38.966 [http-nio-8090-exec-2] ERROR GlobalExceptionHandler - 系统异常
org.springframework.jdbc.BadSqlGrammarException: 
### Error querying database.  Cause: java.sql.SQLSyntaxErrorException: Unknown column 'up.username' in 'field list'
### The error may exist in file [F:\code\work\mental-health\management\target\classes\mybatis\mapper\ConsultationMapper.xml]
### The error may involve defaultParameterMap
### The error occurred while setting parameters
### SQL: SELECT              c.id,             c.appointment_id,             c.doctor_id,             c.user_id,             d.username as doctorName,             u.username as userName,             c.chat_log,             c.feedback,             c.created_at,             c.updated_at,             up.username as updaterName         FROM              consultations c             LEFT JOIN users d ON c.doctor_id = d.id             LEFT JOIN users u ON c.user_id = u.id         WHERE 1=1                                                   ORDER BY c.created_at DESC
### Cause: java.sql.SQLSyntaxErrorException: Unknown column 'up.username' in 'field list'
; bad SQL grammar []; nested exception is java.sql.SQLSyntaxErrorException: Unknown column 'up.username' in 'field list'
	at org.springframework.jdbc.support.SQLErrorCodeSQLExceptionTranslator.doTranslate(SQLErrorCodeSQLExceptionTranslator.java:239)
	at org.springframework.jdbc.support.AbstractFallbackSQLExceptionTranslator.translate(AbstractFallbackSQLExceptionTranslator.java:70)
	at org.mybatis.spring.MyBatisExceptionTranslator.translateExceptionIfPossible(MyBatisExceptionTranslator.java:91)
	at org.mybatis.spring.SqlSessionTemplate$SqlSessionInterceptor.invoke(SqlSessionTemplate.java:441)
	at com.sun.proxy.$Proxy66.selectList(Unknown Source)
	at org.mybatis.spring.SqlSessionTemplate.selectList(SqlSessionTemplate.java:224)
	at org.apache.ibatis.binding.MapperMethod.executeForMany(MapperMethod.java:147)
	at org.apache.ibatis.binding.MapperMethod.execute(MapperMethod.java:80)
	at org.apache.ibatis.binding.MapperProxy$PlainMethodInvoker.invoke(MapperProxy.java:152)
	at org.apache.ibatis.binding.MapperProxy.invoke(MapperProxy.java:85)
	at com.sun.proxy.$Proxy70.getConsultationList(Unknown Source)
	at com.dil.consultation.service.ConsultationService.getConsultationList(ConsultationService.java:70)
	at com.dil.consultation.service.ConsultationService$$FastClassBySpringCGLIB$$f7a88e02.invoke(<generated>)
	at org.springframework.cglib.proxy.MethodProxy.invoke(MethodProxy.java:218)
	at org.springframework.aop.framework.CglibAopProxy.invokeMethod(CglibAopProxy.java:386)
	at org.springframework.aop.framework.CglibAopProxy.access$000(CglibAopProxy.java:85)
	at org.springframework.aop.framework.CglibAopProxy$DynamicAdvisedInterceptor.intercept(CglibAopProxy.java:704)
	at com.dil.consultation.service.ConsultationService$$EnhancerBySpringCGLIB$$3253d57b.getConsultationList(<generated>)
	at com.dil.consultation.controller.ConsultationController.getConsultationList(ConsultationController.java:53)
	at sun.reflect.NativeMethodAccessorImpl.invoke0(Native Method)
	at sun.reflect.NativeMethodAccessorImpl.invoke(NativeMethodAccessorImpl.java:62)
	at sun.reflect.DelegatingMethodAccessorImpl.invoke(DelegatingMethodAccessorImpl.java:43)
	at java.lang.reflect.Method.invoke(Method.java:498)
	at org.springframework.web.method.support.InvocableHandlerMethod.doInvoke(InvocableHandlerMethod.java:205)
	at org.springframework.web.method.support.InvocableHandlerMethod.invokeForRequest(InvocableHandlerMethod.java:150)
	at org.springframework.web.servlet.mvc.method.annotation.ServletInvocableHandlerMethod.invokeAndHandle(ServletInvocableHandlerMethod.java:117)
	at org.springframework.web.servlet.mvc.method.annotation.RequestMappingHandlerAdapter.invokeHandlerMethod(RequestMappingHandlerAdapter.java:895)
	at org.springframework.web.servlet.mvc.method.annotation.RequestMappingHandlerAdapter.handleInternal(RequestMappingHandlerAdapter.java:808)
	at org.springframework.web.servlet.mvc.method.AbstractHandlerMethodAdapter.handle(AbstractHandlerMethodAdapter.java:87)
	at org.springframework.web.servlet.DispatcherServlet.doDispatch(DispatcherServlet.java:1072)
	at org.springframework.web.servlet.DispatcherServlet.doService(DispatcherServlet.java:965)
	at org.springframework.web.servlet.FrameworkServlet.processRequest(FrameworkServlet.java:1006)
	at org.springframework.web.servlet.FrameworkServlet.doGet(FrameworkServlet.java:898)
	at javax.servlet.http.HttpServlet.service(HttpServlet.java:529)
	at org.springframework.web.servlet.FrameworkServlet.service(FrameworkServlet.java:883)
	at javax.servlet.http.HttpServlet.service(HttpServlet.java:623)
	at org.apache.catalina.core.ApplicationFilterChain.internalDoFilter(ApplicationFilterChain.java:209)
	at org.apache.catalina.core.ApplicationFilterChain.doFilter(ApplicationFilterChain.java:153)
	at org.apache.tomcat.websocket.server.WsFilter.doFilter(WsFilter.java:51)
	at org.apache.catalina.core.ApplicationFilterChain.internalDoFilter(ApplicationFilterChain.java:178)
	at org.apache.catalina.core.ApplicationFilterChain.doFilter(ApplicationFilterChain.java:153)
	at org.springframework.web.filter.RequestContextFilter.doFilterInternal(RequestContextFilter.java:100)
	at org.springframework.web.filter.OncePerRequestFilter.doFilter(OncePerRequestFilter.java:117)
	at org.apache.catalina.core.ApplicationFilterChain.internalDoFilter(ApplicationFilterChain.java:178)
	at org.apache.catalina.core.ApplicationFilterChain.doFilter(ApplicationFilterChain.java:153)
	at org.springframework.web.filter.FormContentFilter.doFilterInternal(FormContentFilter.java:93)
	at org.springframework.web.filter.OncePerRequestFilter.doFilter(OncePerRequestFilter.java:117)
	at org.apache.catalina.core.ApplicationFilterChain.internalDoFilter(ApplicationFilterChain.java:178)
	at org.apache.catalina.core.ApplicationFilterChain.doFilter(ApplicationFilterChain.java:153)
	at org.springframework.web.filter.CharacterEncodingFilter.doFilterInternal(CharacterEncodingFilter.java:201)
	at org.springframework.web.filter.OncePerRequestFilter.doFilter(OncePerRequestFilter.java:117)
	at org.apache.catalina.core.ApplicationFilterChain.internalDoFilter(ApplicationFilterChain.java:178)
	at org.apache.catalina.core.ApplicationFilterChain.doFilter(ApplicationFilterChain.java:153)
	at org.apache.catalina.core.StandardWrapperValve.invoke(StandardWrapperValve.java:167)
	at org.apache.catalina.core.StandardContextValve.invoke(StandardContextValve.java:90)
	at org.apache.catalina.authenticator.AuthenticatorBase.invoke(AuthenticatorBase.java:481)
	at org.apache.catalina.core.StandardHostValve.invoke(StandardHostValve.java:130)
	at org.apache.catalina.valves.ErrorReportValve.invoke(ErrorReportValve.java:93)
	at org.apache.catalina.core.StandardEngineValve.invoke(StandardEngineValve.java:74)
	at org.apache.catalina.connector.CoyoteAdapter.service(CoyoteAdapter.java:343)
	at org.apache.coyote.http11.Http11Processor.service(Http11Processor.java:390)
	at org.apache.coyote.AbstractProcessorLight.process(AbstractProcessorLight.java:63)
	at org.apache.coyote.AbstractProtocol$ConnectionHandler.process(AbstractProtocol.java:926)
	at org.apache.tomcat.util.net.NioEndpoint$SocketProcessor.doRun(NioEndpoint.java:1791)
	at org.apache.tomcat.util.net.SocketProcessorBase.run(SocketProcessorBase.java:52)
	at org.apache.tomcat.util.threads.ThreadPoolExecutor.runWorker(ThreadPoolExecutor.java:1191)
	at org.apache.tomcat.util.threads.ThreadPoolExecutor$Worker.run(ThreadPoolExecutor.java:659)
	at org.apache.tomcat.util.threads.TaskThread$WrappingRunnable.run(TaskThread.java:61)
	at java.lang.Thread.run(Thread.java:750)
Caused by: java.sql.SQLSyntaxErrorException: Unknown column 'up.username' in 'field list'
	at com.mysql.cj.jdbc.exceptions.SQLError.createSQLException(SQLError.java:120)
	at com.mysql.cj.jdbc.exceptions.SQLError.createSQLException(SQLError.java:97)
	at com.mysql.cj.jdbc.exceptions.SQLExceptionsMapping.translateException(SQLExceptionsMapping.java:122)
	at com.mysql.cj.jdbc.ClientPreparedStatement.executeInternal(ClientPreparedStatement.java:953)
	at com.mysql.cj.jdbc.ClientPreparedStatement.execute(ClientPreparedStatement.java:370)
	at com.zaxxer.hikari.pool.ProxyPreparedStatement.execute(ProxyPreparedStatement.java:44)
	at com.zaxxer.hikari.pool.HikariProxyPreparedStatement.execute(HikariProxyPreparedStatement.java)
	at sun.reflect.NativeMethodAccessorImpl.invoke0(Native Method)
	at sun.reflect.NativeMethodAccessorImpl.invoke(NativeMethodAccessorImpl.java:62)
	at sun.reflect.DelegatingMethodAccessorImpl.invoke(DelegatingMethodAccessorImpl.java:43)
	at java.lang.reflect.Method.invoke(Method.java:498)
	at org.apache.ibatis.logging.jdbc.PreparedStatementLogger.invoke(PreparedStatementLogger.java:59)
	at com.sun.proxy.$Proxy86.execute(Unknown Source)
	at org.apache.ibatis.executor.statement.PreparedStatementHandler.query(PreparedStatementHandler.java:64)
	at org.apache.ibatis.executor.statement.RoutingStatementHandler.query(RoutingStatementHandler.java:79)
	at org.apache.ibatis.executor.SimpleExecutor.doQuery(SimpleExecutor.java:63)
	at org.apache.ibatis.executor.BaseExecutor.queryFromDatabase(BaseExecutor.java:325)
	at org.apache.ibatis.executor.BaseExecutor.query(BaseExecutor.java:156)
	at org.apache.ibatis.executor.CachingExecutor.query(CachingExecutor.java:109)
	at org.apache.ibatis.executor.CachingExecutor.query(CachingExecutor.java:89)
	at org.apache.ibatis.session.defaults.DefaultSqlSession.selectList(DefaultSqlSession.java:147)
	at org.apache.ibatis.session.defaults.DefaultSqlSession.selectList(DefaultSqlSession.java:140)
	at sun.reflect.NativeMethodAccessorImpl.invoke0(Native Method)
	at sun.reflect.NativeMethodAccessorImpl.invoke(NativeMethodAccessorImpl.java:62)
	at sun.reflect.DelegatingMethodAccessorImpl.invoke(DelegatingMethodAccessorImpl.java:43)
	at java.lang.reflect.Method.invoke(Method.java:498)
	at org.mybatis.spring.SqlSessionTemplate$SqlSessionInterceptor.invoke(SqlSessionTemplate.java:427)
	... 65 common frames omitted
25-01-19.17:32:28.714 [SpringApplicationShutdownHook] INFO  HikariDataSource       - HikariPool-1 - Shutdown initiated...
25-01-19.17:32:28.722 [SpringApplicationShutdownHook] INFO  HikariDataSource       - HikariPool-1 - Shutdown completed.
25-01-19.17:32:34.757 [main            ] INFO  App                    - Starting App using Java 1.8.0_321 on LAPTOP-MV2KUHP1 with PID 6528 (F:\code\work\mental-health\management\target\classes started by Lenovo in F:\code\work\mental-health\management)
25-01-19.17:32:34.759 [main            ] DEBUG App                    - Running with Spring Boot v2.7.12, Spring v5.3.27
25-01-19.17:32:34.759 [main            ] INFO  App                    - The following 1 profile is active: "dev"
25-01-19.17:32:35.461 [main            ] INFO  TomcatWebServer        - Tomcat initialized with port(s): 8090 (http)
25-01-19.17:32:35.468 [main            ] INFO  AprLifecycleListener   - Loaded Apache Tomcat Native library [1.2.35] using APR version [1.7.0].
25-01-19.17:32:35.468 [main            ] INFO  AprLifecycleListener   - APR capabilities: IPv6 [true], sendfile [true], accept filters [false], random [true], UDS [true].
25-01-19.17:32:35.468 [main            ] INFO  AprLifecycleListener   - APR/OpenSSL configuration: useAprConnector [false], useOpenSSL [true]
25-01-19.17:32:35.470 [main            ] INFO  AprLifecycleListener   - OpenSSL successfully initialized [OpenSSL 1.1.1q  5 Jul 2022]
25-01-19.17:32:35.476 [main            ] INFO  Http11NioProtocol      - Initializing ProtocolHandler ["http-nio-8090"]
25-01-19.17:32:35.477 [main            ] INFO  StandardService        - Starting service [Tomcat]
25-01-19.17:32:35.477 [main            ] INFO  StandardEngine         - Starting Servlet engine: [Apache Tomcat/9.0.75]
25-01-19.17:32:35.598 [main            ] INFO  [/]                    - Initializing Spring embedded WebApplicationContext
25-01-19.17:32:35.598 [main            ] INFO  ServletWebServerApplicationContext - Root WebApplicationContext: initialization completed in 796 ms
25-01-19.17:32:36.092 [main            ] INFO  Http11NioProtocol      - Starting ProtocolHandler ["http-nio-8090"]
25-01-19.17:32:36.105 [main            ] INFO  TomcatWebServer        - Tomcat started on port(s): 8090 (http) with context path ''
25-01-19.17:32:36.113 [main            ] INFO  App                    - Started App in 1.725 seconds (JVM running for 2.818)
25-01-19.17:32:39.493 [http-nio-8090-exec-2] INFO  [/]                    - Initializing Spring DispatcherServlet 'dispatcherServlet'
25-01-19.17:32:39.493 [http-nio-8090-exec-2] INFO  DispatcherServlet      - Initializing Servlet 'dispatcherServlet'
25-01-19.17:32:39.494 [http-nio-8090-exec-2] INFO  DispatcherServlet      - Completed initialization in 1 ms
25-01-19.17:32:39.515 [http-nio-8090-exec-2] INFO  ConsultationController - 收到查询咨询记录列表请求，医生ID：null，用户ID：null，预约ID：null
25-01-19.17:32:39.520 [http-nio-8090-exec-2] INFO  ConsultationService    - 查询咨询记录列表，医生ID：null，用户ID：null，预约ID：null
25-01-19.17:32:39.542 [http-nio-8090-exec-2] INFO  HikariDataSource       - HikariPool-1 - Starting...
25-01-19.17:32:40.324 [http-nio-8090-exec-2] INFO  HikariDataSource       - HikariPool-1 - Start completed.
25-01-19.17:32:40.388 [http-nio-8090-exec-2] ERROR GlobalExceptionHandler - 系统异常
org.springframework.jdbc.BadSqlGrammarException: 
### Error querying database.  Cause: java.sql.SQLSyntaxErrorException: You have an error in your SQL syntax; check the manual that corresponds to your MySQL server version for the right syntax to use near 'FROM
            consultations c
        WHERE 1=1
             
             
 ' at line 10
### The error may exist in file [F:\code\work\mental-health\management\target\classes\mybatis\mapper\ConsultationMapper.xml]
### The error may involve defaultParameterMap
### The error occurred while setting parameters
### SQL: SELECT              c.id,             c.appointment_id,             c.doctor_id,             c.user_id,             c.chat_log,             c.feedback,             c.created_at,             c.updated_at,         FROM             consultations c         WHERE 1=1                                                   ORDER BY c.created_at DESC
### Cause: java.sql.SQLSyntaxErrorException: You have an error in your SQL syntax; check the manual that corresponds to your MySQL server version for the right syntax to use near 'FROM
            consultations c
        WHERE 1=1
             
             
 ' at line 10
; bad SQL grammar []; nested exception is java.sql.SQLSyntaxErrorException: You have an error in your SQL syntax; check the manual that corresponds to your MySQL server version for the right syntax to use near 'FROM
            consultations c
        WHERE 1=1
             
             
 ' at line 10
	at org.springframework.jdbc.support.SQLErrorCodeSQLExceptionTranslator.doTranslate(SQLErrorCodeSQLExceptionTranslator.java:239)
	at org.springframework.jdbc.support.AbstractFallbackSQLExceptionTranslator.translate(AbstractFallbackSQLExceptionTranslator.java:70)
	at org.mybatis.spring.MyBatisExceptionTranslator.translateExceptionIfPossible(MyBatisExceptionTranslator.java:91)
	at org.mybatis.spring.SqlSessionTemplate$SqlSessionInterceptor.invoke(SqlSessionTemplate.java:441)
	at com.sun.proxy.$Proxy66.selectList(Unknown Source)
	at org.mybatis.spring.SqlSessionTemplate.selectList(SqlSessionTemplate.java:224)
	at org.apache.ibatis.binding.MapperMethod.executeForMany(MapperMethod.java:147)
	at org.apache.ibatis.binding.MapperMethod.execute(MapperMethod.java:80)
	at org.apache.ibatis.binding.MapperProxy$PlainMethodInvoker.invoke(MapperProxy.java:152)
	at org.apache.ibatis.binding.MapperProxy.invoke(MapperProxy.java:85)
	at com.sun.proxy.$Proxy70.getConsultationList(Unknown Source)
	at com.dil.consultation.service.ConsultationService.getConsultationList(ConsultationService.java:70)
	at com.dil.consultation.service.ConsultationService$$FastClassBySpringCGLIB$$f7a88e02.invoke(<generated>)
	at org.springframework.cglib.proxy.MethodProxy.invoke(MethodProxy.java:218)
	at org.springframework.aop.framework.CglibAopProxy.invokeMethod(CglibAopProxy.java:386)
	at org.springframework.aop.framework.CglibAopProxy.access$000(CglibAopProxy.java:85)
	at org.springframework.aop.framework.CglibAopProxy$DynamicAdvisedInterceptor.intercept(CglibAopProxy.java:704)
	at com.dil.consultation.service.ConsultationService$$EnhancerBySpringCGLIB$$18db347a.getConsultationList(<generated>)
	at com.dil.consultation.controller.ConsultationController.getConsultationList(ConsultationController.java:53)
	at sun.reflect.NativeMethodAccessorImpl.invoke0(Native Method)
	at sun.reflect.NativeMethodAccessorImpl.invoke(NativeMethodAccessorImpl.java:62)
	at sun.reflect.DelegatingMethodAccessorImpl.invoke(DelegatingMethodAccessorImpl.java:43)
	at java.lang.reflect.Method.invoke(Method.java:498)
	at org.springframework.web.method.support.InvocableHandlerMethod.doInvoke(InvocableHandlerMethod.java:205)
	at org.springframework.web.method.support.InvocableHandlerMethod.invokeForRequest(InvocableHandlerMethod.java:150)
	at org.springframework.web.servlet.mvc.method.annotation.ServletInvocableHandlerMethod.invokeAndHandle(ServletInvocableHandlerMethod.java:117)
	at org.springframework.web.servlet.mvc.method.annotation.RequestMappingHandlerAdapter.invokeHandlerMethod(RequestMappingHandlerAdapter.java:895)
	at org.springframework.web.servlet.mvc.method.annotation.RequestMappingHandlerAdapter.handleInternal(RequestMappingHandlerAdapter.java:808)
	at org.springframework.web.servlet.mvc.method.AbstractHandlerMethodAdapter.handle(AbstractHandlerMethodAdapter.java:87)
	at org.springframework.web.servlet.DispatcherServlet.doDispatch(DispatcherServlet.java:1072)
	at org.springframework.web.servlet.DispatcherServlet.doService(DispatcherServlet.java:965)
	at org.springframework.web.servlet.FrameworkServlet.processRequest(FrameworkServlet.java:1006)
	at org.springframework.web.servlet.FrameworkServlet.doGet(FrameworkServlet.java:898)
	at javax.servlet.http.HttpServlet.service(HttpServlet.java:529)
	at org.springframework.web.servlet.FrameworkServlet.service(FrameworkServlet.java:883)
	at javax.servlet.http.HttpServlet.service(HttpServlet.java:623)
	at org.apache.catalina.core.ApplicationFilterChain.internalDoFilter(ApplicationFilterChain.java:209)
	at org.apache.catalina.core.ApplicationFilterChain.doFilter(ApplicationFilterChain.java:153)
	at org.apache.tomcat.websocket.server.WsFilter.doFilter(WsFilter.java:51)
	at org.apache.catalina.core.ApplicationFilterChain.internalDoFilter(ApplicationFilterChain.java:178)
	at org.apache.catalina.core.ApplicationFilterChain.doFilter(ApplicationFilterChain.java:153)
	at org.springframework.web.filter.RequestContextFilter.doFilterInternal(RequestContextFilter.java:100)
	at org.springframework.web.filter.OncePerRequestFilter.doFilter(OncePerRequestFilter.java:117)
	at org.apache.catalina.core.ApplicationFilterChain.internalDoFilter(ApplicationFilterChain.java:178)
	at org.apache.catalina.core.ApplicationFilterChain.doFilter(ApplicationFilterChain.java:153)
	at org.springframework.web.filter.FormContentFilter.doFilterInternal(FormContentFilter.java:93)
	at org.springframework.web.filter.OncePerRequestFilter.doFilter(OncePerRequestFilter.java:117)
	at org.apache.catalina.core.ApplicationFilterChain.internalDoFilter(ApplicationFilterChain.java:178)
	at org.apache.catalina.core.ApplicationFilterChain.doFilter(ApplicationFilterChain.java:153)
	at org.springframework.web.filter.CharacterEncodingFilter.doFilterInternal(CharacterEncodingFilter.java:201)
	at org.springframework.web.filter.OncePerRequestFilter.doFilter(OncePerRequestFilter.java:117)
	at org.apache.catalina.core.ApplicationFilterChain.internalDoFilter(ApplicationFilterChain.java:178)
	at org.apache.catalina.core.ApplicationFilterChain.doFilter(ApplicationFilterChain.java:153)
	at org.apache.catalina.core.StandardWrapperValve.invoke(StandardWrapperValve.java:167)
	at org.apache.catalina.core.StandardContextValve.invoke(StandardContextValve.java:90)
	at org.apache.catalina.authenticator.AuthenticatorBase.invoke(AuthenticatorBase.java:481)
	at org.apache.catalina.core.StandardHostValve.invoke(StandardHostValve.java:130)
	at org.apache.catalina.valves.ErrorReportValve.invoke(ErrorReportValve.java:93)
	at org.apache.catalina.core.StandardEngineValve.invoke(StandardEngineValve.java:74)
	at org.apache.catalina.connector.CoyoteAdapter.service(CoyoteAdapter.java:343)
	at org.apache.coyote.http11.Http11Processor.service(Http11Processor.java:390)
	at org.apache.coyote.AbstractProcessorLight.process(AbstractProcessorLight.java:63)
	at org.apache.coyote.AbstractProtocol$ConnectionHandler.process(AbstractProtocol.java:926)
	at org.apache.tomcat.util.net.NioEndpoint$SocketProcessor.doRun(NioEndpoint.java:1791)
	at org.apache.tomcat.util.net.SocketProcessorBase.run(SocketProcessorBase.java:52)
	at org.apache.tomcat.util.threads.ThreadPoolExecutor.runWorker(ThreadPoolExecutor.java:1191)
	at org.apache.tomcat.util.threads.ThreadPoolExecutor$Worker.run(ThreadPoolExecutor.java:659)
	at org.apache.tomcat.util.threads.TaskThread$WrappingRunnable.run(TaskThread.java:61)
	at java.lang.Thread.run(Thread.java:750)
Caused by: java.sql.SQLSyntaxErrorException: You have an error in your SQL syntax; check the manual that corresponds to your MySQL server version for the right syntax to use near 'FROM
            consultations c
        WHERE 1=1
             
             
 ' at line 10
	at com.mysql.cj.jdbc.exceptions.SQLError.createSQLException(SQLError.java:120)
	at com.mysql.cj.jdbc.exceptions.SQLError.createSQLException(SQLError.java:97)
	at com.mysql.cj.jdbc.exceptions.SQLExceptionsMapping.translateException(SQLExceptionsMapping.java:122)
	at com.mysql.cj.jdbc.ClientPreparedStatement.executeInternal(ClientPreparedStatement.java:953)
	at com.mysql.cj.jdbc.ClientPreparedStatement.execute(ClientPreparedStatement.java:370)
	at com.zaxxer.hikari.pool.ProxyPreparedStatement.execute(ProxyPreparedStatement.java:44)
	at com.zaxxer.hikari.pool.HikariProxyPreparedStatement.execute(HikariProxyPreparedStatement.java)
	at sun.reflect.NativeMethodAccessorImpl.invoke0(Native Method)
	at sun.reflect.NativeMethodAccessorImpl.invoke(NativeMethodAccessorImpl.java:62)
	at sun.reflect.DelegatingMethodAccessorImpl.invoke(DelegatingMethodAccessorImpl.java:43)
	at java.lang.reflect.Method.invoke(Method.java:498)
	at org.apache.ibatis.logging.jdbc.PreparedStatementLogger.invoke(PreparedStatementLogger.java:59)
	at com.sun.proxy.$Proxy86.execute(Unknown Source)
	at org.apache.ibatis.executor.statement.PreparedStatementHandler.query(PreparedStatementHandler.java:64)
	at org.apache.ibatis.executor.statement.RoutingStatementHandler.query(RoutingStatementHandler.java:79)
	at org.apache.ibatis.executor.SimpleExecutor.doQuery(SimpleExecutor.java:63)
	at org.apache.ibatis.executor.BaseExecutor.queryFromDatabase(BaseExecutor.java:325)
	at org.apache.ibatis.executor.BaseExecutor.query(BaseExecutor.java:156)
	at org.apache.ibatis.executor.CachingExecutor.query(CachingExecutor.java:109)
	at org.apache.ibatis.executor.CachingExecutor.query(CachingExecutor.java:89)
	at org.apache.ibatis.session.defaults.DefaultSqlSession.selectList(DefaultSqlSession.java:147)
	at org.apache.ibatis.session.defaults.DefaultSqlSession.selectList(DefaultSqlSession.java:140)
	at sun.reflect.NativeMethodAccessorImpl.invoke0(Native Method)
	at sun.reflect.NativeMethodAccessorImpl.invoke(NativeMethodAccessorImpl.java:62)
	at sun.reflect.DelegatingMethodAccessorImpl.invoke(DelegatingMethodAccessorImpl.java:43)
	at java.lang.reflect.Method.invoke(Method.java:498)
	at org.mybatis.spring.SqlSessionTemplate$SqlSessionInterceptor.invoke(SqlSessionTemplate.java:427)
	... 65 common frames omitted
25-01-19.17:34:12.575 [SpringApplicationShutdownHook] INFO  HikariDataSource       - HikariPool-1 - Shutdown initiated...
25-01-19.17:34:12.583 [SpringApplicationShutdownHook] INFO  HikariDataSource       - HikariPool-1 - Shutdown completed.
25-01-19.17:34:18.643 [main            ] INFO  App                    - Starting App using Java 1.8.0_321 on LAPTOP-MV2KUHP1 with PID 3532 (F:\code\work\mental-health\management\target\classes started by Lenovo in F:\code\work\mental-health\management)
25-01-19.17:34:18.644 [main            ] DEBUG App                    - Running with Spring Boot v2.7.12, Spring v5.3.27
25-01-19.17:34:18.645 [main            ] INFO  App                    - The following 1 profile is active: "dev"
25-01-19.17:34:19.368 [main            ] INFO  TomcatWebServer        - Tomcat initialized with port(s): 8090 (http)
25-01-19.17:34:19.369 [main            ] INFO  AprLifecycleListener   - Loaded Apache Tomcat Native library [1.2.35] using APR version [1.7.0].
25-01-19.17:34:19.369 [main            ] INFO  AprLifecycleListener   - APR capabilities: IPv6 [true], sendfile [true], accept filters [false], random [true], UDS [true].
25-01-19.17:34:19.369 [main            ] INFO  AprLifecycleListener   - APR/OpenSSL configuration: useAprConnector [false], useOpenSSL [true]
25-01-19.17:34:19.372 [main            ] INFO  AprLifecycleListener   - OpenSSL successfully initialized [OpenSSL 1.1.1q  5 Jul 2022]
25-01-19.17:34:19.377 [main            ] INFO  Http11NioProtocol      - Initializing ProtocolHandler ["http-nio-8090"]
25-01-19.17:34:19.378 [main            ] INFO  StandardService        - Starting service [Tomcat]
25-01-19.17:34:19.378 [main            ] INFO  StandardEngine         - Starting Servlet engine: [Apache Tomcat/9.0.75]
25-01-19.17:34:19.513 [main            ] INFO  [/]                    - Initializing Spring embedded WebApplicationContext
25-01-19.17:34:19.513 [main            ] INFO  ServletWebServerApplicationContext - Root WebApplicationContext: initialization completed in 824 ms
25-01-19.17:34:20.020 [main            ] INFO  Http11NioProtocol      - Starting ProtocolHandler ["http-nio-8090"]
25-01-19.17:34:20.034 [main            ] INFO  TomcatWebServer        - Tomcat started on port(s): 8090 (http) with context path ''
25-01-19.17:34:20.041 [main            ] INFO  App                    - Started App in 1.77 seconds (JVM running for 2.818)
25-01-19.17:34:26.957 [http-nio-8090-exec-2] INFO  [/]                    - Initializing Spring DispatcherServlet 'dispatcherServlet'
25-01-19.17:34:26.957 [http-nio-8090-exec-2] INFO  DispatcherServlet      - Initializing Servlet 'dispatcherServlet'
25-01-19.17:34:26.958 [http-nio-8090-exec-2] INFO  DispatcherServlet      - Completed initialization in 1 ms
25-01-19.17:34:26.978 [http-nio-8090-exec-2] INFO  ConsultationController - 收到查询咨询记录列表请求，医生ID：null，用户ID：null，预约ID：null
25-01-19.17:34:26.983 [http-nio-8090-exec-2] INFO  ConsultationService    - 查询咨询记录列表，医生ID：null，用户ID：null，预约ID：null
25-01-19.17:34:27.004 [http-nio-8090-exec-2] INFO  HikariDataSource       - HikariPool-1 - Starting...
25-01-19.17:34:27.775 [http-nio-8090-exec-2] INFO  HikariDataSource       - HikariPool-1 - Start completed.
25-01-19.17:34:27.838 [http-nio-8090-exec-2] ERROR GlobalExceptionHandler - 系统异常
org.springframework.jdbc.BadSqlGrammarException: 
### Error querying database.  Cause: java.sql.SQLSyntaxErrorException: You have an error in your SQL syntax; check the manual that corresponds to your MySQL server version for the right syntax to use near 'FROM
            consultations c
        WHERE 1=1
             
             
 ' at line 10
### The error may exist in file [F:\code\work\mental-health\management\target\classes\mybatis\mapper\ConsultationMapper.xml]
### The error may involve defaultParameterMap
### The error occurred while setting parameters
### SQL: SELECT              c.id,             c.appointment_id,             c.doctor_id,             c.user_id,             c.chat_log,             c.feedback,             c.created_at,             c.updated_at,         FROM             consultations c         WHERE 1=1                                                   ORDER BY c.created_at DESC
### Cause: java.sql.SQLSyntaxErrorException: You have an error in your SQL syntax; check the manual that corresponds to your MySQL server version for the right syntax to use near 'FROM
            consultations c
        WHERE 1=1
             
             
 ' at line 10
; bad SQL grammar []; nested exception is java.sql.SQLSyntaxErrorException: You have an error in your SQL syntax; check the manual that corresponds to your MySQL server version for the right syntax to use near 'FROM
            consultations c
        WHERE 1=1
             
             
 ' at line 10
	at org.springframework.jdbc.support.SQLErrorCodeSQLExceptionTranslator.doTranslate(SQLErrorCodeSQLExceptionTranslator.java:239)
	at org.springframework.jdbc.support.AbstractFallbackSQLExceptionTranslator.translate(AbstractFallbackSQLExceptionTranslator.java:70)
	at org.mybatis.spring.MyBatisExceptionTranslator.translateExceptionIfPossible(MyBatisExceptionTranslator.java:91)
	at org.mybatis.spring.SqlSessionTemplate$SqlSessionInterceptor.invoke(SqlSessionTemplate.java:441)
	at com.sun.proxy.$Proxy66.selectList(Unknown Source)
	at org.mybatis.spring.SqlSessionTemplate.selectList(SqlSessionTemplate.java:224)
	at org.apache.ibatis.binding.MapperMethod.executeForMany(MapperMethod.java:147)
	at org.apache.ibatis.binding.MapperMethod.execute(MapperMethod.java:80)
	at org.apache.ibatis.binding.MapperProxy$PlainMethodInvoker.invoke(MapperProxy.java:152)
	at org.apache.ibatis.binding.MapperProxy.invoke(MapperProxy.java:85)
	at com.sun.proxy.$Proxy70.getConsultationList(Unknown Source)
	at com.dil.consultation.service.ConsultationService.getConsultationList(ConsultationService.java:70)
	at com.dil.consultation.service.ConsultationService$$FastClassBySpringCGLIB$$f7a88e02.invoke(<generated>)
	at org.springframework.cglib.proxy.MethodProxy.invoke(MethodProxy.java:218)
	at org.springframework.aop.framework.CglibAopProxy.invokeMethod(CglibAopProxy.java:386)
	at org.springframework.aop.framework.CglibAopProxy.access$000(CglibAopProxy.java:85)
	at org.springframework.aop.framework.CglibAopProxy$DynamicAdvisedInterceptor.intercept(CglibAopProxy.java:704)
	at com.dil.consultation.service.ConsultationService$$EnhancerBySpringCGLIB$$64fa2465.getConsultationList(<generated>)
	at com.dil.consultation.controller.ConsultationController.getConsultationList(ConsultationController.java:53)
	at sun.reflect.NativeMethodAccessorImpl.invoke0(Native Method)
	at sun.reflect.NativeMethodAccessorImpl.invoke(NativeMethodAccessorImpl.java:62)
	at sun.reflect.DelegatingMethodAccessorImpl.invoke(DelegatingMethodAccessorImpl.java:43)
	at java.lang.reflect.Method.invoke(Method.java:498)
	at org.springframework.web.method.support.InvocableHandlerMethod.doInvoke(InvocableHandlerMethod.java:205)
	at org.springframework.web.method.support.InvocableHandlerMethod.invokeForRequest(InvocableHandlerMethod.java:150)
	at org.springframework.web.servlet.mvc.method.annotation.ServletInvocableHandlerMethod.invokeAndHandle(ServletInvocableHandlerMethod.java:117)
	at org.springframework.web.servlet.mvc.method.annotation.RequestMappingHandlerAdapter.invokeHandlerMethod(RequestMappingHandlerAdapter.java:895)
	at org.springframework.web.servlet.mvc.method.annotation.RequestMappingHandlerAdapter.handleInternal(RequestMappingHandlerAdapter.java:808)
	at org.springframework.web.servlet.mvc.method.AbstractHandlerMethodAdapter.handle(AbstractHandlerMethodAdapter.java:87)
	at org.springframework.web.servlet.DispatcherServlet.doDispatch(DispatcherServlet.java:1072)
	at org.springframework.web.servlet.DispatcherServlet.doService(DispatcherServlet.java:965)
	at org.springframework.web.servlet.FrameworkServlet.processRequest(FrameworkServlet.java:1006)
	at org.springframework.web.servlet.FrameworkServlet.doGet(FrameworkServlet.java:898)
	at javax.servlet.http.HttpServlet.service(HttpServlet.java:529)
	at org.springframework.web.servlet.FrameworkServlet.service(FrameworkServlet.java:883)
	at javax.servlet.http.HttpServlet.service(HttpServlet.java:623)
	at org.apache.catalina.core.ApplicationFilterChain.internalDoFilter(ApplicationFilterChain.java:209)
	at org.apache.catalina.core.ApplicationFilterChain.doFilter(ApplicationFilterChain.java:153)
	at org.apache.tomcat.websocket.server.WsFilter.doFilter(WsFilter.java:51)
	at org.apache.catalina.core.ApplicationFilterChain.internalDoFilter(ApplicationFilterChain.java:178)
	at org.apache.catalina.core.ApplicationFilterChain.doFilter(ApplicationFilterChain.java:153)
	at org.springframework.web.filter.RequestContextFilter.doFilterInternal(RequestContextFilter.java:100)
	at org.springframework.web.filter.OncePerRequestFilter.doFilter(OncePerRequestFilter.java:117)
	at org.apache.catalina.core.ApplicationFilterChain.internalDoFilter(ApplicationFilterChain.java:178)
	at org.apache.catalina.core.ApplicationFilterChain.doFilter(ApplicationFilterChain.java:153)
	at org.springframework.web.filter.FormContentFilter.doFilterInternal(FormContentFilter.java:93)
	at org.springframework.web.filter.OncePerRequestFilter.doFilter(OncePerRequestFilter.java:117)
	at org.apache.catalina.core.ApplicationFilterChain.internalDoFilter(ApplicationFilterChain.java:178)
	at org.apache.catalina.core.ApplicationFilterChain.doFilter(ApplicationFilterChain.java:153)
	at org.springframework.web.filter.CharacterEncodingFilter.doFilterInternal(CharacterEncodingFilter.java:201)
	at org.springframework.web.filter.OncePerRequestFilter.doFilter(OncePerRequestFilter.java:117)
	at org.apache.catalina.core.ApplicationFilterChain.internalDoFilter(ApplicationFilterChain.java:178)
	at org.apache.catalina.core.ApplicationFilterChain.doFilter(ApplicationFilterChain.java:153)
	at org.apache.catalina.core.StandardWrapperValve.invoke(StandardWrapperValve.java:167)
	at org.apache.catalina.core.StandardContextValve.invoke(StandardContextValve.java:90)
	at org.apache.catalina.authenticator.AuthenticatorBase.invoke(AuthenticatorBase.java:481)
	at org.apache.catalina.core.StandardHostValve.invoke(StandardHostValve.java:130)
	at org.apache.catalina.valves.ErrorReportValve.invoke(ErrorReportValve.java:93)
	at org.apache.catalina.core.StandardEngineValve.invoke(StandardEngineValve.java:74)
	at org.apache.catalina.connector.CoyoteAdapter.service(CoyoteAdapter.java:343)
	at org.apache.coyote.http11.Http11Processor.service(Http11Processor.java:390)
	at org.apache.coyote.AbstractProcessorLight.process(AbstractProcessorLight.java:63)
	at org.apache.coyote.AbstractProtocol$ConnectionHandler.process(AbstractProtocol.java:926)
	at org.apache.tomcat.util.net.NioEndpoint$SocketProcessor.doRun(NioEndpoint.java:1791)
	at org.apache.tomcat.util.net.SocketProcessorBase.run(SocketProcessorBase.java:52)
	at org.apache.tomcat.util.threads.ThreadPoolExecutor.runWorker(ThreadPoolExecutor.java:1191)
	at org.apache.tomcat.util.threads.ThreadPoolExecutor$Worker.run(ThreadPoolExecutor.java:659)
	at org.apache.tomcat.util.threads.TaskThread$WrappingRunnable.run(TaskThread.java:61)
	at java.lang.Thread.run(Thread.java:750)
Caused by: java.sql.SQLSyntaxErrorException: You have an error in your SQL syntax; check the manual that corresponds to your MySQL server version for the right syntax to use near 'FROM
            consultations c
        WHERE 1=1
             
             
 ' at line 10
	at com.mysql.cj.jdbc.exceptions.SQLError.createSQLException(SQLError.java:120)
	at com.mysql.cj.jdbc.exceptions.SQLError.createSQLException(SQLError.java:97)
	at com.mysql.cj.jdbc.exceptions.SQLExceptionsMapping.translateException(SQLExceptionsMapping.java:122)
	at com.mysql.cj.jdbc.ClientPreparedStatement.executeInternal(ClientPreparedStatement.java:953)
	at com.mysql.cj.jdbc.ClientPreparedStatement.execute(ClientPreparedStatement.java:370)
	at com.zaxxer.hikari.pool.ProxyPreparedStatement.execute(ProxyPreparedStatement.java:44)
	at com.zaxxer.hikari.pool.HikariProxyPreparedStatement.execute(HikariProxyPreparedStatement.java)
	at sun.reflect.NativeMethodAccessorImpl.invoke0(Native Method)
	at sun.reflect.NativeMethodAccessorImpl.invoke(NativeMethodAccessorImpl.java:62)
	at sun.reflect.DelegatingMethodAccessorImpl.invoke(DelegatingMethodAccessorImpl.java:43)
	at java.lang.reflect.Method.invoke(Method.java:498)
	at org.apache.ibatis.logging.jdbc.PreparedStatementLogger.invoke(PreparedStatementLogger.java:59)
	at com.sun.proxy.$Proxy86.execute(Unknown Source)
	at org.apache.ibatis.executor.statement.PreparedStatementHandler.query(PreparedStatementHandler.java:64)
	at org.apache.ibatis.executor.statement.RoutingStatementHandler.query(RoutingStatementHandler.java:79)
	at org.apache.ibatis.executor.SimpleExecutor.doQuery(SimpleExecutor.java:63)
	at org.apache.ibatis.executor.BaseExecutor.queryFromDatabase(BaseExecutor.java:325)
	at org.apache.ibatis.executor.BaseExecutor.query(BaseExecutor.java:156)
	at org.apache.ibatis.executor.CachingExecutor.query(CachingExecutor.java:109)
	at org.apache.ibatis.executor.CachingExecutor.query(CachingExecutor.java:89)
	at org.apache.ibatis.session.defaults.DefaultSqlSession.selectList(DefaultSqlSession.java:147)
	at org.apache.ibatis.session.defaults.DefaultSqlSession.selectList(DefaultSqlSession.java:140)
	at sun.reflect.NativeMethodAccessorImpl.invoke0(Native Method)
	at sun.reflect.NativeMethodAccessorImpl.invoke(NativeMethodAccessorImpl.java:62)
	at sun.reflect.DelegatingMethodAccessorImpl.invoke(DelegatingMethodAccessorImpl.java:43)
	at java.lang.reflect.Method.invoke(Method.java:498)
	at org.mybatis.spring.SqlSessionTemplate$SqlSessionInterceptor.invoke(SqlSessionTemplate.java:427)
	... 65 common frames omitted
25-01-19.17:36:55.760 [SpringApplicationShutdownHook] INFO  HikariDataSource       - HikariPool-1 - Shutdown initiated...
25-01-19.17:36:55.768 [SpringApplicationShutdownHook] INFO  HikariDataSource       - HikariPool-1 - Shutdown completed.
25-01-19.17:36:58.489 [main            ] INFO  App                    - Starting App using Java 1.8.0_321 on LAPTOP-MV2KUHP1 with PID 13456 (F:\code\work\mental-health\management\target\classes started by Lenovo in F:\code\work\mental-health\management)
25-01-19.17:36:58.491 [main            ] DEBUG App                    - Running with Spring Boot v2.7.12, Spring v5.3.27
25-01-19.17:36:58.491 [main            ] INFO  App                    - The following 1 profile is active: "dev"
25-01-19.17:36:59.226 [main            ] INFO  TomcatWebServer        - Tomcat initialized with port(s): 8090 (http)
25-01-19.17:36:59.227 [main            ] INFO  AprLifecycleListener   - Loaded Apache Tomcat Native library [1.2.35] using APR version [1.7.0].
25-01-19.17:36:59.227 [main            ] INFO  AprLifecycleListener   - APR capabilities: IPv6 [true], sendfile [true], accept filters [false], random [true], UDS [true].
25-01-19.17:36:59.227 [main            ] INFO  AprLifecycleListener   - APR/OpenSSL configuration: useAprConnector [false], useOpenSSL [true]
25-01-19.17:36:59.229 [main            ] INFO  AprLifecycleListener   - OpenSSL successfully initialized [OpenSSL 1.1.1q  5 Jul 2022]
25-01-19.17:36:59.235 [main            ] INFO  Http11NioProtocol      - Initializing ProtocolHandler ["http-nio-8090"]
25-01-19.17:36:59.235 [main            ] INFO  StandardService        - Starting service [Tomcat]
25-01-19.17:36:59.236 [main            ] INFO  StandardEngine         - Starting Servlet engine: [Apache Tomcat/9.0.75]
25-01-19.17:36:59.361 [main            ] INFO  [/]                    - Initializing Spring embedded WebApplicationContext
25-01-19.17:36:59.361 [main            ] INFO  ServletWebServerApplicationContext - Root WebApplicationContext: initialization completed in 826 ms
25-01-19.17:36:59.878 [main            ] INFO  Http11NioProtocol      - Starting ProtocolHandler ["http-nio-8090"]
25-01-19.17:36:59.890 [main            ] INFO  TomcatWebServer        - Tomcat started on port(s): 8090 (http) with context path ''
25-01-19.17:36:59.898 [main            ] INFO  App                    - Started App in 1.787 seconds (JVM running for 2.87)
25-01-19.17:37:01.506 [http-nio-8090-exec-1] INFO  [/]                    - Initializing Spring DispatcherServlet 'dispatcherServlet'
25-01-19.17:37:01.507 [http-nio-8090-exec-1] INFO  DispatcherServlet      - Initializing Servlet 'dispatcherServlet'
25-01-19.17:37:01.507 [http-nio-8090-exec-1] INFO  DispatcherServlet      - Completed initialization in 0 ms
25-01-19.17:37:01.528 [http-nio-8090-exec-1] INFO  ConsultationController - 收到查询咨询记录列表请求，医生ID：null，用户ID：null，预约ID：null
25-01-19.17:37:01.532 [http-nio-8090-exec-1] INFO  ConsultationService    - 查询咨询记录列表，医生ID：null，用户ID：null，预约ID：null
25-01-19.17:37:01.553 [http-nio-8090-exec-1] INFO  HikariDataSource       - HikariPool-1 - Starting...
25-01-19.17:37:02.333 [http-nio-8090-exec-1] INFO  HikariDataSource       - HikariPool-1 - Start completed.
25-01-19.17:37:46.555 [http-nio-8090-exec-4] INFO  ConsultationController - 收到查询咨询记录列表请求，医生ID：2，用户ID：null，预约ID：null
25-01-19.17:37:46.556 [http-nio-8090-exec-4] INFO  ConsultationService    - 查询咨询记录列表，医生ID：2，用户ID：null，预约ID：null
25-01-19.17:38:06.689 [http-nio-8090-exec-5] INFO  ConsultationController - 收到查询咨询记录详情请求，ID：1
25-01-19.17:38:06.689 [http-nio-8090-exec-5] INFO  ConsultationService    - 查询咨询记录详情，ID：1
25-01-19.17:38:06.737 [http-nio-8090-exec-5] ERROR GlobalExceptionHandler - 系统异常
org.springframework.jdbc.BadSqlGrammarException: 
### Error querying database.  Cause: java.sql.SQLSyntaxErrorException: Unknown column 'up.username' in 'field list'
### The error may exist in file [F:\code\work\mental-health\management\target\classes\mybatis\mapper\ConsultationMapper.xml]
### The error may involve defaultParameterMap
### The error occurred while setting parameters
### SQL: SELECT              c.id,             c.appointment_id,             c.doctor_id,             c.user_id,             d.username as doctorName,             u.username as userName,             c.chat_log,             c.feedback,             c.created_at,             c.updated_at,             up.username as updaterName         FROM              consultations c             LEFT JOIN users d ON c.doctor_id = d.id             LEFT JOIN users u ON c.user_id = u.id         WHERE c.id = ?
### Cause: java.sql.SQLSyntaxErrorException: Unknown column 'up.username' in 'field list'
; bad SQL grammar []; nested exception is java.sql.SQLSyntaxErrorException: Unknown column 'up.username' in 'field list'
	at org.springframework.jdbc.support.SQLErrorCodeSQLExceptionTranslator.doTranslate(SQLErrorCodeSQLExceptionTranslator.java:239)
	at org.springframework.jdbc.support.AbstractFallbackSQLExceptionTranslator.translate(AbstractFallbackSQLExceptionTranslator.java:70)
	at org.mybatis.spring.MyBatisExceptionTranslator.translateExceptionIfPossible(MyBatisExceptionTranslator.java:91)
	at org.mybatis.spring.SqlSessionTemplate$SqlSessionInterceptor.invoke(SqlSessionTemplate.java:441)
	at com.sun.proxy.$Proxy66.selectOne(Unknown Source)
	at org.mybatis.spring.SqlSessionTemplate.selectOne(SqlSessionTemplate.java:160)
	at org.apache.ibatis.binding.MapperMethod.execute(MapperMethod.java:87)
	at org.apache.ibatis.binding.MapperProxy$PlainMethodInvoker.invoke(MapperProxy.java:152)
	at org.apache.ibatis.binding.MapperProxy.invoke(MapperProxy.java:85)
	at com.sun.proxy.$Proxy70.getConsultationById(Unknown Source)
	at com.dil.consultation.service.ConsultationService.getConsultationById(ConsultationService.java:81)
	at com.dil.consultation.service.ConsultationService$$FastClassBySpringCGLIB$$f7a88e02.invoke(<generated>)
	at org.springframework.cglib.proxy.MethodProxy.invoke(MethodProxy.java:218)
	at org.springframework.aop.framework.CglibAopProxy.invokeMethod(CglibAopProxy.java:386)
	at org.springframework.aop.framework.CglibAopProxy.access$000(CglibAopProxy.java:85)
	at org.springframework.aop.framework.CglibAopProxy$DynamicAdvisedInterceptor.intercept(CglibAopProxy.java:704)
	at com.dil.consultation.service.ConsultationService$$EnhancerBySpringCGLIB$$2a5de6b4.getConsultationById(<generated>)
	at com.dil.consultation.controller.ConsultationController.getConsultationById(ConsultationController.java:66)
	at sun.reflect.NativeMethodAccessorImpl.invoke0(Native Method)
	at sun.reflect.NativeMethodAccessorImpl.invoke(NativeMethodAccessorImpl.java:62)
	at sun.reflect.DelegatingMethodAccessorImpl.invoke(DelegatingMethodAccessorImpl.java:43)
	at java.lang.reflect.Method.invoke(Method.java:498)
	at org.springframework.web.method.support.InvocableHandlerMethod.doInvoke(InvocableHandlerMethod.java:205)
	at org.springframework.web.method.support.InvocableHandlerMethod.invokeForRequest(InvocableHandlerMethod.java:150)
	at org.springframework.web.servlet.mvc.method.annotation.ServletInvocableHandlerMethod.invokeAndHandle(ServletInvocableHandlerMethod.java:117)
	at org.springframework.web.servlet.mvc.method.annotation.RequestMappingHandlerAdapter.invokeHandlerMethod(RequestMappingHandlerAdapter.java:895)
	at org.springframework.web.servlet.mvc.method.annotation.RequestMappingHandlerAdapter.handleInternal(RequestMappingHandlerAdapter.java:808)
	at org.springframework.web.servlet.mvc.method.AbstractHandlerMethodAdapter.handle(AbstractHandlerMethodAdapter.java:87)
	at org.springframework.web.servlet.DispatcherServlet.doDispatch(DispatcherServlet.java:1072)
	at org.springframework.web.servlet.DispatcherServlet.doService(DispatcherServlet.java:965)
	at org.springframework.web.servlet.FrameworkServlet.processRequest(FrameworkServlet.java:1006)
	at org.springframework.web.servlet.FrameworkServlet.doGet(FrameworkServlet.java:898)
	at javax.servlet.http.HttpServlet.service(HttpServlet.java:529)
	at org.springframework.web.servlet.FrameworkServlet.service(FrameworkServlet.java:883)
	at javax.servlet.http.HttpServlet.service(HttpServlet.java:623)
	at org.apache.catalina.core.ApplicationFilterChain.internalDoFilter(ApplicationFilterChain.java:209)
	at org.apache.catalina.core.ApplicationFilterChain.doFilter(ApplicationFilterChain.java:153)
	at org.apache.tomcat.websocket.server.WsFilter.doFilter(WsFilter.java:51)
	at org.apache.catalina.core.ApplicationFilterChain.internalDoFilter(ApplicationFilterChain.java:178)
	at org.apache.catalina.core.ApplicationFilterChain.doFilter(ApplicationFilterChain.java:153)
	at org.springframework.web.filter.RequestContextFilter.doFilterInternal(RequestContextFilter.java:100)
	at org.springframework.web.filter.OncePerRequestFilter.doFilter(OncePerRequestFilter.java:117)
	at org.apache.catalina.core.ApplicationFilterChain.internalDoFilter(ApplicationFilterChain.java:178)
	at org.apache.catalina.core.ApplicationFilterChain.doFilter(ApplicationFilterChain.java:153)
	at org.springframework.web.filter.FormContentFilter.doFilterInternal(FormContentFilter.java:93)
	at org.springframework.web.filter.OncePerRequestFilter.doFilter(OncePerRequestFilter.java:117)
	at org.apache.catalina.core.ApplicationFilterChain.internalDoFilter(ApplicationFilterChain.java:178)
	at org.apache.catalina.core.ApplicationFilterChain.doFilter(ApplicationFilterChain.java:153)
	at org.springframework.web.filter.CharacterEncodingFilter.doFilterInternal(CharacterEncodingFilter.java:201)
	at org.springframework.web.filter.OncePerRequestFilter.doFilter(OncePerRequestFilter.java:117)
	at org.apache.catalina.core.ApplicationFilterChain.internalDoFilter(ApplicationFilterChain.java:178)
	at org.apache.catalina.core.ApplicationFilterChain.doFilter(ApplicationFilterChain.java:153)
	at org.apache.catalina.core.StandardWrapperValve.invoke(StandardWrapperValve.java:167)
	at org.apache.catalina.core.StandardContextValve.invoke(StandardContextValve.java:90)
	at org.apache.catalina.authenticator.AuthenticatorBase.invoke(AuthenticatorBase.java:481)
	at org.apache.catalina.core.StandardHostValve.invoke(StandardHostValve.java:130)
	at org.apache.catalina.valves.ErrorReportValve.invoke(ErrorReportValve.java:93)
	at org.apache.catalina.core.StandardEngineValve.invoke(StandardEngineValve.java:74)
	at org.apache.catalina.connector.CoyoteAdapter.service(CoyoteAdapter.java:343)
	at org.apache.coyote.http11.Http11Processor.service(Http11Processor.java:390)
	at org.apache.coyote.AbstractProcessorLight.process(AbstractProcessorLight.java:63)
	at org.apache.coyote.AbstractProtocol$ConnectionHandler.process(AbstractProtocol.java:926)
	at org.apache.tomcat.util.net.NioEndpoint$SocketProcessor.doRun(NioEndpoint.java:1791)
	at org.apache.tomcat.util.net.SocketProcessorBase.run(SocketProcessorBase.java:52)
	at org.apache.tomcat.util.threads.ThreadPoolExecutor.runWorker(ThreadPoolExecutor.java:1191)
	at org.apache.tomcat.util.threads.ThreadPoolExecutor$Worker.run(ThreadPoolExecutor.java:659)
	at org.apache.tomcat.util.threads.TaskThread$WrappingRunnable.run(TaskThread.java:61)
	at java.lang.Thread.run(Thread.java:750)
Caused by: java.sql.SQLSyntaxErrorException: Unknown column 'up.username' in 'field list'
	at com.mysql.cj.jdbc.exceptions.SQLError.createSQLException(SQLError.java:120)
	at com.mysql.cj.jdbc.exceptions.SQLError.createSQLException(SQLError.java:97)
	at com.mysql.cj.jdbc.exceptions.SQLExceptionsMapping.translateException(SQLExceptionsMapping.java:122)
	at com.mysql.cj.jdbc.ClientPreparedStatement.executeInternal(ClientPreparedStatement.java:953)
	at com.mysql.cj.jdbc.ClientPreparedStatement.execute(ClientPreparedStatement.java:370)
	at com.zaxxer.hikari.pool.ProxyPreparedStatement.execute(ProxyPreparedStatement.java:44)
	at com.zaxxer.hikari.pool.HikariProxyPreparedStatement.execute(HikariProxyPreparedStatement.java)
	at sun.reflect.NativeMethodAccessorImpl.invoke0(Native Method)
	at sun.reflect.NativeMethodAccessorImpl.invoke(NativeMethodAccessorImpl.java:62)
	at sun.reflect.DelegatingMethodAccessorImpl.invoke(DelegatingMethodAccessorImpl.java:43)
	at java.lang.reflect.Method.invoke(Method.java:498)
	at org.apache.ibatis.logging.jdbc.PreparedStatementLogger.invoke(PreparedStatementLogger.java:59)
	at com.sun.proxy.$Proxy86.execute(Unknown Source)
	at org.apache.ibatis.executor.statement.PreparedStatementHandler.query(PreparedStatementHandler.java:64)
	at org.apache.ibatis.executor.statement.RoutingStatementHandler.query(RoutingStatementHandler.java:79)
	at org.apache.ibatis.executor.SimpleExecutor.doQuery(SimpleExecutor.java:63)
	at org.apache.ibatis.executor.BaseExecutor.queryFromDatabase(BaseExecutor.java:325)
	at org.apache.ibatis.executor.BaseExecutor.query(BaseExecutor.java:156)
	at org.apache.ibatis.executor.CachingExecutor.query(CachingExecutor.java:109)
	at org.apache.ibatis.executor.CachingExecutor.query(CachingExecutor.java:89)
	at org.apache.ibatis.session.defaults.DefaultSqlSession.selectList(DefaultSqlSession.java:147)
	at org.apache.ibatis.session.defaults.DefaultSqlSession.selectList(DefaultSqlSession.java:140)
	at org.apache.ibatis.session.defaults.DefaultSqlSession.selectOne(DefaultSqlSession.java:76)
	at sun.reflect.NativeMethodAccessorImpl.invoke0(Native Method)
	at sun.reflect.NativeMethodAccessorImpl.invoke(NativeMethodAccessorImpl.java:62)
	at sun.reflect.DelegatingMethodAccessorImpl.invoke(DelegatingMethodAccessorImpl.java:43)
	at java.lang.reflect.Method.invoke(Method.java:498)
	at org.mybatis.spring.SqlSessionTemplate$SqlSessionInterceptor.invoke(SqlSessionTemplate.java:427)
	... 64 common frames omitted
25-01-19.17:38:43.331 [SpringApplicationShutdownHook] INFO  HikariDataSource       - HikariPool-1 - Shutdown initiated...
25-01-19.17:38:43.338 [SpringApplicationShutdownHook] INFO  HikariDataSource       - HikariPool-1 - Shutdown completed.
25-01-19.17:38:45.970 [main            ] INFO  App                    - Starting App using Java 1.8.0_321 on LAPTOP-MV2KUHP1 with PID 3052 (F:\code\work\mental-health\management\target\classes started by Lenovo in F:\code\work\mental-health\management)
25-01-19.17:38:45.972 [main            ] DEBUG App                    - Running with Spring Boot v2.7.12, Spring v5.3.27
25-01-19.17:38:45.972 [main            ] INFO  App                    - The following 1 profile is active: "dev"
25-01-19.17:38:46.673 [main            ] INFO  TomcatWebServer        - Tomcat initialized with port(s): 8090 (http)
25-01-19.17:38:46.680 [main            ] INFO  AprLifecycleListener   - Loaded Apache Tomcat Native library [1.2.35] using APR version [1.7.0].
25-01-19.17:38:46.680 [main            ] INFO  AprLifecycleListener   - APR capabilities: IPv6 [true], sendfile [true], accept filters [false], random [true], UDS [true].
25-01-19.17:38:46.680 [main            ] INFO  AprLifecycleListener   - APR/OpenSSL configuration: useAprConnector [false], useOpenSSL [true]
25-01-19.17:38:46.683 [main            ] INFO  AprLifecycleListener   - OpenSSL successfully initialized [OpenSSL 1.1.1q  5 Jul 2022]
25-01-19.17:38:46.688 [main            ] INFO  Http11NioProtocol      - Initializing ProtocolHandler ["http-nio-8090"]
25-01-19.17:38:46.689 [main            ] INFO  StandardService        - Starting service [Tomcat]
25-01-19.17:38:46.689 [main            ] INFO  StandardEngine         - Starting Servlet engine: [Apache Tomcat/9.0.75]
25-01-19.17:38:46.808 [main            ] INFO  [/]                    - Initializing Spring embedded WebApplicationContext
25-01-19.17:38:46.808 [main            ] INFO  ServletWebServerApplicationContext - Root WebApplicationContext: initialization completed in 793 ms
25-01-19.17:38:47.297 [main            ] INFO  Http11NioProtocol      - Starting ProtocolHandler ["http-nio-8090"]
25-01-19.17:38:47.309 [main            ] INFO  TomcatWebServer        - Tomcat started on port(s): 8090 (http) with context path ''
25-01-19.17:38:47.317 [main            ] INFO  App                    - Started App in 1.713 seconds (JVM running for 2.769)
25-01-19.17:38:49.949 [http-nio-8090-exec-1] INFO  [/]                    - Initializing Spring DispatcherServlet 'dispatcherServlet'
25-01-19.17:38:49.950 [http-nio-8090-exec-1] INFO  DispatcherServlet      - Initializing Servlet 'dispatcherServlet'
25-01-19.17:38:49.950 [http-nio-8090-exec-1] INFO  DispatcherServlet      - Completed initialization in 0 ms
25-01-19.17:38:49.970 [http-nio-8090-exec-1] INFO  ConsultationController - 收到查询咨询记录详情请求，ID：1
25-01-19.17:38:49.975 [http-nio-8090-exec-1] INFO  ConsultationService    - 查询咨询记录详情，ID：1
25-01-19.17:38:49.986 [http-nio-8090-exec-1] INFO  HikariDataSource       - HikariPool-1 - Starting...
25-01-19.17:38:50.762 [http-nio-8090-exec-1] INFO  HikariDataSource       - HikariPool-1 - Start completed.
25-01-19.17:38:50.824 [http-nio-8090-exec-1] ERROR GlobalExceptionHandler - 系统异常
org.springframework.jdbc.BadSqlGrammarException: 
### Error querying database.  Cause: java.sql.SQLSyntaxErrorException: You have an error in your SQL syntax; check the manual that corresponds to your MySQL server version for the right syntax to use near 'FROM
            consultations c
        WHERE c.id = 1' at line 10
### The error may exist in file [F:\code\work\mental-health\management\target\classes\mybatis\mapper\ConsultationMapper.xml]
### The error may involve defaultParameterMap
### The error occurred while setting parameters
### SQL: SELECT              c.id,             c.appointment_id,             c.doctor_id,             c.user_id,             c.chat_log,             c.feedback,             c.created_at,             c.updated_at,         FROM             consultations c         WHERE c.id = ?
### Cause: java.sql.SQLSyntaxErrorException: You have an error in your SQL syntax; check the manual that corresponds to your MySQL server version for the right syntax to use near 'FROM
            consultations c
        WHERE c.id = 1' at line 10
; bad SQL grammar []; nested exception is java.sql.SQLSyntaxErrorException: You have an error in your SQL syntax; check the manual that corresponds to your MySQL server version for the right syntax to use near 'FROM
            consultations c
        WHERE c.id = 1' at line 10
	at org.springframework.jdbc.support.SQLErrorCodeSQLExceptionTranslator.doTranslate(SQLErrorCodeSQLExceptionTranslator.java:239)
	at org.springframework.jdbc.support.AbstractFallbackSQLExceptionTranslator.translate(AbstractFallbackSQLExceptionTranslator.java:70)
	at org.mybatis.spring.MyBatisExceptionTranslator.translateExceptionIfPossible(MyBatisExceptionTranslator.java:91)
	at org.mybatis.spring.SqlSessionTemplate$SqlSessionInterceptor.invoke(SqlSessionTemplate.java:441)
	at com.sun.proxy.$Proxy66.selectOne(Unknown Source)
	at org.mybatis.spring.SqlSessionTemplate.selectOne(SqlSessionTemplate.java:160)
	at org.apache.ibatis.binding.MapperMethod.execute(MapperMethod.java:87)
	at org.apache.ibatis.binding.MapperProxy$PlainMethodInvoker.invoke(MapperProxy.java:152)
	at org.apache.ibatis.binding.MapperProxy.invoke(MapperProxy.java:85)
	at com.sun.proxy.$Proxy70.getConsultationById(Unknown Source)
	at com.dil.consultation.service.ConsultationService.getConsultationById(ConsultationService.java:81)
	at com.dil.consultation.service.ConsultationService$$FastClassBySpringCGLIB$$f7a88e02.invoke(<generated>)
	at org.springframework.cglib.proxy.MethodProxy.invoke(MethodProxy.java:218)
	at org.springframework.aop.framework.CglibAopProxy.invokeMethod(CglibAopProxy.java:386)
	at org.springframework.aop.framework.CglibAopProxy.access$000(CglibAopProxy.java:85)
	at org.springframework.aop.framework.CglibAopProxy$DynamicAdvisedInterceptor.intercept(CglibAopProxy.java:704)
	at com.dil.consultation.service.ConsultationService$$EnhancerBySpringCGLIB$$31cce3e1.getConsultationById(<generated>)
	at com.dil.consultation.controller.ConsultationController.getConsultationById(ConsultationController.java:66)
	at sun.reflect.NativeMethodAccessorImpl.invoke0(Native Method)
	at sun.reflect.NativeMethodAccessorImpl.invoke(NativeMethodAccessorImpl.java:62)
	at sun.reflect.DelegatingMethodAccessorImpl.invoke(DelegatingMethodAccessorImpl.java:43)
	at java.lang.reflect.Method.invoke(Method.java:498)
	at org.springframework.web.method.support.InvocableHandlerMethod.doInvoke(InvocableHandlerMethod.java:205)
	at org.springframework.web.method.support.InvocableHandlerMethod.invokeForRequest(InvocableHandlerMethod.java:150)
	at org.springframework.web.servlet.mvc.method.annotation.ServletInvocableHandlerMethod.invokeAndHandle(ServletInvocableHandlerMethod.java:117)
	at org.springframework.web.servlet.mvc.method.annotation.RequestMappingHandlerAdapter.invokeHandlerMethod(RequestMappingHandlerAdapter.java:895)
	at org.springframework.web.servlet.mvc.method.annotation.RequestMappingHandlerAdapter.handleInternal(RequestMappingHandlerAdapter.java:808)
	at org.springframework.web.servlet.mvc.method.AbstractHandlerMethodAdapter.handle(AbstractHandlerMethodAdapter.java:87)
	at org.springframework.web.servlet.DispatcherServlet.doDispatch(DispatcherServlet.java:1072)
	at org.springframework.web.servlet.DispatcherServlet.doService(DispatcherServlet.java:965)
	at org.springframework.web.servlet.FrameworkServlet.processRequest(FrameworkServlet.java:1006)
	at org.springframework.web.servlet.FrameworkServlet.doGet(FrameworkServlet.java:898)
	at javax.servlet.http.HttpServlet.service(HttpServlet.java:529)
	at org.springframework.web.servlet.FrameworkServlet.service(FrameworkServlet.java:883)
	at javax.servlet.http.HttpServlet.service(HttpServlet.java:623)
	at org.apache.catalina.core.ApplicationFilterChain.internalDoFilter(ApplicationFilterChain.java:209)
	at org.apache.catalina.core.ApplicationFilterChain.doFilter(ApplicationFilterChain.java:153)
	at org.apache.tomcat.websocket.server.WsFilter.doFilter(WsFilter.java:51)
	at org.apache.catalina.core.ApplicationFilterChain.internalDoFilter(ApplicationFilterChain.java:178)
	at org.apache.catalina.core.ApplicationFilterChain.doFilter(ApplicationFilterChain.java:153)
	at org.springframework.web.filter.RequestContextFilter.doFilterInternal(RequestContextFilter.java:100)
	at org.springframework.web.filter.OncePerRequestFilter.doFilter(OncePerRequestFilter.java:117)
	at org.apache.catalina.core.ApplicationFilterChain.internalDoFilter(ApplicationFilterChain.java:178)
	at org.apache.catalina.core.ApplicationFilterChain.doFilter(ApplicationFilterChain.java:153)
	at org.springframework.web.filter.FormContentFilter.doFilterInternal(FormContentFilter.java:93)
	at org.springframework.web.filter.OncePerRequestFilter.doFilter(OncePerRequestFilter.java:117)
	at org.apache.catalina.core.ApplicationFilterChain.internalDoFilter(ApplicationFilterChain.java:178)
	at org.apache.catalina.core.ApplicationFilterChain.doFilter(ApplicationFilterChain.java:153)
	at org.springframework.web.filter.CharacterEncodingFilter.doFilterInternal(CharacterEncodingFilter.java:201)
	at org.springframework.web.filter.OncePerRequestFilter.doFilter(OncePerRequestFilter.java:117)
	at org.apache.catalina.core.ApplicationFilterChain.internalDoFilter(ApplicationFilterChain.java:178)
	at org.apache.catalina.core.ApplicationFilterChain.doFilter(ApplicationFilterChain.java:153)
	at org.apache.catalina.core.StandardWrapperValve.invoke(StandardWrapperValve.java:167)
	at org.apache.catalina.core.StandardContextValve.invoke(StandardContextValve.java:90)
	at org.apache.catalina.authenticator.AuthenticatorBase.invoke(AuthenticatorBase.java:481)
	at org.apache.catalina.core.StandardHostValve.invoke(StandardHostValve.java:130)
	at org.apache.catalina.valves.ErrorReportValve.invoke(ErrorReportValve.java:93)
	at org.apache.catalina.core.StandardEngineValve.invoke(StandardEngineValve.java:74)
	at org.apache.catalina.connector.CoyoteAdapter.service(CoyoteAdapter.java:343)
	at org.apache.coyote.http11.Http11Processor.service(Http11Processor.java:390)
	at org.apache.coyote.AbstractProcessorLight.process(AbstractProcessorLight.java:63)
	at org.apache.coyote.AbstractProtocol$ConnectionHandler.process(AbstractProtocol.java:926)
	at org.apache.tomcat.util.net.NioEndpoint$SocketProcessor.doRun(NioEndpoint.java:1791)
	at org.apache.tomcat.util.net.SocketProcessorBase.run(SocketProcessorBase.java:52)
	at org.apache.tomcat.util.threads.ThreadPoolExecutor.runWorker(ThreadPoolExecutor.java:1191)
	at org.apache.tomcat.util.threads.ThreadPoolExecutor$Worker.run(ThreadPoolExecutor.java:659)
	at org.apache.tomcat.util.threads.TaskThread$WrappingRunnable.run(TaskThread.java:61)
	at java.lang.Thread.run(Thread.java:750)
Caused by: java.sql.SQLSyntaxErrorException: You have an error in your SQL syntax; check the manual that corresponds to your MySQL server version for the right syntax to use near 'FROM
            consultations c
        WHERE c.id = 1' at line 10
	at com.mysql.cj.jdbc.exceptions.SQLError.createSQLException(SQLError.java:120)
	at com.mysql.cj.jdbc.exceptions.SQLError.createSQLException(SQLError.java:97)
	at com.mysql.cj.jdbc.exceptions.SQLExceptionsMapping.translateException(SQLExceptionsMapping.java:122)
	at com.mysql.cj.jdbc.ClientPreparedStatement.executeInternal(ClientPreparedStatement.java:953)
	at com.mysql.cj.jdbc.ClientPreparedStatement.execute(ClientPreparedStatement.java:370)
	at com.zaxxer.hikari.pool.ProxyPreparedStatement.execute(ProxyPreparedStatement.java:44)
	at com.zaxxer.hikari.pool.HikariProxyPreparedStatement.execute(HikariProxyPreparedStatement.java)
	at sun.reflect.NativeMethodAccessorImpl.invoke0(Native Method)
	at sun.reflect.NativeMethodAccessorImpl.invoke(NativeMethodAccessorImpl.java:62)
	at sun.reflect.DelegatingMethodAccessorImpl.invoke(DelegatingMethodAccessorImpl.java:43)
	at java.lang.reflect.Method.invoke(Method.java:498)
	at org.apache.ibatis.logging.jdbc.PreparedStatementLogger.invoke(PreparedStatementLogger.java:59)
	at com.sun.proxy.$Proxy86.execute(Unknown Source)
	at org.apache.ibatis.executor.statement.PreparedStatementHandler.query(PreparedStatementHandler.java:64)
	at org.apache.ibatis.executor.statement.RoutingStatementHandler.query(RoutingStatementHandler.java:79)
	at org.apache.ibatis.executor.SimpleExecutor.doQuery(SimpleExecutor.java:63)
	at org.apache.ibatis.executor.BaseExecutor.queryFromDatabase(BaseExecutor.java:325)
	at org.apache.ibatis.executor.BaseExecutor.query(BaseExecutor.java:156)
	at org.apache.ibatis.executor.CachingExecutor.query(CachingExecutor.java:109)
	at org.apache.ibatis.executor.CachingExecutor.query(CachingExecutor.java:89)
	at org.apache.ibatis.session.defaults.DefaultSqlSession.selectList(DefaultSqlSession.java:147)
	at org.apache.ibatis.session.defaults.DefaultSqlSession.selectList(DefaultSqlSession.java:140)
	at org.apache.ibatis.session.defaults.DefaultSqlSession.selectOne(DefaultSqlSession.java:76)
	at sun.reflect.NativeMethodAccessorImpl.invoke0(Native Method)
	at sun.reflect.NativeMethodAccessorImpl.invoke(NativeMethodAccessorImpl.java:62)
	at sun.reflect.DelegatingMethodAccessorImpl.invoke(DelegatingMethodAccessorImpl.java:43)
	at java.lang.reflect.Method.invoke(Method.java:498)
	at org.mybatis.spring.SqlSessionTemplate$SqlSessionInterceptor.invoke(SqlSessionTemplate.java:427)
	... 64 common frames omitted
25-01-19.17:39:01.628 [SpringApplicationShutdownHook] INFO  HikariDataSource       - HikariPool-1 - Shutdown initiated...
25-01-19.17:39:01.636 [SpringApplicationShutdownHook] INFO  HikariDataSource       - HikariPool-1 - Shutdown completed.
25-01-19.17:39:04.270 [main            ] INFO  App                    - Starting App using Java 1.8.0_321 on LAPTOP-MV2KUHP1 with PID 12860 (F:\code\work\mental-health\management\target\classes started by Lenovo in F:\code\work\mental-health\management)
25-01-19.17:39:04.272 [main            ] DEBUG App                    - Running with Spring Boot v2.7.12, Spring v5.3.27
25-01-19.17:39:04.272 [main            ] INFO  App                    - The following 1 profile is active: "dev"
25-01-19.17:39:04.978 [main            ] INFO  TomcatWebServer        - Tomcat initialized with port(s): 8090 (http)
25-01-19.17:39:04.979 [main            ] INFO  AprLifecycleListener   - Loaded Apache Tomcat Native library [1.2.35] using APR version [1.7.0].
25-01-19.17:39:04.979 [main            ] INFO  AprLifecycleListener   - APR capabilities: IPv6 [true], sendfile [true], accept filters [false], random [true], UDS [true].
25-01-19.17:39:04.979 [main            ] INFO  AprLifecycleListener   - APR/OpenSSL configuration: useAprConnector [false], useOpenSSL [true]
25-01-19.17:39:04.984 [main            ] INFO  AprLifecycleListener   - OpenSSL successfully initialized [OpenSSL 1.1.1q  5 Jul 2022]
25-01-19.17:39:04.992 [main            ] INFO  Http11NioProtocol      - Initializing ProtocolHandler ["http-nio-8090"]
25-01-19.17:39:04.992 [main            ] INFO  StandardService        - Starting service [Tomcat]
25-01-19.17:39:04.993 [main            ] INFO  StandardEngine         - Starting Servlet engine: [Apache Tomcat/9.0.75]
25-01-19.17:39:05.110 [main            ] INFO  [/]                    - Initializing Spring embedded WebApplicationContext
25-01-19.17:39:05.110 [main            ] INFO  ServletWebServerApplicationContext - Root WebApplicationContext: initialization completed in 795 ms
25-01-19.17:39:05.597 [main            ] INFO  Http11NioProtocol      - Starting ProtocolHandler ["http-nio-8090"]
25-01-19.17:39:05.609 [main            ] INFO  TomcatWebServer        - Tomcat started on port(s): 8090 (http) with context path ''
25-01-19.17:39:05.616 [main            ] INFO  App                    - Started App in 1.715 seconds (JVM running for 2.756)
25-01-19.17:39:55.951 [http-nio-8090-exec-1] INFO  [/]                    - Initializing Spring DispatcherServlet 'dispatcherServlet'
25-01-19.17:39:55.951 [http-nio-8090-exec-1] INFO  DispatcherServlet      - Initializing Servlet 'dispatcherServlet'
25-01-19.17:39:55.952 [http-nio-8090-exec-1] INFO  DispatcherServlet      - Completed initialization in 0 ms
25-01-19.17:39:55.972 [http-nio-8090-exec-1] INFO  ConsultationController - 收到查询咨询记录详情请求，ID：1
25-01-19.17:39:55.977 [http-nio-8090-exec-1] INFO  ConsultationService    - 查询咨询记录详情，ID：1
25-01-19.17:39:55.989 [http-nio-8090-exec-1] INFO  HikariDataSource       - HikariPool-1 - Starting...
25-01-19.17:39:56.770 [http-nio-8090-exec-1] INFO  HikariDataSource       - HikariPool-1 - Start completed.
25-01-19.17:46:02.162 [SpringApplicationShutdownHook] INFO  HikariDataSource       - HikariPool-1 - Shutdown initiated...
25-01-19.17:46:02.170 [SpringApplicationShutdownHook] INFO  HikariDataSource       - HikariPool-1 - Shutdown completed.
25-01-19.17:46:09.562 [main            ] INFO  App                    - Starting App using Java 1.8.0_321 on LAPTOP-MV2KUHP1 with PID 5492 (F:\code\work\mental-health\management\target\classes started by Lenovo in F:\code\work\mental-health\management)
25-01-19.17:46:09.564 [main            ] DEBUG App                    - Running with Spring Boot v2.7.12, Spring v5.3.27
25-01-19.17:46:09.564 [main            ] INFO  App                    - The following 1 profile is active: "dev"
25-01-19.17:46:10.289 [main            ] INFO  TomcatWebServer        - Tomcat initialized with port(s): 8090 (http)
25-01-19.17:46:10.290 [main            ] INFO  AprLifecycleListener   - Loaded Apache Tomcat Native library [1.2.35] using APR version [1.7.0].
25-01-19.17:46:10.290 [main            ] INFO  AprLifecycleListener   - APR capabilities: IPv6 [true], sendfile [true], accept filters [false], random [true], UDS [true].
25-01-19.17:46:10.290 [main            ] INFO  AprLifecycleListener   - APR/OpenSSL configuration: useAprConnector [false], useOpenSSL [true]
25-01-19.17:46:10.292 [main            ] INFO  AprLifecycleListener   - OpenSSL successfully initialized [OpenSSL 1.1.1q  5 Jul 2022]
25-01-19.17:46:10.298 [main            ] INFO  Http11NioProtocol      - Initializing ProtocolHandler ["http-nio-8090"]
25-01-19.17:46:10.299 [main            ] INFO  StandardService        - Starting service [Tomcat]
25-01-19.17:46:10.299 [main            ] INFO  StandardEngine         - Starting Servlet engine: [Apache Tomcat/9.0.75]
25-01-19.17:46:10.418 [main            ] INFO  [/]                    - Initializing Spring embedded WebApplicationContext
25-01-19.17:46:10.418 [main            ] INFO  ServletWebServerApplicationContext - Root WebApplicationContext: initialization completed in 811 ms
25-01-19.17:46:10.921 [main            ] INFO  Http11NioProtocol      - Starting ProtocolHandler ["http-nio-8090"]
25-01-19.17:46:10.934 [main            ] INFO  TomcatWebServer        - Tomcat started on port(s): 8090 (http) with context path ''
25-01-19.17:46:10.942 [main            ] INFO  App                    - Started App in 1.751 seconds (JVM running for 2.791)
25-01-19.17:46:36.721 [http-nio-8090-exec-2] INFO  [/]                    - Initializing Spring DispatcherServlet 'dispatcherServlet'
25-01-19.17:46:36.722 [http-nio-8090-exec-2] INFO  DispatcherServlet      - Initializing Servlet 'dispatcherServlet'
25-01-19.17:46:36.723 [http-nio-8090-exec-2] INFO  DispatcherServlet      - Completed initialization in 1 ms
25-01-19.17:46:36.788 [http-nio-8090-exec-2] INFO  ConsultationController - 收到更新咨询记录请求，咨询ID：1
25-01-19.17:46:36.794 [http-nio-8090-exec-2] INFO  HikariDataSource       - HikariPool-1 - Starting...
25-01-19.17:46:37.578 [http-nio-8090-exec-2] INFO  HikariDataSource       - HikariPool-1 - Start completed.
25-01-19.17:46:37.585 [http-nio-8090-exec-2] INFO  ConsultationService    - 更新咨询记录，预约ID：1
25-01-19.18:27:05.151 [SpringApplicationShutdownHook] INFO  HikariDataSource       - HikariPool-1 - Shutdown initiated...
25-01-19.18:27:05.159 [SpringApplicationShutdownHook] INFO  HikariDataSource       - HikariPool-1 - Shutdown completed.
