25-01-31.17:08:00.497 [main            ] INFO  App                    - Starting App using Java 1.8.0_321 on LAPTOP-MV2KUHP1 with PID 8404 (F:\code\work\mental-health\management\target\classes started by Lenovo in F:\code\work\mental-health\management)
25-01-31.17:08:00.500 [main            ] DEBUG App                    - Running with Spring Boot v2.7.12, Spring v5.3.27
25-01-31.17:08:00.500 [main            ] INFO  App                    - The following 1 profile is active: "dev"
25-01-31.17:08:01.042 [main            ] INFO  RepositoryConfigurationDelegate - Bootstrapping Spring Data MongoDB repositories in DEFAULT mode.
25-01-31.17:08:01.056 [main            ] INFO  RepositoryConfigurationDelegate - Finished Spring Data repository scanning in 10 ms. Found 0 MongoDB repository interfaces.
25-01-31.17:08:01.466 [main            ] INFO  TomcatWebServer        - Tomcat initialized with port(s): 8090 (http)
25-01-31.17:08:01.466 [main            ] INFO  AprLifecycleListener   - Loaded Apache Tomcat Native library [1.2.35] using APR version [1.7.0].
25-01-31.17:08:01.466 [main            ] INFO  AprLifecycleListener   - APR capabilities: IPv6 [true], sendfile [true], accept filters [false], random [true], UDS [true].
25-01-31.17:08:01.466 [main            ] INFO  AprLifecycleListener   - APR/OpenSSL configuration: useAprConnector [false], useOpenSSL [true]
25-01-31.17:08:01.470 [main            ] INFO  AprLifecycleListener   - OpenSSL successfully initialized [OpenSSL 1.1.1q  5 Jul 2022]
25-01-31.17:08:01.477 [main            ] INFO  Http11NioProtocol      - Initializing ProtocolHandler ["http-nio-8090"]
25-01-31.17:08:01.477 [main            ] INFO  StandardService        - Starting service [Tomcat]
25-01-31.17:08:01.477 [main            ] INFO  StandardEngine         - Starting Servlet engine: [Apache Tomcat/9.0.75]
25-01-31.17:08:01.616 [main            ] INFO  [/]                    - Initializing Spring embedded WebApplicationContext
25-01-31.17:08:01.616 [main            ] INFO  ServletWebServerApplicationContext - Root WebApplicationContext: initialization completed in 1065 ms
25-01-31.17:08:02.047 [main            ] INFO  client                 - MongoClient with metadata {"driver": {"name": "mongo-java-driver|sync|spring-boot", "version": "4.6.1"}, "os": {"type": "Windows", "name": "Windows 10", "architecture": "amd64", "version": "10.0"}, "platform": "Java/Oracle Corporation/1.8.0_321-b07"} created with settings MongoClientSettings{readPreference=primary, writeConcern=WriteConcern{w=null, wTimeout=null ms, journal=null}, retryWrites=true, retryReads=true, readConcern=ReadConcern{level=null}, credential=null, streamFactoryFactory=null, commandListeners=[], codecRegistry=ProvidersCodecRegistry{codecProviders=[ValueCodecProvider{}, BsonValueCodecProvider{}, DBRefCodecProvider{}, DBObjectCodecProvider{}, DocumentCodecProvider{}, IterableCodecProvider{}, MapCodecProvider{}, GeoJsonCodecProvider{}, GridFSFileCodecProvider{}, Jsr310CodecProvider{}, JsonObjectCodecProvider{}, BsonCodecProvider{}, EnumCodecProvider{}, com.mongodb.Jep395RecordCodecProvider@265c1a7c]}, clusterSettings={hosts=[localhost:27017], srvServiceName=mongodb, mode=SINGLE, requiredClusterType=UNKNOWN, requiredReplicaSetName='null', serverSelector='null', clusterListeners='[]', serverSelectionTimeout='30000 ms', localThreshold='30000 ms'}, socketSettings=SocketSettings{connectTimeoutMS=10000, readTimeoutMS=0, receiveBufferSize=0, sendBufferSize=0}, heartbeatSocketSettings=SocketSettings{connectTimeoutMS=10000, readTimeoutMS=10000, receiveBufferSize=0, sendBufferSize=0}, connectionPoolSettings=ConnectionPoolSettings{maxSize=100, minSize=0, maxWaitTimeMS=120000, maxConnectionLifeTimeMS=0, maxConnectionIdleTimeMS=0, maintenanceInitialDelayMS=0, maintenanceFrequencyMS=60000, connectionPoolListeners=[], maxConnecting=2}, serverSettings=ServerSettings{heartbeatFrequencyMS=10000, minHeartbeatFrequencyMS=500, serverListeners='[]', serverMonitorListeners='[]'}, sslSettings=SslSettings{enabled=false, invalidHostNameAllowed=false, context=null}, applicationName='null', compressorList=[], uuidRepresentation=JAVA_LEGACY, serverApi=null, autoEncryptionSettings=null, contextProvider=null}
25-01-31.17:08:02.055 [cluster-ClusterId{value='679c92f1ff49530ee7f66df5', description='null'}-localhost:27017] INFO  connection             - Opened connection [connectionId{localValue:1, serverValue:1}] to localhost:27017
25-01-31.17:08:02.055 [cluster-rtt-ClusterId{value='679c92f1ff49530ee7f66df5', description='null'}-localhost:27017] INFO  connection             - Opened connection [connectionId{localValue:2, serverValue:2}] to localhost:27017
25-01-31.17:08:02.055 [cluster-ClusterId{value='679c92f1ff49530ee7f66df5', description='null'}-localhost:27017] INFO  cluster                - Monitor thread successfully connected to server with description ServerDescription{address=localhost:27017, type=STANDALONE, state=CONNECTED, ok=true, minWireVersion=0, maxWireVersion=21, maxDocumentSize=16777216, logicalSessionTimeoutMinutes=30, roundTripTimeNanos=18264400}
25-01-31.17:08:02.587 [main            ] INFO  Http11NioProtocol      - Starting ProtocolHandler ["http-nio-8090"]
25-01-31.17:08:02.602 [main            ] INFO  TomcatWebServer        - Tomcat started on port(s): 8090 (http) with context path ''
25-01-31.17:08:02.609 [main            ] INFO  App                    - Started App in 2.542 seconds (JVM running for 4.353)
25-01-31.17:08:42.743 [http-nio-8090-exec-1] INFO  [/]                    - Initializing Spring DispatcherServlet 'dispatcherServlet'
25-01-31.17:08:42.744 [http-nio-8090-exec-1] INFO  DispatcherServlet      - Initializing Servlet 'dispatcherServlet'
25-01-31.17:08:42.744 [http-nio-8090-exec-1] INFO  DispatcherServlet      - Completed initialization in 0 ms
25-01-31.17:08:42.813 [http-nio-8090-exec-1] INFO  UserController         - 收到用户登录请求，用户名：zs
25-01-31.17:08:42.818 [http-nio-8090-exec-1] INFO  UserService            - 用户登录，用户名：zs
25-01-31.17:08:42.832 [http-nio-8090-exec-1] INFO  HikariDataSource       - HikariPool-1 - Starting...
25-01-31.17:08:43.837 [http-nio-8090-exec-1] INFO  HikariDataSource       - HikariPool-1 - Start completed.
25-01-31.17:08:43.922 [http-nio-8090-exec-1] INFO  UserService            - 用户登录成功，用户ID：2
25-01-31.17:08:43.970 [http-nio-8090-exec-2] INFO  UserController         - 收到获取用户信息请求，用户ID：2
25-01-31.17:08:43.976 [http-nio-8090-exec-2] INFO  UserService            - 获取用户信息，用户ID：2
25-01-31.17:18:26.543 [SpringApplicationShutdownHook] INFO  HikariDataSource       - HikariPool-1 - Shutdown initiated...
25-01-31.17:18:26.562 [SpringApplicationShutdownHook] INFO  HikariDataSource       - HikariPool-1 - Shutdown completed.
25-01-31.17:18:33.053 [main            ] INFO  App                    - Starting App using Java 1.8.0_321 on LAPTOP-MV2KUHP1 with PID 21604 (F:\code\work\mental-health\management\target\classes started by Lenovo in F:\code\work\mental-health\management)
25-01-31.17:18:33.055 [main            ] DEBUG App                    - Running with Spring Boot v2.7.12, Spring v5.3.27
25-01-31.17:18:33.055 [main            ] INFO  App                    - The following 1 profile is active: "dev"
25-01-31.17:18:33.506 [main            ] INFO  RepositoryConfigurationDelegate - Bootstrapping Spring Data MongoDB repositories in DEFAULT mode.
25-01-31.17:18:33.519 [main            ] INFO  RepositoryConfigurationDelegate - Finished Spring Data repository scanning in 10 ms. Found 0 MongoDB repository interfaces.
25-01-31.17:18:33.866 [main            ] INFO  TomcatWebServer        - Tomcat initialized with port(s): 8090 (http)
25-01-31.17:18:33.867 [main            ] INFO  AprLifecycleListener   - Loaded Apache Tomcat Native library [1.2.35] using APR version [1.7.0].
25-01-31.17:18:33.867 [main            ] INFO  AprLifecycleListener   - APR capabilities: IPv6 [true], sendfile [true], accept filters [false], random [true], UDS [true].
25-01-31.17:18:33.867 [main            ] INFO  AprLifecycleListener   - APR/OpenSSL configuration: useAprConnector [false], useOpenSSL [true]
25-01-31.17:18:33.869 [main            ] INFO  AprLifecycleListener   - OpenSSL successfully initialized [OpenSSL 1.1.1q  5 Jul 2022]
25-01-31.17:18:33.875 [main            ] INFO  Http11NioProtocol      - Initializing ProtocolHandler ["http-nio-8090"]
25-01-31.17:18:33.875 [main            ] INFO  StandardService        - Starting service [Tomcat]
25-01-31.17:18:33.875 [main            ] INFO  StandardEngine         - Starting Servlet engine: [Apache Tomcat/9.0.75]
25-01-31.17:18:34.011 [main            ] INFO  [/]                    - Initializing Spring embedded WebApplicationContext
25-01-31.17:18:34.011 [main            ] INFO  ServletWebServerApplicationContext - Root WebApplicationContext: initialization completed in 913 ms
25-01-31.17:18:34.473 [main            ] INFO  client                 - MongoClient with metadata {"driver": {"name": "mongo-java-driver|sync|spring-boot", "version": "4.6.1"}, "os": {"type": "Windows", "name": "Windows 10", "architecture": "amd64", "version": "10.0"}, "platform": "Java/Oracle Corporation/1.8.0_321-b07"} created with settings MongoClientSettings{readPreference=primary, writeConcern=WriteConcern{w=null, wTimeout=null ms, journal=null}, retryWrites=true, retryReads=true, readConcern=ReadConcern{level=null}, credential=null, streamFactoryFactory=null, commandListeners=[], codecRegistry=ProvidersCodecRegistry{codecProviders=[ValueCodecProvider{}, BsonValueCodecProvider{}, DBRefCodecProvider{}, DBObjectCodecProvider{}, DocumentCodecProvider{}, IterableCodecProvider{}, MapCodecProvider{}, GeoJsonCodecProvider{}, GridFSFileCodecProvider{}, Jsr310CodecProvider{}, JsonObjectCodecProvider{}, BsonCodecProvider{}, EnumCodecProvider{}, com.mongodb.Jep395RecordCodecProvider@6a98f353]}, clusterSettings={hosts=[localhost:27017], srvServiceName=mongodb, mode=SINGLE, requiredClusterType=UNKNOWN, requiredReplicaSetName='null', serverSelector='null', clusterListeners='[]', serverSelectionTimeout='30000 ms', localThreshold='30000 ms'}, socketSettings=SocketSettings{connectTimeoutMS=10000, readTimeoutMS=0, receiveBufferSize=0, sendBufferSize=0}, heartbeatSocketSettings=SocketSettings{connectTimeoutMS=10000, readTimeoutMS=10000, receiveBufferSize=0, sendBufferSize=0}, connectionPoolSettings=ConnectionPoolSettings{maxSize=100, minSize=0, maxWaitTimeMS=120000, maxConnectionLifeTimeMS=0, maxConnectionIdleTimeMS=0, maintenanceInitialDelayMS=0, maintenanceFrequencyMS=60000, connectionPoolListeners=[], maxConnecting=2}, serverSettings=ServerSettings{heartbeatFrequencyMS=10000, minHeartbeatFrequencyMS=500, serverListeners='[]', serverMonitorListeners='[]'}, sslSettings=SslSettings{enabled=false, invalidHostNameAllowed=false, context=null}, applicationName='null', compressorList=[], uuidRepresentation=JAVA_LEGACY, serverApi=null, autoEncryptionSettings=null, contextProvider=null}
25-01-31.17:18:34.480 [cluster-ClusterId{value='679c956aa4644d5cc4326d00', description='null'}-localhost:27017] INFO  connection             - Opened connection [connectionId{localValue:2, serverValue:3}] to localhost:27017
25-01-31.17:18:34.480 [cluster-rtt-ClusterId{value='679c956aa4644d5cc4326d00', description='null'}-localhost:27017] INFO  connection             - Opened connection [connectionId{localValue:1, serverValue:4}] to localhost:27017
25-01-31.17:18:34.480 [cluster-ClusterId{value='679c956aa4644d5cc4326d00', description='null'}-localhost:27017] INFO  cluster                - Monitor thread successfully connected to server with description ServerDescription{address=localhost:27017, type=STANDALONE, state=CONNECTED, ok=true, minWireVersion=0, maxWireVersion=21, maxDocumentSize=16777216, logicalSessionTimeoutMinutes=30, roundTripTimeNanos=17718800}
25-01-31.17:18:35.021 [main            ] INFO  Http11NioProtocol      - Starting ProtocolHandler ["http-nio-8090"]
25-01-31.17:18:35.036 [main            ] INFO  TomcatWebServer        - Tomcat started on port(s): 8090 (http) with context path ''
25-01-31.17:18:35.044 [main            ] INFO  App                    - Started App in 2.361 seconds (JVM running for 3.569)
25-01-31.17:30:36.225 [http-nio-8090-exec-1] INFO  [/]                    - Initializing Spring DispatcherServlet 'dispatcherServlet'
25-01-31.17:30:36.225 [http-nio-8090-exec-1] INFO  DispatcherServlet      - Initializing Servlet 'dispatcherServlet'
25-01-31.17:30:36.226 [http-nio-8090-exec-1] INFO  DispatcherServlet      - Completed initialization in 1 ms
25-01-31.17:30:37.043 [http-nio-8090-exec-1] INFO  UserController         - 收到获取用户信息请求，用户ID：2
25-01-31.17:30:37.049 [http-nio-8090-exec-1] INFO  HikariDataSource       - HikariPool-1 - Starting...
25-01-31.17:30:37.269 [http-nio-8090-exec-1] INFO  HikariDataSource       - HikariPool-1 - Start completed.
25-01-31.17:30:37.278 [http-nio-8090-exec-1] INFO  UserService            - 获取用户信息，用户ID：2
25-01-31.17:30:37.536 [http-nio-8090-exec-2] INFO  connection             - Opened connection [connectionId{localValue:3, serverValue:5}] to localhost:27017
25-01-31.17:42:55.889 [http-nio-8090-exec-4] INFO  UserController         - 收到获取用户信息请求，用户ID：2
25-01-31.17:42:55.890 [http-nio-8090-exec-4] INFO  UserService            - 获取用户信息，用户ID：2
25-01-31.17:50:23.411 [SpringApplicationShutdownHook] INFO  HikariDataSource       - HikariPool-1 - Shutdown initiated...
25-01-31.17:50:23.420 [SpringApplicationShutdownHook] INFO  HikariDataSource       - HikariPool-1 - Shutdown completed.
25-01-31.17:50:29.997 [main            ] INFO  App                    - Starting App using Java 1.8.0_321 on LAPTOP-MV2KUHP1 with PID 20056 (F:\code\work\mental-health\management\target\classes started by Lenovo in F:\code\work\mental-health\management)
25-01-31.17:50:29.999 [main            ] DEBUG App                    - Running with Spring Boot v2.7.12, Spring v5.3.27
25-01-31.17:50:30.000 [main            ] INFO  App                    - The following 1 profile is active: "dev"
25-01-31.17:50:30.449 [main            ] INFO  RepositoryConfigurationDelegate - Bootstrapping Spring Data MongoDB repositories in DEFAULT mode.
25-01-31.17:50:30.462 [main            ] INFO  RepositoryConfigurationDelegate - Finished Spring Data repository scanning in 9 ms. Found 0 MongoDB repository interfaces.
25-01-31.17:50:30.818 [main            ] INFO  TomcatWebServer        - Tomcat initialized with port(s): 8090 (http)
25-01-31.17:50:30.819 [main            ] INFO  AprLifecycleListener   - Loaded Apache Tomcat Native library [1.2.35] using APR version [1.7.0].
25-01-31.17:50:30.819 [main            ] INFO  AprLifecycleListener   - APR capabilities: IPv6 [true], sendfile [true], accept filters [false], random [true], UDS [true].
25-01-31.17:50:30.819 [main            ] INFO  AprLifecycleListener   - APR/OpenSSL configuration: useAprConnector [false], useOpenSSL [true]
25-01-31.17:50:30.821 [main            ] INFO  AprLifecycleListener   - OpenSSL successfully initialized [OpenSSL 1.1.1q  5 Jul 2022]
25-01-31.17:50:30.827 [main            ] INFO  Http11NioProtocol      - Initializing ProtocolHandler ["http-nio-8090"]
25-01-31.17:50:30.828 [main            ] INFO  StandardService        - Starting service [Tomcat]
25-01-31.17:50:30.828 [main            ] INFO  StandardEngine         - Starting Servlet engine: [Apache Tomcat/9.0.75]
25-01-31.17:50:30.961 [main            ] INFO  [/]                    - Initializing Spring embedded WebApplicationContext
25-01-31.17:50:30.961 [main            ] INFO  ServletWebServerApplicationContext - Root WebApplicationContext: initialization completed in 913 ms
25-01-31.17:50:31.352 [main            ] INFO  client                 - MongoClient with metadata {"driver": {"name": "mongo-java-driver|sync|spring-boot", "version": "4.6.1"}, "os": {"type": "Windows", "name": "Windows 10", "architecture": "amd64", "version": "10.0"}, "platform": "Java/Oracle Corporation/1.8.0_321-b07"} created with settings MongoClientSettings{readPreference=primary, writeConcern=WriteConcern{w=null, wTimeout=null ms, journal=null}, retryWrites=true, retryReads=true, readConcern=ReadConcern{level=null}, credential=null, streamFactoryFactory=null, commandListeners=[], codecRegistry=ProvidersCodecRegistry{codecProviders=[ValueCodecProvider{}, BsonValueCodecProvider{}, DBRefCodecProvider{}, DBObjectCodecProvider{}, DocumentCodecProvider{}, IterableCodecProvider{}, MapCodecProvider{}, GeoJsonCodecProvider{}, GridFSFileCodecProvider{}, Jsr310CodecProvider{}, JsonObjectCodecProvider{}, BsonCodecProvider{}, EnumCodecProvider{}, com.mongodb.Jep395RecordCodecProvider@6d963d70]}, clusterSettings={hosts=[localhost:27017], srvServiceName=mongodb, mode=SINGLE, requiredClusterType=UNKNOWN, requiredReplicaSetName='null', serverSelector='null', clusterListeners='[]', serverSelectionTimeout='30000 ms', localThreshold='30000 ms'}, socketSettings=SocketSettings{connectTimeoutMS=10000, readTimeoutMS=0, receiveBufferSize=0, sendBufferSize=0}, heartbeatSocketSettings=SocketSettings{connectTimeoutMS=10000, readTimeoutMS=10000, receiveBufferSize=0, sendBufferSize=0}, connectionPoolSettings=ConnectionPoolSettings{maxSize=100, minSize=0, maxWaitTimeMS=120000, maxConnectionLifeTimeMS=0, maxConnectionIdleTimeMS=0, maintenanceInitialDelayMS=0, maintenanceFrequencyMS=60000, connectionPoolListeners=[], maxConnecting=2}, serverSettings=ServerSettings{heartbeatFrequencyMS=10000, minHeartbeatFrequencyMS=500, serverListeners='[]', serverMonitorListeners='[]'}, sslSettings=SslSettings{enabled=false, invalidHostNameAllowed=false, context=null}, applicationName='null', compressorList=[], uuidRepresentation=JAVA_LEGACY, serverApi=null, autoEncryptionSettings=null, contextProvider=null}
25-01-31.17:50:31.357 [cluster-ClusterId{value='679c9ce7dbac425d5f89277f', description='null'}-localhost:27017] INFO  connection             - Opened connection [connectionId{localValue:2, serverValue:10}] to localhost:27017
25-01-31.17:50:31.357 [cluster-rtt-ClusterId{value='679c9ce7dbac425d5f89277f', description='null'}-localhost:27017] INFO  connection             - Opened connection [connectionId{localValue:1, serverValue:9}] to localhost:27017
25-01-31.17:50:31.358 [cluster-ClusterId{value='679c9ce7dbac425d5f89277f', description='null'}-localhost:27017] INFO  cluster                - Monitor thread successfully connected to server with description ServerDescription{address=localhost:27017, type=STANDALONE, state=CONNECTED, ok=true, minWireVersion=0, maxWireVersion=21, maxDocumentSize=16777216, logicalSessionTimeoutMinutes=30, roundTripTimeNanos=17211800}
25-01-31.17:50:31.870 [main            ] INFO  Http11NioProtocol      - Starting ProtocolHandler ["http-nio-8090"]
25-01-31.17:50:31.887 [main            ] INFO  TomcatWebServer        - Tomcat started on port(s): 8090 (http) with context path ''
25-01-31.17:50:31.895 [main            ] INFO  App                    - Started App in 2.307 seconds (JVM running for 3.526)
25-01-31.17:51:03.762 [http-nio-8090-exec-1] INFO  [/]                    - Initializing Spring DispatcherServlet 'dispatcherServlet'
25-01-31.17:51:03.762 [http-nio-8090-exec-1] INFO  DispatcherServlet      - Initializing Servlet 'dispatcherServlet'
25-01-31.17:51:03.763 [http-nio-8090-exec-1] INFO  DispatcherServlet      - Completed initialization in 1 ms
25-01-31.17:51:04.624 [http-nio-8090-exec-1] INFO  connection             - Opened connection [connectionId{localValue:3, serverValue:11}] to localhost:27017
25-01-31.17:51:56.762 [main            ] INFO  App                    - Starting App using Java 1.8.0_321 on LAPTOP-MV2KUHP1 with PID 19180 (F:\code\work\mental-health\management\target\classes started by Lenovo in F:\code\work\mental-health\management)
25-01-31.17:51:56.764 [main            ] DEBUG App                    - Running with Spring Boot v2.7.12, Spring v5.3.27
25-01-31.17:51:56.764 [main            ] INFO  App                    - The following 1 profile is active: "dev"
25-01-31.17:51:57.191 [main            ] INFO  RepositoryConfigurationDelegate - Bootstrapping Spring Data MongoDB repositories in DEFAULT mode.
25-01-31.17:51:57.204 [main            ] INFO  RepositoryConfigurationDelegate - Finished Spring Data repository scanning in 9 ms. Found 0 MongoDB repository interfaces.
25-01-31.17:51:57.550 [main            ] INFO  TomcatWebServer        - Tomcat initialized with port(s): 8090 (http)
25-01-31.17:51:57.551 [main            ] INFO  AprLifecycleListener   - Loaded Apache Tomcat Native library [1.2.35] using APR version [1.7.0].
25-01-31.17:51:57.551 [main            ] INFO  AprLifecycleListener   - APR capabilities: IPv6 [true], sendfile [true], accept filters [false], random [true], UDS [true].
25-01-31.17:51:57.551 [main            ] INFO  AprLifecycleListener   - APR/OpenSSL configuration: useAprConnector [false], useOpenSSL [true]
25-01-31.17:51:57.553 [main            ] INFO  AprLifecycleListener   - OpenSSL successfully initialized [OpenSSL 1.1.1q  5 Jul 2022]
25-01-31.17:51:57.558 [main            ] INFO  Http11NioProtocol      - Initializing ProtocolHandler ["http-nio-8090"]
25-01-31.17:51:57.559 [main            ] INFO  StandardService        - Starting service [Tomcat]
25-01-31.17:51:57.559 [main            ] INFO  StandardEngine         - Starting Servlet engine: [Apache Tomcat/9.0.75]
25-01-31.17:51:57.681 [main            ] INFO  [/]                    - Initializing Spring embedded WebApplicationContext
25-01-31.17:51:57.681 [main            ] INFO  ServletWebServerApplicationContext - Root WebApplicationContext: initialization completed in 873 ms
25-01-31.17:51:58.047 [main            ] INFO  client                 - MongoClient with metadata {"driver": {"name": "mongo-java-driver|sync|spring-boot", "version": "4.6.1"}, "os": {"type": "Windows", "name": "Windows 10", "architecture": "amd64", "version": "10.0"}, "platform": "Java/Oracle Corporation/1.8.0_321-b07"} created with settings MongoClientSettings{readPreference=primary, writeConcern=WriteConcern{w=null, wTimeout=null ms, journal=null}, retryWrites=true, retryReads=true, readConcern=ReadConcern{level=null}, credential=null, streamFactoryFactory=null, commandListeners=[], codecRegistry=ProvidersCodecRegistry{codecProviders=[ValueCodecProvider{}, BsonValueCodecProvider{}, DBRefCodecProvider{}, DBObjectCodecProvider{}, DocumentCodecProvider{}, IterableCodecProvider{}, MapCodecProvider{}, GeoJsonCodecProvider{}, GridFSFileCodecProvider{}, Jsr310CodecProvider{}, JsonObjectCodecProvider{}, BsonCodecProvider{}, EnumCodecProvider{}, com.mongodb.Jep395RecordCodecProvider@2a8f6e6]}, clusterSettings={hosts=[localhost:27017], srvServiceName=mongodb, mode=SINGLE, requiredClusterType=UNKNOWN, requiredReplicaSetName='null', serverSelector='null', clusterListeners='[]', serverSelectionTimeout='30000 ms', localThreshold='30000 ms'}, socketSettings=SocketSettings{connectTimeoutMS=10000, readTimeoutMS=0, receiveBufferSize=0, sendBufferSize=0}, heartbeatSocketSettings=SocketSettings{connectTimeoutMS=10000, readTimeoutMS=10000, receiveBufferSize=0, sendBufferSize=0}, connectionPoolSettings=ConnectionPoolSettings{maxSize=100, minSize=0, maxWaitTimeMS=120000, maxConnectionLifeTimeMS=0, maxConnectionIdleTimeMS=0, maintenanceInitialDelayMS=0, maintenanceFrequencyMS=60000, connectionPoolListeners=[], maxConnecting=2}, serverSettings=ServerSettings{heartbeatFrequencyMS=10000, minHeartbeatFrequencyMS=500, serverListeners='[]', serverMonitorListeners='[]'}, sslSettings=SslSettings{enabled=false, invalidHostNameAllowed=false, context=null}, applicationName='null', compressorList=[], uuidRepresentation=JAVA_LEGACY, serverApi=null, autoEncryptionSettings=null, contextProvider=null}
25-01-31.17:51:58.054 [cluster-ClusterId{value='679c9d3e804c420b939f9941', description='null'}-localhost:27017] INFO  connection             - Opened connection [connectionId{localValue:2, serverValue:12}] to localhost:27017
25-01-31.17:51:58.054 [cluster-rtt-ClusterId{value='679c9d3e804c420b939f9941', description='null'}-localhost:27017] INFO  connection             - Opened connection [connectionId{localValue:1, serverValue:13}] to localhost:27017
25-01-31.17:51:58.054 [cluster-ClusterId{value='679c9d3e804c420b939f9941', description='null'}-localhost:27017] INFO  cluster                - Monitor thread successfully connected to server with description ServerDescription{address=localhost:27017, type=STANDALONE, state=CONNECTED, ok=true, minWireVersion=0, maxWireVersion=21, maxDocumentSize=16777216, logicalSessionTimeoutMinutes=30, roundTripTimeNanos=16378100}
25-01-31.17:51:58.551 [main            ] INFO  Http11NioProtocol      - Starting ProtocolHandler ["http-nio-8090"]
25-01-31.17:51:58.566 [main            ] INFO  TomcatWebServer        - Tomcat started on port(s): 8090 (http) with context path ''
25-01-31.17:51:58.573 [main            ] INFO  App                    - Started App in 2.173 seconds (JVM running for 3.378)
25-01-31.17:52:04.905 [http-nio-8090-exec-1] INFO  [/]                    - Initializing Spring DispatcherServlet 'dispatcherServlet'
25-01-31.17:52:04.905 [http-nio-8090-exec-1] INFO  DispatcherServlet      - Initializing Servlet 'dispatcherServlet'
25-01-31.17:52:04.906 [http-nio-8090-exec-1] INFO  DispatcherServlet      - Completed initialization in 1 ms
25-01-31.17:52:05.692 [http-nio-8090-exec-1] INFO  connection             - Opened connection [connectionId{localValue:3, serverValue:14}] to localhost:27017
25-01-31.17:59:12.685 [http-nio-8090-exec-7] INFO  UserController         - 收到获取用户信息请求，用户ID：2
25-01-31.17:59:12.690 [http-nio-8090-exec-7] INFO  HikariDataSource       - HikariPool-1 - Starting...
25-01-31.17:59:12.882 [http-nio-8090-exec-7] INFO  HikariDataSource       - HikariPool-1 - Start completed.
25-01-31.17:59:12.889 [http-nio-8090-exec-7] INFO  UserService            - 获取用户信息，用户ID：2
25-01-31.18:08:10.081 [http-nio-8090-exec-4] INFO  UserController         - 收到获取用户信息请求，用户ID：2
25-01-31.18:08:10.083 [http-nio-8090-exec-4] INFO  UserService            - 获取用户信息，用户ID：2
25-01-31.18:19:36.063 [http-nio-8090-exec-6] INFO  UserController         - 收到用户登录请求，用户名：admin
25-01-31.18:19:36.063 [http-nio-8090-exec-6] INFO  UserService            - 用户登录，用户名：admin
25-01-31.18:19:36.073 [http-nio-8090-exec-6] INFO  UserService            - 用户登录成功，用户ID：1
25-01-31.18:26:23.773 [http-nio-8090-exec-4] INFO  UserController         - 收到用户登录请求，用户名：admin
25-01-31.18:26:23.773 [http-nio-8090-exec-4] INFO  UserService            - 用户登录，用户名：admin
25-01-31.18:26:23.776 [http-nio-8090-exec-4] INFO  UserService            - 用户登录成功，用户ID：1
25-01-31.18:26:24.102 [http-nio-8090-exec-3] INFO  UserController         - 收到获取用户信息请求，用户ID：1
25-01-31.18:26:24.103 [http-nio-8090-exec-3] INFO  UserService            - 获取用户信息，用户ID：1
25-01-31.18:27:44.543 [http-nio-8090-exec-5] INFO  PsychologistController - 收到获取心理医生列表请求，雇佣状态：null
25-01-31.18:27:44.545 [http-nio-8090-exec-5] INFO  PsychologistService    - 获取心理医生列表，参数：employmentStatus=null
25-01-31.18:28:38.946 [http-nio-8090-exec-6] INFO  UserController         - 收到获取用户列表请求，角色：null
25-01-31.18:28:38.947 [http-nio-8090-exec-6] INFO  UserService            - 获取用户列表，角色：null
25-01-31.18:28:40.029 [http-nio-8090-exec-7] INFO  PsychologistController - 收到获取心理医生列表请求，雇佣状态：null
25-01-31.18:28:40.029 [http-nio-8090-exec-7] INFO  PsychologistService    - 获取心理医生列表，参数：employmentStatus=null
25-01-31.18:28:54.537 [http-nio-8090-exec-8] INFO  PsychologistController - 收到获取心理医生列表请求，雇佣状态：null
25-01-31.18:28:54.537 [http-nio-8090-exec-8] INFO  PsychologistService    - 获取心理医生列表，参数：employmentStatus=null
25-01-31.18:29:33.926 [http-nio-8090-exec-10] INFO  UserController         - 收到用户登录请求，用户名：zs
25-01-31.18:29:33.927 [http-nio-8090-exec-10] INFO  UserService            - 用户登录，用户名：zs
25-01-31.18:29:33.929 [http-nio-8090-exec-10] INFO  UserService            - 用户登录成功，用户ID：2
25-01-31.18:29:33.938 [http-nio-8090-exec-1] INFO  UserController         - 收到获取用户信息请求，用户ID：2
25-01-31.18:29:33.939 [http-nio-8090-exec-1] INFO  UserService            - 获取用户信息，用户ID：2
25-01-31.18:29:35.415 [http-nio-8090-exec-2] INFO  AppointmentController  - 收到查询预约列表请求，用户ID：null，医生ID：2，状态：
25-01-31.18:29:35.418 [http-nio-8090-exec-2] INFO  AppointmentService     - 查询预约列表，用户ID：null，医生ID：2，状态：
25-01-31.18:29:40.044 [http-nio-8090-exec-4] INFO  AppointmentController  - 收到查询预约详情请求，预约ID：2
25-01-31.18:29:40.044 [http-nio-8090-exec-4] INFO  AppointmentService     - 查询预约详情，预约ID：2
25-01-31.18:32:09.826 [http-nio-8090-exec-3] INFO  UserController         - 收到获取用户信息请求，用户ID：2
25-01-31.18:32:09.827 [http-nio-8090-exec-3] INFO  UserService            - 获取用户信息，用户ID：2
25-01-31.18:32:09.924 [http-nio-8090-exec-5] INFO  AppointmentController  - 收到查询预约列表请求，用户ID：null，医生ID：2，状态：
25-01-31.18:32:09.924 [http-nio-8090-exec-5] INFO  AppointmentService     - 查询预约列表，用户ID：null，医生ID：2，状态：
25-01-31.18:32:12.235 [http-nio-8090-exec-6] INFO  UserController         - 收到获取用户信息请求，用户ID：2
25-01-31.18:32:12.236 [http-nio-8090-exec-6] INFO  UserService            - 获取用户信息，用户ID：2
25-01-31.18:32:12.294 [http-nio-8090-exec-7] INFO  AppointmentController  - 收到查询预约列表请求，用户ID：null，医生ID：2，状态：
25-01-31.18:32:12.294 [http-nio-8090-exec-7] INFO  AppointmentService     - 查询预约列表，用户ID：null，医生ID：2，状态：
25-01-31.18:32:22.486 [http-nio-8090-exec-8] INFO  UserController         - 收到用户登录请求，用户名：admin
25-01-31.18:32:22.486 [http-nio-8090-exec-8] INFO  UserService            - 用户登录，用户名：admin
25-01-31.18:32:22.488 [http-nio-8090-exec-8] INFO  UserService            - 用户登录成功，用户ID：1
25-01-31.18:32:22.497 [http-nio-8090-exec-9] INFO  UserController         - 收到获取用户信息请求，用户ID：1
25-01-31.18:32:22.498 [http-nio-8090-exec-9] INFO  UserService            - 获取用户信息，用户ID：1
25-01-31.18:33:40.486 [http-nio-8090-exec-10] INFO  UserController         - 收到用户登录请求，用户名：zs
25-01-31.18:33:40.486 [http-nio-8090-exec-10] INFO  UserService            - 用户登录，用户名：zs
25-01-31.18:33:40.488 [http-nio-8090-exec-10] INFO  UserService            - 用户登录成功，用户ID：2
25-01-31.18:33:40.800 [http-nio-8090-exec-1] INFO  UserController         - 收到获取用户信息请求，用户ID：2
25-01-31.18:33:40.801 [http-nio-8090-exec-1] INFO  UserService            - 获取用户信息，用户ID：2
25-01-31.18:35:32.376 [http-nio-8090-exec-7] INFO  UserController         - 收到用户登录请求，用户名：admin
25-01-31.18:35:32.376 [http-nio-8090-exec-7] INFO  UserService            - 用户登录，用户名：admin
25-01-31.18:35:32.378 [http-nio-8090-exec-7] INFO  UserService            - 用户登录成功，用户ID：1
25-01-31.18:35:32.700 [http-nio-8090-exec-8] INFO  UserController         - 收到获取用户信息请求，用户ID：1
25-01-31.18:35:32.700 [http-nio-8090-exec-8] INFO  UserService            - 获取用户信息，用户ID：1
25-01-31.18:36:33.629 [http-nio-8090-exec-1] INFO  AppointmentController  - 收到查询预约列表请求，用户ID：null，医生ID：1，状态：
25-01-31.18:36:33.629 [http-nio-8090-exec-1] INFO  AppointmentService     - 查询预约列表，用户ID：null，医生ID：1，状态：
25-01-31.18:36:36.298 [http-nio-8090-exec-2] INFO  AppointmentController  - 收到查询预约列表请求，用户ID：null，医生ID：1，状态：
25-01-31.18:36:36.298 [http-nio-8090-exec-2] INFO  AppointmentService     - 查询预约列表，用户ID：null，医生ID：1，状态：
25-01-31.18:36:38.892 [http-nio-8090-exec-4] INFO  UserController         - 收到获取用户信息请求，用户ID：1
25-01-31.18:36:38.892 [http-nio-8090-exec-4] INFO  UserService            - 获取用户信息，用户ID：1
25-01-31.18:36:39.071 [http-nio-8090-exec-3] INFO  AppointmentController  - 收到查询预约列表请求，用户ID：null，医生ID：1，状态：
25-01-31.18:36:39.071 [http-nio-8090-exec-3] INFO  AppointmentService     - 查询预约列表，用户ID：null，医生ID：1，状态：
25-01-31.18:36:41.375 [http-nio-8090-exec-5] INFO  AppointmentController  - 收到查询预约列表请求，用户ID：null，医生ID：1，状态：
25-01-31.18:36:41.375 [http-nio-8090-exec-5] INFO  AppointmentService     - 查询预约列表，用户ID：null，医生ID：1，状态：
25-01-31.18:36:48.295 [http-nio-8090-exec-6] INFO  UserController         - 收到用户登录请求，用户名：admin
25-01-31.18:36:48.295 [http-nio-8090-exec-6] INFO  UserService            - 用户登录，用户名：admin
25-01-31.18:36:48.297 [http-nio-8090-exec-6] INFO  UserService            - 用户登录成功，用户ID：1
25-01-31.18:36:48.306 [http-nio-8090-exec-7] INFO  UserController         - 收到获取用户信息请求，用户ID：1
25-01-31.18:36:48.306 [http-nio-8090-exec-7] INFO  UserService            - 获取用户信息，用户ID：1
25-01-31.18:36:50.086 [http-nio-8090-exec-8] INFO  UserController         - 收到获取用户列表请求，角色：null
25-01-31.18:36:50.087 [http-nio-8090-exec-8] INFO  UserService            - 获取用户列表，角色：null
25-01-31.18:36:50.926 [http-nio-8090-exec-9] INFO  PsychologistController - 收到获取心理医生列表请求，雇佣状态：null
25-01-31.18:36:50.926 [http-nio-8090-exec-9] INFO  PsychologistService    - 获取心理医生列表，参数：employmentStatus=null
25-01-31.18:36:53.519 [http-nio-8090-exec-10] INFO  PsychologistController - 收到获取心理医生列表请求，雇佣状态：null
25-01-31.18:36:53.519 [http-nio-8090-exec-10] INFO  PsychologistService    - 获取心理医生列表，参数：employmentStatus=null
25-01-31.18:36:56.679 [http-nio-8090-exec-1] INFO  UserController         - 收到获取用户列表请求，角色：null
25-01-31.18:36:56.680 [http-nio-8090-exec-1] INFO  UserService            - 获取用户列表，角色：null
25-01-31.18:36:57.449 [http-nio-8090-exec-2] INFO  PsychologistController - 收到获取心理医生列表请求，雇佣状态：null
25-01-31.18:36:57.449 [http-nio-8090-exec-2] INFO  PsychologistService    - 获取心理医生列表，参数：employmentStatus=null
25-01-31.18:37:06.125 [http-nio-8090-exec-4] INFO  PsychologistController - 收到获取心理医生列表请求，雇佣状态：null
25-01-31.18:37:06.125 [http-nio-8090-exec-4] INFO  PsychologistService    - 获取心理医生列表，参数：employmentStatus=null
25-01-31.18:38:50.896 [http-nio-8090-exec-3] INFO  UserController         - 收到获取用户信息请求，用户ID：1
25-01-31.18:38:50.897 [http-nio-8090-exec-3] INFO  UserService            - 获取用户信息，用户ID：1
25-01-31.18:38:51.045 [http-nio-8090-exec-5] INFO  PsychologistController - 收到获取心理医生列表请求，雇佣状态：null
25-01-31.18:38:51.045 [http-nio-8090-exec-5] INFO  PsychologistService    - 获取心理医生列表，参数：employmentStatus=null
25-01-31.18:42:12.206 [http-nio-8090-exec-6] INFO  UserController         - 收到获取用户信息请求，用户ID：1
25-01-31.18:42:12.206 [http-nio-8090-exec-6] INFO  UserService            - 获取用户信息，用户ID：1
25-01-31.18:42:12.303 [http-nio-8090-exec-7] INFO  PsychologistController - 收到获取心理医生列表请求，雇佣状态：null
25-01-31.18:42:12.304 [http-nio-8090-exec-7] INFO  PsychologistService    - 获取心理医生列表，参数：employmentStatus=null
25-01-31.18:44:40.277 [http-nio-8090-exec-8] INFO  UserController         - 收到获取用户信息请求，用户ID：1
25-01-31.18:44:40.277 [http-nio-8090-exec-8] INFO  UserService            - 获取用户信息，用户ID：1
25-01-31.18:50:57.012 [http-nio-8090-exec-9] INFO  PsychologistController - 收到获取心理医生列表请求，雇佣状态：null
25-01-31.18:50:57.012 [http-nio-8090-exec-9] INFO  PsychologistService    - 获取心理医生列表，参数：employmentStatus=null
25-01-31.18:50:57.336 [http-nio-8090-exec-10] INFO  UserController         - 收到获取用户列表请求，角色：null
25-01-31.18:50:57.336 [http-nio-8090-exec-10] INFO  UserService            - 获取用户列表，角色：null
25-01-31.18:50:57.867 [http-nio-8090-exec-1] INFO  PsychologistController - 收到获取心理医生列表请求，雇佣状态：null
25-01-31.18:50:57.867 [http-nio-8090-exec-1] INFO  PsychologistService    - 获取心理医生列表，参数：employmentStatus=null
25-01-31.18:51:01.256 [http-nio-8090-exec-2] INFO  UserController         - 收到获取用户列表请求，角色：null
25-01-31.18:51:01.257 [http-nio-8090-exec-2] INFO  UserService            - 获取用户列表，角色：null
25-01-31.18:51:02.080 [http-nio-8090-exec-4] INFO  PsychologistController - 收到获取心理医生列表请求，雇佣状态：null
25-01-31.18:51:02.080 [http-nio-8090-exec-4] INFO  PsychologistService    - 获取心理医生列表，参数：employmentStatus=null
25-01-31.18:55:49.919 [http-nio-8090-exec-3] INFO  UserController         - 收到获取用户信息请求，用户ID：1
25-01-31.18:55:49.919 [http-nio-8090-exec-3] INFO  UserService            - 获取用户信息，用户ID：1
25-01-31.18:55:50.008 [http-nio-8090-exec-5] INFO  PsychologistController - 收到获取心理医生列表请求，雇佣状态：null
25-01-31.18:55:50.008 [http-nio-8090-exec-5] INFO  PsychologistService    - 获取心理医生列表，参数：employmentStatus=null
25-01-31.19:02:56.562 [http-nio-8090-exec-10] INFO  UserController         - 收到获取用户信息请求，用户ID：1
25-01-31.19:02:56.563 [http-nio-8090-exec-10] INFO  UserService            - 获取用户信息，用户ID：1
25-01-31.19:11:05.792 [http-nio-8090-exec-4] INFO  UserController         - 收到获取用户信息请求，用户ID：1
25-01-31.19:11:05.793 [http-nio-8090-exec-4] INFO  UserService            - 获取用户信息，用户ID：1
25-01-31.19:13:19.138 [SpringApplicationShutdownHook] INFO  HikariDataSource       - HikariPool-1 - Shutdown initiated...
25-01-31.19:13:19.141 [SpringApplicationShutdownHook] INFO  HikariDataSource       - HikariPool-1 - Shutdown completed.
25-01-31.19:13:25.839 [main            ] INFO  App                    - Starting App using Java 1.8.0_321 on LAPTOP-MV2KUHP1 with PID 12240 (F:\code\work\mental-health\management\target\classes started by Lenovo in F:\code\work\mental-health\management)
25-01-31.19:13:25.841 [main            ] DEBUG App                    - Running with Spring Boot v2.7.12, Spring v5.3.27
25-01-31.19:13:25.841 [main            ] INFO  App                    - The following 1 profile is active: "dev"
25-01-31.19:13:26.276 [main            ] INFO  RepositoryConfigurationDelegate - Bootstrapping Spring Data MongoDB repositories in DEFAULT mode.
25-01-31.19:13:26.290 [main            ] INFO  RepositoryConfigurationDelegate - Finished Spring Data repository scanning in 10 ms. Found 0 MongoDB repository interfaces.
25-01-31.19:13:26.642 [main            ] INFO  TomcatWebServer        - Tomcat initialized with port(s): 8090 (http)
25-01-31.19:13:26.643 [main            ] INFO  AprLifecycleListener   - Loaded Apache Tomcat Native library [1.2.35] using APR version [1.7.0].
25-01-31.19:13:26.643 [main            ] INFO  AprLifecycleListener   - APR capabilities: IPv6 [true], sendfile [true], accept filters [false], random [true], UDS [true].
25-01-31.19:13:26.643 [main            ] INFO  AprLifecycleListener   - APR/OpenSSL configuration: useAprConnector [false], useOpenSSL [true]
25-01-31.19:13:26.644 [main            ] INFO  AprLifecycleListener   - OpenSSL successfully initialized [OpenSSL 1.1.1q  5 Jul 2022]
25-01-31.19:13:26.651 [main            ] INFO  Http11NioProtocol      - Initializing ProtocolHandler ["http-nio-8090"]
25-01-31.19:13:26.651 [main            ] INFO  StandardService        - Starting service [Tomcat]
25-01-31.19:13:26.651 [main            ] INFO  StandardEngine         - Starting Servlet engine: [Apache Tomcat/9.0.75]
25-01-31.19:13:26.777 [main            ] INFO  [/]                    - Initializing Spring embedded WebApplicationContext
25-01-31.19:13:26.777 [main            ] INFO  ServletWebServerApplicationContext - Root WebApplicationContext: initialization completed in 893 ms
25-01-31.19:13:27.136 [main            ] INFO  client                 - MongoClient with metadata {"driver": {"name": "mongo-java-driver|sync|spring-boot", "version": "4.6.1"}, "os": {"type": "Windows", "name": "Windows 10", "architecture": "amd64", "version": "10.0"}, "platform": "Java/Oracle Corporation/1.8.0_321-b07"} created with settings MongoClientSettings{readPreference=primary, writeConcern=WriteConcern{w=null, wTimeout=null ms, journal=null}, retryWrites=true, retryReads=true, readConcern=ReadConcern{level=null}, credential=null, streamFactoryFactory=null, commandListeners=[], codecRegistry=ProvidersCodecRegistry{codecProviders=[ValueCodecProvider{}, BsonValueCodecProvider{}, DBRefCodecProvider{}, DBObjectCodecProvider{}, DocumentCodecProvider{}, IterableCodecProvider{}, MapCodecProvider{}, GeoJsonCodecProvider{}, GridFSFileCodecProvider{}, Jsr310CodecProvider{}, JsonObjectCodecProvider{}, BsonCodecProvider{}, EnumCodecProvider{}, com.mongodb.Jep395RecordCodecProvider@32507479]}, clusterSettings={hosts=[localhost:27017], srvServiceName=mongodb, mode=SINGLE, requiredClusterType=UNKNOWN, requiredReplicaSetName='null', serverSelector='null', clusterListeners='[]', serverSelectionTimeout='30000 ms', localThreshold='30000 ms'}, socketSettings=SocketSettings{connectTimeoutMS=10000, readTimeoutMS=0, receiveBufferSize=0, sendBufferSize=0}, heartbeatSocketSettings=SocketSettings{connectTimeoutMS=10000, readTimeoutMS=10000, receiveBufferSize=0, sendBufferSize=0}, connectionPoolSettings=ConnectionPoolSettings{maxSize=100, minSize=0, maxWaitTimeMS=120000, maxConnectionLifeTimeMS=0, maxConnectionIdleTimeMS=0, maintenanceInitialDelayMS=0, maintenanceFrequencyMS=60000, connectionPoolListeners=[], maxConnecting=2}, serverSettings=ServerSettings{heartbeatFrequencyMS=10000, minHeartbeatFrequencyMS=500, serverListeners='[]', serverMonitorListeners='[]'}, sslSettings=SslSettings{enabled=false, invalidHostNameAllowed=false, context=null}, applicationName='null', compressorList=[], uuidRepresentation=JAVA_LEGACY, serverApi=null, autoEncryptionSettings=null, contextProvider=null}
25-01-31.19:13:27.146 [cluster-rtt-ClusterId{value='679cb057c8598e3f475bd4e6', description='null'}-localhost:27017] INFO  connection             - Opened connection [connectionId{localValue:2, serverValue:15}] to localhost:27017
25-01-31.19:13:27.146 [cluster-ClusterId{value='679cb057c8598e3f475bd4e6', description='null'}-localhost:27017] INFO  connection             - Opened connection [connectionId{localValue:1, serverValue:16}] to localhost:27017
25-01-31.19:13:27.146 [cluster-ClusterId{value='679cb057c8598e3f475bd4e6', description='null'}-localhost:27017] INFO  cluster                - Monitor thread successfully connected to server with description ServerDescription{address=localhost:27017, type=STANDALONE, state=CONNECTED, ok=true, minWireVersion=0, maxWireVersion=21, maxDocumentSize=16777216, logicalSessionTimeoutMinutes=30, roundTripTimeNanos=20208800}
25-01-31.19:13:27.615 [main            ] INFO  Http11NioProtocol      - Starting ProtocolHandler ["http-nio-8090"]
25-01-31.19:13:27.629 [main            ] INFO  TomcatWebServer        - Tomcat started on port(s): 8090 (http) with context path ''
25-01-31.19:13:27.636 [main            ] INFO  App                    - Started App in 2.226 seconds (JVM running for 3.435)
25-01-31.19:13:35.235 [http-nio-8090-exec-1] INFO  [/]                    - Initializing Spring DispatcherServlet 'dispatcherServlet'
25-01-31.19:13:35.235 [http-nio-8090-exec-1] INFO  DispatcherServlet      - Initializing Servlet 'dispatcherServlet'
25-01-31.19:13:35.236 [http-nio-8090-exec-1] INFO  DispatcherServlet      - Completed initialization in 1 ms
25-01-31.19:13:35.999 [http-nio-8090-exec-1] INFO  UserController         - 收到获取用户信息请求，用户ID：1
25-01-31.19:13:36.005 [http-nio-8090-exec-1] INFO  HikariDataSource       - HikariPool-1 - Starting...
25-01-31.19:13:36.211 [http-nio-8090-exec-1] INFO  HikariDataSource       - HikariPool-1 - Start completed.
25-01-31.19:13:36.218 [http-nio-8090-exec-1] INFO  UserService            - 获取用户信息，用户ID：1
25-01-31.19:13:36.417 [http-nio-8090-exec-2] INFO  connection             - Opened connection [connectionId{localValue:3, serverValue:17}] to localhost:27017
25-01-31.19:40:42.624 [HikariPool-1 housekeeper] WARN  HikariPool             - HikariPool-1 - Thread starvation or clock leap detected (housekeeper delta=15m36s202ms204µs600ns).
25-01-31.19:40:45.339 [http-nio-8090-exec-10] INFO  UserController         - 收到获取用户列表请求，角色：null
25-01-31.19:40:45.341 [http-nio-8090-exec-10] INFO  UserService            - 获取用户列表，角色：null
25-01-31.19:40:45.600 [http-nio-8090-exec-1] INFO  PsychologistController - 收到获取心理医生列表请求，雇佣状态：null
25-01-31.19:40:45.602 [http-nio-8090-exec-1] INFO  PsychologistService    - 获取心理医生列表，参数：employmentStatus=null
25-01-31.21:14:07.715 [HikariPool-1 housekeeper] WARN  HikariPool             - HikariPool-1 - Thread starvation or clock leap detected (housekeeper delta=23m54s60ms629µs900ns).
25-01-31.21:48:30.987 [http-nio-8090-exec-6] INFO  UserController         - 收到获取用户信息请求，用户ID：1
25-01-31.21:48:30.989 [http-nio-8090-exec-6] INFO  UserService            - 获取用户信息，用户ID：1
25-01-31.21:48:42.150 [http-nio-8090-exec-1] INFO  UserController         - 收到用户登录请求，用户名：admin
25-01-31.21:48:42.151 [http-nio-8090-exec-1] INFO  UserService            - 用户登录，用户名：admin
25-01-31.21:48:42.169 [http-nio-8090-exec-1] INFO  UserService            - 用户登录成功，用户ID：1
25-01-31.21:48:42.410 [http-nio-8090-exec-2] INFO  UserController         - 收到获取用户信息请求，用户ID：1
25-01-31.21:48:42.411 [http-nio-8090-exec-2] INFO  UserService            - 获取用户信息，用户ID：1
25-01-31.21:54:32.648 [http-nio-8090-exec-7] INFO  UserController         - 收到用户登录请求，用户名：zs
25-01-31.21:54:32.648 [http-nio-8090-exec-7] INFO  UserService            - 用户登录，用户名：zs
25-01-31.21:54:32.650 [http-nio-8090-exec-7] INFO  UserService            - 用户登录成功，用户ID：2
25-01-31.21:54:32.973 [http-nio-8090-exec-6] INFO  UserController         - 收到获取用户信息请求，用户ID：2
25-01-31.21:54:32.973 [http-nio-8090-exec-6] INFO  UserService            - 获取用户信息，用户ID：2
25-01-31.22:07:28.574 [http-nio-8090-exec-10] INFO  UserController         - 收到获取用户信息请求，用户ID：2
25-01-31.22:07:28.575 [http-nio-8090-exec-10] INFO  UserService            - 获取用户信息，用户ID：2
25-01-31.22:08:07.193 [http-nio-8090-exec-2] INFO  UserController         - 收到用户登录请求，用户名：admin
25-01-31.22:08:07.194 [http-nio-8090-exec-2] INFO  UserService            - 用户登录，用户名：admin
25-01-31.22:08:07.196 [http-nio-8090-exec-2] INFO  UserService            - 用户登录成功，用户ID：1
25-01-31.22:08:07.205 [http-nio-8090-exec-4] INFO  UserController         - 收到获取用户信息请求，用户ID：1
25-01-31.22:08:07.205 [http-nio-8090-exec-4] INFO  UserService            - 获取用户信息，用户ID：1
25-01-31.22:08:34.795 [http-nio-8090-exec-5] INFO  UserController         - 收到用户登录请求，用户名：zs
25-01-31.22:08:34.795 [http-nio-8090-exec-5] INFO  UserService            - 用户登录，用户名：zs
25-01-31.22:08:34.797 [http-nio-8090-exec-5] INFO  UserService            - 用户登录成功，用户ID：2
25-01-31.22:08:35.060 [http-nio-8090-exec-3] INFO  UserController         - 收到获取用户信息请求，用户ID：2
25-01-31.22:08:35.061 [http-nio-8090-exec-3] INFO  UserService            - 获取用户信息，用户ID：2
25-01-31.22:10:13.775 [http-nio-8090-exec-7] INFO  UserController         - 收到用户登录请求，用户名：admin
25-01-31.22:10:13.775 [http-nio-8090-exec-7] INFO  UserService            - 用户登录，用户名：admin
25-01-31.22:10:13.777 [http-nio-8090-exec-7] INFO  UserService            - 用户登录成功，用户ID：1
25-01-31.22:10:14.042 [http-nio-8090-exec-6] INFO  UserController         - 收到获取用户信息请求，用户ID：1
25-01-31.22:10:14.042 [http-nio-8090-exec-6] INFO  UserService            - 获取用户信息，用户ID：1
25-01-31.22:15:11.674 [http-nio-8090-exec-9] INFO  UserController         - 收到获取用户信息请求，用户ID：1
25-01-31.22:15:11.675 [http-nio-8090-exec-9] INFO  UserService            - 获取用户信息，用户ID：1
25-01-31.22:17:33.528 [http-nio-8090-exec-10] INFO  UserController         - 收到获取用户信息请求，用户ID：1
25-01-31.22:17:33.528 [http-nio-8090-exec-10] INFO  UserService            - 获取用户信息，用户ID：1
25-01-31.22:17:35.679 [http-nio-8090-exec-1] INFO  UserController         - 收到获取用户信息请求，用户ID：1
25-01-31.22:17:35.680 [http-nio-8090-exec-1] INFO  UserService            - 获取用户信息，用户ID：1
25-01-31.22:17:35.712 [http-nio-8090-exec-2] INFO  UserController         - 收到获取用户信息请求，用户ID：1
25-01-31.22:17:35.713 [http-nio-8090-exec-2] INFO  UserService            - 获取用户信息，用户ID：1
25-01-31.22:17:42.812 [http-nio-8090-exec-4] INFO  UserController         - 收到获取用户信息请求，用户ID：1
25-01-31.22:17:42.812 [http-nio-8090-exec-4] INFO  UserService            - 获取用户信息，用户ID：1
25-01-31.22:17:43.065 [http-nio-8090-exec-5] INFO  UserController         - 收到获取用户信息请求，用户ID：1
25-01-31.22:17:43.065 [http-nio-8090-exec-5] INFO  UserService            - 获取用户信息，用户ID：1
25-01-31.22:17:51.999 [http-nio-8090-exec-3] INFO  UserController         - 收到获取用户信息请求，用户ID：1
25-01-31.22:17:52.000 [http-nio-8090-exec-3] INFO  UserService            - 获取用户信息，用户ID：1
25-01-31.22:17:52.027 [http-nio-8090-exec-7] INFO  UserController         - 收到获取用户信息请求，用户ID：1
25-01-31.22:17:52.028 [http-nio-8090-exec-7] INFO  UserService            - 获取用户信息，用户ID：1
25-01-31.22:18:36.233 [http-nio-8090-exec-1] INFO  UserController         - 收到用户登录请求，用户名：zs
25-01-31.22:18:36.233 [http-nio-8090-exec-1] INFO  UserService            - 用户登录，用户名：zs
25-01-31.22:18:36.235 [http-nio-8090-exec-1] INFO  UserService            - 用户登录成功，用户ID：2
25-01-31.22:18:36.546 [http-nio-8090-exec-2] INFO  UserController         - 收到获取用户信息请求，用户ID：2
25-01-31.22:18:36.546 [http-nio-8090-exec-2] INFO  UserService            - 获取用户信息，用户ID：2
25-01-31.22:18:53.517 [http-nio-8090-exec-5] INFO  AppointmentController  - 收到查询预约列表请求，用户ID：null，医生ID：2，状态：
25-01-31.22:18:53.521 [http-nio-8090-exec-5] INFO  AppointmentService     - 查询预约列表，用户ID：null，医生ID：2，状态：
25-01-31.22:21:44.887 [http-nio-8090-exec-3] INFO  UserController         - 收到获取用户信息请求，用户ID：2
25-01-31.22:21:44.888 [http-nio-8090-exec-3] INFO  UserService            - 获取用户信息，用户ID：2
25-01-31.22:22:06.332 [http-nio-8090-exec-7] INFO  AppointmentController  - 收到查询预约列表请求，用户ID：null，医生ID：2，状态：
25-01-31.22:22:06.332 [http-nio-8090-exec-7] INFO  AppointmentService     - 查询预约列表，用户ID：null，医生ID：2，状态：
25-01-31.22:22:08.030 [http-nio-8090-exec-6] INFO  AppointmentController  - 收到查询预约列表请求，用户ID：null，医生ID：2，状态：
25-01-31.22:22:08.030 [http-nio-8090-exec-6] INFO  AppointmentService     - 查询预约列表，用户ID：null，医生ID：2，状态：
25-01-31.22:22:09.129 [http-nio-8090-exec-9] INFO  ConsultationController - 收到查询咨询记录列表请求，医生ID：2，用户ID：null，预约ID：null，咨询形式：null
25-01-31.22:22:09.460 [http-nio-8090-exec-8] INFO  ConsultationController - 收到查询咨询记录列表请求，医生ID：2，用户ID：null，预约ID：null，咨询形式：null
25-01-31.22:22:10.011 [http-nio-8090-exec-10] INFO  ConsultationController - 收到查询咨询记录列表请求，医生ID：2，用户ID：null，预约ID：null，咨询形式：null
25-01-31.22:22:18.142 [http-nio-8090-exec-1] INFO  ConsultationController - 收到查询咨询记录列表请求，医生ID：2，用户ID：null，预约ID：null，咨询形式：null
25-01-31.22:22:18.153 [http-nio-8090-exec-2] INFO  ConsultationController - 收到查询咨询记录列表请求，医生ID：2，用户ID：null，预约ID：null，咨询形式：null
25-01-31.22:22:22.698 [http-nio-8090-exec-4] INFO  ConsultationController - 收到查询咨询记录列表请求，医生ID：2，用户ID：null，预约ID：null，咨询形式：null
25-01-31.22:30:29.410 [http-nio-8090-exec-10] INFO  AppointmentController  - 收到查询预约列表请求，用户ID：null，医生ID：2，状态：
25-01-31.22:30:29.410 [http-nio-8090-exec-10] INFO  AppointmentService     - 查询预约列表，用户ID：null，医生ID：2，状态：
25-01-31.22:30:32.908 [http-nio-8090-exec-1] INFO  AppointmentController  - 收到查询预约详情请求，预约ID：2
25-01-31.22:30:32.908 [http-nio-8090-exec-1] INFO  AppointmentService     - 查询预约详情，预约ID：2
25-01-31.22:30:36.087 [http-nio-8090-exec-2] INFO  ConsultationController - 收到查询咨询记录列表请求，医生ID：2，用户ID：null，预约ID：null，咨询形式：null
25-01-31.22:43:13.547 [http-nio-8090-exec-10] INFO  AppointmentController  - 收到查询预约列表请求，用户ID：null，医生ID：2，状态：
25-01-31.22:43:13.547 [http-nio-8090-exec-10] INFO  AppointmentService     - 查询预约列表，用户ID：null，医生ID：2，状态：
25-01-31.22:43:14.927 [http-nio-8090-exec-1] INFO  ConsultationController - 收到查询咨询记录列表请求，医生ID：2，用户ID：null，预约ID：null，咨询形式：null
25-01-31.22:43:15.248 [http-nio-8090-exec-2] INFO  ConsultationController - 收到查询咨询记录列表请求，医生ID：2，用户ID：null，预约ID：null，咨询形式：null
25-01-31.22:43:15.508 [http-nio-8090-exec-4] INFO  ConsultationController - 收到查询咨询记录列表请求，医生ID：2，用户ID：null，预约ID：null，咨询形式：null
25-01-31.22:58:25.517 [SpringApplicationShutdownHook] INFO  HikariDataSource       - HikariPool-1 - Shutdown initiated...
25-01-31.22:58:25.524 [SpringApplicationShutdownHook] INFO  HikariDataSource       - HikariPool-1 - Shutdown completed.
